[2025-10-25T21:41:47.138+0000] {local_task_job_runner.py:123} INFO - ::group::Pre task execution logs
[2025-10-25T21:41:47.151+0000] {taskinstance.py:2614} INFO - Dependencies all met for dep_context=non-requeueable deps ti=<TaskInstance: iot_sensor_data_dag.generate_sensor_data scheduled__2025-10-25T21:41:30+00:00 [queued]>
[2025-10-25T21:41:47.158+0000] {taskinstance.py:2614} INFO - Dependencies all met for dep_context=requeueable deps ti=<TaskInstance: iot_sensor_data_dag.generate_sensor_data scheduled__2025-10-25T21:41:30+00:00 [queued]>
[2025-10-25T21:41:47.159+0000] {taskinstance.py:2867} INFO - Starting attempt 1 of 1
[2025-10-25T21:41:47.293+0000] {taskinstance.py:2890} INFO - Executing <Task(PythonOperator): generate_sensor_data> on 2025-10-25 21:41:30+00:00
[2025-10-25T21:41:47.299+0000] {warnings.py:112} WARNING - /home/***/.local/lib/python3.12/site-packages/***/task/task_runner/standard_task_runner.py:70: DeprecationWarning: This process (pid=136) is multi-threaded, use of fork() may lead to deadlocks in the child.
  pid = os.fork()

[2025-10-25T21:41:47.302+0000] {standard_task_runner.py:72} INFO - Started process 138 to run task
[2025-10-25T21:41:47.302+0000] {standard_task_runner.py:104} INFO - Running: ['***', 'tasks', 'run', 'iot_sensor_data_dag', 'generate_sensor_data', 'scheduled__2025-10-25T21:41:30+00:00', '--job-id', '133', '--raw', '--subdir', 'DAGS_FOLDER/DEPI.py', '--cfg-path', '/tmp/tmpzleuvv3c']
[2025-10-25T21:41:47.304+0000] {standard_task_runner.py:105} INFO - Job 133: Subtask generate_sensor_data
[2025-10-25T21:41:47.354+0000] {task_command.py:467} INFO - Running <TaskInstance: iot_sensor_data_dag.generate_sensor_data scheduled__2025-10-25T21:41:30+00:00 [running]> on host 4f76d54186b6
[2025-10-25T21:41:47.427+0000] {taskinstance.py:3134} INFO - Exporting env vars: AIRFLOW_CTX_DAG_OWNER='***' AIRFLOW_CTX_DAG_ID='iot_sensor_data_dag' AIRFLOW_CTX_TASK_ID='generate_sensor_data' AIRFLOW_CTX_EXECUTION_DATE='2025-10-25T21:41:30+00:00' AIRFLOW_CTX_TRY_NUMBER='1' AIRFLOW_CTX_DAG_RUN_ID='scheduled__2025-10-25T21:41:30+00:00'
[2025-10-25T21:41:47.429+0000] {logging_mixin.py:190} INFO - Task instance is in running state
[2025-10-25T21:41:47.430+0000] {logging_mixin.py:190} INFO -  Previous state of the Task instance: queued
[2025-10-25T21:41:47.430+0000] {logging_mixin.py:190} INFO - Current task name:generate_sensor_data state:running start_date:2025-10-25 21:41:47.152657+00:00
[2025-10-25T21:41:47.431+0000] {logging_mixin.py:190} INFO - Dag name:iot_sensor_data_dag and current dag run status:running
[2025-10-25T21:41:47.432+0000] {taskinstance.py:732} INFO - ::endgroup::
[2025-10-25T21:41:47.464+0000] {logging_mixin.py:190} INFO - [2025-10-25 21:41:47.451548] Inserted sensor data: {'time': datetime.datetime(2025, 10, 25, 21, 41, 47, 451548), 'temperature': 27.459910128932883, 'Dissolved_oxygen': 5.987408564304996, 'PH': 7.445238229983445, 'Ammonia': 0.009814142822522284, 'Nitrite': 0.05443189659712429, 'Turbidty': 39.99852926302592, '_id': ObjectId('68fd441b8e19fd549d8173f1')}
[2025-10-25T21:41:47.467+0000] {python.py:218} INFO - Done. Returned value was: None
[2025-10-25T21:41:47.476+0000] {taskinstance.py:341} INFO - ::group::Post task execution logs
[2025-10-25T21:41:47.478+0000] {taskinstance.py:353} INFO - Marking task as SUCCESS. dag_id=iot_sensor_data_dag, task_id=generate_sensor_data, run_id=scheduled__2025-10-25T21:41:30+00:00, execution_date=20251025T214130, start_date=20251025T214147, end_date=20251025T214147
[2025-10-25T21:41:47.498+0000] {logging_mixin.py:190} INFO - Task instance in success state
[2025-10-25T21:41:47.499+0000] {logging_mixin.py:190} INFO -  Previous state of the Task instance: running
[2025-10-25T21:41:47.500+0000] {logging_mixin.py:190} INFO - Dag name:iot_sensor_data_dag queued_at:2025-10-25 21:41:45.666421+00:00
[2025-10-25T21:41:47.501+0000] {logging_mixin.py:190} INFO - Task hostname:4f76d54186b6 operator:PythonOperator
[2025-10-25T21:41:47.520+0000] {local_task_job_runner.py:266} INFO - Task exited with return code 0
[2025-10-25T21:41:47.546+0000] {taskinstance.py:3901} INFO - 0 downstream tasks scheduled from follow-on schedule check
[2025-10-25T21:41:47.551+0000] {local_task_job_runner.py:245} INFO - ::endgroup::
