[2025-10-25T20:44:01.374+0000] {local_task_job_runner.py:123} INFO - ::group::Pre task execution logs
[2025-10-25T20:44:01.384+0000] {taskinstance.py:2614} INFO - Dependencies all met for dep_context=non-requeueable deps ti=<TaskInstance: iot_sensor_data_dag.generate_sensor_data scheduled__2025-10-25T20:43:45+00:00 [queued]>
[2025-10-25T20:44:01.388+0000] {taskinstance.py:2614} INFO - Dependencies all met for dep_context=requeueable deps ti=<TaskInstance: iot_sensor_data_dag.generate_sensor_data scheduled__2025-10-25T20:43:45+00:00 [queued]>
[2025-10-25T20:44:01.389+0000] {taskinstance.py:2867} INFO - Starting attempt 1 of 1
[2025-10-25T20:44:01.503+0000] {taskinstance.py:2890} INFO - Executing <Task(PythonOperator): generate_sensor_data> on 2025-10-25 20:43:45+00:00
[2025-10-25T20:44:01.510+0000] {warnings.py:112} WARNING - /home/***/.local/lib/python3.12/site-packages/***/task/task_runner/standard_task_runner.py:70: DeprecationWarning: This process (pid=407) is multi-threaded, use of fork() may lead to deadlocks in the child.
  pid = os.fork()

[2025-10-25T20:44:01.512+0000] {standard_task_runner.py:72} INFO - Started process 409 to run task
[2025-10-25T20:44:01.512+0000] {standard_task_runner.py:104} INFO - Running: ['***', 'tasks', 'run', 'iot_sensor_data_dag', 'generate_sensor_data', 'scheduled__2025-10-25T20:43:45+00:00', '--job-id', '78', '--raw', '--subdir', 'DAGS_FOLDER/DEPI.py', '--cfg-path', '/tmp/tmpah4aboj5']
[2025-10-25T20:44:01.513+0000] {standard_task_runner.py:105} INFO - Job 78: Subtask generate_sensor_data
[2025-10-25T20:44:01.560+0000] {task_command.py:467} INFO - Running <TaskInstance: iot_sensor_data_dag.generate_sensor_data scheduled__2025-10-25T20:43:45+00:00 [running]> on host 4f76d54186b6
[2025-10-25T20:44:01.615+0000] {taskinstance.py:3134} INFO - Exporting env vars: AIRFLOW_CTX_DAG_OWNER='***' AIRFLOW_CTX_DAG_ID='iot_sensor_data_dag' AIRFLOW_CTX_TASK_ID='generate_sensor_data' AIRFLOW_CTX_EXECUTION_DATE='2025-10-25T20:43:45+00:00' AIRFLOW_CTX_TRY_NUMBER='1' AIRFLOW_CTX_DAG_RUN_ID='scheduled__2025-10-25T20:43:45+00:00'
[2025-10-25T20:44:01.617+0000] {logging_mixin.py:190} INFO - Task instance is in running state
[2025-10-25T20:44:01.617+0000] {logging_mixin.py:190} INFO -  Previous state of the Task instance: queued
[2025-10-25T20:44:01.618+0000] {logging_mixin.py:190} INFO - Current task name:generate_sensor_data state:running start_date:2025-10-25 20:44:01.384918+00:00
[2025-10-25T20:44:01.619+0000] {logging_mixin.py:190} INFO - Dag name:iot_sensor_data_dag and current dag run status:running
[2025-10-25T20:44:01.619+0000] {taskinstance.py:732} INFO - ::endgroup::
[2025-10-25T20:44:01.649+0000] {logging_mixin.py:190} INFO - [2025-10-25 20:44:01.637991] Inserted sensor data: {'time': datetime.datetime(2025, 10, 25, 20, 44, 1, 637991), 'temperature': 27.318462744411747, 'Dissolved_oxygen': 6.06213181522053, 'PH': 7.595588299706073, 'Ammonia': 0.010036913325449339, 'Nitrite': 0.0534325520981597, 'Turbidty': 39.77586243794756, '_id': ObjectId('68fd3691bb1cb10cfc642fde')}
[2025-10-25T20:44:01.650+0000] {python.py:218} INFO - Done. Returned value was: None
[2025-10-25T20:44:01.658+0000] {taskinstance.py:341} INFO - ::group::Post task execution logs
[2025-10-25T20:44:01.659+0000] {taskinstance.py:353} INFO - Marking task as SUCCESS. dag_id=iot_sensor_data_dag, task_id=generate_sensor_data, run_id=scheduled__2025-10-25T20:43:45+00:00, execution_date=20251025T204345, start_date=20251025T204401, end_date=20251025T204401
[2025-10-25T20:44:01.674+0000] {logging_mixin.py:190} INFO - Task instance in success state
[2025-10-25T20:44:01.675+0000] {logging_mixin.py:190} INFO -  Previous state of the Task instance: running
[2025-10-25T20:44:01.675+0000] {logging_mixin.py:190} INFO - Dag name:iot_sensor_data_dag queued_at:2025-10-25 20:44:00.235746+00:00
[2025-10-25T20:44:01.675+0000] {logging_mixin.py:190} INFO - Task hostname:4f76d54186b6 operator:PythonOperator
[2025-10-25T20:44:01.688+0000] {local_task_job_runner.py:266} INFO - Task exited with return code 0
[2025-10-25T20:44:01.699+0000] {taskinstance.py:3901} INFO - 0 downstream tasks scheduled from follow-on schedule check
[2025-10-25T20:44:01.701+0000] {local_task_job_runner.py:245} INFO - ::endgroup::
