[2025-09-28T18:17:06.167+0000] {local_task_job_runner.py:123} INFO - ::group::Pre task execution logs
[2025-09-28T18:17:06.193+0000] {taskinstance.py:2614} INFO - Dependencies all met for dep_context=non-requeueable deps ti=<TaskInstance: my_first_dag.print scheduled__2025-09-14T00:00:00+00:00 [queued]>
[2025-09-28T18:17:06.207+0000] {taskinstance.py:2614} INFO - Dependencies all met for dep_context=requeueable deps ti=<TaskInstance: my_first_dag.print scheduled__2025-09-14T00:00:00+00:00 [queued]>
[2025-09-28T18:17:06.209+0000] {taskinstance.py:2867} INFO - Starting attempt 1 of 1
[2025-09-28T18:17:06.401+0000] {taskinstance.py:2890} INFO - Executing <Task(BashOperator): print> on 2025-09-14 00:00:00+00:00
[2025-09-28T18:17:06.409+0000] {warnings.py:112} WARNING - /home/***/.local/lib/python3.12/site-packages/***/task/task_runner/standard_task_runner.py:70: DeprecationWarning: This process (pid=79) is multi-threaded, use of fork() may lead to deadlocks in the child.
  pid = os.fork()

[2025-09-28T18:17:06.410+0000] {standard_task_runner.py:72} INFO - Started process 85 to run task
[2025-09-28T18:17:06.410+0000] {standard_task_runner.py:104} INFO - Running: ['***', 'tasks', 'run', 'my_first_dag', 'print', 'scheduled__2025-09-14T00:00:00+00:00', '--job-id', '20', '--raw', '--subdir', 'DAGS_FOLDER/first_dag.py', '--cfg-path', '/tmp/tmp94e2qxyb']
[2025-09-28T18:17:06.412+0000] {standard_task_runner.py:105} INFO - Job 20: Subtask print
[2025-09-28T18:17:06.456+0000] {task_command.py:467} INFO - Running <TaskInstance: my_first_dag.print scheduled__2025-09-14T00:00:00+00:00 [running]> on host 4f76d54186b6
[2025-09-28T18:17:06.548+0000] {taskinstance.py:3134} INFO - Exporting env vars: AIRFLOW_CTX_DAG_OWNER='***' AIRFLOW_CTX_DAG_ID='my_first_dag' AIRFLOW_CTX_TASK_ID='print' AIRFLOW_CTX_EXECUTION_DATE='2025-09-14T00:00:00+00:00' AIRFLOW_CTX_TRY_NUMBER='1' AIRFLOW_CTX_DAG_RUN_ID='scheduled__2025-09-14T00:00:00+00:00'
[2025-09-28T18:17:06.551+0000] {logging_mixin.py:190} INFO - Task instance is in running state
[2025-09-28T18:17:06.551+0000] {logging_mixin.py:190} INFO -  Previous state of the Task instance: queued
[2025-09-28T18:17:06.552+0000] {logging_mixin.py:190} INFO - Current task name:print state:running start_date:2025-09-28 18:17:06.196155+00:00
[2025-09-28T18:17:06.553+0000] {logging_mixin.py:190} INFO - Dag name:my_first_dag and current dag run status:running
[2025-09-28T18:17:06.554+0000] {taskinstance.py:732} INFO - ::endgroup::
[2025-09-28T18:17:06.555+0000] {subprocess.py:78} INFO - Tmp dir root location: /tmp
[2025-09-28T18:17:06.557+0000] {subprocess.py:88} INFO - Running command: ['/usr/bin/bash', '-c', "echo 'HELLO ya AHMED'"]
[2025-09-28T18:17:06.569+0000] {subprocess.py:99} INFO - Output:
[2025-09-28T18:17:06.571+0000] {subprocess.py:106} INFO - HELLO ya AHMED
[2025-09-28T18:17:06.572+0000] {subprocess.py:110} INFO - Command exited with return code 0
[2025-09-28T18:17:06.599+0000] {taskinstance.py:341} INFO - ::group::Post task execution logs
[2025-09-28T18:17:06.600+0000] {taskinstance.py:353} INFO - Marking task as SUCCESS. dag_id=my_first_dag, task_id=print, run_id=scheduled__2025-09-14T00:00:00+00:00, execution_date=20250914T000000, start_date=20250928T181706, end_date=20250928T181706
[2025-09-28T18:17:06.629+0000] {logging_mixin.py:190} INFO - Task instance in success state
[2025-09-28T18:17:06.630+0000] {logging_mixin.py:190} INFO -  Previous state of the Task instance: running
[2025-09-28T18:17:06.630+0000] {logging_mixin.py:190} INFO - Dag name:my_first_dag queued_at:2025-09-28 18:16:59.527575+00:00
[2025-09-28T18:17:06.631+0000] {logging_mixin.py:190} INFO - Task hostname:4f76d54186b6 operator:BashOperator
[2025-09-28T18:17:06.666+0000] {local_task_job_runner.py:266} INFO - Task exited with return code 0
[2025-09-28T18:17:06.675+0000] {local_task_job_runner.py:245} INFO - ::endgroup::
