[2025-10-25T21:44:01.348+0000] {local_task_job_runner.py:123} INFO - ::group::Pre task execution logs
[2025-10-25T21:44:01.360+0000] {taskinstance.py:2614} INFO - Dependencies all met for dep_context=non-requeueable deps ti=<TaskInstance: iot_sensor_data_dag.generate_sensor_data scheduled__2025-10-25T21:43:45+00:00 [queued]>
[2025-10-25T21:44:01.366+0000] {taskinstance.py:2614} INFO - Dependencies all met for dep_context=requeueable deps ti=<TaskInstance: iot_sensor_data_dag.generate_sensor_data scheduled__2025-10-25T21:43:45+00:00 [queued]>
[2025-10-25T21:44:01.367+0000] {taskinstance.py:2867} INFO - Starting attempt 1 of 1
[2025-10-25T21:44:01.479+0000] {taskinstance.py:2890} INFO - Executing <Task(PythonOperator): generate_sensor_data> on 2025-10-25 21:43:45+00:00
[2025-10-25T21:44:01.488+0000] {warnings.py:112} WARNING - /home/***/.local/lib/python3.12/site-packages/***/task/task_runner/standard_task_runner.py:70: DeprecationWarning: This process (pid=227) is multi-threaded, use of fork() may lead to deadlocks in the child.
  pid = os.fork()

[2025-10-25T21:44:01.490+0000] {standard_task_runner.py:104} INFO - Running: ['***', 'tasks', 'run', 'iot_sensor_data_dag', 'generate_sensor_data', 'scheduled__2025-10-25T21:43:45+00:00', '--job-id', '142', '--raw', '--subdir', 'DAGS_FOLDER/DEPI.py', '--cfg-path', '/tmp/tmpc0vx6tqr']
[2025-10-25T21:44:01.492+0000] {standard_task_runner.py:72} INFO - Started process 229 to run task
[2025-10-25T21:44:01.493+0000] {standard_task_runner.py:105} INFO - Job 142: Subtask generate_sensor_data
[2025-10-25T21:44:01.540+0000] {task_command.py:467} INFO - Running <TaskInstance: iot_sensor_data_dag.generate_sensor_data scheduled__2025-10-25T21:43:45+00:00 [running]> on host 4f76d54186b6
[2025-10-25T21:44:01.611+0000] {taskinstance.py:3134} INFO - Exporting env vars: AIRFLOW_CTX_DAG_OWNER='***' AIRFLOW_CTX_DAG_ID='iot_sensor_data_dag' AIRFLOW_CTX_TASK_ID='generate_sensor_data' AIRFLOW_CTX_EXECUTION_DATE='2025-10-25T21:43:45+00:00' AIRFLOW_CTX_TRY_NUMBER='1' AIRFLOW_CTX_DAG_RUN_ID='scheduled__2025-10-25T21:43:45+00:00'
[2025-10-25T21:44:01.615+0000] {logging_mixin.py:190} INFO - Task instance is in running state
[2025-10-25T21:44:01.618+0000] {logging_mixin.py:190} INFO -  Previous state of the Task instance: queued
[2025-10-25T21:44:01.618+0000] {logging_mixin.py:190} INFO - Current task name:generate_sensor_data state:running start_date:2025-10-25 21:44:01.361536+00:00
[2025-10-25T21:44:01.619+0000] {logging_mixin.py:190} INFO - Dag name:iot_sensor_data_dag and current dag run status:running
[2025-10-25T21:44:01.619+0000] {taskinstance.py:732} INFO - ::endgroup::
[2025-10-25T21:44:01.663+0000] {logging_mixin.py:190} INFO - [2025-10-25 21:44:01.640339] Inserted sensor data: {'time': datetime.datetime(2025, 10, 25, 21, 44, 1, 640339), 'temperature': 27.670615852306558, 'Dissolved_oxygen': 5.91481260662179, 'PH': 7.47058375710621, 'Ammonia': 0.009325825770883575, 'Nitrite': 0.052295702378418456, 'Turbidty': 39.7758995267673, '_id': ObjectId('68fd44a1f70e3e7c0c2bdff6')}
[2025-10-25T21:44:01.665+0000] {python.py:218} INFO - Done. Returned value was: None
[2025-10-25T21:44:01.675+0000] {taskinstance.py:341} INFO - ::group::Post task execution logs
[2025-10-25T21:44:01.676+0000] {taskinstance.py:353} INFO - Marking task as SUCCESS. dag_id=iot_sensor_data_dag, task_id=generate_sensor_data, run_id=scheduled__2025-10-25T21:43:45+00:00, execution_date=20251025T214345, start_date=20251025T214401, end_date=20251025T214401
[2025-10-25T21:44:01.698+0000] {logging_mixin.py:190} INFO - Task instance in success state
[2025-10-25T21:44:01.699+0000] {logging_mixin.py:190} INFO -  Previous state of the Task instance: running
[2025-10-25T21:44:01.700+0000] {logging_mixin.py:190} INFO - Dag name:iot_sensor_data_dag queued_at:2025-10-25 21:44:00.032169+00:00
[2025-10-25T21:44:01.700+0000] {logging_mixin.py:190} INFO - Task hostname:4f76d54186b6 operator:PythonOperator
[2025-10-25T21:44:01.708+0000] {local_task_job_runner.py:266} INFO - Task exited with return code 0
[2025-10-25T21:44:01.729+0000] {taskinstance.py:3901} INFO - 0 downstream tasks scheduled from follow-on schedule check
[2025-10-25T21:44:01.734+0000] {local_task_job_runner.py:245} INFO - ::endgroup::
