[2025-10-25T21:46:47.235+0000] {local_task_job_runner.py:123} INFO - ::group::Pre task execution logs
[2025-10-25T21:46:47.248+0000] {taskinstance.py:2614} INFO - Dependencies all met for dep_context=non-requeueable deps ti=<TaskInstance: iot_sensor_data_dag.generate_sensor_data scheduled__2025-10-25T21:46:30+00:00 [queued]>
[2025-10-25T21:46:47.254+0000] {taskinstance.py:2614} INFO - Dependencies all met for dep_context=requeueable deps ti=<TaskInstance: iot_sensor_data_dag.generate_sensor_data scheduled__2025-10-25T21:46:30+00:00 [queued]>
[2025-10-25T21:46:47.255+0000] {taskinstance.py:2867} INFO - Starting attempt 1 of 1
[2025-10-25T21:46:47.377+0000] {taskinstance.py:2890} INFO - Executing <Task(PythonOperator): generate_sensor_data> on 2025-10-25 21:46:30+00:00
[2025-10-25T21:46:47.391+0000] {warnings.py:112} WARNING - /home/***/.local/lib/python3.12/site-packages/***/task/task_runner/standard_task_runner.py:70: DeprecationWarning: This process (pid=339) is multi-threaded, use of fork() may lead to deadlocks in the child.
  pid = os.fork()

[2025-10-25T21:46:47.395+0000] {standard_task_runner.py:72} INFO - Started process 341 to run task
[2025-10-25T21:46:47.395+0000] {standard_task_runner.py:104} INFO - Running: ['***', 'tasks', 'run', 'iot_sensor_data_dag', 'generate_sensor_data', 'scheduled__2025-10-25T21:46:30+00:00', '--job-id', '153', '--raw', '--subdir', 'DAGS_FOLDER/DEPI.py', '--cfg-path', '/tmp/tmpfh32wxd4']
[2025-10-25T21:46:47.396+0000] {standard_task_runner.py:105} INFO - Job 153: Subtask generate_sensor_data
[2025-10-25T21:46:47.448+0000] {task_command.py:467} INFO - Running <TaskInstance: iot_sensor_data_dag.generate_sensor_data scheduled__2025-10-25T21:46:30+00:00 [running]> on host 4f76d54186b6
[2025-10-25T21:46:47.529+0000] {taskinstance.py:3134} INFO - Exporting env vars: AIRFLOW_CTX_DAG_OWNER='***' AIRFLOW_CTX_DAG_ID='iot_sensor_data_dag' AIRFLOW_CTX_TASK_ID='generate_sensor_data' AIRFLOW_CTX_EXECUTION_DATE='2025-10-25T21:46:30+00:00' AIRFLOW_CTX_TRY_NUMBER='1' AIRFLOW_CTX_DAG_RUN_ID='scheduled__2025-10-25T21:46:30+00:00'
[2025-10-25T21:46:47.532+0000] {logging_mixin.py:190} INFO - Task instance is in running state
[2025-10-25T21:46:47.533+0000] {logging_mixin.py:190} INFO -  Previous state of the Task instance: queued
[2025-10-25T21:46:47.534+0000] {logging_mixin.py:190} INFO - Current task name:generate_sensor_data state:running start_date:2025-10-25 21:46:47.249449+00:00
[2025-10-25T21:46:47.536+0000] {logging_mixin.py:190} INFO - Dag name:iot_sensor_data_dag and current dag run status:running
[2025-10-25T21:46:47.537+0000] {taskinstance.py:732} INFO - ::endgroup::
[2025-10-25T21:46:47.584+0000] {logging_mixin.py:190} INFO - [2025-10-25 21:46:47.564606] Inserted sensor data: {'time': datetime.datetime(2025, 10, 25, 21, 46, 47, 564606), 'temperature': 27.439719804626755, 'Dissolved_oxygen': 6.090455824655884, 'PH': 7.588887215454685, 'Ammonia': 0.010123600028521952, 'Nitrite': 0.05452146193267636, 'Turbidty': 39.1820727189105, '_id': ObjectId('68fd454701c3b37a8421ac0e')}
[2025-10-25T21:46:47.586+0000] {python.py:218} INFO - Done. Returned value was: None
[2025-10-25T21:46:47.595+0000] {taskinstance.py:341} INFO - ::group::Post task execution logs
[2025-10-25T21:46:47.602+0000] {taskinstance.py:353} INFO - Marking task as SUCCESS. dag_id=iot_sensor_data_dag, task_id=generate_sensor_data, run_id=scheduled__2025-10-25T21:46:30+00:00, execution_date=20251025T214630, start_date=20251025T214647, end_date=20251025T214647
[2025-10-25T21:46:47.638+0000] {logging_mixin.py:190} INFO - Task instance in success state
[2025-10-25T21:46:47.640+0000] {logging_mixin.py:190} INFO -  Previous state of the Task instance: running
[2025-10-25T21:46:47.641+0000] {logging_mixin.py:190} INFO - Dag name:iot_sensor_data_dag queued_at:2025-10-25 21:46:45.802116+00:00
[2025-10-25T21:46:47.642+0000] {logging_mixin.py:190} INFO - Task hostname:4f76d54186b6 operator:PythonOperator
[2025-10-25T21:46:47.693+0000] {local_task_job_runner.py:266} INFO - Task exited with return code 0
[2025-10-25T21:46:47.730+0000] {taskinstance.py:3901} INFO - 0 downstream tasks scheduled from follow-on schedule check
[2025-10-25T21:46:47.741+0000] {local_task_job_runner.py:245} INFO - ::endgroup::
