[2025-10-25T21:45:16.644+0000] {local_task_job_runner.py:123} INFO - ::group::Pre task execution logs
[2025-10-25T21:45:16.657+0000] {taskinstance.py:2614} INFO - Dependencies all met for dep_context=non-requeueable deps ti=<TaskInstance: iot_sensor_data_dag.generate_sensor_data scheduled__2025-10-25T21:45:00+00:00 [queued]>
[2025-10-25T21:45:16.664+0000] {taskinstance.py:2614} INFO - Dependencies all met for dep_context=requeueable deps ti=<TaskInstance: iot_sensor_data_dag.generate_sensor_data scheduled__2025-10-25T21:45:00+00:00 [queued]>
[2025-10-25T21:45:16.666+0000] {taskinstance.py:2867} INFO - Starting attempt 1 of 1
[2025-10-25T21:45:16.829+0000] {taskinstance.py:2890} INFO - Executing <Task(PythonOperator): generate_sensor_data> on 2025-10-25 21:45:00+00:00
[2025-10-25T21:45:16.840+0000] {warnings.py:112} WARNING - /home/***/.local/lib/python3.12/site-packages/***/task/task_runner/standard_task_runner.py:70: DeprecationWarning: This process (pid=283) is multi-threaded, use of fork() may lead to deadlocks in the child.
  pid = os.fork()

[2025-10-25T21:45:16.842+0000] {standard_task_runner.py:72} INFO - Started process 285 to run task
[2025-10-25T21:45:16.842+0000] {standard_task_runner.py:104} INFO - Running: ['***', 'tasks', 'run', 'iot_sensor_data_dag', 'generate_sensor_data', 'scheduled__2025-10-25T21:45:00+00:00', '--job-id', '147', '--raw', '--subdir', 'DAGS_FOLDER/DEPI.py', '--cfg-path', '/tmp/tmpjbrudclb']
[2025-10-25T21:45:16.844+0000] {standard_task_runner.py:105} INFO - Job 147: Subtask generate_sensor_data
[2025-10-25T21:45:16.890+0000] {task_command.py:467} INFO - Running <TaskInstance: iot_sensor_data_dag.generate_sensor_data scheduled__2025-10-25T21:45:00+00:00 [running]> on host 4f76d54186b6
[2025-10-25T21:45:16.964+0000] {taskinstance.py:3134} INFO - Exporting env vars: AIRFLOW_CTX_DAG_OWNER='***' AIRFLOW_CTX_DAG_ID='iot_sensor_data_dag' AIRFLOW_CTX_TASK_ID='generate_sensor_data' AIRFLOW_CTX_EXECUTION_DATE='2025-10-25T21:45:00+00:00' AIRFLOW_CTX_TRY_NUMBER='1' AIRFLOW_CTX_DAG_RUN_ID='scheduled__2025-10-25T21:45:00+00:00'
[2025-10-25T21:45:16.966+0000] {logging_mixin.py:190} INFO - Task instance is in running state
[2025-10-25T21:45:16.967+0000] {logging_mixin.py:190} INFO -  Previous state of the Task instance: queued
[2025-10-25T21:45:16.968+0000] {logging_mixin.py:190} INFO - Current task name:generate_sensor_data state:running start_date:2025-10-25 21:45:16.659134+00:00
[2025-10-25T21:45:16.970+0000] {logging_mixin.py:190} INFO - Dag name:iot_sensor_data_dag and current dag run status:running
[2025-10-25T21:45:16.971+0000] {taskinstance.py:732} INFO - ::endgroup::
[2025-10-25T21:45:17.008+0000] {logging_mixin.py:190} INFO - [2025-10-25 21:45:16.994386] Inserted sensor data: {'time': datetime.datetime(2025, 10, 25, 21, 45, 16, 994386), 'temperature': 27.47074535034038, 'Dissolved_oxygen': 5.975737289366374, 'PH': 7.471791208016262, 'Ammonia': 0.009789622581774337, 'Nitrite': 0.05126437987490795, 'Turbidty': 39.88928182895523, '_id': ObjectId('68fd44ecbe2b62dd46a1851d')}
[2025-10-25T21:45:17.012+0000] {python.py:218} INFO - Done. Returned value was: None
[2025-10-25T21:45:17.021+0000] {taskinstance.py:341} INFO - ::group::Post task execution logs
[2025-10-25T21:45:17.022+0000] {taskinstance.py:353} INFO - Marking task as SUCCESS. dag_id=iot_sensor_data_dag, task_id=generate_sensor_data, run_id=scheduled__2025-10-25T21:45:00+00:00, execution_date=20251025T214500, start_date=20251025T214516, end_date=20251025T214517
[2025-10-25T21:45:17.043+0000] {logging_mixin.py:190} INFO - Task instance in success state
[2025-10-25T21:45:17.044+0000] {logging_mixin.py:190} INFO -  Previous state of the Task instance: running
[2025-10-25T21:45:17.045+0000] {logging_mixin.py:190} INFO - Dag name:iot_sensor_data_dag queued_at:2025-10-25 21:45:15.183980+00:00
[2025-10-25T21:45:17.046+0000] {logging_mixin.py:190} INFO - Task hostname:4f76d54186b6 operator:PythonOperator
[2025-10-25T21:45:17.060+0000] {local_task_job_runner.py:266} INFO - Task exited with return code 0
[2025-10-25T21:45:17.084+0000] {taskinstance.py:3901} INFO - 0 downstream tasks scheduled from follow-on schedule check
[2025-10-25T21:45:17.095+0000] {local_task_job_runner.py:245} INFO - ::endgroup::
