[2025-10-25T21:43:16.977+0000] {local_task_job_runner.py:123} INFO - ::group::Pre task execution logs
[2025-10-25T21:43:16.997+0000] {taskinstance.py:2614} INFO - Dependencies all met for dep_context=non-requeueable deps ti=<TaskInstance: iot_sensor_data_dag.generate_sensor_data scheduled__2025-10-25T21:43:00+00:00 [queued]>
[2025-10-25T21:43:17.008+0000] {taskinstance.py:2614} INFO - Dependencies all met for dep_context=requeueable deps ti=<TaskInstance: iot_sensor_data_dag.generate_sensor_data scheduled__2025-10-25T21:43:00+00:00 [queued]>
[2025-10-25T21:43:17.010+0000] {taskinstance.py:2867} INFO - Starting attempt 1 of 1
[2025-10-25T21:43:17.138+0000] {taskinstance.py:2890} INFO - Executing <Task(PythonOperator): generate_sensor_data> on 2025-10-25 21:43:00+00:00
[2025-10-25T21:43:17.145+0000] {warnings.py:112} WARNING - /home/***/.local/lib/python3.12/site-packages/***/task/task_runner/standard_task_runner.py:70: DeprecationWarning: This process (pid=199) is multi-threaded, use of fork() may lead to deadlocks in the child.
  pid = os.fork()

[2025-10-25T21:43:17.148+0000] {standard_task_runner.py:72} INFO - Started process 201 to run task
[2025-10-25T21:43:17.148+0000] {standard_task_runner.py:104} INFO - Running: ['***', 'tasks', 'run', 'iot_sensor_data_dag', 'generate_sensor_data', 'scheduled__2025-10-25T21:43:00+00:00', '--job-id', '139', '--raw', '--subdir', 'DAGS_FOLDER/DEPI.py', '--cfg-path', '/tmp/tmpqhp5yh_0']
[2025-10-25T21:43:17.149+0000] {standard_task_runner.py:105} INFO - Job 139: Subtask generate_sensor_data
[2025-10-25T21:43:17.197+0000] {task_command.py:467} INFO - Running <TaskInstance: iot_sensor_data_dag.generate_sensor_data scheduled__2025-10-25T21:43:00+00:00 [running]> on host 4f76d54186b6
[2025-10-25T21:43:17.269+0000] {taskinstance.py:3134} INFO - Exporting env vars: AIRFLOW_CTX_DAG_OWNER='***' AIRFLOW_CTX_DAG_ID='iot_sensor_data_dag' AIRFLOW_CTX_TASK_ID='generate_sensor_data' AIRFLOW_CTX_EXECUTION_DATE='2025-10-25T21:43:00+00:00' AIRFLOW_CTX_TRY_NUMBER='1' AIRFLOW_CTX_DAG_RUN_ID='scheduled__2025-10-25T21:43:00+00:00'
[2025-10-25T21:43:17.271+0000] {logging_mixin.py:190} INFO - Task instance is in running state
[2025-10-25T21:43:17.272+0000] {logging_mixin.py:190} INFO -  Previous state of the Task instance: queued
[2025-10-25T21:43:17.273+0000] {logging_mixin.py:190} INFO - Current task name:generate_sensor_data state:running start_date:2025-10-25 21:43:16.999557+00:00
[2025-10-25T21:43:17.274+0000] {logging_mixin.py:190} INFO - Dag name:iot_sensor_data_dag and current dag run status:running
[2025-10-25T21:43:17.274+0000] {taskinstance.py:732} INFO - ::endgroup::
[2025-10-25T21:43:17.316+0000] {logging_mixin.py:190} INFO - [2025-10-25 21:43:17.288743] Inserted sensor data: {'time': datetime.datetime(2025, 10, 25, 21, 43, 17, 288743), 'temperature': 27.6898093558127, 'Dissolved_oxygen': 6.014869281443954, 'PH': 7.521634006450925, 'Ammonia': 0.010434422072325299, 'Nitrite': 0.0481875292889098, 'Turbidty': 39.687551777613855, '_id': ObjectId('68fd44756ad8c9c74baa39bc')}
[2025-10-25T21:43:17.334+0000] {python.py:218} INFO - Done. Returned value was: None
[2025-10-25T21:43:17.355+0000] {taskinstance.py:341} INFO - ::group::Post task execution logs
[2025-10-25T21:43:17.363+0000] {taskinstance.py:353} INFO - Marking task as SUCCESS. dag_id=iot_sensor_data_dag, task_id=generate_sensor_data, run_id=scheduled__2025-10-25T21:43:00+00:00, execution_date=20251025T214300, start_date=20251025T214316, end_date=20251025T214317
[2025-10-25T21:43:17.404+0000] {logging_mixin.py:190} INFO - Task instance in success state
[2025-10-25T21:43:17.406+0000] {logging_mixin.py:190} INFO -  Previous state of the Task instance: running
[2025-10-25T21:43:17.408+0000] {logging_mixin.py:190} INFO - Dag name:iot_sensor_data_dag queued_at:2025-10-25 21:43:15.321896+00:00
[2025-10-25T21:43:17.410+0000] {logging_mixin.py:190} INFO - Task hostname:4f76d54186b6 operator:PythonOperator
[2025-10-25T21:43:17.443+0000] {local_task_job_runner.py:266} INFO - Task exited with return code 0
[2025-10-25T21:43:17.475+0000] {taskinstance.py:3901} INFO - 0 downstream tasks scheduled from follow-on schedule check
[2025-10-25T21:43:17.483+0000] {local_task_job_runner.py:245} INFO - ::endgroup::
