[2025-10-25T21:45:01.448+0000] {local_task_job_runner.py:123} INFO - ::group::Pre task execution logs
[2025-10-25T21:45:01.462+0000] {taskinstance.py:2614} INFO - Dependencies all met for dep_context=non-requeueable deps ti=<TaskInstance: iot_sensor_data_dag.generate_sensor_data scheduled__2025-10-25T21:44:45+00:00 [queued]>
[2025-10-25T21:45:01.469+0000] {taskinstance.py:2614} INFO - Dependencies all met for dep_context=requeueable deps ti=<TaskInstance: iot_sensor_data_dag.generate_sensor_data scheduled__2025-10-25T21:44:45+00:00 [queued]>
[2025-10-25T21:45:01.470+0000] {taskinstance.py:2867} INFO - Starting attempt 1 of 1
[2025-10-25T21:45:01.601+0000] {taskinstance.py:2890} INFO - Executing <Task(PythonOperator): generate_sensor_data> on 2025-10-25 21:44:45+00:00
[2025-10-25T21:45:01.608+0000] {warnings.py:112} WARNING - /home/***/.local/lib/python3.12/site-packages/***/task/task_runner/standard_task_runner.py:70: DeprecationWarning: This process (pid=269) is multi-threaded, use of fork() may lead to deadlocks in the child.
  pid = os.fork()

[2025-10-25T21:45:01.611+0000] {standard_task_runner.py:104} INFO - Running: ['***', 'tasks', 'run', 'iot_sensor_data_dag', 'generate_sensor_data', 'scheduled__2025-10-25T21:44:45+00:00', '--job-id', '146', '--raw', '--subdir', 'DAGS_FOLDER/DEPI.py', '--cfg-path', '/tmp/tmpo5cdvjkt']
[2025-10-25T21:45:01.615+0000] {standard_task_runner.py:72} INFO - Started process 271 to run task
[2025-10-25T21:45:01.615+0000] {standard_task_runner.py:105} INFO - Job 146: Subtask generate_sensor_data
[2025-10-25T21:45:01.665+0000] {task_command.py:467} INFO - Running <TaskInstance: iot_sensor_data_dag.generate_sensor_data scheduled__2025-10-25T21:44:45+00:00 [running]> on host 4f76d54186b6
[2025-10-25T21:45:01.736+0000] {taskinstance.py:3134} INFO - Exporting env vars: AIRFLOW_CTX_DAG_OWNER='***' AIRFLOW_CTX_DAG_ID='iot_sensor_data_dag' AIRFLOW_CTX_TASK_ID='generate_sensor_data' AIRFLOW_CTX_EXECUTION_DATE='2025-10-25T21:44:45+00:00' AIRFLOW_CTX_TRY_NUMBER='1' AIRFLOW_CTX_DAG_RUN_ID='scheduled__2025-10-25T21:44:45+00:00'
[2025-10-25T21:45:01.738+0000] {logging_mixin.py:190} INFO - Task instance is in running state
[2025-10-25T21:45:01.739+0000] {logging_mixin.py:190} INFO -  Previous state of the Task instance: queued
[2025-10-25T21:45:01.739+0000] {logging_mixin.py:190} INFO - Current task name:generate_sensor_data state:running start_date:2025-10-25 21:45:01.463550+00:00
[2025-10-25T21:45:01.740+0000] {logging_mixin.py:190} INFO - Dag name:iot_sensor_data_dag and current dag run status:running
[2025-10-25T21:45:01.741+0000] {taskinstance.py:732} INFO - ::endgroup::
[2025-10-25T21:45:01.796+0000] {logging_mixin.py:190} INFO - [2025-10-25 21:45:01.757865] Inserted sensor data: {'time': datetime.datetime(2025, 10, 25, 21, 45, 1, 757865), 'temperature': 27.430058993751636, 'Dissolved_oxygen': 5.937479419342028, 'PH': 7.4578298792002045, 'Ammonia': 0.010105861937017973, 'Nitrite': 0.05058297387805415, 'Turbidty': 40.11612880972391, '_id': ObjectId('68fd44dd0354ba6be4fb08ee')}
[2025-10-25T21:45:01.800+0000] {python.py:218} INFO - Done. Returned value was: None
[2025-10-25T21:45:01.810+0000] {taskinstance.py:341} INFO - ::group::Post task execution logs
[2025-10-25T21:45:01.810+0000] {taskinstance.py:353} INFO - Marking task as SUCCESS. dag_id=iot_sensor_data_dag, task_id=generate_sensor_data, run_id=scheduled__2025-10-25T21:44:45+00:00, execution_date=20251025T214445, start_date=20251025T214501, end_date=20251025T214501
[2025-10-25T21:45:01.832+0000] {logging_mixin.py:190} INFO - Task instance in success state
[2025-10-25T21:45:01.832+0000] {logging_mixin.py:190} INFO -  Previous state of the Task instance: running
[2025-10-25T21:45:01.833+0000] {logging_mixin.py:190} INFO - Dag name:iot_sensor_data_dag queued_at:2025-10-25 21:45:00.076216+00:00
[2025-10-25T21:45:01.834+0000] {logging_mixin.py:190} INFO - Task hostname:4f76d54186b6 operator:PythonOperator
[2025-10-25T21:45:01.872+0000] {local_task_job_runner.py:266} INFO - Task exited with return code 0
[2025-10-25T21:45:01.893+0000] {taskinstance.py:3901} INFO - 0 downstream tasks scheduled from follow-on schedule check
[2025-10-25T21:45:01.898+0000] {local_task_job_runner.py:245} INFO - ::endgroup::
