[2025-10-25T20:51:46.117+0000] {local_task_job_runner.py:123} INFO - ::group::Pre task execution logs
[2025-10-25T20:51:46.129+0000] {taskinstance.py:2614} INFO - Dependencies all met for dep_context=non-requeueable deps ti=<TaskInstance: iot_sensor_data_dag.generate_sensor_data scheduled__2025-10-25T20:51:30+00:00 [queued]>
[2025-10-25T20:51:46.135+0000] {taskinstance.py:2614} INFO - Dependencies all met for dep_context=requeueable deps ti=<TaskInstance: iot_sensor_data_dag.generate_sensor_data scheduled__2025-10-25T20:51:30+00:00 [queued]>
[2025-10-25T20:51:46.136+0000] {taskinstance.py:2867} INFO - Starting attempt 1 of 1
[2025-10-25T20:51:46.263+0000] {taskinstance.py:2890} INFO - Executing <Task(PythonOperator): generate_sensor_data> on 2025-10-25 20:51:30+00:00
[2025-10-25T20:51:46.269+0000] {warnings.py:112} WARNING - /home/***/.local/lib/python3.12/site-packages/***/task/task_runner/standard_task_runner.py:70: DeprecationWarning: This process (pid=722) is multi-threaded, use of fork() may lead to deadlocks in the child.
  pid = os.fork()

[2025-10-25T20:51:46.272+0000] {standard_task_runner.py:72} INFO - Started process 724 to run task
[2025-10-25T20:51:46.271+0000] {standard_task_runner.py:104} INFO - Running: ['***', 'tasks', 'run', 'iot_sensor_data_dag', 'generate_sensor_data', 'scheduled__2025-10-25T20:51:30+00:00', '--job-id', '109', '--raw', '--subdir', 'DAGS_FOLDER/DEPI.py', '--cfg-path', '/tmp/tmpw9e9vdn3']
[2025-10-25T20:51:46.273+0000] {standard_task_runner.py:105} INFO - Job 109: Subtask generate_sensor_data
[2025-10-25T20:51:46.312+0000] {task_command.py:467} INFO - Running <TaskInstance: iot_sensor_data_dag.generate_sensor_data scheduled__2025-10-25T20:51:30+00:00 [running]> on host 4f76d54186b6
[2025-10-25T20:51:46.373+0000] {taskinstance.py:3134} INFO - Exporting env vars: AIRFLOW_CTX_DAG_OWNER='***' AIRFLOW_CTX_DAG_ID='iot_sensor_data_dag' AIRFLOW_CTX_TASK_ID='generate_sensor_data' AIRFLOW_CTX_EXECUTION_DATE='2025-10-25T20:51:30+00:00' AIRFLOW_CTX_TRY_NUMBER='1' AIRFLOW_CTX_DAG_RUN_ID='scheduled__2025-10-25T20:51:30+00:00'
[2025-10-25T20:51:46.375+0000] {logging_mixin.py:190} INFO - Task instance is in running state
[2025-10-25T20:51:46.376+0000] {logging_mixin.py:190} INFO -  Previous state of the Task instance: queued
[2025-10-25T20:51:46.376+0000] {logging_mixin.py:190} INFO - Current task name:generate_sensor_data state:running start_date:2025-10-25 20:51:46.130343+00:00
[2025-10-25T20:51:46.377+0000] {logging_mixin.py:190} INFO - Dag name:iot_sensor_data_dag and current dag run status:running
[2025-10-25T20:51:46.378+0000] {taskinstance.py:732} INFO - ::endgroup::
[2025-10-25T20:51:46.402+0000] {logging_mixin.py:190} INFO - [2025-10-25 20:51:46.390247] Inserted sensor data: {'time': datetime.datetime(2025, 10, 25, 20, 51, 46, 390247), 'temperature': 27.696210566408592, 'Dissolved_oxygen': 6.055676076405926, 'PH': 7.492940533997827, 'Ammonia': 0.010190201771975372, 'Nitrite': 0.048974870069402515, 'Turbidty': 40.55196164402089, '_id': ObjectId('68fd386295c8ee9f06d65c3c')}
[2025-10-25T20:51:46.404+0000] {python.py:218} INFO - Done. Returned value was: None
[2025-10-25T20:51:46.414+0000] {taskinstance.py:341} INFO - ::group::Post task execution logs
[2025-10-25T20:51:46.415+0000] {taskinstance.py:353} INFO - Marking task as SUCCESS. dag_id=iot_sensor_data_dag, task_id=generate_sensor_data, run_id=scheduled__2025-10-25T20:51:30+00:00, execution_date=20251025T205130, start_date=20251025T205146, end_date=20251025T205146
[2025-10-25T20:51:46.432+0000] {logging_mixin.py:190} INFO - Task instance in success state
[2025-10-25T20:51:46.432+0000] {logging_mixin.py:190} INFO -  Previous state of the Task instance: running
[2025-10-25T20:51:46.433+0000] {logging_mixin.py:190} INFO - Dag name:iot_sensor_data_dag queued_at:2025-10-25 20:51:45.640467+00:00
[2025-10-25T20:51:46.433+0000] {logging_mixin.py:190} INFO - Task hostname:4f76d54186b6 operator:PythonOperator
[2025-10-25T20:51:46.446+0000] {local_task_job_runner.py:266} INFO - Task exited with return code 0
[2025-10-25T20:51:46.465+0000] {taskinstance.py:3901} INFO - 0 downstream tasks scheduled from follow-on schedule check
[2025-10-25T20:51:46.471+0000] {local_task_job_runner.py:245} INFO - ::endgroup::
