[2025-10-25T20:40:16.992+0000] {local_task_job_runner.py:123} INFO - ::group::Pre task execution logs
[2025-10-25T20:40:17.005+0000] {taskinstance.py:2614} INFO - Dependencies all met for dep_context=non-requeueable deps ti=<TaskInstance: iot_sensor_data_dag.generate_sensor_data scheduled__2025-10-25T20:40:00+00:00 [queued]>
[2025-10-25T20:40:17.012+0000] {taskinstance.py:2614} INFO - Dependencies all met for dep_context=requeueable deps ti=<TaskInstance: iot_sensor_data_dag.generate_sensor_data scheduled__2025-10-25T20:40:00+00:00 [queued]>
[2025-10-25T20:40:17.014+0000] {taskinstance.py:2867} INFO - Starting attempt 1 of 1
[2025-10-25T20:40:17.126+0000] {taskinstance.py:2890} INFO - Executing <Task(PythonOperator): generate_sensor_data> on 2025-10-25 20:40:00+00:00
[2025-10-25T20:40:17.132+0000] {warnings.py:112} WARNING - /home/***/.local/lib/python3.12/site-packages/***/task/task_runner/standard_task_runner.py:70: DeprecationWarning: This process (pid=254) is multi-threaded, use of fork() may lead to deadlocks in the child.
  pid = os.fork()

[2025-10-25T20:40:17.134+0000] {standard_task_runner.py:72} INFO - Started process 256 to run task
[2025-10-25T20:40:17.134+0000] {standard_task_runner.py:104} INFO - Running: ['***', 'tasks', 'run', 'iot_sensor_data_dag', 'generate_sensor_data', 'scheduled__2025-10-25T20:40:00+00:00', '--job-id', '63', '--raw', '--subdir', 'DAGS_FOLDER/DEPI.py', '--cfg-path', '/tmp/tmprjgbyta1']
[2025-10-25T20:40:17.137+0000] {standard_task_runner.py:105} INFO - Job 63: Subtask generate_sensor_data
[2025-10-25T20:40:17.177+0000] {task_command.py:467} INFO - Running <TaskInstance: iot_sensor_data_dag.generate_sensor_data scheduled__2025-10-25T20:40:00+00:00 [running]> on host 4f76d54186b6
[2025-10-25T20:40:17.237+0000] {taskinstance.py:3134} INFO - Exporting env vars: AIRFLOW_CTX_DAG_OWNER='***' AIRFLOW_CTX_DAG_ID='iot_sensor_data_dag' AIRFLOW_CTX_TASK_ID='generate_sensor_data' AIRFLOW_CTX_EXECUTION_DATE='2025-10-25T20:40:00+00:00' AIRFLOW_CTX_TRY_NUMBER='1' AIRFLOW_CTX_DAG_RUN_ID='scheduled__2025-10-25T20:40:00+00:00'
[2025-10-25T20:40:17.239+0000] {logging_mixin.py:190} INFO - Task instance is in running state
[2025-10-25T20:40:17.239+0000] {logging_mixin.py:190} INFO -  Previous state of the Task instance: queued
[2025-10-25T20:40:17.240+0000] {logging_mixin.py:190} INFO - Current task name:generate_sensor_data state:running start_date:2025-10-25 20:40:17.007086+00:00
[2025-10-25T20:40:17.240+0000] {logging_mixin.py:190} INFO - Dag name:iot_sensor_data_dag and current dag run status:running
[2025-10-25T20:40:17.242+0000] {taskinstance.py:732} INFO - ::endgroup::
[2025-10-25T20:40:17.303+0000] {logging_mixin.py:190} INFO - [2025-10-25 20:40:17.286783] Inserted sensor data: {'time': datetime.datetime(2025, 10, 25, 20, 40, 17, 286783), 'temperature': 27.433181357493297, 'Dissolved_oxygen': 5.970020734570568, 'PH': 7.4636618689721335, 'Ammonia': 0.010549435204225388, 'Nitrite': 0.04852273028735823, 'Turbidty': 40.826104112176544, '_id': ObjectId('68fd35b1ff66e3d0f1a0bfbe')}
[2025-10-25T20:40:17.306+0000] {python.py:218} INFO - Done. Returned value was: None
[2025-10-25T20:40:17.315+0000] {taskinstance.py:341} INFO - ::group::Post task execution logs
[2025-10-25T20:40:17.315+0000] {taskinstance.py:353} INFO - Marking task as SUCCESS. dag_id=iot_sensor_data_dag, task_id=generate_sensor_data, run_id=scheduled__2025-10-25T20:40:00+00:00, execution_date=20251025T204000, start_date=20251025T204017, end_date=20251025T204017
[2025-10-25T20:40:17.334+0000] {logging_mixin.py:190} INFO - Task instance in success state
[2025-10-25T20:40:17.335+0000] {logging_mixin.py:190} INFO -  Previous state of the Task instance: running
[2025-10-25T20:40:17.336+0000] {logging_mixin.py:190} INFO - Dag name:iot_sensor_data_dag queued_at:2025-10-25 20:40:15.529908+00:00
[2025-10-25T20:40:17.336+0000] {logging_mixin.py:190} INFO - Task hostname:4f76d54186b6 operator:PythonOperator
[2025-10-25T20:40:17.350+0000] {local_task_job_runner.py:266} INFO - Task exited with return code 0
[2025-10-25T20:40:17.362+0000] {taskinstance.py:3901} INFO - 0 downstream tasks scheduled from follow-on schedule check
[2025-10-25T20:40:17.365+0000] {local_task_job_runner.py:245} INFO - ::endgroup::
