[2025-10-25T21:52:46.716+0000] {local_task_job_runner.py:123} INFO - ::group::Pre task execution logs
[2025-10-25T21:52:46.728+0000] {taskinstance.py:2614} INFO - Dependencies all met for dep_context=non-requeueable deps ti=<TaskInstance: iot_sensor_data_dag.generate_sensor_data scheduled__2025-10-25T21:52:30+00:00 [queued]>
[2025-10-25T21:52:46.742+0000] {taskinstance.py:2614} INFO - Dependencies all met for dep_context=requeueable deps ti=<TaskInstance: iot_sensor_data_dag.generate_sensor_data scheduled__2025-10-25T21:52:30+00:00 [queued]>
[2025-10-25T21:52:46.743+0000] {taskinstance.py:2867} INFO - Starting attempt 1 of 1
[2025-10-25T21:52:46.866+0000] {taskinstance.py:2890} INFO - Executing <Task(PythonOperator): generate_sensor_data> on 2025-10-25 21:52:30+00:00
[2025-10-25T21:52:46.874+0000] {warnings.py:112} WARNING - /home/***/.local/lib/python3.12/site-packages/***/task/task_runner/standard_task_runner.py:70: DeprecationWarning: This process (pid=591) is multi-threaded, use of fork() may lead to deadlocks in the child.
  pid = os.fork()

[2025-10-25T21:52:46.876+0000] {standard_task_runner.py:72} INFO - Started process 593 to run task
[2025-10-25T21:52:46.877+0000] {standard_task_runner.py:104} INFO - Running: ['***', 'tasks', 'run', 'iot_sensor_data_dag', 'generate_sensor_data', 'scheduled__2025-10-25T21:52:30+00:00', '--job-id', '177', '--raw', '--subdir', 'DAGS_FOLDER/DEPI.py', '--cfg-path', '/tmp/tmpx42gegzy']
[2025-10-25T21:52:46.878+0000] {standard_task_runner.py:105} INFO - Job 177: Subtask generate_sensor_data
[2025-10-25T21:52:46.924+0000] {task_command.py:467} INFO - Running <TaskInstance: iot_sensor_data_dag.generate_sensor_data scheduled__2025-10-25T21:52:30+00:00 [running]> on host 4f76d54186b6
[2025-10-25T21:52:46.992+0000] {taskinstance.py:3134} INFO - Exporting env vars: AIRFLOW_CTX_DAG_OWNER='***' AIRFLOW_CTX_DAG_ID='iot_sensor_data_dag' AIRFLOW_CTX_TASK_ID='generate_sensor_data' AIRFLOW_CTX_EXECUTION_DATE='2025-10-25T21:52:30+00:00' AIRFLOW_CTX_TRY_NUMBER='1' AIRFLOW_CTX_DAG_RUN_ID='scheduled__2025-10-25T21:52:30+00:00'
[2025-10-25T21:52:46.994+0000] {logging_mixin.py:190} INFO - Task instance is in running state
[2025-10-25T21:52:46.994+0000] {logging_mixin.py:190} INFO -  Previous state of the Task instance: queued
[2025-10-25T21:52:46.995+0000] {logging_mixin.py:190} INFO - Current task name:generate_sensor_data state:running start_date:2025-10-25 21:52:46.737117+00:00
[2025-10-25T21:52:46.997+0000] {logging_mixin.py:190} INFO - Dag name:iot_sensor_data_dag and current dag run status:running
[2025-10-25T21:52:46.998+0000] {taskinstance.py:732} INFO - ::endgroup::
[2025-10-25T21:52:47.042+0000] {logging_mixin.py:190} INFO - [2025-10-25 21:52:47.024730] Inserted sensor data: {'time': datetime.datetime(2025, 10, 25, 21, 52, 47, 24730), 'temperature': 27.692661323210064, 'Dissolved_oxygen': 5.93358999943429, 'PH': 7.460698646446812, 'Ammonia': 0.009237603749176699, 'Nitrite': 0.04847675306930569, 'Turbidty': 39.76935002010358, '_id': ObjectId('68fd46afe3457aabeb3c5bad')}
[2025-10-25T21:52:47.045+0000] {python.py:218} INFO - Done. Returned value was: None
[2025-10-25T21:52:47.055+0000] {taskinstance.py:341} INFO - ::group::Post task execution logs
[2025-10-25T21:52:47.056+0000] {taskinstance.py:353} INFO - Marking task as SUCCESS. dag_id=iot_sensor_data_dag, task_id=generate_sensor_data, run_id=scheduled__2025-10-25T21:52:30+00:00, execution_date=20251025T215230, start_date=20251025T215246, end_date=20251025T215247
[2025-10-25T21:52:47.076+0000] {logging_mixin.py:190} INFO - Task instance in success state
[2025-10-25T21:52:47.077+0000] {logging_mixin.py:190} INFO -  Previous state of the Task instance: running
[2025-10-25T21:52:47.077+0000] {logging_mixin.py:190} INFO - Dag name:iot_sensor_data_dag queued_at:2025-10-25 21:52:45.437437+00:00
[2025-10-25T21:52:47.078+0000] {logging_mixin.py:190} INFO - Task hostname:4f76d54186b6 operator:PythonOperator
[2025-10-25T21:52:47.092+0000] {local_task_job_runner.py:266} INFO - Task exited with return code 0
[2025-10-25T21:52:47.113+0000] {taskinstance.py:3901} INFO - 0 downstream tasks scheduled from follow-on schedule check
[2025-10-25T21:52:47.118+0000] {local_task_job_runner.py:245} INFO - ::endgroup::
