[2025-10-25T21:48:47.276+0000] {local_task_job_runner.py:123} INFO - ::group::Pre task execution logs
[2025-10-25T21:48:47.290+0000] {taskinstance.py:2614} INFO - Dependencies all met for dep_context=non-requeueable deps ti=<TaskInstance: iot_sensor_data_dag.generate_sensor_data scheduled__2025-10-25T21:48:30+00:00 [queued]>
[2025-10-25T21:48:47.296+0000] {taskinstance.py:2614} INFO - Dependencies all met for dep_context=requeueable deps ti=<TaskInstance: iot_sensor_data_dag.generate_sensor_data scheduled__2025-10-25T21:48:30+00:00 [queued]>
[2025-10-25T21:48:47.297+0000] {taskinstance.py:2867} INFO - Starting attempt 1 of 1
[2025-10-25T21:48:47.418+0000] {taskinstance.py:2890} INFO - Executing <Task(PythonOperator): generate_sensor_data> on 2025-10-25 21:48:30+00:00
[2025-10-25T21:48:47.425+0000] {warnings.py:112} WARNING - /home/***/.local/lib/python3.12/site-packages/***/task/task_runner/standard_task_runner.py:70: DeprecationWarning: This process (pid=424) is multi-threaded, use of fork() may lead to deadlocks in the child.
  pid = os.fork()

[2025-10-25T21:48:47.427+0000] {standard_task_runner.py:72} INFO - Started process 426 to run task
[2025-10-25T21:48:47.427+0000] {standard_task_runner.py:104} INFO - Running: ['***', 'tasks', 'run', 'iot_sensor_data_dag', 'generate_sensor_data', 'scheduled__2025-10-25T21:48:30+00:00', '--job-id', '161', '--raw', '--subdir', 'DAGS_FOLDER/DEPI.py', '--cfg-path', '/tmp/tmprhwhfym_']
[2025-10-25T21:48:47.428+0000] {standard_task_runner.py:105} INFO - Job 161: Subtask generate_sensor_data
[2025-10-25T21:48:47.473+0000] {task_command.py:467} INFO - Running <TaskInstance: iot_sensor_data_dag.generate_sensor_data scheduled__2025-10-25T21:48:30+00:00 [running]> on host 4f76d54186b6
[2025-10-25T21:48:47.542+0000] {taskinstance.py:3134} INFO - Exporting env vars: AIRFLOW_CTX_DAG_OWNER='***' AIRFLOW_CTX_DAG_ID='iot_sensor_data_dag' AIRFLOW_CTX_TASK_ID='generate_sensor_data' AIRFLOW_CTX_EXECUTION_DATE='2025-10-25T21:48:30+00:00' AIRFLOW_CTX_TRY_NUMBER='1' AIRFLOW_CTX_DAG_RUN_ID='scheduled__2025-10-25T21:48:30+00:00'
[2025-10-25T21:48:47.543+0000] {logging_mixin.py:190} INFO - Task instance is in running state
[2025-10-25T21:48:47.544+0000] {logging_mixin.py:190} INFO -  Previous state of the Task instance: queued
[2025-10-25T21:48:47.545+0000] {logging_mixin.py:190} INFO - Current task name:generate_sensor_data state:running start_date:2025-10-25 21:48:47.291475+00:00
[2025-10-25T21:48:47.545+0000] {logging_mixin.py:190} INFO - Dag name:iot_sensor_data_dag and current dag run status:running
[2025-10-25T21:48:47.546+0000] {taskinstance.py:732} INFO - ::endgroup::
[2025-10-25T21:48:47.584+0000] {logging_mixin.py:190} INFO - [2025-10-25 21:48:47.562439] Inserted sensor data: {'time': datetime.datetime(2025, 10, 25, 21, 48, 47, 562439), 'temperature': 27.476369045415552, 'Dissolved_oxygen': 5.99716479131038, 'PH': 7.468612484594116, 'Ammonia': 0.009738221805739003, 'Nitrite': 0.04639132112064985, 'Turbidty': 39.49814981876968, '_id': ObjectId('68fd45bf56b18263403cde97')}
[2025-10-25T21:48:47.586+0000] {python.py:218} INFO - Done. Returned value was: None
[2025-10-25T21:48:47.595+0000] {taskinstance.py:341} INFO - ::group::Post task execution logs
[2025-10-25T21:48:47.596+0000] {taskinstance.py:353} INFO - Marking task as SUCCESS. dag_id=iot_sensor_data_dag, task_id=generate_sensor_data, run_id=scheduled__2025-10-25T21:48:30+00:00, execution_date=20251025T214830, start_date=20251025T214847, end_date=20251025T214847
[2025-10-25T21:48:47.617+0000] {logging_mixin.py:190} INFO - Task instance in success state
[2025-10-25T21:48:47.618+0000] {logging_mixin.py:190} INFO -  Previous state of the Task instance: running
[2025-10-25T21:48:47.619+0000] {logging_mixin.py:190} INFO - Dag name:iot_sensor_data_dag queued_at:2025-10-25 21:48:45.973346+00:00
[2025-10-25T21:48:47.620+0000] {logging_mixin.py:190} INFO - Task hostname:4f76d54186b6 operator:PythonOperator
[2025-10-25T21:48:47.643+0000] {local_task_job_runner.py:266} INFO - Task exited with return code 0
[2025-10-25T21:48:47.668+0000] {taskinstance.py:3901} INFO - 0 downstream tasks scheduled from follow-on schedule check
[2025-10-25T21:48:47.674+0000] {local_task_job_runner.py:245} INFO - ::endgroup::
