[2025-10-25T21:43:02.352+0000] {local_task_job_runner.py:123} INFO - ::group::Pre task execution logs
[2025-10-25T21:43:02.369+0000] {taskinstance.py:2614} INFO - Dependencies all met for dep_context=non-requeueable deps ti=<TaskInstance: iot_sensor_data_dag.generate_sensor_data scheduled__2025-10-25T21:42:45+00:00 [queued]>
[2025-10-25T21:43:02.375+0000] {taskinstance.py:2614} INFO - Dependencies all met for dep_context=requeueable deps ti=<TaskInstance: iot_sensor_data_dag.generate_sensor_data scheduled__2025-10-25T21:42:45+00:00 [queued]>
[2025-10-25T21:43:02.377+0000] {taskinstance.py:2867} INFO - Starting attempt 1 of 1
[2025-10-25T21:43:02.529+0000] {taskinstance.py:2890} INFO - Executing <Task(PythonOperator): generate_sensor_data> on 2025-10-25 21:42:45+00:00
[2025-10-25T21:43:02.536+0000] {warnings.py:112} WARNING - /home/***/.local/lib/python3.12/site-packages/***/task/task_runner/standard_task_runner.py:70: DeprecationWarning: This process (pid=185) is multi-threaded, use of fork() may lead to deadlocks in the child.
  pid = os.fork()

[2025-10-25T21:43:02.538+0000] {standard_task_runner.py:72} INFO - Started process 187 to run task
[2025-10-25T21:43:02.539+0000] {standard_task_runner.py:104} INFO - Running: ['***', 'tasks', 'run', 'iot_sensor_data_dag', 'generate_sensor_data', 'scheduled__2025-10-25T21:42:45+00:00', '--job-id', '138', '--raw', '--subdir', 'DAGS_FOLDER/DEPI.py', '--cfg-path', '/tmp/tmpxaof1nkz']
[2025-10-25T21:43:02.541+0000] {standard_task_runner.py:105} INFO - Job 138: Subtask generate_sensor_data
[2025-10-25T21:43:02.588+0000] {task_command.py:467} INFO - Running <TaskInstance: iot_sensor_data_dag.generate_sensor_data scheduled__2025-10-25T21:42:45+00:00 [running]> on host 4f76d54186b6
[2025-10-25T21:43:02.660+0000] {taskinstance.py:3134} INFO - Exporting env vars: AIRFLOW_CTX_DAG_OWNER='***' AIRFLOW_CTX_DAG_ID='iot_sensor_data_dag' AIRFLOW_CTX_TASK_ID='generate_sensor_data' AIRFLOW_CTX_EXECUTION_DATE='2025-10-25T21:42:45+00:00' AIRFLOW_CTX_TRY_NUMBER='1' AIRFLOW_CTX_DAG_RUN_ID='scheduled__2025-10-25T21:42:45+00:00'
[2025-10-25T21:43:02.661+0000] {logging_mixin.py:190} INFO - Task instance is in running state
[2025-10-25T21:43:02.662+0000] {logging_mixin.py:190} INFO -  Previous state of the Task instance: queued
[2025-10-25T21:43:02.663+0000] {logging_mixin.py:190} INFO - Current task name:generate_sensor_data state:running start_date:2025-10-25 21:43:02.370313+00:00
[2025-10-25T21:43:02.664+0000] {logging_mixin.py:190} INFO - Dag name:iot_sensor_data_dag and current dag run status:running
[2025-10-25T21:43:02.665+0000] {taskinstance.py:732} INFO - ::endgroup::
[2025-10-25T21:43:02.698+0000] {logging_mixin.py:190} INFO - [2025-10-25 21:43:02.679012] Inserted sensor data: {'time': datetime.datetime(2025, 10, 25, 21, 43, 2, 679012), 'temperature': 27.671054419822458, 'Dissolved_oxygen': 5.966215223303646, 'PH': 7.400786658224287, 'Ammonia': 0.009429584793584014, 'Nitrite': 0.05397923117494598, 'Turbidty': 39.30478098893137, '_id': ObjectId('68fd4466cb23de9ae71f4b54')}
[2025-10-25T21:43:02.708+0000] {python.py:218} INFO - Done. Returned value was: None
[2025-10-25T21:43:02.718+0000] {taskinstance.py:341} INFO - ::group::Post task execution logs
[2025-10-25T21:43:02.722+0000] {taskinstance.py:353} INFO - Marking task as SUCCESS. dag_id=iot_sensor_data_dag, task_id=generate_sensor_data, run_id=scheduled__2025-10-25T21:42:45+00:00, execution_date=20251025T214245, start_date=20251025T214302, end_date=20251025T214302
[2025-10-25T21:43:02.743+0000] {logging_mixin.py:190} INFO - Task instance in success state
[2025-10-25T21:43:02.747+0000] {logging_mixin.py:190} INFO -  Previous state of the Task instance: running
[2025-10-25T21:43:02.748+0000] {logging_mixin.py:190} INFO - Dag name:iot_sensor_data_dag queued_at:2025-10-25 21:43:00.944529+00:00
[2025-10-25T21:43:02.748+0000] {logging_mixin.py:190} INFO - Task hostname:4f76d54186b6 operator:PythonOperator
[2025-10-25T21:43:02.795+0000] {local_task_job_runner.py:266} INFO - Task exited with return code 0
[2025-10-25T21:43:02.817+0000] {taskinstance.py:3901} INFO - 0 downstream tasks scheduled from follow-on schedule check
[2025-10-25T21:43:02.822+0000] {local_task_job_runner.py:245} INFO - ::endgroup::
