[2025-10-25T21:51:01.943+0000] {local_task_job_runner.py:123} INFO - ::group::Pre task execution logs
[2025-10-25T21:51:01.956+0000] {taskinstance.py:2614} INFO - Dependencies all met for dep_context=non-requeueable deps ti=<TaskInstance: iot_sensor_data_dag.generate_sensor_data scheduled__2025-10-25T21:50:45+00:00 [queued]>
[2025-10-25T21:51:01.963+0000] {taskinstance.py:2614} INFO - Dependencies all met for dep_context=requeueable deps ti=<TaskInstance: iot_sensor_data_dag.generate_sensor_data scheduled__2025-10-25T21:50:45+00:00 [queued]>
[2025-10-25T21:51:01.964+0000] {taskinstance.py:2867} INFO - Starting attempt 1 of 1
[2025-10-25T21:51:02.116+0000] {taskinstance.py:2890} INFO - Executing <Task(PythonOperator): generate_sensor_data> on 2025-10-25 21:50:45+00:00
[2025-10-25T21:51:02.122+0000] {warnings.py:112} WARNING - /home/***/.local/lib/python3.12/site-packages/***/task/task_runner/standard_task_runner.py:70: DeprecationWarning: This process (pid=514) is multi-threaded, use of fork() may lead to deadlocks in the child.
  pid = os.fork()

[2025-10-25T21:51:02.125+0000] {standard_task_runner.py:72} INFO - Started process 516 to run task
[2025-10-25T21:51:02.124+0000] {standard_task_runner.py:104} INFO - Running: ['***', 'tasks', 'run', 'iot_sensor_data_dag', 'generate_sensor_data', 'scheduled__2025-10-25T21:50:45+00:00', '--job-id', '170', '--raw', '--subdir', 'DAGS_FOLDER/DEPI.py', '--cfg-path', '/tmp/tmpgcla_ybr']
[2025-10-25T21:51:02.126+0000] {standard_task_runner.py:105} INFO - Job 170: Subtask generate_sensor_data
[2025-10-25T21:51:02.171+0000] {task_command.py:467} INFO - Running <TaskInstance: iot_sensor_data_dag.generate_sensor_data scheduled__2025-10-25T21:50:45+00:00 [running]> on host 4f76d54186b6
[2025-10-25T21:51:02.237+0000] {taskinstance.py:3134} INFO - Exporting env vars: AIRFLOW_CTX_DAG_OWNER='***' AIRFLOW_CTX_DAG_ID='iot_sensor_data_dag' AIRFLOW_CTX_TASK_ID='generate_sensor_data' AIRFLOW_CTX_EXECUTION_DATE='2025-10-25T21:50:45+00:00' AIRFLOW_CTX_TRY_NUMBER='1' AIRFLOW_CTX_DAG_RUN_ID='scheduled__2025-10-25T21:50:45+00:00'
[2025-10-25T21:51:02.238+0000] {logging_mixin.py:190} INFO - Task instance is in running state
[2025-10-25T21:51:02.239+0000] {logging_mixin.py:190} INFO -  Previous state of the Task instance: queued
[2025-10-25T21:51:02.240+0000] {logging_mixin.py:190} INFO - Current task name:generate_sensor_data state:running start_date:2025-10-25 21:51:01.957354+00:00
[2025-10-25T21:51:02.241+0000] {logging_mixin.py:190} INFO - Dag name:iot_sensor_data_dag and current dag run status:running
[2025-10-25T21:51:02.241+0000] {taskinstance.py:732} INFO - ::endgroup::
[2025-10-25T21:51:02.270+0000] {logging_mixin.py:190} INFO - [2025-10-25 21:51:02.256213] Inserted sensor data: {'time': datetime.datetime(2025, 10, 25, 21, 51, 2, 256213), 'temperature': 27.6713382309588, 'Dissolved_oxygen': 6.062373033592704, 'PH': 7.502041886805133, 'Ammonia': 0.010145088287154116, 'Nitrite': 0.04706826393427915, 'Turbidty': 40.647464028059055, '_id': ObjectId('68fd4646f417ef2b3236c4c5')}
[2025-10-25T21:51:02.272+0000] {python.py:218} INFO - Done. Returned value was: None
[2025-10-25T21:51:02.282+0000] {taskinstance.py:341} INFO - ::group::Post task execution logs
[2025-10-25T21:51:02.283+0000] {taskinstance.py:353} INFO - Marking task as SUCCESS. dag_id=iot_sensor_data_dag, task_id=generate_sensor_data, run_id=scheduled__2025-10-25T21:50:45+00:00, execution_date=20251025T215045, start_date=20251025T215101, end_date=20251025T215102
[2025-10-25T21:51:02.302+0000] {logging_mixin.py:190} INFO - Task instance in success state
[2025-10-25T21:51:02.303+0000] {logging_mixin.py:190} INFO -  Previous state of the Task instance: running
[2025-10-25T21:51:02.303+0000] {logging_mixin.py:190} INFO - Dag name:iot_sensor_data_dag queued_at:2025-10-25 21:51:00.579514+00:00
[2025-10-25T21:51:02.304+0000] {logging_mixin.py:190} INFO - Task hostname:4f76d54186b6 operator:PythonOperator
[2025-10-25T21:51:02.340+0000] {local_task_job_runner.py:266} INFO - Task exited with return code 0
[2025-10-25T21:51:02.360+0000] {taskinstance.py:3901} INFO - 0 downstream tasks scheduled from follow-on schedule check
[2025-10-25T21:51:02.365+0000] {local_task_job_runner.py:245} INFO - ::endgroup::
