[2025-10-25T20:42:01.495+0000] {local_task_job_runner.py:123} INFO - ::group::Pre task execution logs
[2025-10-25T20:42:01.505+0000] {taskinstance.py:2614} INFO - Dependencies all met for dep_context=non-requeueable deps ti=<TaskInstance: iot_sensor_data_dag.generate_sensor_data scheduled__2025-10-25T20:41:45+00:00 [queued]>
[2025-10-25T20:42:01.510+0000] {taskinstance.py:2614} INFO - Dependencies all met for dep_context=requeueable deps ti=<TaskInstance: iot_sensor_data_dag.generate_sensor_data scheduled__2025-10-25T20:41:45+00:00 [queued]>
[2025-10-25T20:42:01.511+0000] {taskinstance.py:2867} INFO - Starting attempt 1 of 1
[2025-10-25T20:42:01.623+0000] {taskinstance.py:2890} INFO - Executing <Task(PythonOperator): generate_sensor_data> on 2025-10-25 20:41:45+00:00
[2025-10-25T20:42:01.628+0000] {warnings.py:112} WARNING - /home/***/.local/lib/python3.12/site-packages/***/task/task_runner/standard_task_runner.py:70: DeprecationWarning: This process (pid=324) is multi-threaded, use of fork() may lead to deadlocks in the child.
  pid = os.fork()

[2025-10-25T20:42:01.630+0000] {standard_task_runner.py:72} INFO - Started process 326 to run task
[2025-10-25T20:42:01.630+0000] {standard_task_runner.py:104} INFO - Running: ['***', 'tasks', 'run', 'iot_sensor_data_dag', 'generate_sensor_data', 'scheduled__2025-10-25T20:41:45+00:00', '--job-id', '70', '--raw', '--subdir', 'DAGS_FOLDER/DEPI.py', '--cfg-path', '/tmp/tmpw3_ee_c6']
[2025-10-25T20:42:01.631+0000] {standard_task_runner.py:105} INFO - Job 70: Subtask generate_sensor_data
[2025-10-25T20:42:01.668+0000] {task_command.py:467} INFO - Running <TaskInstance: iot_sensor_data_dag.generate_sensor_data scheduled__2025-10-25T20:41:45+00:00 [running]> on host 4f76d54186b6
[2025-10-25T20:42:01.724+0000] {taskinstance.py:3134} INFO - Exporting env vars: AIRFLOW_CTX_DAG_OWNER='***' AIRFLOW_CTX_DAG_ID='iot_sensor_data_dag' AIRFLOW_CTX_TASK_ID='generate_sensor_data' AIRFLOW_CTX_EXECUTION_DATE='2025-10-25T20:41:45+00:00' AIRFLOW_CTX_TRY_NUMBER='1' AIRFLOW_CTX_DAG_RUN_ID='scheduled__2025-10-25T20:41:45+00:00'
[2025-10-25T20:42:01.725+0000] {logging_mixin.py:190} INFO - Task instance is in running state
[2025-10-25T20:42:01.726+0000] {logging_mixin.py:190} INFO -  Previous state of the Task instance: queued
[2025-10-25T20:42:01.726+0000] {logging_mixin.py:190} INFO - Current task name:generate_sensor_data state:running start_date:2025-10-25 20:42:01.506560+00:00
[2025-10-25T20:42:01.727+0000] {logging_mixin.py:190} INFO - Dag name:iot_sensor_data_dag and current dag run status:running
[2025-10-25T20:42:01.727+0000] {taskinstance.py:732} INFO - ::endgroup::
[2025-10-25T20:42:01.754+0000] {logging_mixin.py:190} INFO - [2025-10-25 20:42:01.742075] Inserted sensor data: {'time': datetime.datetime(2025, 10, 25, 20, 42, 1, 742075), 'temperature': 27.676130244903405, 'Dissolved_oxygen': 5.973150879793485, 'PH': 7.471729190091582, 'Ammonia': 0.009307733485055963, 'Nitrite': 0.05335416577794539, 'Turbidty': 39.517088783498465, '_id': ObjectId('68fd3619c6be84d68f9ba8ed')}
[2025-10-25T20:42:01.756+0000] {python.py:218} INFO - Done. Returned value was: None
[2025-10-25T20:42:01.765+0000] {taskinstance.py:341} INFO - ::group::Post task execution logs
[2025-10-25T20:42:01.765+0000] {taskinstance.py:353} INFO - Marking task as SUCCESS. dag_id=iot_sensor_data_dag, task_id=generate_sensor_data, run_id=scheduled__2025-10-25T20:41:45+00:00, execution_date=20251025T204145, start_date=20251025T204201, end_date=20251025T204201
[2025-10-25T20:42:01.782+0000] {logging_mixin.py:190} INFO - Task instance in success state
[2025-10-25T20:42:01.782+0000] {logging_mixin.py:190} INFO -  Previous state of the Task instance: running
[2025-10-25T20:42:01.783+0000] {logging_mixin.py:190} INFO - Dag name:iot_sensor_data_dag queued_at:2025-10-25 20:42:00.378171+00:00
[2025-10-25T20:42:01.783+0000] {logging_mixin.py:190} INFO - Task hostname:4f76d54186b6 operator:PythonOperator
[2025-10-25T20:42:01.805+0000] {local_task_job_runner.py:266} INFO - Task exited with return code 0
[2025-10-25T20:42:01.817+0000] {taskinstance.py:3901} INFO - 0 downstream tasks scheduled from follow-on schedule check
[2025-10-25T20:42:01.819+0000] {local_task_job_runner.py:245} INFO - ::endgroup::
