[2025-10-25T21:58:17.322+0000] {local_task_job_runner.py:123} INFO - ::group::Pre task execution logs
[2025-10-25T21:58:17.335+0000] {taskinstance.py:2614} INFO - Dependencies all met for dep_context=non-requeueable deps ti=<TaskInstance: iot_sensor_data_dag.generate_sensor_data scheduled__2025-10-25T21:58:00+00:00 [queued]>
[2025-10-25T21:58:17.341+0000] {taskinstance.py:2614} INFO - Dependencies all met for dep_context=requeueable deps ti=<TaskInstance: iot_sensor_data_dag.generate_sensor_data scheduled__2025-10-25T21:58:00+00:00 [queued]>
[2025-10-25T21:58:17.343+0000] {taskinstance.py:2867} INFO - Starting attempt 1 of 1
[2025-10-25T21:58:17.507+0000] {taskinstance.py:2890} INFO - Executing <Task(PythonOperator): generate_sensor_data> on 2025-10-25 21:58:00+00:00
[2025-10-25T21:58:17.514+0000] {warnings.py:112} WARNING - /home/***/.local/lib/python3.12/site-packages/***/task/task_runner/standard_task_runner.py:70: DeprecationWarning: This process (pid=815) is multi-threaded, use of fork() may lead to deadlocks in the child.
  pid = os.fork()

[2025-10-25T21:58:17.516+0000] {standard_task_runner.py:72} INFO - Started process 817 to run task
[2025-10-25T21:58:17.516+0000] {standard_task_runner.py:104} INFO - Running: ['***', 'tasks', 'run', 'iot_sensor_data_dag', 'generate_sensor_data', 'scheduled__2025-10-25T21:58:00+00:00', '--job-id', '199', '--raw', '--subdir', 'DAGS_FOLDER/DEPI.py', '--cfg-path', '/tmp/tmpi4bj02pg']
[2025-10-25T21:58:17.518+0000] {standard_task_runner.py:105} INFO - Job 199: Subtask generate_sensor_data
[2025-10-25T21:58:17.565+0000] {task_command.py:467} INFO - Running <TaskInstance: iot_sensor_data_dag.generate_sensor_data scheduled__2025-10-25T21:58:00+00:00 [running]> on host 4f76d54186b6
[2025-10-25T21:58:17.645+0000] {taskinstance.py:3134} INFO - Exporting env vars: AIRFLOW_CTX_DAG_OWNER='***' AIRFLOW_CTX_DAG_ID='iot_sensor_data_dag' AIRFLOW_CTX_TASK_ID='generate_sensor_data' AIRFLOW_CTX_EXECUTION_DATE='2025-10-25T21:58:00+00:00' AIRFLOW_CTX_TRY_NUMBER='1' AIRFLOW_CTX_DAG_RUN_ID='scheduled__2025-10-25T21:58:00+00:00'
[2025-10-25T21:58:17.647+0000] {logging_mixin.py:190} INFO - Task instance is in running state
[2025-10-25T21:58:17.648+0000] {logging_mixin.py:190} INFO -  Previous state of the Task instance: queued
[2025-10-25T21:58:17.649+0000] {logging_mixin.py:190} INFO - Current task name:generate_sensor_data state:running start_date:2025-10-25 21:58:17.336266+00:00
[2025-10-25T21:58:17.649+0000] {logging_mixin.py:190} INFO - Dag name:iot_sensor_data_dag and current dag run status:running
[2025-10-25T21:58:17.650+0000] {taskinstance.py:732} INFO - ::endgroup::
[2025-10-25T21:58:17.681+0000] {logging_mixin.py:190} INFO - [2025-10-25 21:58:17.667060] Inserted sensor data: {'time': datetime.datetime(2025, 10, 25, 21, 58, 17, 667060), 'temperature': 27.5001196198959, 'Dissolved_oxygen': 6.032199975524294, 'PH': 7.559611800440853, 'Ammonia': 0.010614723650200263, 'Nitrite': 0.049969612498392206, 'Turbidty': 39.85461147581461, '_id': ObjectId('68fd47f97bf56b5bdb671309')}
[2025-10-25T21:58:17.683+0000] {python.py:218} INFO - Done. Returned value was: None
[2025-10-25T21:58:17.692+0000] {taskinstance.py:341} INFO - ::group::Post task execution logs
[2025-10-25T21:58:17.693+0000] {taskinstance.py:353} INFO - Marking task as SUCCESS. dag_id=iot_sensor_data_dag, task_id=generate_sensor_data, run_id=scheduled__2025-10-25T21:58:00+00:00, execution_date=20251025T215800, start_date=20251025T215817, end_date=20251025T215817
[2025-10-25T21:58:17.711+0000] {logging_mixin.py:190} INFO - Task instance in success state
[2025-10-25T21:58:17.712+0000] {logging_mixin.py:190} INFO -  Previous state of the Task instance: running
[2025-10-25T21:58:17.713+0000] {logging_mixin.py:190} INFO - Dag name:iot_sensor_data_dag queued_at:2025-10-25 21:58:16.046010+00:00
[2025-10-25T21:58:17.713+0000] {logging_mixin.py:190} INFO - Task hostname:4f76d54186b6 operator:PythonOperator
[2025-10-25T21:58:17.734+0000] {local_task_job_runner.py:266} INFO - Task exited with return code 0
[2025-10-25T21:58:17.755+0000] {taskinstance.py:3901} INFO - 0 downstream tasks scheduled from follow-on schedule check
[2025-10-25T21:58:17.759+0000] {local_task_job_runner.py:245} INFO - ::endgroup::
