[2025-10-25T20:48:46.187+0000] {local_task_job_runner.py:123} INFO - ::group::Pre task execution logs
[2025-10-25T20:48:46.198+0000] {taskinstance.py:2614} INFO - Dependencies all met for dep_context=non-requeueable deps ti=<TaskInstance: iot_sensor_data_dag.generate_sensor_data scheduled__2025-10-25T20:48:30+00:00 [queued]>
[2025-10-25T20:48:46.204+0000] {taskinstance.py:2614} INFO - Dependencies all met for dep_context=requeueable deps ti=<TaskInstance: iot_sensor_data_dag.generate_sensor_data scheduled__2025-10-25T20:48:30+00:00 [queued]>
[2025-10-25T20:48:46.205+0000] {taskinstance.py:2867} INFO - Starting attempt 1 of 1
[2025-10-25T20:48:46.325+0000] {taskinstance.py:2890} INFO - Executing <Task(PythonOperator): generate_sensor_data> on 2025-10-25 20:48:30+00:00
[2025-10-25T20:48:46.330+0000] {warnings.py:112} WARNING - /home/***/.local/lib/python3.12/site-packages/***/task/task_runner/standard_task_runner.py:70: DeprecationWarning: This process (pid=603) is multi-threaded, use of fork() may lead to deadlocks in the child.
  pid = os.fork()

[2025-10-25T20:48:46.332+0000] {standard_task_runner.py:72} INFO - Started process 605 to run task
[2025-10-25T20:48:46.332+0000] {standard_task_runner.py:104} INFO - Running: ['***', 'tasks', 'run', 'iot_sensor_data_dag', 'generate_sensor_data', 'scheduled__2025-10-25T20:48:30+00:00', '--job-id', '97', '--raw', '--subdir', 'DAGS_FOLDER/DEPI.py', '--cfg-path', '/tmp/tmp85ekz79x']
[2025-10-25T20:48:46.333+0000] {standard_task_runner.py:105} INFO - Job 97: Subtask generate_sensor_data
[2025-10-25T20:48:46.375+0000] {task_command.py:467} INFO - Running <TaskInstance: iot_sensor_data_dag.generate_sensor_data scheduled__2025-10-25T20:48:30+00:00 [running]> on host 4f76d54186b6
[2025-10-25T20:48:46.433+0000] {taskinstance.py:3134} INFO - Exporting env vars: AIRFLOW_CTX_DAG_OWNER='***' AIRFLOW_CTX_DAG_ID='iot_sensor_data_dag' AIRFLOW_CTX_TASK_ID='generate_sensor_data' AIRFLOW_CTX_EXECUTION_DATE='2025-10-25T20:48:30+00:00' AIRFLOW_CTX_TRY_NUMBER='1' AIRFLOW_CTX_DAG_RUN_ID='scheduled__2025-10-25T20:48:30+00:00'
[2025-10-25T20:48:46.434+0000] {logging_mixin.py:190} INFO - Task instance is in running state
[2025-10-25T20:48:46.435+0000] {logging_mixin.py:190} INFO -  Previous state of the Task instance: queued
[2025-10-25T20:48:46.435+0000] {logging_mixin.py:190} INFO - Current task name:generate_sensor_data state:running start_date:2025-10-25 20:48:46.199558+00:00
[2025-10-25T20:48:46.436+0000] {logging_mixin.py:190} INFO - Dag name:iot_sensor_data_dag and current dag run status:running
[2025-10-25T20:48:46.436+0000] {taskinstance.py:732} INFO - ::endgroup::
[2025-10-25T20:48:46.459+0000] {logging_mixin.py:190} INFO - [2025-10-25 20:48:46.448883] Inserted sensor data: {'time': datetime.datetime(2025, 10, 25, 20, 48, 46, 448883), 'temperature': 27.526883044615893, 'Dissolved_oxygen': 6.04701560006234, 'PH': 7.477089054851363, 'Ammonia': 0.010054484278187715, 'Nitrite': 0.04962106575027897, 'Turbidty': 40.25208601293708, '_id': ObjectId('68fd37aec9b864cfa94324dd')}
[2025-10-25T20:48:46.461+0000] {python.py:218} INFO - Done. Returned value was: None
[2025-10-25T20:48:46.469+0000] {taskinstance.py:341} INFO - ::group::Post task execution logs
[2025-10-25T20:48:46.470+0000] {taskinstance.py:353} INFO - Marking task as SUCCESS. dag_id=iot_sensor_data_dag, task_id=generate_sensor_data, run_id=scheduled__2025-10-25T20:48:30+00:00, execution_date=20251025T204830, start_date=20251025T204846, end_date=20251025T204846
[2025-10-25T20:48:46.488+0000] {logging_mixin.py:190} INFO - Task instance in success state
[2025-10-25T20:48:46.489+0000] {logging_mixin.py:190} INFO -  Previous state of the Task instance: running
[2025-10-25T20:48:46.489+0000] {logging_mixin.py:190} INFO - Dag name:iot_sensor_data_dag queued_at:2025-10-25 20:48:45.086851+00:00
[2025-10-25T20:48:46.490+0000] {logging_mixin.py:190} INFO - Task hostname:4f76d54186b6 operator:PythonOperator
[2025-10-25T20:48:46.508+0000] {local_task_job_runner.py:266} INFO - Task exited with return code 0
[2025-10-25T20:48:46.520+0000] {taskinstance.py:3901} INFO - 0 downstream tasks scheduled from follow-on schedule check
[2025-10-25T20:48:46.522+0000] {local_task_job_runner.py:245} INFO - ::endgroup::
