[2025-10-25T20:45:01.760+0000] {local_task_job_runner.py:123} INFO - ::group::Pre task execution logs
[2025-10-25T20:45:01.770+0000] {taskinstance.py:2614} INFO - Dependencies all met for dep_context=non-requeueable deps ti=<TaskInstance: iot_sensor_data_dag.generate_sensor_data scheduled__2025-10-25T20:44:45+00:00 [queued]>
[2025-10-25T20:45:01.775+0000] {taskinstance.py:2614} INFO - Dependencies all met for dep_context=requeueable deps ti=<TaskInstance: iot_sensor_data_dag.generate_sensor_data scheduled__2025-10-25T20:44:45+00:00 [queued]>
[2025-10-25T20:45:01.776+0000] {taskinstance.py:2867} INFO - Starting attempt 1 of 1
[2025-10-25T20:45:01.891+0000] {taskinstance.py:2890} INFO - Executing <Task(PythonOperator): generate_sensor_data> on 2025-10-25 20:44:45+00:00
[2025-10-25T20:45:01.897+0000] {warnings.py:112} WARNING - /home/***/.local/lib/python3.12/site-packages/***/task/task_runner/standard_task_runner.py:70: DeprecationWarning: This process (pid=449) is multi-threaded, use of fork() may lead to deadlocks in the child.
  pid = os.fork()

[2025-10-25T20:45:01.899+0000] {standard_task_runner.py:72} INFO - Started process 451 to run task
[2025-10-25T20:45:01.898+0000] {standard_task_runner.py:104} INFO - Running: ['***', 'tasks', 'run', 'iot_sensor_data_dag', 'generate_sensor_data', 'scheduled__2025-10-25T20:44:45+00:00', '--job-id', '82', '--raw', '--subdir', 'DAGS_FOLDER/DEPI.py', '--cfg-path', '/tmp/tmpdm5iccb2']
[2025-10-25T20:45:01.899+0000] {standard_task_runner.py:105} INFO - Job 82: Subtask generate_sensor_data
[2025-10-25T20:45:01.937+0000] {task_command.py:467} INFO - Running <TaskInstance: iot_sensor_data_dag.generate_sensor_data scheduled__2025-10-25T20:44:45+00:00 [running]> on host 4f76d54186b6
[2025-10-25T20:45:01.996+0000] {taskinstance.py:3134} INFO - Exporting env vars: AIRFLOW_CTX_DAG_OWNER='***' AIRFLOW_CTX_DAG_ID='iot_sensor_data_dag' AIRFLOW_CTX_TASK_ID='generate_sensor_data' AIRFLOW_CTX_EXECUTION_DATE='2025-10-25T20:44:45+00:00' AIRFLOW_CTX_TRY_NUMBER='1' AIRFLOW_CTX_DAG_RUN_ID='scheduled__2025-10-25T20:44:45+00:00'
[2025-10-25T20:45:01.997+0000] {logging_mixin.py:190} INFO - Task instance is in running state
[2025-10-25T20:45:01.998+0000] {logging_mixin.py:190} INFO -  Previous state of the Task instance: queued
[2025-10-25T20:45:01.999+0000] {logging_mixin.py:190} INFO - Current task name:generate_sensor_data state:running start_date:2025-10-25 20:45:01.771509+00:00
[2025-10-25T20:45:01.999+0000] {logging_mixin.py:190} INFO - Dag name:iot_sensor_data_dag and current dag run status:running
[2025-10-25T20:45:02.000+0000] {taskinstance.py:732} INFO - ::endgroup::
[2025-10-25T20:45:02.022+0000] {logging_mixin.py:190} INFO - [2025-10-25 20:45:02.012477] Inserted sensor data: {'time': datetime.datetime(2025, 10, 25, 20, 45, 2, 12477), 'temperature': 27.425049901122733, 'Dissolved_oxygen': 6.0278073337373215, 'PH': 7.513985889304374, 'Ammonia': 0.009762424010384926, 'Nitrite': 0.05125430482570669, 'Turbidty': 39.55735572415918, '_id': ObjectId('68fd36ce687d65f15ac66b87')}
[2025-10-25T20:45:02.023+0000] {python.py:218} INFO - Done. Returned value was: None
[2025-10-25T20:45:02.031+0000] {taskinstance.py:341} INFO - ::group::Post task execution logs
[2025-10-25T20:45:02.031+0000] {taskinstance.py:353} INFO - Marking task as SUCCESS. dag_id=iot_sensor_data_dag, task_id=generate_sensor_data, run_id=scheduled__2025-10-25T20:44:45+00:00, execution_date=20251025T204445, start_date=20251025T204501, end_date=20251025T204502
[2025-10-25T20:45:02.049+0000] {logging_mixin.py:190} INFO - Task instance in success state
[2025-10-25T20:45:02.050+0000] {logging_mixin.py:190} INFO -  Previous state of the Task instance: running
[2025-10-25T20:45:02.057+0000] {logging_mixin.py:190} INFO - Dag name:iot_sensor_data_dag queued_at:2025-10-25 20:45:00.654435+00:00
[2025-10-25T20:45:02.060+0000] {logging_mixin.py:190} INFO - Task hostname:4f76d54186b6 operator:PythonOperator
[2025-10-25T20:45:02.074+0000] {local_task_job_runner.py:266} INFO - Task exited with return code 0
[2025-10-25T20:45:02.086+0000] {taskinstance.py:3901} INFO - 0 downstream tasks scheduled from follow-on schedule check
[2025-10-25T20:45:02.089+0000] {local_task_job_runner.py:245} INFO - ::endgroup::
