[2025-10-25T21:42:46.778+0000] {local_task_job_runner.py:123} INFO - ::group::Pre task execution logs
[2025-10-25T21:42:46.792+0000] {taskinstance.py:2614} INFO - Dependencies all met for dep_context=non-requeueable deps ti=<TaskInstance: iot_sensor_data_dag.generate_sensor_data scheduled__2025-10-25T21:42:30+00:00 [queued]>
[2025-10-25T21:42:46.800+0000] {taskinstance.py:2614} INFO - Dependencies all met for dep_context=requeueable deps ti=<TaskInstance: iot_sensor_data_dag.generate_sensor_data scheduled__2025-10-25T21:42:30+00:00 [queued]>
[2025-10-25T21:42:46.801+0000] {taskinstance.py:2867} INFO - Starting attempt 1 of 1
[2025-10-25T21:42:46.965+0000] {taskinstance.py:2890} INFO - Executing <Task(PythonOperator): generate_sensor_data> on 2025-10-25 21:42:30+00:00
[2025-10-25T21:42:46.981+0000] {warnings.py:112} WARNING - /home/***/.local/lib/python3.12/site-packages/***/task/task_runner/standard_task_runner.py:70: DeprecationWarning: This process (pid=178) is multi-threaded, use of fork() may lead to deadlocks in the child.
  pid = os.fork()

[2025-10-25T21:42:46.984+0000] {standard_task_runner.py:104} INFO - Running: ['***', 'tasks', 'run', 'iot_sensor_data_dag', 'generate_sensor_data', 'scheduled__2025-10-25T21:42:30+00:00', '--job-id', '137', '--raw', '--subdir', 'DAGS_FOLDER/DEPI.py', '--cfg-path', '/tmp/tmpaq4c8t8i']
[2025-10-25T21:42:46.985+0000] {standard_task_runner.py:72} INFO - Started process 180 to run task
[2025-10-25T21:42:46.985+0000] {standard_task_runner.py:105} INFO - Job 137: Subtask generate_sensor_data
[2025-10-25T21:42:47.038+0000] {task_command.py:467} INFO - Running <TaskInstance: iot_sensor_data_dag.generate_sensor_data scheduled__2025-10-25T21:42:30+00:00 [running]> on host 4f76d54186b6
[2025-10-25T21:42:47.116+0000] {taskinstance.py:3134} INFO - Exporting env vars: AIRFLOW_CTX_DAG_OWNER='***' AIRFLOW_CTX_DAG_ID='iot_sensor_data_dag' AIRFLOW_CTX_TASK_ID='generate_sensor_data' AIRFLOW_CTX_EXECUTION_DATE='2025-10-25T21:42:30+00:00' AIRFLOW_CTX_TRY_NUMBER='1' AIRFLOW_CTX_DAG_RUN_ID='scheduled__2025-10-25T21:42:30+00:00'
[2025-10-25T21:42:47.117+0000] {logging_mixin.py:190} INFO - Task instance is in running state
[2025-10-25T21:42:47.118+0000] {logging_mixin.py:190} INFO -  Previous state of the Task instance: queued
[2025-10-25T21:42:47.119+0000] {logging_mixin.py:190} INFO - Current task name:generate_sensor_data state:running start_date:2025-10-25 21:42:46.794482+00:00
[2025-10-25T21:42:47.119+0000] {logging_mixin.py:190} INFO - Dag name:iot_sensor_data_dag and current dag run status:running
[2025-10-25T21:42:47.120+0000] {taskinstance.py:732} INFO - ::endgroup::
[2025-10-25T21:42:47.150+0000] {logging_mixin.py:190} INFO - [2025-10-25 21:42:47.134913] Inserted sensor data: {'time': datetime.datetime(2025, 10, 25, 21, 42, 47, 134913), 'temperature': 27.65226504265918, 'Dissolved_oxygen': 5.984144755115105, 'PH': 7.4101052059635935, 'Ammonia': 0.01030096892355794, 'Nitrite': 0.05008862367064734, 'Turbidty': 40.794583307400345, '_id': ObjectId('68fd4457491e40f7276fc6dc')}
[2025-10-25T21:42:47.153+0000] {python.py:218} INFO - Done. Returned value was: None
[2025-10-25T21:42:47.162+0000] {taskinstance.py:341} INFO - ::group::Post task execution logs
[2025-10-25T21:42:47.163+0000] {taskinstance.py:353} INFO - Marking task as SUCCESS. dag_id=iot_sensor_data_dag, task_id=generate_sensor_data, run_id=scheduled__2025-10-25T21:42:30+00:00, execution_date=20251025T214230, start_date=20251025T214246, end_date=20251025T214247
[2025-10-25T21:42:47.184+0000] {logging_mixin.py:190} INFO - Task instance in success state
[2025-10-25T21:42:47.185+0000] {logging_mixin.py:190} INFO -  Previous state of the Task instance: running
[2025-10-25T21:42:47.185+0000] {logging_mixin.py:190} INFO - Dag name:iot_sensor_data_dag queued_at:2025-10-25 21:42:45.316962+00:00
[2025-10-25T21:42:47.186+0000] {logging_mixin.py:190} INFO - Task hostname:4f76d54186b6 operator:PythonOperator
[2025-10-25T21:42:47.202+0000] {local_task_job_runner.py:266} INFO - Task exited with return code 0
[2025-10-25T21:42:47.221+0000] {taskinstance.py:3901} INFO - 0 downstream tasks scheduled from follow-on schedule check
[2025-10-25T21:42:47.225+0000] {local_task_job_runner.py:245} INFO - ::endgroup::
