[2025-10-25T21:54:31.822+0000] {local_task_job_runner.py:123} INFO - ::group::Pre task execution logs
[2025-10-25T21:54:31.836+0000] {taskinstance.py:2614} INFO - Dependencies all met for dep_context=non-requeueable deps ti=<TaskInstance: iot_sensor_data_dag.generate_sensor_data scheduled__2025-10-25T21:54:15+00:00 [queued]>
[2025-10-25T21:54:31.843+0000] {taskinstance.py:2614} INFO - Dependencies all met for dep_context=requeueable deps ti=<TaskInstance: iot_sensor_data_dag.generate_sensor_data scheduled__2025-10-25T21:54:15+00:00 [queued]>
[2025-10-25T21:54:31.844+0000] {taskinstance.py:2867} INFO - Starting attempt 1 of 1
[2025-10-25T21:54:32.008+0000] {taskinstance.py:2890} INFO - Executing <Task(PythonOperator): generate_sensor_data> on 2025-10-25 21:54:15+00:00
[2025-10-25T21:54:32.019+0000] {warnings.py:112} WARNING - /home/***/.local/lib/python3.12/site-packages/***/task/task_runner/standard_task_runner.py:70: DeprecationWarning: This process (pid=661) is multi-threaded, use of fork() may lead to deadlocks in the child.
  pid = os.fork()

[2025-10-25T21:54:32.021+0000] {standard_task_runner.py:104} INFO - Running: ['***', 'tasks', 'run', 'iot_sensor_data_dag', 'generate_sensor_data', 'scheduled__2025-10-25T21:54:15+00:00', '--job-id', '184', '--raw', '--subdir', 'DAGS_FOLDER/DEPI.py', '--cfg-path', '/tmp/tmpsi0y5sg1']
[2025-10-25T21:54:32.023+0000] {standard_task_runner.py:72} INFO - Started process 663 to run task
[2025-10-25T21:54:32.023+0000] {standard_task_runner.py:105} INFO - Job 184: Subtask generate_sensor_data
[2025-10-25T21:54:32.072+0000] {task_command.py:467} INFO - Running <TaskInstance: iot_sensor_data_dag.generate_sensor_data scheduled__2025-10-25T21:54:15+00:00 [running]> on host 4f76d54186b6
[2025-10-25T21:54:32.144+0000] {taskinstance.py:3134} INFO - Exporting env vars: AIRFLOW_CTX_DAG_OWNER='***' AIRFLOW_CTX_DAG_ID='iot_sensor_data_dag' AIRFLOW_CTX_TASK_ID='generate_sensor_data' AIRFLOW_CTX_EXECUTION_DATE='2025-10-25T21:54:15+00:00' AIRFLOW_CTX_TRY_NUMBER='1' AIRFLOW_CTX_DAG_RUN_ID='scheduled__2025-10-25T21:54:15+00:00'
[2025-10-25T21:54:32.147+0000] {logging_mixin.py:190} INFO - Task instance is in running state
[2025-10-25T21:54:32.148+0000] {logging_mixin.py:190} INFO -  Previous state of the Task instance: queued
[2025-10-25T21:54:32.149+0000] {logging_mixin.py:190} INFO - Current task name:generate_sensor_data state:running start_date:2025-10-25 21:54:31.837494+00:00
[2025-10-25T21:54:32.151+0000] {logging_mixin.py:190} INFO - Dag name:iot_sensor_data_dag and current dag run status:running
[2025-10-25T21:54:32.152+0000] {taskinstance.py:732} INFO - ::endgroup::
[2025-10-25T21:54:32.189+0000] {logging_mixin.py:190} INFO - [2025-10-25 21:54:32.173090] Inserted sensor data: {'time': datetime.datetime(2025, 10, 25, 21, 54, 32, 173090), 'temperature': 27.555916425811173, 'Dissolved_oxygen': 5.939059671988663, 'PH': 7.546611868068291, 'Ammonia': 0.01022133538826949, 'Nitrite': 0.05042033175572128, 'Turbidty': 39.23710229896442, '_id': ObjectId('68fd4718bb5103beb5718447')}
[2025-10-25T21:54:32.191+0000] {python.py:218} INFO - Done. Returned value was: None
[2025-10-25T21:54:32.202+0000] {taskinstance.py:341} INFO - ::group::Post task execution logs
[2025-10-25T21:54:32.204+0000] {taskinstance.py:353} INFO - Marking task as SUCCESS. dag_id=iot_sensor_data_dag, task_id=generate_sensor_data, run_id=scheduled__2025-10-25T21:54:15+00:00, execution_date=20251025T215415, start_date=20251025T215431, end_date=20251025T215432
[2025-10-25T21:54:32.225+0000] {logging_mixin.py:190} INFO - Task instance in success state
[2025-10-25T21:54:32.226+0000] {logging_mixin.py:190} INFO -  Previous state of the Task instance: running
[2025-10-25T21:54:32.227+0000] {logging_mixin.py:190} INFO - Dag name:iot_sensor_data_dag queued_at:2025-10-25 21:54:30.370180+00:00
[2025-10-25T21:54:32.227+0000] {logging_mixin.py:190} INFO - Task hostname:4f76d54186b6 operator:PythonOperator
[2025-10-25T21:54:32.240+0000] {local_task_job_runner.py:266} INFO - Task exited with return code 0
[2025-10-25T21:54:32.261+0000] {taskinstance.py:3901} INFO - 0 downstream tasks scheduled from follow-on schedule check
[2025-10-25T21:54:32.268+0000] {local_task_job_runner.py:245} INFO - ::endgroup::
