[2025-10-25T20:37:46.571+0000] {local_task_job_runner.py:123} INFO - ::group::Pre task execution logs
[2025-10-25T20:37:46.583+0000] {taskinstance.py:2614} INFO - Dependencies all met for dep_context=non-requeueable deps ti=<TaskInstance: iot_sensor_data_dag.generate_sensor_data scheduled__2025-10-25T20:37:30+00:00 [queued]>
[2025-10-25T20:37:46.588+0000] {taskinstance.py:2614} INFO - Dependencies all met for dep_context=requeueable deps ti=<TaskInstance: iot_sensor_data_dag.generate_sensor_data scheduled__2025-10-25T20:37:30+00:00 [queued]>
[2025-10-25T20:37:46.590+0000] {taskinstance.py:2867} INFO - Starting attempt 1 of 1
[2025-10-25T20:37:46.706+0000] {taskinstance.py:2890} INFO - Executing <Task(PythonOperator): generate_sensor_data> on 2025-10-25 20:37:30+00:00
[2025-10-25T20:37:46.713+0000] {warnings.py:112} WARNING - /home/***/.local/lib/python3.12/site-packages/***/task/task_runner/standard_task_runner.py:70: DeprecationWarning: This process (pid=149) is multi-threaded, use of fork() may lead to deadlocks in the child.
  pid = os.fork()

[2025-10-25T20:37:46.716+0000] {standard_task_runner.py:104} INFO - Running: ['***', 'tasks', 'run', 'iot_sensor_data_dag', 'generate_sensor_data', 'scheduled__2025-10-25T20:37:30+00:00', '--job-id', '53', '--raw', '--subdir', 'DAGS_FOLDER/DEPI.py', '--cfg-path', '/tmp/tmp__gw6337']
[2025-10-25T20:37:46.717+0000] {standard_task_runner.py:72} INFO - Started process 151 to run task
[2025-10-25T20:37:46.718+0000] {standard_task_runner.py:105} INFO - Job 53: Subtask generate_sensor_data
[2025-10-25T20:37:46.760+0000] {task_command.py:467} INFO - Running <TaskInstance: iot_sensor_data_dag.generate_sensor_data scheduled__2025-10-25T20:37:30+00:00 [running]> on host 4f76d54186b6
[2025-10-25T20:37:46.821+0000] {taskinstance.py:3134} INFO - Exporting env vars: AIRFLOW_CTX_DAG_OWNER='***' AIRFLOW_CTX_DAG_ID='iot_sensor_data_dag' AIRFLOW_CTX_TASK_ID='generate_sensor_data' AIRFLOW_CTX_EXECUTION_DATE='2025-10-25T20:37:30+00:00' AIRFLOW_CTX_TRY_NUMBER='1' AIRFLOW_CTX_DAG_RUN_ID='scheduled__2025-10-25T20:37:30+00:00'
[2025-10-25T20:37:46.823+0000] {logging_mixin.py:190} INFO - Task instance is in running state
[2025-10-25T20:37:46.825+0000] {logging_mixin.py:190} INFO -  Previous state of the Task instance: queued
[2025-10-25T20:37:46.826+0000] {logging_mixin.py:190} INFO - Current task name:generate_sensor_data state:running start_date:2025-10-25 20:37:46.584078+00:00
[2025-10-25T20:37:46.827+0000] {logging_mixin.py:190} INFO - Dag name:iot_sensor_data_dag and current dag run status:running
[2025-10-25T20:37:46.828+0000] {taskinstance.py:732} INFO - ::endgroup::
[2025-10-25T20:37:46.874+0000] {logging_mixin.py:190} INFO - [2025-10-25 20:37:46.848488] Inserted sensor data: {'time': datetime.datetime(2025, 10, 25, 20, 37, 46, 848488), 'temperature': 27.54287434475206, 'Dissolved_oxygen': 5.994808966940992, 'PH': 7.573569064580046, 'Ammonia': 0.010322298477900439, 'Nitrite': 0.050047876557670165, 'Turbidty': 39.20099021934785, '_id': ObjectId('68fd351ac66923ddd1049ebd')}
[2025-10-25T20:37:46.879+0000] {python.py:218} INFO - Done. Returned value was: None
[2025-10-25T20:37:46.888+0000] {taskinstance.py:341} INFO - ::group::Post task execution logs
[2025-10-25T20:37:46.889+0000] {taskinstance.py:353} INFO - Marking task as SUCCESS. dag_id=iot_sensor_data_dag, task_id=generate_sensor_data, run_id=scheduled__2025-10-25T20:37:30+00:00, execution_date=20251025T203730, start_date=20251025T203746, end_date=20251025T203746
[2025-10-25T20:37:46.907+0000] {logging_mixin.py:190} INFO - Task instance in success state
[2025-10-25T20:37:46.908+0000] {logging_mixin.py:190} INFO -  Previous state of the Task instance: running
[2025-10-25T20:37:46.909+0000] {logging_mixin.py:190} INFO - Dag name:iot_sensor_data_dag queued_at:2025-10-25 20:37:45.432578+00:00
[2025-10-25T20:37:46.909+0000] {logging_mixin.py:190} INFO - Task hostname:4f76d54186b6 operator:PythonOperator
[2025-10-25T20:37:46.933+0000] {local_task_job_runner.py:266} INFO - Task exited with return code 0
[2025-10-25T20:37:46.945+0000] {taskinstance.py:3901} INFO - 0 downstream tasks scheduled from follow-on schedule check
[2025-10-25T20:37:46.947+0000] {local_task_job_runner.py:245} INFO - ::endgroup::
