[2025-10-24T10:47:21.795+0000] {local_task_job_runner.py:123} INFO - ::group::Pre task execution logs
[2025-10-24T10:47:21.813+0000] {taskinstance.py:2614} INFO - Dependencies all met for dep_context=non-requeueable deps ti=<TaskInstance: my_first_dag.print scheduled__2025-09-28T00:00:00+00:00 [queued]>
[2025-10-24T10:47:21.821+0000] {taskinstance.py:2614} INFO - Dependencies all met for dep_context=requeueable deps ti=<TaskInstance: my_first_dag.print scheduled__2025-09-28T00:00:00+00:00 [queued]>
[2025-10-24T10:47:21.823+0000] {taskinstance.py:2867} INFO - Starting attempt 1 of 1
[2025-10-24T10:47:22.000+0000] {taskinstance.py:2890} INFO - Executing <Task(BashOperator): print> on 2025-09-28 00:00:00+00:00
[2025-10-24T10:47:22.007+0000] {warnings.py:112} WARNING - /home/***/.local/lib/python3.12/site-packages/***/task/task_runner/standard_task_runner.py:70: DeprecationWarning: This process (pid=80) is multi-threaded, use of fork() may lead to deadlocks in the child.
  pid = os.fork()

[2025-10-24T10:47:22.009+0000] {standard_task_runner.py:72} INFO - Started process 85 to run task
[2025-10-24T10:47:22.010+0000] {standard_task_runner.py:104} INFO - Running: ['***', 'tasks', 'run', 'my_first_dag', 'print', 'scheduled__2025-09-28T00:00:00+00:00', '--job-id', '23', '--raw', '--subdir', 'DAGS_FOLDER/first_dag.py', '--cfg-path', '/tmp/tmphsv7fafp']
[2025-10-24T10:47:22.011+0000] {standard_task_runner.py:105} INFO - Job 23: Subtask print
[2025-10-24T10:47:22.067+0000] {task_command.py:467} INFO - Running <TaskInstance: my_first_dag.print scheduled__2025-09-28T00:00:00+00:00 [running]> on host 4f76d54186b6
[2025-10-24T10:47:22.145+0000] {taskinstance.py:3134} INFO - Exporting env vars: AIRFLOW_CTX_DAG_OWNER='***' AIRFLOW_CTX_DAG_ID='my_first_dag' AIRFLOW_CTX_TASK_ID='print' AIRFLOW_CTX_EXECUTION_DATE='2025-09-28T00:00:00+00:00' AIRFLOW_CTX_TRY_NUMBER='1' AIRFLOW_CTX_DAG_RUN_ID='scheduled__2025-09-28T00:00:00+00:00'
[2025-10-24T10:47:22.146+0000] {logging_mixin.py:190} INFO - Task instance is in running state
[2025-10-24T10:47:22.147+0000] {logging_mixin.py:190} INFO -  Previous state of the Task instance: queued
[2025-10-24T10:47:22.147+0000] {logging_mixin.py:190} INFO - Current task name:print state:running start_date:2025-10-24 10:47:21.814037+00:00
[2025-10-24T10:47:22.148+0000] {logging_mixin.py:190} INFO - Dag name:my_first_dag and current dag run status:running
[2025-10-24T10:47:22.149+0000] {taskinstance.py:732} INFO - ::endgroup::
[2025-10-24T10:47:22.150+0000] {subprocess.py:78} INFO - Tmp dir root location: /tmp
[2025-10-24T10:47:22.151+0000] {subprocess.py:88} INFO - Running command: ['/usr/bin/bash', '-c', "echo 'HELLO ya AHMED'"]
[2025-10-24T10:47:22.165+0000] {subprocess.py:99} INFO - Output:
[2025-10-24T10:47:22.166+0000] {subprocess.py:106} INFO - HELLO ya AHMED
[2025-10-24T10:47:22.167+0000] {subprocess.py:110} INFO - Command exited with return code 0
[2025-10-24T10:47:22.194+0000] {taskinstance.py:341} INFO - ::group::Post task execution logs
[2025-10-24T10:47:22.195+0000] {taskinstance.py:353} INFO - Marking task as SUCCESS. dag_id=my_first_dag, task_id=print, run_id=scheduled__2025-09-28T00:00:00+00:00, execution_date=20250928T000000, start_date=20251024T104721, end_date=20251024T104722
[2025-10-24T10:47:22.217+0000] {logging_mixin.py:190} INFO - Task instance in success state
[2025-10-24T10:47:22.217+0000] {logging_mixin.py:190} INFO -  Previous state of the Task instance: running
[2025-10-24T10:47:22.218+0000] {logging_mixin.py:190} INFO - Dag name:my_first_dag queued_at:2025-10-24 10:47:16.922603+00:00
[2025-10-24T10:47:22.218+0000] {logging_mixin.py:190} INFO - Task hostname:4f76d54186b6 operator:BashOperator
[2025-10-24T10:47:22.266+0000] {local_task_job_runner.py:266} INFO - Task exited with return code 0
[2025-10-24T10:47:22.282+0000] {taskinstance.py:3901} INFO - 0 downstream tasks scheduled from follow-on schedule check
[2025-10-24T10:47:22.285+0000] {local_task_job_runner.py:245} INFO - ::endgroup::
