[2025-10-25T21:54:16.678+0000] {local_task_job_runner.py:123} INFO - ::group::Pre task execution logs
[2025-10-25T21:54:16.696+0000] {taskinstance.py:2614} INFO - Dependencies all met for dep_context=non-requeueable deps ti=<TaskInstance: iot_sensor_data_dag.generate_sensor_data scheduled__2025-10-25T21:54:00+00:00 [queued]>
[2025-10-25T21:54:16.703+0000] {taskinstance.py:2614} INFO - Dependencies all met for dep_context=requeueable deps ti=<TaskInstance: iot_sensor_data_dag.generate_sensor_data scheduled__2025-10-25T21:54:00+00:00 [queued]>
[2025-10-25T21:54:16.705+0000] {taskinstance.py:2867} INFO - Starting attempt 1 of 1
[2025-10-25T21:54:16.858+0000] {taskinstance.py:2890} INFO - Executing <Task(PythonOperator): generate_sensor_data> on 2025-10-25 21:54:00+00:00
[2025-10-25T21:54:16.871+0000] {warnings.py:112} WARNING - /home/***/.local/lib/python3.12/site-packages/***/task/task_runner/standard_task_runner.py:70: DeprecationWarning: This process (pid=647) is multi-threaded, use of fork() may lead to deadlocks in the child.
  pid = os.fork()

[2025-10-25T21:54:16.873+0000] {standard_task_runner.py:72} INFO - Started process 649 to run task
[2025-10-25T21:54:16.873+0000] {standard_task_runner.py:104} INFO - Running: ['***', 'tasks', 'run', 'iot_sensor_data_dag', 'generate_sensor_data', 'scheduled__2025-10-25T21:54:00+00:00', '--job-id', '183', '--raw', '--subdir', 'DAGS_FOLDER/DEPI.py', '--cfg-path', '/tmp/tmp561i2pll']
[2025-10-25T21:54:16.876+0000] {standard_task_runner.py:105} INFO - Job 183: Subtask generate_sensor_data
[2025-10-25T21:54:16.924+0000] {task_command.py:467} INFO - Running <TaskInstance: iot_sensor_data_dag.generate_sensor_data scheduled__2025-10-25T21:54:00+00:00 [running]> on host 4f76d54186b6
[2025-10-25T21:54:16.989+0000] {taskinstance.py:3134} INFO - Exporting env vars: AIRFLOW_CTX_DAG_OWNER='***' AIRFLOW_CTX_DAG_ID='iot_sensor_data_dag' AIRFLOW_CTX_TASK_ID='generate_sensor_data' AIRFLOW_CTX_EXECUTION_DATE='2025-10-25T21:54:00+00:00' AIRFLOW_CTX_TRY_NUMBER='1' AIRFLOW_CTX_DAG_RUN_ID='scheduled__2025-10-25T21:54:00+00:00'
[2025-10-25T21:54:16.991+0000] {logging_mixin.py:190} INFO - Task instance is in running state
[2025-10-25T21:54:16.991+0000] {logging_mixin.py:190} INFO -  Previous state of the Task instance: queued
[2025-10-25T21:54:16.992+0000] {logging_mixin.py:190} INFO - Current task name:generate_sensor_data state:running start_date:2025-10-25 21:54:16.697361+00:00
[2025-10-25T21:54:16.993+0000] {logging_mixin.py:190} INFO - Dag name:iot_sensor_data_dag and current dag run status:running
[2025-10-25T21:54:16.993+0000] {taskinstance.py:732} INFO - ::endgroup::
[2025-10-25T21:54:17.043+0000] {logging_mixin.py:190} INFO - [2025-10-25 21:54:17.005716] Inserted sensor data: {'time': datetime.datetime(2025, 10, 25, 21, 54, 17, 5716), 'temperature': 27.627237025221543, 'Dissolved_oxygen': 5.923711636214391, 'PH': 7.514954673592927, 'Ammonia': 0.00927006312340817, 'Nitrite': 0.04883238680050824, 'Turbidty': 39.93493813090518, '_id': ObjectId('68fd4709db3890dc2049f652')}
[2025-10-25T21:54:17.046+0000] {python.py:218} INFO - Done. Returned value was: None
[2025-10-25T21:54:17.056+0000] {taskinstance.py:341} INFO - ::group::Post task execution logs
[2025-10-25T21:54:17.057+0000] {taskinstance.py:353} INFO - Marking task as SUCCESS. dag_id=iot_sensor_data_dag, task_id=generate_sensor_data, run_id=scheduled__2025-10-25T21:54:00+00:00, execution_date=20251025T215400, start_date=20251025T215416, end_date=20251025T215417
[2025-10-25T21:54:17.081+0000] {logging_mixin.py:190} INFO - Task instance in success state
[2025-10-25T21:54:17.082+0000] {logging_mixin.py:190} INFO -  Previous state of the Task instance: running
[2025-10-25T21:54:17.083+0000] {logging_mixin.py:190} INFO - Dag name:iot_sensor_data_dag queued_at:2025-10-25 21:54:15.227728+00:00
[2025-10-25T21:54:17.084+0000] {logging_mixin.py:190} INFO - Task hostname:4f76d54186b6 operator:PythonOperator
[2025-10-25T21:54:17.132+0000] {local_task_job_runner.py:266} INFO - Task exited with return code 0
[2025-10-25T21:54:17.164+0000] {taskinstance.py:3901} INFO - 0 downstream tasks scheduled from follow-on schedule check
[2025-10-25T21:54:17.170+0000] {local_task_job_runner.py:245} INFO - ::endgroup::
