[2025-10-25T20:40:46.924+0000] {local_task_job_runner.py:123} INFO - ::group::Pre task execution logs
[2025-10-25T20:40:46.934+0000] {taskinstance.py:2614} INFO - Dependencies all met for dep_context=non-requeueable deps ti=<TaskInstance: iot_sensor_data_dag.generate_sensor_data scheduled__2025-10-25T20:40:30+00:00 [queued]>
[2025-10-25T20:40:46.940+0000] {taskinstance.py:2614} INFO - Dependencies all met for dep_context=requeueable deps ti=<TaskInstance: iot_sensor_data_dag.generate_sensor_data scheduled__2025-10-25T20:40:30+00:00 [queued]>
[2025-10-25T20:40:46.941+0000] {taskinstance.py:2867} INFO - Starting attempt 1 of 1
[2025-10-25T20:40:47.056+0000] {taskinstance.py:2890} INFO - Executing <Task(PythonOperator): generate_sensor_data> on 2025-10-25 20:40:30+00:00
[2025-10-25T20:40:47.062+0000] {warnings.py:112} WARNING - /home/***/.local/lib/python3.12/site-packages/***/task/task_runner/standard_task_runner.py:70: DeprecationWarning: This process (pid=275) is multi-threaded, use of fork() may lead to deadlocks in the child.
  pid = os.fork()

[2025-10-25T20:40:47.064+0000] {standard_task_runner.py:104} INFO - Running: ['***', 'tasks', 'run', 'iot_sensor_data_dag', 'generate_sensor_data', 'scheduled__2025-10-25T20:40:30+00:00', '--job-id', '65', '--raw', '--subdir', 'DAGS_FOLDER/DEPI.py', '--cfg-path', '/tmp/tmpvsatovqh']
[2025-10-25T20:40:47.065+0000] {standard_task_runner.py:72} INFO - Started process 277 to run task
[2025-10-25T20:40:47.066+0000] {standard_task_runner.py:105} INFO - Job 65: Subtask generate_sensor_data
[2025-10-25T20:40:47.105+0000] {task_command.py:467} INFO - Running <TaskInstance: iot_sensor_data_dag.generate_sensor_data scheduled__2025-10-25T20:40:30+00:00 [running]> on host 4f76d54186b6
[2025-10-25T20:40:47.162+0000] {taskinstance.py:3134} INFO - Exporting env vars: AIRFLOW_CTX_DAG_OWNER='***' AIRFLOW_CTX_DAG_ID='iot_sensor_data_dag' AIRFLOW_CTX_TASK_ID='generate_sensor_data' AIRFLOW_CTX_EXECUTION_DATE='2025-10-25T20:40:30+00:00' AIRFLOW_CTX_TRY_NUMBER='1' AIRFLOW_CTX_DAG_RUN_ID='scheduled__2025-10-25T20:40:30+00:00'
[2025-10-25T20:40:47.163+0000] {logging_mixin.py:190} INFO - Task instance is in running state
[2025-10-25T20:40:47.164+0000] {logging_mixin.py:190} INFO -  Previous state of the Task instance: queued
[2025-10-25T20:40:47.164+0000] {logging_mixin.py:190} INFO - Current task name:generate_sensor_data state:running start_date:2025-10-25 20:40:46.935215+00:00
[2025-10-25T20:40:47.164+0000] {logging_mixin.py:190} INFO - Dag name:iot_sensor_data_dag and current dag run status:running
[2025-10-25T20:40:47.165+0000] {taskinstance.py:732} INFO - ::endgroup::
[2025-10-25T20:40:47.187+0000] {logging_mixin.py:190} INFO - [2025-10-25 20:40:47.175803] Inserted sensor data: {'time': datetime.datetime(2025, 10, 25, 20, 40, 47, 175803), 'temperature': 27.557069639063716, 'Dissolved_oxygen': 6.053264454449692, 'PH': 7.48947244180977, 'Ammonia': 0.009603148754956577, 'Nitrite': 0.0478973756427203, 'Turbidty': 40.52047134534767, '_id': ObjectId('68fd35cff6e61f3a549f5303')}
[2025-10-25T20:40:47.188+0000] {python.py:218} INFO - Done. Returned value was: None
[2025-10-25T20:40:47.197+0000] {taskinstance.py:341} INFO - ::group::Post task execution logs
[2025-10-25T20:40:47.197+0000] {taskinstance.py:353} INFO - Marking task as SUCCESS. dag_id=iot_sensor_data_dag, task_id=generate_sensor_data, run_id=scheduled__2025-10-25T20:40:30+00:00, execution_date=20251025T204030, start_date=20251025T204046, end_date=20251025T204047
[2025-10-25T20:40:47.214+0000] {logging_mixin.py:190} INFO - Task instance in success state
[2025-10-25T20:40:47.215+0000] {logging_mixin.py:190} INFO -  Previous state of the Task instance: running
[2025-10-25T20:40:47.215+0000] {logging_mixin.py:190} INFO - Dag name:iot_sensor_data_dag queued_at:2025-10-25 20:40:45.777734+00:00
[2025-10-25T20:40:47.216+0000] {logging_mixin.py:190} INFO - Task hostname:4f76d54186b6 operator:PythonOperator
[2025-10-25T20:40:47.241+0000] {local_task_job_runner.py:266} INFO - Task exited with return code 0
[2025-10-25T20:40:47.256+0000] {taskinstance.py:3901} INFO - 0 downstream tasks scheduled from follow-on schedule check
[2025-10-25T20:40:47.258+0000] {local_task_job_runner.py:245} INFO - ::endgroup::
