[2025-10-25T20:38:16.835+0000] {local_task_job_runner.py:123} INFO - ::group::Pre task execution logs
[2025-10-25T20:38:16.846+0000] {taskinstance.py:2614} INFO - Dependencies all met for dep_context=non-requeueable deps ti=<TaskInstance: iot_sensor_data_dag.generate_sensor_data scheduled__2025-10-25T20:38:00+00:00 [queued]>
[2025-10-25T20:38:16.851+0000] {taskinstance.py:2614} INFO - Dependencies all met for dep_context=requeueable deps ti=<TaskInstance: iot_sensor_data_dag.generate_sensor_data scheduled__2025-10-25T20:38:00+00:00 [queued]>
[2025-10-25T20:38:16.852+0000] {taskinstance.py:2867} INFO - Starting attempt 1 of 1
[2025-10-25T20:38:16.969+0000] {taskinstance.py:2890} INFO - Executing <Task(PythonOperator): generate_sensor_data> on 2025-10-25 20:38:00+00:00
[2025-10-25T20:38:16.976+0000] {warnings.py:112} WARNING - /home/***/.local/lib/python3.12/site-packages/***/task/task_runner/standard_task_runner.py:70: DeprecationWarning: This process (pid=170) is multi-threaded, use of fork() may lead to deadlocks in the child.
  pid = os.fork()

[2025-10-25T20:38:16.979+0000] {standard_task_runner.py:72} INFO - Started process 172 to run task
[2025-10-25T20:38:16.979+0000] {standard_task_runner.py:104} INFO - Running: ['***', 'tasks', 'run', 'iot_sensor_data_dag', 'generate_sensor_data', 'scheduled__2025-10-25T20:38:00+00:00', '--job-id', '55', '--raw', '--subdir', 'DAGS_FOLDER/DEPI.py', '--cfg-path', '/tmp/tmpf37hejhc']
[2025-10-25T20:38:16.980+0000] {standard_task_runner.py:105} INFO - Job 55: Subtask generate_sensor_data
[2025-10-25T20:38:17.025+0000] {task_command.py:467} INFO - Running <TaskInstance: iot_sensor_data_dag.generate_sensor_data scheduled__2025-10-25T20:38:00+00:00 [running]> on host 4f76d54186b6
[2025-10-25T20:38:17.089+0000] {taskinstance.py:3134} INFO - Exporting env vars: AIRFLOW_CTX_DAG_OWNER='***' AIRFLOW_CTX_DAG_ID='iot_sensor_data_dag' AIRFLOW_CTX_TASK_ID='generate_sensor_data' AIRFLOW_CTX_EXECUTION_DATE='2025-10-25T20:38:00+00:00' AIRFLOW_CTX_TRY_NUMBER='1' AIRFLOW_CTX_DAG_RUN_ID='scheduled__2025-10-25T20:38:00+00:00'
[2025-10-25T20:38:17.091+0000] {logging_mixin.py:190} INFO - Task instance is in running state
[2025-10-25T20:38:17.092+0000] {logging_mixin.py:190} INFO -  Previous state of the Task instance: queued
[2025-10-25T20:38:17.092+0000] {logging_mixin.py:190} INFO - Current task name:generate_sensor_data state:running start_date:2025-10-25 20:38:16.846900+00:00
[2025-10-25T20:38:17.093+0000] {logging_mixin.py:190} INFO - Dag name:iot_sensor_data_dag and current dag run status:running
[2025-10-25T20:38:17.093+0000] {taskinstance.py:732} INFO - ::endgroup::
[2025-10-25T20:38:17.158+0000] {logging_mixin.py:190} INFO - [2025-10-25 20:38:17.108655] Inserted sensor data: {'time': datetime.datetime(2025, 10, 25, 20, 38, 17, 108655), 'temperature': 27.538708147794775, 'Dissolved_oxygen': 6.0014381681395275, 'PH': 7.505030506593977, 'Ammonia': 0.010400420395087037, 'Nitrite': 0.05368061749391867, 'Turbidty': 40.05239201653964, '_id': ObjectId('68fd353902c5f303c2e736b1')}
[2025-10-25T20:38:17.161+0000] {python.py:218} INFO - Done. Returned value was: None
[2025-10-25T20:38:17.170+0000] {taskinstance.py:341} INFO - ::group::Post task execution logs
[2025-10-25T20:38:17.171+0000] {taskinstance.py:353} INFO - Marking task as SUCCESS. dag_id=iot_sensor_data_dag, task_id=generate_sensor_data, run_id=scheduled__2025-10-25T20:38:00+00:00, execution_date=20251025T203800, start_date=20251025T203816, end_date=20251025T203817
[2025-10-25T20:38:17.191+0000] {logging_mixin.py:190} INFO - Task instance in success state
[2025-10-25T20:38:17.192+0000] {logging_mixin.py:190} INFO -  Previous state of the Task instance: running
[2025-10-25T20:38:17.193+0000] {logging_mixin.py:190} INFO - Dag name:iot_sensor_data_dag queued_at:2025-10-25 20:38:15.669566+00:00
[2025-10-25T20:38:17.193+0000] {logging_mixin.py:190} INFO - Task hostname:4f76d54186b6 operator:PythonOperator
[2025-10-25T20:38:17.235+0000] {local_task_job_runner.py:266} INFO - Task exited with return code 0
[2025-10-25T20:38:17.247+0000] {taskinstance.py:3901} INFO - 0 downstream tasks scheduled from follow-on schedule check
[2025-10-25T20:38:17.249+0000] {local_task_job_runner.py:245} INFO - ::endgroup::
