[2025-10-25T21:58:32.042+0000] {local_task_job_runner.py:123} INFO - ::group::Pre task execution logs
[2025-10-25T21:58:32.057+0000] {taskinstance.py:2614} INFO - Dependencies all met for dep_context=non-requeueable deps ti=<TaskInstance: iot_sensor_data_dag.generate_sensor_data scheduled__2025-10-25T21:58:15+00:00 [queued]>
[2025-10-25T21:58:32.064+0000] {taskinstance.py:2614} INFO - Dependencies all met for dep_context=requeueable deps ti=<TaskInstance: iot_sensor_data_dag.generate_sensor_data scheduled__2025-10-25T21:58:15+00:00 [queued]>
[2025-10-25T21:58:32.065+0000] {taskinstance.py:2867} INFO - Starting attempt 1 of 1
[2025-10-25T21:58:32.211+0000] {taskinstance.py:2890} INFO - Executing <Task(PythonOperator): generate_sensor_data> on 2025-10-25 21:58:15+00:00
[2025-10-25T21:58:32.217+0000] {warnings.py:112} WARNING - /home/***/.local/lib/python3.12/site-packages/***/task/task_runner/standard_task_runner.py:70: DeprecationWarning: This process (pid=822) is multi-threaded, use of fork() may lead to deadlocks in the child.
  pid = os.fork()

[2025-10-25T21:58:32.220+0000] {standard_task_runner.py:72} INFO - Started process 824 to run task
[2025-10-25T21:58:32.220+0000] {standard_task_runner.py:104} INFO - Running: ['***', 'tasks', 'run', 'iot_sensor_data_dag', 'generate_sensor_data', 'scheduled__2025-10-25T21:58:15+00:00', '--job-id', '200', '--raw', '--subdir', 'DAGS_FOLDER/DEPI.py', '--cfg-path', '/tmp/tmphci7w5ip']
[2025-10-25T21:58:32.222+0000] {standard_task_runner.py:105} INFO - Job 200: Subtask generate_sensor_data
[2025-10-25T21:58:32.268+0000] {task_command.py:467} INFO - Running <TaskInstance: iot_sensor_data_dag.generate_sensor_data scheduled__2025-10-25T21:58:15+00:00 [running]> on host 4f76d54186b6
[2025-10-25T21:58:32.336+0000] {taskinstance.py:3134} INFO - Exporting env vars: AIRFLOW_CTX_DAG_OWNER='***' AIRFLOW_CTX_DAG_ID='iot_sensor_data_dag' AIRFLOW_CTX_TASK_ID='generate_sensor_data' AIRFLOW_CTX_EXECUTION_DATE='2025-10-25T21:58:15+00:00' AIRFLOW_CTX_TRY_NUMBER='1' AIRFLOW_CTX_DAG_RUN_ID='scheduled__2025-10-25T21:58:15+00:00'
[2025-10-25T21:58:32.338+0000] {logging_mixin.py:190} INFO - Task instance is in running state
[2025-10-25T21:58:32.339+0000] {logging_mixin.py:190} INFO -  Previous state of the Task instance: queued
[2025-10-25T21:58:32.340+0000] {logging_mixin.py:190} INFO - Current task name:generate_sensor_data state:running start_date:2025-10-25 21:58:32.058438+00:00
[2025-10-25T21:58:32.341+0000] {logging_mixin.py:190} INFO - Dag name:iot_sensor_data_dag and current dag run status:running
[2025-10-25T21:58:32.342+0000] {taskinstance.py:732} INFO - ::endgroup::
[2025-10-25T21:58:32.379+0000] {logging_mixin.py:190} INFO - [2025-10-25 21:58:32.356689] Inserted sensor data: {'time': datetime.datetime(2025, 10, 25, 21, 58, 32, 356689), 'temperature': 27.37764228475331, 'Dissolved_oxygen': 6.083089866756564, 'PH': 7.452380685022725, 'Ammonia': 0.01024359161255734, 'Nitrite': 0.053112983301713164, 'Turbidty': 39.52962784326701, '_id': ObjectId('68fd4808671f612596006f55')}
[2025-10-25T21:58:32.381+0000] {python.py:218} INFO - Done. Returned value was: None
[2025-10-25T21:58:32.390+0000] {taskinstance.py:341} INFO - ::group::Post task execution logs
[2025-10-25T21:58:32.391+0000] {taskinstance.py:353} INFO - Marking task as SUCCESS. dag_id=iot_sensor_data_dag, task_id=generate_sensor_data, run_id=scheduled__2025-10-25T21:58:15+00:00, execution_date=20251025T215815, start_date=20251025T215832, end_date=20251025T215832
[2025-10-25T21:58:32.411+0000] {logging_mixin.py:190} INFO - Task instance in success state
[2025-10-25T21:58:32.412+0000] {logging_mixin.py:190} INFO -  Previous state of the Task instance: running
[2025-10-25T21:58:32.413+0000] {logging_mixin.py:190} INFO - Dag name:iot_sensor_data_dag queued_at:2025-10-25 21:58:30.600763+00:00
[2025-10-25T21:58:32.414+0000] {logging_mixin.py:190} INFO - Task hostname:4f76d54186b6 operator:PythonOperator
[2025-10-25T21:58:32.436+0000] {local_task_job_runner.py:266} INFO - Task exited with return code 0
[2025-10-25T21:58:32.456+0000] {taskinstance.py:3901} INFO - 0 downstream tasks scheduled from follow-on schedule check
[2025-10-25T21:58:32.461+0000] {local_task_job_runner.py:245} INFO - ::endgroup::
