[2025-10-25T21:56:47.280+0000] {local_task_job_runner.py:123} INFO - ::group::Pre task execution logs
[2025-10-25T21:56:47.294+0000] {taskinstance.py:2614} INFO - Dependencies all met for dep_context=non-requeueable deps ti=<TaskInstance: iot_sensor_data_dag.generate_sensor_data scheduled__2025-10-25T21:56:30+00:00 [queued]>
[2025-10-25T21:56:47.302+0000] {taskinstance.py:2614} INFO - Dependencies all met for dep_context=requeueable deps ti=<TaskInstance: iot_sensor_data_dag.generate_sensor_data scheduled__2025-10-25T21:56:30+00:00 [queued]>
[2025-10-25T21:56:47.304+0000] {taskinstance.py:2867} INFO - Starting attempt 1 of 1
[2025-10-25T21:56:47.440+0000] {taskinstance.py:2890} INFO - Executing <Task(PythonOperator): generate_sensor_data> on 2025-10-25 21:56:30+00:00
[2025-10-25T21:56:47.447+0000] {warnings.py:112} WARNING - /home/***/.local/lib/python3.12/site-packages/***/task/task_runner/standard_task_runner.py:70: DeprecationWarning: This process (pid=752) is multi-threaded, use of fork() may lead to deadlocks in the child.
  pid = os.fork()

[2025-10-25T21:56:47.449+0000] {standard_task_runner.py:72} INFO - Started process 754 to run task
[2025-10-25T21:56:47.450+0000] {standard_task_runner.py:104} INFO - Running: ['***', 'tasks', 'run', 'iot_sensor_data_dag', 'generate_sensor_data', 'scheduled__2025-10-25T21:56:30+00:00', '--job-id', '193', '--raw', '--subdir', 'DAGS_FOLDER/DEPI.py', '--cfg-path', '/tmp/tmpsoylo1jg']
[2025-10-25T21:56:47.452+0000] {standard_task_runner.py:105} INFO - Job 193: Subtask generate_sensor_data
[2025-10-25T21:56:47.504+0000] {task_command.py:467} INFO - Running <TaskInstance: iot_sensor_data_dag.generate_sensor_data scheduled__2025-10-25T21:56:30+00:00 [running]> on host 4f76d54186b6
[2025-10-25T21:56:47.585+0000] {taskinstance.py:3134} INFO - Exporting env vars: AIRFLOW_CTX_DAG_OWNER='***' AIRFLOW_CTX_DAG_ID='iot_sensor_data_dag' AIRFLOW_CTX_TASK_ID='generate_sensor_data' AIRFLOW_CTX_EXECUTION_DATE='2025-10-25T21:56:30+00:00' AIRFLOW_CTX_TRY_NUMBER='1' AIRFLOW_CTX_DAG_RUN_ID='scheduled__2025-10-25T21:56:30+00:00'
[2025-10-25T21:56:47.587+0000] {logging_mixin.py:190} INFO - Task instance is in running state
[2025-10-25T21:56:47.588+0000] {logging_mixin.py:190} INFO -  Previous state of the Task instance: queued
[2025-10-25T21:56:47.588+0000] {logging_mixin.py:190} INFO - Current task name:generate_sensor_data state:running start_date:2025-10-25 21:56:47.296024+00:00
[2025-10-25T21:56:47.589+0000] {logging_mixin.py:190} INFO - Dag name:iot_sensor_data_dag and current dag run status:running
[2025-10-25T21:56:47.590+0000] {taskinstance.py:732} INFO - ::endgroup::
[2025-10-25T21:56:47.618+0000] {logging_mixin.py:190} INFO - [2025-10-25 21:56:47.603862] Inserted sensor data: {'time': datetime.datetime(2025, 10, 25, 21, 56, 47, 603862), 'temperature': 27.36348376073199, 'Dissolved_oxygen': 5.984845439957701, 'PH': 7.584450046912771, 'Ammonia': 0.009224543072669417, 'Nitrite': 0.04633604559389542, 'Turbidty': 40.59347092593209, '_id': ObjectId('68fd479f00f27ff6a605a663')}
[2025-10-25T21:56:47.621+0000] {python.py:218} INFO - Done. Returned value was: None
[2025-10-25T21:56:47.629+0000] {taskinstance.py:341} INFO - ::group::Post task execution logs
[2025-10-25T21:56:47.630+0000] {taskinstance.py:353} INFO - Marking task as SUCCESS. dag_id=iot_sensor_data_dag, task_id=generate_sensor_data, run_id=scheduled__2025-10-25T21:56:30+00:00, execution_date=20251025T215630, start_date=20251025T215647, end_date=20251025T215647
[2025-10-25T21:56:47.651+0000] {logging_mixin.py:190} INFO - Task instance in success state
[2025-10-25T21:56:47.652+0000] {logging_mixin.py:190} INFO -  Previous state of the Task instance: running
[2025-10-25T21:56:47.653+0000] {logging_mixin.py:190} INFO - Dag name:iot_sensor_data_dag queued_at:2025-10-25 21:56:45.858451+00:00
[2025-10-25T21:56:47.654+0000] {logging_mixin.py:190} INFO - Task hostname:4f76d54186b6 operator:PythonOperator
[2025-10-25T21:56:47.666+0000] {local_task_job_runner.py:266} INFO - Task exited with return code 0
[2025-10-25T21:56:47.687+0000] {taskinstance.py:3901} INFO - 0 downstream tasks scheduled from follow-on schedule check
[2025-10-25T21:56:47.692+0000] {local_task_job_runner.py:245} INFO - ::endgroup::
