[2025-10-25T21:54:47.005+0000] {local_task_job_runner.py:123} INFO - ::group::Pre task execution logs
[2025-10-25T21:54:47.018+0000] {taskinstance.py:2614} INFO - Dependencies all met for dep_context=non-requeueable deps ti=<TaskInstance: iot_sensor_data_dag.generate_sensor_data scheduled__2025-10-25T21:54:30+00:00 [queued]>
[2025-10-25T21:54:47.025+0000] {taskinstance.py:2614} INFO - Dependencies all met for dep_context=requeueable deps ti=<TaskInstance: iot_sensor_data_dag.generate_sensor_data scheduled__2025-10-25T21:54:30+00:00 [queued]>
[2025-10-25T21:54:47.026+0000] {taskinstance.py:2867} INFO - Starting attempt 1 of 1
[2025-10-25T21:54:47.171+0000] {taskinstance.py:2890} INFO - Executing <Task(PythonOperator): generate_sensor_data> on 2025-10-25 21:54:30+00:00
[2025-10-25T21:54:47.178+0000] {warnings.py:112} WARNING - /home/***/.local/lib/python3.12/site-packages/***/task/task_runner/standard_task_runner.py:70: DeprecationWarning: This process (pid=668) is multi-threaded, use of fork() may lead to deadlocks in the child.
  pid = os.fork()

[2025-10-25T21:54:47.180+0000] {standard_task_runner.py:72} INFO - Started process 670 to run task
[2025-10-25T21:54:47.180+0000] {standard_task_runner.py:104} INFO - Running: ['***', 'tasks', 'run', 'iot_sensor_data_dag', 'generate_sensor_data', 'scheduled__2025-10-25T21:54:30+00:00', '--job-id', '185', '--raw', '--subdir', 'DAGS_FOLDER/DEPI.py', '--cfg-path', '/tmp/tmp627s81qh']
[2025-10-25T21:54:47.182+0000] {standard_task_runner.py:105} INFO - Job 185: Subtask generate_sensor_data
[2025-10-25T21:54:47.230+0000] {task_command.py:467} INFO - Running <TaskInstance: iot_sensor_data_dag.generate_sensor_data scheduled__2025-10-25T21:54:30+00:00 [running]> on host 4f76d54186b6
[2025-10-25T21:54:47.303+0000] {taskinstance.py:3134} INFO - Exporting env vars: AIRFLOW_CTX_DAG_OWNER='***' AIRFLOW_CTX_DAG_ID='iot_sensor_data_dag' AIRFLOW_CTX_TASK_ID='generate_sensor_data' AIRFLOW_CTX_EXECUTION_DATE='2025-10-25T21:54:30+00:00' AIRFLOW_CTX_TRY_NUMBER='1' AIRFLOW_CTX_DAG_RUN_ID='scheduled__2025-10-25T21:54:30+00:00'
[2025-10-25T21:54:47.304+0000] {logging_mixin.py:190} INFO - Task instance is in running state
[2025-10-25T21:54:47.305+0000] {logging_mixin.py:190} INFO -  Previous state of the Task instance: queued
[2025-10-25T21:54:47.306+0000] {logging_mixin.py:190} INFO - Current task name:generate_sensor_data state:running start_date:2025-10-25 21:54:47.020313+00:00
[2025-10-25T21:54:47.307+0000] {logging_mixin.py:190} INFO - Dag name:iot_sensor_data_dag and current dag run status:running
[2025-10-25T21:54:47.308+0000] {taskinstance.py:732} INFO - ::endgroup::
[2025-10-25T21:54:47.358+0000] {logging_mixin.py:190} INFO - [2025-10-25 21:54:47.323068] Inserted sensor data: {'time': datetime.datetime(2025, 10, 25, 21, 54, 47, 323068), 'temperature': 27.655391991600293, 'Dissolved_oxygen': 5.972771245526486, 'PH': 7.468058352980447, 'Ammonia': 0.009726045052969336, 'Nitrite': 0.04625888934997347, 'Turbidty': 40.01667538917519, '_id': ObjectId('68fd4727c77d7a531e9aca31')}
[2025-10-25T21:54:47.361+0000] {python.py:218} INFO - Done. Returned value was: None
[2025-10-25T21:54:47.370+0000] {taskinstance.py:341} INFO - ::group::Post task execution logs
[2025-10-25T21:54:47.371+0000] {taskinstance.py:353} INFO - Marking task as SUCCESS. dag_id=iot_sensor_data_dag, task_id=generate_sensor_data, run_id=scheduled__2025-10-25T21:54:30+00:00, execution_date=20251025T215430, start_date=20251025T215447, end_date=20251025T215447
[2025-10-25T21:54:47.391+0000] {logging_mixin.py:190} INFO - Task instance in success state
[2025-10-25T21:54:47.392+0000] {logging_mixin.py:190} INFO -  Previous state of the Task instance: running
[2025-10-25T21:54:47.393+0000] {logging_mixin.py:190} INFO - Dag name:iot_sensor_data_dag queued_at:2025-10-25 21:54:45.620636+00:00
[2025-10-25T21:54:47.394+0000] {logging_mixin.py:190} INFO - Task hostname:4f76d54186b6 operator:PythonOperator
[2025-10-25T21:54:47.438+0000] {local_task_job_runner.py:266} INFO - Task exited with return code 0
[2025-10-25T21:54:47.466+0000] {taskinstance.py:3901} INFO - 0 downstream tasks scheduled from follow-on schedule check
[2025-10-25T21:54:47.471+0000] {local_task_job_runner.py:245} INFO - ::endgroup::
