[2025-10-25T20:51:17.505+0000] {local_task_job_runner.py:123} INFO - ::group::Pre task execution logs
[2025-10-25T20:51:17.532+0000] {taskinstance.py:2614} INFO - Dependencies all met for dep_context=non-requeueable deps ti=<TaskInstance: iot_sensor_data_dag.generate_sensor_data scheduled__2025-10-25T20:51:00+00:00 [queued]>
[2025-10-25T20:51:17.545+0000] {taskinstance.py:2614} INFO - Dependencies all met for dep_context=requeueable deps ti=<TaskInstance: iot_sensor_data_dag.generate_sensor_data scheduled__2025-10-25T20:51:00+00:00 [queued]>
[2025-10-25T20:51:17.548+0000] {taskinstance.py:2867} INFO - Starting attempt 1 of 1
[2025-10-25T20:51:17.675+0000] {taskinstance.py:2890} INFO - Executing <Task(PythonOperator): generate_sensor_data> on 2025-10-25 20:51:00+00:00
[2025-10-25T20:51:17.683+0000] {warnings.py:112} WARNING - /home/***/.local/lib/python3.12/site-packages/***/task/task_runner/standard_task_runner.py:70: DeprecationWarning: This process (pid=701) is multi-threaded, use of fork() may lead to deadlocks in the child.
  pid = os.fork()

[2025-10-25T20:51:17.685+0000] {standard_task_runner.py:104} INFO - Running: ['***', 'tasks', 'run', 'iot_sensor_data_dag', 'generate_sensor_data', 'scheduled__2025-10-25T20:51:00+00:00', '--job-id', '107', '--raw', '--subdir', 'DAGS_FOLDER/DEPI.py', '--cfg-path', '/tmp/tmper7kza83']
[2025-10-25T20:51:17.691+0000] {standard_task_runner.py:72} INFO - Started process 703 to run task
[2025-10-25T20:51:17.694+0000] {standard_task_runner.py:105} INFO - Job 107: Subtask generate_sensor_data
[2025-10-25T20:51:17.755+0000] {task_command.py:467} INFO - Running <TaskInstance: iot_sensor_data_dag.generate_sensor_data scheduled__2025-10-25T20:51:00+00:00 [running]> on host 4f76d54186b6
[2025-10-25T20:51:17.822+0000] {taskinstance.py:3134} INFO - Exporting env vars: AIRFLOW_CTX_DAG_OWNER='***' AIRFLOW_CTX_DAG_ID='iot_sensor_data_dag' AIRFLOW_CTX_TASK_ID='generate_sensor_data' AIRFLOW_CTX_EXECUTION_DATE='2025-10-25T20:51:00+00:00' AIRFLOW_CTX_TRY_NUMBER='1' AIRFLOW_CTX_DAG_RUN_ID='scheduled__2025-10-25T20:51:00+00:00'
[2025-10-25T20:51:17.823+0000] {logging_mixin.py:190} INFO - Task instance is in running state
[2025-10-25T20:51:17.824+0000] {logging_mixin.py:190} INFO -  Previous state of the Task instance: queued
[2025-10-25T20:51:17.824+0000] {logging_mixin.py:190} INFO - Current task name:generate_sensor_data state:running start_date:2025-10-25 20:51:17.538259+00:00
[2025-10-25T20:51:17.825+0000] {logging_mixin.py:190} INFO - Dag name:iot_sensor_data_dag and current dag run status:running
[2025-10-25T20:51:17.825+0000] {taskinstance.py:732} INFO - ::endgroup::
[2025-10-25T20:51:17.891+0000] {logging_mixin.py:190} INFO - [2025-10-25 20:51:17.839780] Inserted sensor data: {'time': datetime.datetime(2025, 10, 25, 20, 51, 17, 839780), 'temperature': 27.666826023278777, 'Dissolved_oxygen': 6.010736680860638, 'PH': 7.445308746932988, 'Ammonia': 0.009248042011383406, 'Nitrite': 0.05140813723080937, 'Turbidty': 39.69937346591242, '_id': ObjectId('68fd384543919bd0dac5cda7')}
[2025-10-25T20:51:17.896+0000] {python.py:218} INFO - Done. Returned value was: None
[2025-10-25T20:51:17.909+0000] {taskinstance.py:341} INFO - ::group::Post task execution logs
[2025-10-25T20:51:17.926+0000] {taskinstance.py:353} INFO - Marking task as SUCCESS. dag_id=iot_sensor_data_dag, task_id=generate_sensor_data, run_id=scheduled__2025-10-25T20:51:00+00:00, execution_date=20251025T205100, start_date=20251025T205117, end_date=20251025T205117
[2025-10-25T20:51:17.952+0000] {logging_mixin.py:190} INFO - Task instance in success state
[2025-10-25T20:51:17.968+0000] {logging_mixin.py:190} INFO -  Previous state of the Task instance: running
[2025-10-25T20:51:17.989+0000] {logging_mixin.py:190} INFO - Dag name:iot_sensor_data_dag queued_at:2025-10-25 20:51:15.548407+00:00
[2025-10-25T20:51:18.002+0000] {logging_mixin.py:190} INFO - Task hostname:4f76d54186b6 operator:PythonOperator
[2025-10-25T20:51:18.073+0000] {local_task_job_runner.py:266} INFO - Task exited with return code 0
[2025-10-25T20:51:18.097+0000] {taskinstance.py:3901} INFO - 0 downstream tasks scheduled from follow-on schedule check
[2025-10-25T20:51:18.107+0000] {local_task_job_runner.py:245} INFO - ::endgroup::
