[2025-10-25T21:49:47.316+0000] {local_task_job_runner.py:123} INFO - ::group::Pre task execution logs
[2025-10-25T21:49:47.331+0000] {taskinstance.py:2614} INFO - Dependencies all met for dep_context=non-requeueable deps ti=<TaskInstance: iot_sensor_data_dag.generate_sensor_data scheduled__2025-10-25T21:49:30+00:00 [queued]>
[2025-10-25T21:49:47.337+0000] {taskinstance.py:2614} INFO - Dependencies all met for dep_context=requeueable deps ti=<TaskInstance: iot_sensor_data_dag.generate_sensor_data scheduled__2025-10-25T21:49:30+00:00 [queued]>
[2025-10-25T21:49:47.339+0000] {taskinstance.py:2867} INFO - Starting attempt 1 of 1
[2025-10-25T21:49:47.492+0000] {taskinstance.py:2890} INFO - Executing <Task(PythonOperator): generate_sensor_data> on 2025-10-25 21:49:30+00:00
[2025-10-25T21:49:47.498+0000] {warnings.py:112} WARNING - /home/***/.local/lib/python3.12/site-packages/***/task/task_runner/standard_task_runner.py:70: DeprecationWarning: This process (pid=465) is multi-threaded, use of fork() may lead to deadlocks in the child.
  pid = os.fork()

[2025-10-25T21:49:47.501+0000] {standard_task_runner.py:72} INFO - Started process 467 to run task
[2025-10-25T21:49:47.501+0000] {standard_task_runner.py:104} INFO - Running: ['***', 'tasks', 'run', 'iot_sensor_data_dag', 'generate_sensor_data', 'scheduled__2025-10-25T21:49:30+00:00', '--job-id', '165', '--raw', '--subdir', 'DAGS_FOLDER/DEPI.py', '--cfg-path', '/tmp/tmpjxik2tk_']
[2025-10-25T21:49:47.502+0000] {standard_task_runner.py:105} INFO - Job 165: Subtask generate_sensor_data
[2025-10-25T21:49:47.546+0000] {task_command.py:467} INFO - Running <TaskInstance: iot_sensor_data_dag.generate_sensor_data scheduled__2025-10-25T21:49:30+00:00 [running]> on host 4f76d54186b6
[2025-10-25T21:49:47.615+0000] {taskinstance.py:3134} INFO - Exporting env vars: AIRFLOW_CTX_DAG_OWNER='***' AIRFLOW_CTX_DAG_ID='iot_sensor_data_dag' AIRFLOW_CTX_TASK_ID='generate_sensor_data' AIRFLOW_CTX_EXECUTION_DATE='2025-10-25T21:49:30+00:00' AIRFLOW_CTX_TRY_NUMBER='1' AIRFLOW_CTX_DAG_RUN_ID='scheduled__2025-10-25T21:49:30+00:00'
[2025-10-25T21:49:47.617+0000] {logging_mixin.py:190} INFO - Task instance is in running state
[2025-10-25T21:49:47.619+0000] {logging_mixin.py:190} INFO -  Previous state of the Task instance: queued
[2025-10-25T21:49:47.620+0000] {logging_mixin.py:190} INFO - Current task name:generate_sensor_data state:running start_date:2025-10-25 21:49:47.331756+00:00
[2025-10-25T21:49:47.621+0000] {logging_mixin.py:190} INFO - Dag name:iot_sensor_data_dag and current dag run status:running
[2025-10-25T21:49:47.622+0000] {taskinstance.py:732} INFO - ::endgroup::
[2025-10-25T21:49:47.671+0000] {logging_mixin.py:190} INFO - [2025-10-25 21:49:47.644921] Inserted sensor data: {'time': datetime.datetime(2025, 10, 25, 21, 49, 47, 644921), 'temperature': 27.436695616608823, 'Dissolved_oxygen': 6.06250111298604, 'PH': 7.585939499533274, 'Ammonia': 0.009871970362904128, 'Nitrite': 0.04655007043304405, 'Turbidty': 39.16205479967056, '_id': ObjectId('68fd45fb1c116878f38aeec9')}
[2025-10-25T21:49:47.674+0000] {python.py:218} INFO - Done. Returned value was: None
[2025-10-25T21:49:47.686+0000] {taskinstance.py:341} INFO - ::group::Post task execution logs
[2025-10-25T21:49:47.687+0000] {taskinstance.py:353} INFO - Marking task as SUCCESS. dag_id=iot_sensor_data_dag, task_id=generate_sensor_data, run_id=scheduled__2025-10-25T21:49:30+00:00, execution_date=20251025T214930, start_date=20251025T214947, end_date=20251025T214947
[2025-10-25T21:49:47.716+0000] {logging_mixin.py:190} INFO - Task instance in success state
[2025-10-25T21:49:47.717+0000] {logging_mixin.py:190} INFO -  Previous state of the Task instance: running
[2025-10-25T21:49:47.718+0000] {logging_mixin.py:190} INFO - Dag name:iot_sensor_data_dag queued_at:2025-10-25 21:49:45.618908+00:00
[2025-10-25T21:49:47.719+0000] {logging_mixin.py:190} INFO - Task hostname:4f76d54186b6 operator:PythonOperator
[2025-10-25T21:49:47.757+0000] {local_task_job_runner.py:266} INFO - Task exited with return code 0
[2025-10-25T21:49:47.791+0000] {taskinstance.py:3901} INFO - 0 downstream tasks scheduled from follow-on schedule check
[2025-10-25T21:49:47.800+0000] {local_task_job_runner.py:245} INFO - ::endgroup::
