[2025-10-25T20:50:31.477+0000] {local_task_job_runner.py:123} INFO - ::group::Pre task execution logs
[2025-10-25T20:50:31.488+0000] {taskinstance.py:2614} INFO - Dependencies all met for dep_context=non-requeueable deps ti=<TaskInstance: iot_sensor_data_dag.generate_sensor_data scheduled__2025-10-25T20:50:15+00:00 [queued]>
[2025-10-25T20:50:31.493+0000] {taskinstance.py:2614} INFO - Dependencies all met for dep_context=requeueable deps ti=<TaskInstance: iot_sensor_data_dag.generate_sensor_data scheduled__2025-10-25T20:50:15+00:00 [queued]>
[2025-10-25T20:50:31.495+0000] {taskinstance.py:2867} INFO - Starting attempt 1 of 1
[2025-10-25T20:50:31.613+0000] {taskinstance.py:2890} INFO - Executing <Task(PythonOperator): generate_sensor_data> on 2025-10-25 20:50:15+00:00
[2025-10-25T20:50:31.620+0000] {warnings.py:112} WARNING - /home/***/.local/lib/python3.12/site-packages/***/task/task_runner/standard_task_runner.py:70: DeprecationWarning: This process (pid=673) is multi-threaded, use of fork() may lead to deadlocks in the child.
  pid = os.fork()

[2025-10-25T20:50:31.622+0000] {standard_task_runner.py:104} INFO - Running: ['***', 'tasks', 'run', 'iot_sensor_data_dag', 'generate_sensor_data', 'scheduled__2025-10-25T20:50:15+00:00', '--job-id', '104', '--raw', '--subdir', 'DAGS_FOLDER/DEPI.py', '--cfg-path', '/tmp/tmp0rzy2tm1']
[2025-10-25T20:50:31.622+0000] {standard_task_runner.py:72} INFO - Started process 675 to run task
[2025-10-25T20:50:31.623+0000] {standard_task_runner.py:105} INFO - Job 104: Subtask generate_sensor_data
[2025-10-25T20:50:31.667+0000] {task_command.py:467} INFO - Running <TaskInstance: iot_sensor_data_dag.generate_sensor_data scheduled__2025-10-25T20:50:15+00:00 [running]> on host 4f76d54186b6
[2025-10-25T20:50:31.724+0000] {taskinstance.py:3134} INFO - Exporting env vars: AIRFLOW_CTX_DAG_OWNER='***' AIRFLOW_CTX_DAG_ID='iot_sensor_data_dag' AIRFLOW_CTX_TASK_ID='generate_sensor_data' AIRFLOW_CTX_EXECUTION_DATE='2025-10-25T20:50:15+00:00' AIRFLOW_CTX_TRY_NUMBER='1' AIRFLOW_CTX_DAG_RUN_ID='scheduled__2025-10-25T20:50:15+00:00'
[2025-10-25T20:50:31.725+0000] {logging_mixin.py:190} INFO - Task instance is in running state
[2025-10-25T20:50:31.726+0000] {logging_mixin.py:190} INFO -  Previous state of the Task instance: queued
[2025-10-25T20:50:31.726+0000] {logging_mixin.py:190} INFO - Current task name:generate_sensor_data state:running start_date:2025-10-25 20:50:31.489076+00:00
[2025-10-25T20:50:31.727+0000] {logging_mixin.py:190} INFO - Dag name:iot_sensor_data_dag and current dag run status:running
[2025-10-25T20:50:31.728+0000] {taskinstance.py:732} INFO - ::endgroup::
[2025-10-25T20:50:31.753+0000] {logging_mixin.py:190} INFO - [2025-10-25 20:50:31.740303] Inserted sensor data: {'time': datetime.datetime(2025, 10, 25, 20, 50, 31, 740303), 'temperature': 27.686882617259165, 'Dissolved_oxygen': 6.04921722695609, 'PH': 7.52840136027977, 'Ammonia': 0.010537723631206605, 'Nitrite': 0.05390107412705945, 'Turbidty': 39.88299420169334, '_id': ObjectId('68fd381726837dfbfc3e69c4')}
[2025-10-25T20:50:31.754+0000] {python.py:218} INFO - Done. Returned value was: None
[2025-10-25T20:50:31.763+0000] {taskinstance.py:341} INFO - ::group::Post task execution logs
[2025-10-25T20:50:31.763+0000] {taskinstance.py:353} INFO - Marking task as SUCCESS. dag_id=iot_sensor_data_dag, task_id=generate_sensor_data, run_id=scheduled__2025-10-25T20:50:15+00:00, execution_date=20251025T205015, start_date=20251025T205031, end_date=20251025T205031
[2025-10-25T20:50:31.780+0000] {logging_mixin.py:190} INFO - Task instance in success state
[2025-10-25T20:50:31.780+0000] {logging_mixin.py:190} INFO -  Previous state of the Task instance: running
[2025-10-25T20:50:31.782+0000] {logging_mixin.py:190} INFO - Dag name:iot_sensor_data_dag queued_at:2025-10-25 20:50:30.275815+00:00
[2025-10-25T20:50:31.783+0000] {logging_mixin.py:190} INFO - Task hostname:4f76d54186b6 operator:PythonOperator
[2025-10-25T20:50:31.802+0000] {local_task_job_runner.py:266} INFO - Task exited with return code 0
[2025-10-25T20:50:31.814+0000] {taskinstance.py:3901} INFO - 0 downstream tasks scheduled from follow-on schedule check
[2025-10-25T20:50:31.816+0000] {local_task_job_runner.py:245} INFO - ::endgroup::
