[2025-10-25T20:41:46.427+0000] {local_task_job_runner.py:123} INFO - ::group::Pre task execution logs
[2025-10-25T20:41:46.437+0000] {taskinstance.py:2614} INFO - Dependencies all met for dep_context=non-requeueable deps ti=<TaskInstance: iot_sensor_data_dag.generate_sensor_data scheduled__2025-10-25T20:41:30+00:00 [queued]>
[2025-10-25T20:41:46.443+0000] {taskinstance.py:2614} INFO - Dependencies all met for dep_context=requeueable deps ti=<TaskInstance: iot_sensor_data_dag.generate_sensor_data scheduled__2025-10-25T20:41:30+00:00 [queued]>
[2025-10-25T20:41:46.444+0000] {taskinstance.py:2867} INFO - Starting attempt 1 of 1
[2025-10-25T20:41:46.555+0000] {taskinstance.py:2890} INFO - Executing <Task(PythonOperator): generate_sensor_data> on 2025-10-25 20:41:30+00:00
[2025-10-25T20:41:46.561+0000] {warnings.py:112} WARNING - /home/***/.local/lib/python3.12/site-packages/***/task/task_runner/standard_task_runner.py:70: DeprecationWarning: This process (pid=310) is multi-threaded, use of fork() may lead to deadlocks in the child.
  pid = os.fork()

[2025-10-25T20:41:46.563+0000] {standard_task_runner.py:72} INFO - Started process 312 to run task
[2025-10-25T20:41:46.563+0000] {standard_task_runner.py:104} INFO - Running: ['***', 'tasks', 'run', 'iot_sensor_data_dag', 'generate_sensor_data', 'scheduled__2025-10-25T20:41:30+00:00', '--job-id', '69', '--raw', '--subdir', 'DAGS_FOLDER/DEPI.py', '--cfg-path', '/tmp/tmp8l87qbmq']
[2025-10-25T20:41:46.565+0000] {standard_task_runner.py:105} INFO - Job 69: Subtask generate_sensor_data
[2025-10-25T20:41:46.610+0000] {task_command.py:467} INFO - Running <TaskInstance: iot_sensor_data_dag.generate_sensor_data scheduled__2025-10-25T20:41:30+00:00 [running]> on host 4f76d54186b6
[2025-10-25T20:41:46.671+0000] {taskinstance.py:3134} INFO - Exporting env vars: AIRFLOW_CTX_DAG_OWNER='***' AIRFLOW_CTX_DAG_ID='iot_sensor_data_dag' AIRFLOW_CTX_TASK_ID='generate_sensor_data' AIRFLOW_CTX_EXECUTION_DATE='2025-10-25T20:41:30+00:00' AIRFLOW_CTX_TRY_NUMBER='1' AIRFLOW_CTX_DAG_RUN_ID='scheduled__2025-10-25T20:41:30+00:00'
[2025-10-25T20:41:46.673+0000] {logging_mixin.py:190} INFO - Task instance is in running state
[2025-10-25T20:41:46.673+0000] {logging_mixin.py:190} INFO -  Previous state of the Task instance: queued
[2025-10-25T20:41:46.674+0000] {logging_mixin.py:190} INFO - Current task name:generate_sensor_data state:running start_date:2025-10-25 20:41:46.438724+00:00
[2025-10-25T20:41:46.674+0000] {logging_mixin.py:190} INFO - Dag name:iot_sensor_data_dag and current dag run status:running
[2025-10-25T20:41:46.674+0000] {taskinstance.py:732} INFO - ::endgroup::
[2025-10-25T20:41:46.698+0000] {logging_mixin.py:190} INFO - [2025-10-25 20:41:46.685341] Inserted sensor data: {'time': datetime.datetime(2025, 10, 25, 20, 41, 46, 685341), 'temperature': 27.33317992171541, 'Dissolved_oxygen': 5.91572762289916, 'PH': 7.446355128771875, 'Ammonia': 0.009812365400668875, 'Nitrite': 0.048814473519620295, 'Turbidty': 39.37790828149503, '_id': ObjectId('68fd360a8cc2f73bd35bd49b')}
[2025-10-25T20:41:46.699+0000] {python.py:218} INFO - Done. Returned value was: None
[2025-10-25T20:41:46.708+0000] {taskinstance.py:341} INFO - ::group::Post task execution logs
[2025-10-25T20:41:46.709+0000] {taskinstance.py:353} INFO - Marking task as SUCCESS. dag_id=iot_sensor_data_dag, task_id=generate_sensor_data, run_id=scheduled__2025-10-25T20:41:30+00:00, execution_date=20251025T204130, start_date=20251025T204146, end_date=20251025T204146
[2025-10-25T20:41:46.727+0000] {logging_mixin.py:190} INFO - Task instance in success state
[2025-10-25T20:41:46.728+0000] {logging_mixin.py:190} INFO -  Previous state of the Task instance: running
[2025-10-25T20:41:46.729+0000] {logging_mixin.py:190} INFO - Dag name:iot_sensor_data_dag queued_at:2025-10-25 20:41:45.250783+00:00
[2025-10-25T20:41:46.730+0000] {logging_mixin.py:190} INFO - Task hostname:4f76d54186b6 operator:PythonOperator
[2025-10-25T20:41:46.739+0000] {local_task_job_runner.py:266} INFO - Task exited with return code 0
[2025-10-25T20:41:46.749+0000] {taskinstance.py:3901} INFO - 0 downstream tasks scheduled from follow-on schedule check
[2025-10-25T20:41:46.752+0000] {local_task_job_runner.py:245} INFO - ::endgroup::
