[2025-10-25T21:58:01.581+0000] {local_task_job_runner.py:123} INFO - ::group::Pre task execution logs
[2025-10-25T21:58:01.595+0000] {taskinstance.py:2614} INFO - Dependencies all met for dep_context=non-requeueable deps ti=<TaskInstance: iot_sensor_data_dag.generate_sensor_data scheduled__2025-10-25T21:57:45+00:00 [queued]>
[2025-10-25T21:58:01.603+0000] {taskinstance.py:2614} INFO - Dependencies all met for dep_context=requeueable deps ti=<TaskInstance: iot_sensor_data_dag.generate_sensor_data scheduled__2025-10-25T21:57:45+00:00 [queued]>
[2025-10-25T21:58:01.604+0000] {taskinstance.py:2867} INFO - Starting attempt 1 of 1
[2025-10-25T21:58:01.764+0000] {taskinstance.py:2890} INFO - Executing <Task(PythonOperator): generate_sensor_data> on 2025-10-25 21:57:45+00:00
[2025-10-25T21:58:01.774+0000] {warnings.py:112} WARNING - /home/***/.local/lib/python3.12/site-packages/***/task/task_runner/standard_task_runner.py:70: DeprecationWarning: This process (pid=801) is multi-threaded, use of fork() may lead to deadlocks in the child.
  pid = os.fork()

[2025-10-25T21:58:01.776+0000] {standard_task_runner.py:72} INFO - Started process 803 to run task
[2025-10-25T21:58:01.776+0000] {standard_task_runner.py:104} INFO - Running: ['***', 'tasks', 'run', 'iot_sensor_data_dag', 'generate_sensor_data', 'scheduled__2025-10-25T21:57:45+00:00', '--job-id', '198', '--raw', '--subdir', 'DAGS_FOLDER/DEPI.py', '--cfg-path', '/tmp/tmp9v5p7e7y']
[2025-10-25T21:58:01.778+0000] {standard_task_runner.py:105} INFO - Job 198: Subtask generate_sensor_data
[2025-10-25T21:58:01.822+0000] {task_command.py:467} INFO - Running <TaskInstance: iot_sensor_data_dag.generate_sensor_data scheduled__2025-10-25T21:57:45+00:00 [running]> on host 4f76d54186b6
[2025-10-25T21:58:01.887+0000] {taskinstance.py:3134} INFO - Exporting env vars: AIRFLOW_CTX_DAG_OWNER='***' AIRFLOW_CTX_DAG_ID='iot_sensor_data_dag' AIRFLOW_CTX_TASK_ID='generate_sensor_data' AIRFLOW_CTX_EXECUTION_DATE='2025-10-25T21:57:45+00:00' AIRFLOW_CTX_TRY_NUMBER='1' AIRFLOW_CTX_DAG_RUN_ID='scheduled__2025-10-25T21:57:45+00:00'
[2025-10-25T21:58:01.889+0000] {logging_mixin.py:190} INFO - Task instance is in running state
[2025-10-25T21:58:01.890+0000] {logging_mixin.py:190} INFO -  Previous state of the Task instance: queued
[2025-10-25T21:58:01.890+0000] {logging_mixin.py:190} INFO - Current task name:generate_sensor_data state:running start_date:2025-10-25 21:58:01.596800+00:00
[2025-10-25T21:58:01.891+0000] {logging_mixin.py:190} INFO - Dag name:iot_sensor_data_dag and current dag run status:running
[2025-10-25T21:58:01.891+0000] {taskinstance.py:732} INFO - ::endgroup::
[2025-10-25T21:58:01.923+0000] {logging_mixin.py:190} INFO - [2025-10-25 21:58:01.905545] Inserted sensor data: {'time': datetime.datetime(2025, 10, 25, 21, 58, 1, 905545), 'temperature': 27.695279385119353, 'Dissolved_oxygen': 5.9341117136825865, 'PH': 7.490222687966792, 'Ammonia': 0.009495331047620117, 'Nitrite': 0.05256164757167118, 'Turbidty': 40.09507420775888, '_id': ObjectId('68fd47e983a39311af827bfc')}
[2025-10-25T21:58:01.925+0000] {python.py:218} INFO - Done. Returned value was: None
[2025-10-25T21:58:01.934+0000] {taskinstance.py:341} INFO - ::group::Post task execution logs
[2025-10-25T21:58:01.935+0000] {taskinstance.py:353} INFO - Marking task as SUCCESS. dag_id=iot_sensor_data_dag, task_id=generate_sensor_data, run_id=scheduled__2025-10-25T21:57:45+00:00, execution_date=20251025T215745, start_date=20251025T215801, end_date=20251025T215801
[2025-10-25T21:58:01.957+0000] {logging_mixin.py:190} INFO - Task instance in success state
[2025-10-25T21:58:01.958+0000] {logging_mixin.py:190} INFO -  Previous state of the Task instance: running
[2025-10-25T21:58:01.958+0000] {logging_mixin.py:190} INFO - Dag name:iot_sensor_data_dag queued_at:2025-10-25 21:58:00.130984+00:00
[2025-10-25T21:58:01.959+0000] {logging_mixin.py:190} INFO - Task hostname:4f76d54186b6 operator:PythonOperator
[2025-10-25T21:58:01.992+0000] {local_task_job_runner.py:266} INFO - Task exited with return code 0
[2025-10-25T21:58:02.013+0000] {taskinstance.py:3901} INFO - 0 downstream tasks scheduled from follow-on schedule check
[2025-10-25T21:58:02.019+0000] {local_task_job_runner.py:245} INFO - ::endgroup::
