[2025-10-25T20:47:31.983+0000] {local_task_job_runner.py:123} INFO - ::group::Pre task execution logs
[2025-10-25T20:47:31.993+0000] {taskinstance.py:2614} INFO - Dependencies all met for dep_context=non-requeueable deps ti=<TaskInstance: iot_sensor_data_dag.generate_sensor_data scheduled__2025-10-25T20:47:15+00:00 [queued]>
[2025-10-25T20:47:31.998+0000] {taskinstance.py:2614} INFO - Dependencies all met for dep_context=requeueable deps ti=<TaskInstance: iot_sensor_data_dag.generate_sensor_data scheduled__2025-10-25T20:47:15+00:00 [queued]>
[2025-10-25T20:47:31.999+0000] {taskinstance.py:2867} INFO - Starting attempt 1 of 1
[2025-10-25T20:47:32.113+0000] {taskinstance.py:2890} INFO - Executing <Task(PythonOperator): generate_sensor_data> on 2025-10-25 20:47:15+00:00
[2025-10-25T20:47:32.119+0000] {warnings.py:112} WARNING - /home/***/.local/lib/python3.12/site-packages/***/task/task_runner/standard_task_runner.py:70: DeprecationWarning: This process (pid=547) is multi-threaded, use of fork() may lead to deadlocks in the child.
  pid = os.fork()

[2025-10-25T20:47:32.121+0000] {standard_task_runner.py:104} INFO - Running: ['***', 'tasks', 'run', 'iot_sensor_data_dag', 'generate_sensor_data', 'scheduled__2025-10-25T20:47:15+00:00', '--job-id', '92', '--raw', '--subdir', 'DAGS_FOLDER/DEPI.py', '--cfg-path', '/tmp/tmpopgocw_e']
[2025-10-25T20:47:32.121+0000] {standard_task_runner.py:72} INFO - Started process 549 to run task
[2025-10-25T20:47:32.122+0000] {standard_task_runner.py:105} INFO - Job 92: Subtask generate_sensor_data
[2025-10-25T20:47:32.164+0000] {task_command.py:467} INFO - Running <TaskInstance: iot_sensor_data_dag.generate_sensor_data scheduled__2025-10-25T20:47:15+00:00 [running]> on host 4f76d54186b6
[2025-10-25T20:47:32.221+0000] {taskinstance.py:3134} INFO - Exporting env vars: AIRFLOW_CTX_DAG_OWNER='***' AIRFLOW_CTX_DAG_ID='iot_sensor_data_dag' AIRFLOW_CTX_TASK_ID='generate_sensor_data' AIRFLOW_CTX_EXECUTION_DATE='2025-10-25T20:47:15+00:00' AIRFLOW_CTX_TRY_NUMBER='1' AIRFLOW_CTX_DAG_RUN_ID='scheduled__2025-10-25T20:47:15+00:00'
[2025-10-25T20:47:32.223+0000] {logging_mixin.py:190} INFO - Task instance is in running state
[2025-10-25T20:47:32.224+0000] {logging_mixin.py:190} INFO -  Previous state of the Task instance: queued
[2025-10-25T20:47:32.224+0000] {logging_mixin.py:190} INFO - Current task name:generate_sensor_data state:running start_date:2025-10-25 20:47:31.994096+00:00
[2025-10-25T20:47:32.224+0000] {logging_mixin.py:190} INFO - Dag name:iot_sensor_data_dag and current dag run status:running
[2025-10-25T20:47:32.225+0000] {taskinstance.py:732} INFO - ::endgroup::
[2025-10-25T20:47:32.266+0000] {logging_mixin.py:190} INFO - [2025-10-25 20:47:32.240310] Inserted sensor data: {'time': datetime.datetime(2025, 10, 25, 20, 47, 32, 240310), 'temperature': 27.352172038779944, 'Dissolved_oxygen': 6.052966887411458, 'PH': 7.468010354084838, 'Ammonia': 0.010025057977757148, 'Nitrite': 0.0488713422852589, 'Turbidty': 40.27927162831749, '_id': ObjectId('68fd3764caf22e7a5632090d')}
[2025-10-25T20:47:32.268+0000] {python.py:218} INFO - Done. Returned value was: None
[2025-10-25T20:47:32.277+0000] {taskinstance.py:341} INFO - ::group::Post task execution logs
[2025-10-25T20:47:32.278+0000] {taskinstance.py:353} INFO - Marking task as SUCCESS. dag_id=iot_sensor_data_dag, task_id=generate_sensor_data, run_id=scheduled__2025-10-25T20:47:15+00:00, execution_date=20251025T204715, start_date=20251025T204731, end_date=20251025T204732
[2025-10-25T20:47:32.295+0000] {logging_mixin.py:190} INFO - Task instance in success state
[2025-10-25T20:47:32.296+0000] {logging_mixin.py:190} INFO -  Previous state of the Task instance: running
[2025-10-25T20:47:32.297+0000] {logging_mixin.py:190} INFO - Dag name:iot_sensor_data_dag queued_at:2025-10-25 20:47:30.858897+00:00
[2025-10-25T20:47:32.298+0000] {logging_mixin.py:190} INFO - Task hostname:4f76d54186b6 operator:PythonOperator
[2025-10-25T20:47:32.338+0000] {local_task_job_runner.py:266} INFO - Task exited with return code 0
[2025-10-25T20:47:32.355+0000] {taskinstance.py:3901} INFO - 0 downstream tasks scheduled from follow-on schedule check
[2025-10-25T20:47:32.358+0000] {local_task_job_runner.py:245} INFO - ::endgroup::
