[2025-10-25T20:44:31.660+0000] {local_task_job_runner.py:123} INFO - ::group::Pre task execution logs
[2025-10-25T20:44:31.671+0000] {taskinstance.py:2614} INFO - Dependencies all met for dep_context=non-requeueable deps ti=<TaskInstance: iot_sensor_data_dag.generate_sensor_data scheduled__2025-10-25T20:44:15+00:00 [queued]>
[2025-10-25T20:44:31.676+0000] {taskinstance.py:2614} INFO - Dependencies all met for dep_context=requeueable deps ti=<TaskInstance: iot_sensor_data_dag.generate_sensor_data scheduled__2025-10-25T20:44:15+00:00 [queued]>
[2025-10-25T20:44:31.677+0000] {taskinstance.py:2867} INFO - Starting attempt 1 of 1
[2025-10-25T20:44:31.794+0000] {taskinstance.py:2890} INFO - Executing <Task(PythonOperator): generate_sensor_data> on 2025-10-25 20:44:15+00:00
[2025-10-25T20:44:31.800+0000] {warnings.py:112} WARNING - /home/***/.local/lib/python3.12/site-packages/***/task/task_runner/standard_task_runner.py:70: DeprecationWarning: This process (pid=428) is multi-threaded, use of fork() may lead to deadlocks in the child.
  pid = os.fork()

[2025-10-25T20:44:31.802+0000] {standard_task_runner.py:72} INFO - Started process 430 to run task
[2025-10-25T20:44:31.802+0000] {standard_task_runner.py:104} INFO - Running: ['***', 'tasks', 'run', 'iot_sensor_data_dag', 'generate_sensor_data', 'scheduled__2025-10-25T20:44:15+00:00', '--job-id', '80', '--raw', '--subdir', 'DAGS_FOLDER/DEPI.py', '--cfg-path', '/tmp/tmp299c58h7']
[2025-10-25T20:44:31.803+0000] {standard_task_runner.py:105} INFO - Job 80: Subtask generate_sensor_data
[2025-10-25T20:44:31.840+0000] {task_command.py:467} INFO - Running <TaskInstance: iot_sensor_data_dag.generate_sensor_data scheduled__2025-10-25T20:44:15+00:00 [running]> on host 4f76d54186b6
[2025-10-25T20:44:31.896+0000] {taskinstance.py:3134} INFO - Exporting env vars: AIRFLOW_CTX_DAG_OWNER='***' AIRFLOW_CTX_DAG_ID='iot_sensor_data_dag' AIRFLOW_CTX_TASK_ID='generate_sensor_data' AIRFLOW_CTX_EXECUTION_DATE='2025-10-25T20:44:15+00:00' AIRFLOW_CTX_TRY_NUMBER='1' AIRFLOW_CTX_DAG_RUN_ID='scheduled__2025-10-25T20:44:15+00:00'
[2025-10-25T20:44:31.897+0000] {logging_mixin.py:190} INFO - Task instance is in running state
[2025-10-25T20:44:31.898+0000] {logging_mixin.py:190} INFO -  Previous state of the Task instance: queued
[2025-10-25T20:44:31.898+0000] {logging_mixin.py:190} INFO - Current task name:generate_sensor_data state:running start_date:2025-10-25 20:44:31.672121+00:00
[2025-10-25T20:44:31.898+0000] {logging_mixin.py:190} INFO - Dag name:iot_sensor_data_dag and current dag run status:running
[2025-10-25T20:44:31.899+0000] {taskinstance.py:732} INFO - ::endgroup::
[2025-10-25T20:44:31.923+0000] {logging_mixin.py:190} INFO - [2025-10-25 20:44:31.910827] Inserted sensor data: {'time': datetime.datetime(2025, 10, 25, 20, 44, 31, 910827), 'temperature': 27.691007297937634, 'Dissolved_oxygen': 5.987693118121616, 'PH': 7.558608917200831, 'Ammonia': 0.010136927502909529, 'Nitrite': 0.05353777050590383, 'Turbidty': 40.93951571834831, '_id': ObjectId('68fd36afb3718bae00ea7f5e')}
[2025-10-25T20:44:31.925+0000] {python.py:218} INFO - Done. Returned value was: None
[2025-10-25T20:44:31.933+0000] {taskinstance.py:341} INFO - ::group::Post task execution logs
[2025-10-25T20:44:31.933+0000] {taskinstance.py:353} INFO - Marking task as SUCCESS. dag_id=iot_sensor_data_dag, task_id=generate_sensor_data, run_id=scheduled__2025-10-25T20:44:15+00:00, execution_date=20251025T204415, start_date=20251025T204431, end_date=20251025T204431
[2025-10-25T20:44:31.949+0000] {logging_mixin.py:190} INFO - Task instance in success state
[2025-10-25T20:44:31.950+0000] {logging_mixin.py:190} INFO -  Previous state of the Task instance: running
[2025-10-25T20:44:31.951+0000] {logging_mixin.py:190} INFO - Dag name:iot_sensor_data_dag queued_at:2025-10-25 20:44:30.454558+00:00
[2025-10-25T20:44:31.951+0000] {logging_mixin.py:190} INFO - Task hostname:4f76d54186b6 operator:PythonOperator
[2025-10-25T20:44:31.977+0000] {local_task_job_runner.py:266} INFO - Task exited with return code 0
[2025-10-25T20:44:31.988+0000] {taskinstance.py:3901} INFO - 0 downstream tasks scheduled from follow-on schedule check
[2025-10-25T20:44:31.990+0000] {local_task_job_runner.py:245} INFO - ::endgroup::
