[2025-10-25T21:51:46.609+0000] {local_task_job_runner.py:123} INFO - ::group::Pre task execution logs
[2025-10-25T21:51:46.622+0000] {taskinstance.py:2614} INFO - Dependencies all met for dep_context=non-requeueable deps ti=<TaskInstance: iot_sensor_data_dag.generate_sensor_data scheduled__2025-10-25T21:51:30+00:00 [queued]>
[2025-10-25T21:51:46.631+0000] {taskinstance.py:2614} INFO - Dependencies all met for dep_context=requeueable deps ti=<TaskInstance: iot_sensor_data_dag.generate_sensor_data scheduled__2025-10-25T21:51:30+00:00 [queued]>
[2025-10-25T21:51:46.633+0000] {taskinstance.py:2867} INFO - Starting attempt 1 of 1
[2025-10-25T21:51:46.776+0000] {taskinstance.py:2890} INFO - Executing <Task(PythonOperator): generate_sensor_data> on 2025-10-25 21:51:30+00:00
[2025-10-25T21:51:46.784+0000] {warnings.py:112} WARNING - /home/***/.local/lib/python3.12/site-packages/***/task/task_runner/standard_task_runner.py:70: DeprecationWarning: This process (pid=549) is multi-threaded, use of fork() may lead to deadlocks in the child.
  pid = os.fork()

[2025-10-25T21:51:46.786+0000] {standard_task_runner.py:72} INFO - Started process 551 to run task
[2025-10-25T21:51:46.786+0000] {standard_task_runner.py:104} INFO - Running: ['***', 'tasks', 'run', 'iot_sensor_data_dag', 'generate_sensor_data', 'scheduled__2025-10-25T21:51:30+00:00', '--job-id', '173', '--raw', '--subdir', 'DAGS_FOLDER/DEPI.py', '--cfg-path', '/tmp/tmp2n1n_5ub']
[2025-10-25T21:51:46.789+0000] {standard_task_runner.py:105} INFO - Job 173: Subtask generate_sensor_data
[2025-10-25T21:51:46.839+0000] {task_command.py:467} INFO - Running <TaskInstance: iot_sensor_data_dag.generate_sensor_data scheduled__2025-10-25T21:51:30+00:00 [running]> on host 4f76d54186b6
[2025-10-25T21:51:46.912+0000] {taskinstance.py:3134} INFO - Exporting env vars: AIRFLOW_CTX_DAG_OWNER='***' AIRFLOW_CTX_DAG_ID='iot_sensor_data_dag' AIRFLOW_CTX_TASK_ID='generate_sensor_data' AIRFLOW_CTX_EXECUTION_DATE='2025-10-25T21:51:30+00:00' AIRFLOW_CTX_TRY_NUMBER='1' AIRFLOW_CTX_DAG_RUN_ID='scheduled__2025-10-25T21:51:30+00:00'
[2025-10-25T21:51:46.914+0000] {logging_mixin.py:190} INFO - Task instance is in running state
[2025-10-25T21:51:46.915+0000] {logging_mixin.py:190} INFO -  Previous state of the Task instance: queued
[2025-10-25T21:51:46.917+0000] {logging_mixin.py:190} INFO - Current task name:generate_sensor_data state:running start_date:2025-10-25 21:51:46.624462+00:00
[2025-10-25T21:51:46.918+0000] {logging_mixin.py:190} INFO - Dag name:iot_sensor_data_dag and current dag run status:running
[2025-10-25T21:51:46.919+0000] {taskinstance.py:732} INFO - ::endgroup::
[2025-10-25T21:51:46.966+0000] {logging_mixin.py:190} INFO - [2025-10-25 21:51:46.942355] Inserted sensor data: {'time': datetime.datetime(2025, 10, 25, 21, 51, 46, 942355), 'temperature': 27.42115658068321, 'Dissolved_oxygen': 5.9542522225568835, 'PH': 7.560521113335711, 'Ammonia': 0.010112202293023509, 'Nitrite': 0.04697415966354826, 'Turbidty': 39.33933327766406, '_id': ObjectId('68fd4672afbfe47fbc6bb342')}
[2025-10-25T21:51:46.968+0000] {python.py:218} INFO - Done. Returned value was: None
[2025-10-25T21:51:46.979+0000] {taskinstance.py:341} INFO - ::group::Post task execution logs
[2025-10-25T21:51:46.980+0000] {taskinstance.py:353} INFO - Marking task as SUCCESS. dag_id=iot_sensor_data_dag, task_id=generate_sensor_data, run_id=scheduled__2025-10-25T21:51:30+00:00, execution_date=20251025T215130, start_date=20251025T215146, end_date=20251025T215146
[2025-10-25T21:51:47.001+0000] {logging_mixin.py:190} INFO - Task instance in success state
[2025-10-25T21:51:47.003+0000] {logging_mixin.py:190} INFO -  Previous state of the Task instance: running
[2025-10-25T21:51:47.003+0000] {logging_mixin.py:190} INFO - Dag name:iot_sensor_data_dag queued_at:2025-10-25 21:51:45.197593+00:00
[2025-10-25T21:51:47.004+0000] {logging_mixin.py:190} INFO - Task hostname:4f76d54186b6 operator:PythonOperator
[2025-10-25T21:51:47.042+0000] {local_task_job_runner.py:266} INFO - Task exited with return code 0
[2025-10-25T21:51:47.068+0000] {taskinstance.py:3901} INFO - 0 downstream tasks scheduled from follow-on schedule check
[2025-10-25T21:51:47.075+0000] {local_task_job_runner.py:245} INFO - ::endgroup::
