[2025-10-25T20:43:02.077+0000] {local_task_job_runner.py:123} INFO - ::group::Pre task execution logs
[2025-10-25T20:43:02.088+0000] {taskinstance.py:2614} INFO - Dependencies all met for dep_context=non-requeueable deps ti=<TaskInstance: iot_sensor_data_dag.generate_sensor_data scheduled__2025-10-25T20:42:45+00:00 [queued]>
[2025-10-25T20:43:02.093+0000] {taskinstance.py:2614} INFO - Dependencies all met for dep_context=requeueable deps ti=<TaskInstance: iot_sensor_data_dag.generate_sensor_data scheduled__2025-10-25T20:42:45+00:00 [queued]>
[2025-10-25T20:43:02.094+0000] {taskinstance.py:2867} INFO - Starting attempt 1 of 1
[2025-10-25T20:43:02.208+0000] {taskinstance.py:2890} INFO - Executing <Task(PythonOperator): generate_sensor_data> on 2025-10-25 20:42:45+00:00
[2025-10-25T20:43:02.214+0000] {warnings.py:112} WARNING - /home/***/.local/lib/python3.12/site-packages/***/task/task_runner/standard_task_runner.py:70: DeprecationWarning: This process (pid=365) is multi-threaded, use of fork() may lead to deadlocks in the child.
  pid = os.fork()

[2025-10-25T20:43:02.216+0000] {standard_task_runner.py:104} INFO - Running: ['***', 'tasks', 'run', 'iot_sensor_data_dag', 'generate_sensor_data', 'scheduled__2025-10-25T20:42:45+00:00', '--job-id', '74', '--raw', '--subdir', 'DAGS_FOLDER/DEPI.py', '--cfg-path', '/tmp/tmpke38oxx0']
[2025-10-25T20:43:02.218+0000] {standard_task_runner.py:72} INFO - Started process 367 to run task
[2025-10-25T20:43:02.219+0000] {standard_task_runner.py:105} INFO - Job 74: Subtask generate_sensor_data
[2025-10-25T20:43:02.261+0000] {task_command.py:467} INFO - Running <TaskInstance: iot_sensor_data_dag.generate_sensor_data scheduled__2025-10-25T20:42:45+00:00 [running]> on host 4f76d54186b6
[2025-10-25T20:43:02.318+0000] {taskinstance.py:3134} INFO - Exporting env vars: AIRFLOW_CTX_DAG_OWNER='***' AIRFLOW_CTX_DAG_ID='iot_sensor_data_dag' AIRFLOW_CTX_TASK_ID='generate_sensor_data' AIRFLOW_CTX_EXECUTION_DATE='2025-10-25T20:42:45+00:00' AIRFLOW_CTX_TRY_NUMBER='1' AIRFLOW_CTX_DAG_RUN_ID='scheduled__2025-10-25T20:42:45+00:00'
[2025-10-25T20:43:02.319+0000] {logging_mixin.py:190} INFO - Task instance is in running state
[2025-10-25T20:43:02.320+0000] {logging_mixin.py:190} INFO -  Previous state of the Task instance: queued
[2025-10-25T20:43:02.321+0000] {logging_mixin.py:190} INFO - Current task name:generate_sensor_data state:running start_date:2025-10-25 20:43:02.089069+00:00
[2025-10-25T20:43:02.322+0000] {logging_mixin.py:190} INFO - Dag name:iot_sensor_data_dag and current dag run status:running
[2025-10-25T20:43:02.323+0000] {taskinstance.py:732} INFO - ::endgroup::
[2025-10-25T20:43:02.355+0000] {logging_mixin.py:190} INFO - [2025-10-25 20:43:02.339061] Inserted sensor data: {'time': datetime.datetime(2025, 10, 25, 20, 43, 2, 339061), 'temperature': 27.417215452427907, 'Dissolved_oxygen': 6.031071607144884, 'PH': 7.535723346571533, 'Ammonia': 0.009578086480321171, 'Nitrite': 0.052591689069129414, 'Turbidty': 40.28937830329263, '_id': ObjectId('68fd3656b13b7d63c8918402')}
[2025-10-25T20:43:02.357+0000] {python.py:218} INFO - Done. Returned value was: None
[2025-10-25T20:43:02.366+0000] {taskinstance.py:341} INFO - ::group::Post task execution logs
[2025-10-25T20:43:02.366+0000] {taskinstance.py:353} INFO - Marking task as SUCCESS. dag_id=iot_sensor_data_dag, task_id=generate_sensor_data, run_id=scheduled__2025-10-25T20:42:45+00:00, execution_date=20251025T204245, start_date=20251025T204302, end_date=20251025T204302
[2025-10-25T20:43:02.382+0000] {logging_mixin.py:190} INFO - Task instance in success state
[2025-10-25T20:43:02.383+0000] {logging_mixin.py:190} INFO -  Previous state of the Task instance: running
[2025-10-25T20:43:02.384+0000] {logging_mixin.py:190} INFO - Dag name:iot_sensor_data_dag queued_at:2025-10-25 20:43:00.856663+00:00
[2025-10-25T20:43:02.385+0000] {logging_mixin.py:190} INFO - Task hostname:4f76d54186b6 operator:PythonOperator
[2025-10-25T20:43:02.395+0000] {local_task_job_runner.py:266} INFO - Task exited with return code 0
[2025-10-25T20:43:02.406+0000] {taskinstance.py:3901} INFO - 0 downstream tasks scheduled from follow-on schedule check
[2025-10-25T20:43:02.409+0000] {local_task_job_runner.py:245} INFO - ::endgroup::
