[2025-10-25T21:53:47.312+0000] {local_task_job_runner.py:123} INFO - ::group::Pre task execution logs
[2025-10-25T21:53:47.325+0000] {taskinstance.py:2614} INFO - Dependencies all met for dep_context=non-requeueable deps ti=<TaskInstance: iot_sensor_data_dag.generate_sensor_data scheduled__2025-10-25T21:53:30+00:00 [queued]>
[2025-10-25T21:53:47.331+0000] {taskinstance.py:2614} INFO - Dependencies all met for dep_context=requeueable deps ti=<TaskInstance: iot_sensor_data_dag.generate_sensor_data scheduled__2025-10-25T21:53:30+00:00 [queued]>
[2025-10-25T21:53:47.333+0000] {taskinstance.py:2867} INFO - Starting attempt 1 of 1
[2025-10-25T21:53:47.459+0000] {taskinstance.py:2890} INFO - Executing <Task(PythonOperator): generate_sensor_data> on 2025-10-25 21:53:30+00:00
[2025-10-25T21:53:47.467+0000] {warnings.py:112} WARNING - /home/***/.local/lib/python3.12/site-packages/***/task/task_runner/standard_task_runner.py:70: DeprecationWarning: This process (pid=626) is multi-threaded, use of fork() may lead to deadlocks in the child.
  pid = os.fork()

[2025-10-25T21:53:47.470+0000] {standard_task_runner.py:72} INFO - Started process 635 to run task
[2025-10-25T21:53:47.470+0000] {standard_task_runner.py:104} INFO - Running: ['***', 'tasks', 'run', 'iot_sensor_data_dag', 'generate_sensor_data', 'scheduled__2025-10-25T21:53:30+00:00', '--job-id', '181', '--raw', '--subdir', 'DAGS_FOLDER/DEPI.py', '--cfg-path', '/tmp/tmpd50ety5q']
[2025-10-25T21:53:47.471+0000] {standard_task_runner.py:105} INFO - Job 181: Subtask generate_sensor_data
[2025-10-25T21:53:47.521+0000] {task_command.py:467} INFO - Running <TaskInstance: iot_sensor_data_dag.generate_sensor_data scheduled__2025-10-25T21:53:30+00:00 [running]> on host 4f76d54186b6
[2025-10-25T21:53:47.591+0000] {taskinstance.py:3134} INFO - Exporting env vars: AIRFLOW_CTX_DAG_OWNER='***' AIRFLOW_CTX_DAG_ID='iot_sensor_data_dag' AIRFLOW_CTX_TASK_ID='generate_sensor_data' AIRFLOW_CTX_EXECUTION_DATE='2025-10-25T21:53:30+00:00' AIRFLOW_CTX_TRY_NUMBER='1' AIRFLOW_CTX_DAG_RUN_ID='scheduled__2025-10-25T21:53:30+00:00'
[2025-10-25T21:53:47.593+0000] {logging_mixin.py:190} INFO - Task instance is in running state
[2025-10-25T21:53:47.594+0000] {logging_mixin.py:190} INFO -  Previous state of the Task instance: queued
[2025-10-25T21:53:47.594+0000] {logging_mixin.py:190} INFO - Current task name:generate_sensor_data state:running start_date:2025-10-25 21:53:47.325995+00:00
[2025-10-25T21:53:47.595+0000] {logging_mixin.py:190} INFO - Dag name:iot_sensor_data_dag and current dag run status:running
[2025-10-25T21:53:47.596+0000] {taskinstance.py:732} INFO - ::endgroup::
[2025-10-25T21:53:47.626+0000] {logging_mixin.py:190} INFO - [2025-10-25 21:53:47.612467] Inserted sensor data: {'time': datetime.datetime(2025, 10, 25, 21, 53, 47, 612467), 'temperature': 27.55515231844667, 'Dissolved_oxygen': 6.035573329199391, 'PH': 7.451517419160856, 'Ammonia': 0.010188941069789481, 'Nitrite': 0.054138213036358816, 'Turbidty': 39.00549168714617, '_id': ObjectId('68fd46ebfca8b89813997b0a')}
[2025-10-25T21:53:47.628+0000] {python.py:218} INFO - Done. Returned value was: None
[2025-10-25T21:53:47.637+0000] {taskinstance.py:341} INFO - ::group::Post task execution logs
[2025-10-25T21:53:47.638+0000] {taskinstance.py:353} INFO - Marking task as SUCCESS. dag_id=iot_sensor_data_dag, task_id=generate_sensor_data, run_id=scheduled__2025-10-25T21:53:30+00:00, execution_date=20251025T215330, start_date=20251025T215347, end_date=20251025T215347
[2025-10-25T21:53:47.657+0000] {logging_mixin.py:190} INFO - Task instance in success state
[2025-10-25T21:53:47.658+0000] {logging_mixin.py:190} INFO -  Previous state of the Task instance: running
[2025-10-25T21:53:47.658+0000] {logging_mixin.py:190} INFO - Dag name:iot_sensor_data_dag queued_at:2025-10-25 21:53:45.922623+00:00
[2025-10-25T21:53:47.659+0000] {logging_mixin.py:190} INFO - Task hostname:4f76d54186b6 operator:PythonOperator
[2025-10-25T21:53:47.686+0000] {local_task_job_runner.py:266} INFO - Task exited with return code 0
[2025-10-25T21:53:47.705+0000] {taskinstance.py:3901} INFO - 0 downstream tasks scheduled from follow-on schedule check
[2025-10-25T21:53:47.710+0000] {local_task_job_runner.py:245} INFO - ::endgroup::
