[2025-10-25T21:43:32.387+0000] {local_task_job_runner.py:123} INFO - ::group::Pre task execution logs
[2025-10-25T21:43:32.401+0000] {taskinstance.py:2614} INFO - Dependencies all met for dep_context=non-requeueable deps ti=<TaskInstance: iot_sensor_data_dag.generate_sensor_data scheduled__2025-10-25T21:43:15+00:00 [queued]>
[2025-10-25T21:43:32.408+0000] {taskinstance.py:2614} INFO - Dependencies all met for dep_context=requeueable deps ti=<TaskInstance: iot_sensor_data_dag.generate_sensor_data scheduled__2025-10-25T21:43:15+00:00 [queued]>
[2025-10-25T21:43:32.409+0000] {taskinstance.py:2867} INFO - Starting attempt 1 of 1
[2025-10-25T21:43:32.535+0000] {taskinstance.py:2890} INFO - Executing <Task(PythonOperator): generate_sensor_data> on 2025-10-25 21:43:15+00:00
[2025-10-25T21:43:32.542+0000] {warnings.py:112} WARNING - /home/***/.local/lib/python3.12/site-packages/***/task/task_runner/standard_task_runner.py:70: DeprecationWarning: This process (pid=206) is multi-threaded, use of fork() may lead to deadlocks in the child.
  pid = os.fork()

[2025-10-25T21:43:32.544+0000] {standard_task_runner.py:72} INFO - Started process 208 to run task
[2025-10-25T21:43:32.544+0000] {standard_task_runner.py:104} INFO - Running: ['***', 'tasks', 'run', 'iot_sensor_data_dag', 'generate_sensor_data', 'scheduled__2025-10-25T21:43:15+00:00', '--job-id', '140', '--raw', '--subdir', 'DAGS_FOLDER/DEPI.py', '--cfg-path', '/tmp/tmpngm62088']
[2025-10-25T21:43:32.546+0000] {standard_task_runner.py:105} INFO - Job 140: Subtask generate_sensor_data
[2025-10-25T21:43:32.590+0000] {task_command.py:467} INFO - Running <TaskInstance: iot_sensor_data_dag.generate_sensor_data scheduled__2025-10-25T21:43:15+00:00 [running]> on host 4f76d54186b6
[2025-10-25T21:43:32.656+0000] {taskinstance.py:3134} INFO - Exporting env vars: AIRFLOW_CTX_DAG_OWNER='***' AIRFLOW_CTX_DAG_ID='iot_sensor_data_dag' AIRFLOW_CTX_TASK_ID='generate_sensor_data' AIRFLOW_CTX_EXECUTION_DATE='2025-10-25T21:43:15+00:00' AIRFLOW_CTX_TRY_NUMBER='1' AIRFLOW_CTX_DAG_RUN_ID='scheduled__2025-10-25T21:43:15+00:00'
[2025-10-25T21:43:32.658+0000] {logging_mixin.py:190} INFO - Task instance is in running state
[2025-10-25T21:43:32.658+0000] {logging_mixin.py:190} INFO -  Previous state of the Task instance: queued
[2025-10-25T21:43:32.659+0000] {logging_mixin.py:190} INFO - Current task name:generate_sensor_data state:running start_date:2025-10-25 21:43:32.402458+00:00
[2025-10-25T21:43:32.660+0000] {logging_mixin.py:190} INFO - Dag name:iot_sensor_data_dag and current dag run status:running
[2025-10-25T21:43:32.661+0000] {taskinstance.py:732} INFO - ::endgroup::
[2025-10-25T21:43:32.692+0000] {logging_mixin.py:190} INFO - [2025-10-25 21:43:32.677175] Inserted sensor data: {'time': datetime.datetime(2025, 10, 25, 21, 43, 32, 677175), 'temperature': 27.464038188718206, 'Dissolved_oxygen': 6.007236444454679, 'PH': 7.453753388231824, 'Ammonia': 0.009581512543894484, 'Nitrite': 0.04908091035464128, 'Turbidty': 40.429361167994635, '_id': ObjectId('68fd448400defa46fab8a7e4')}
[2025-10-25T21:43:32.694+0000] {python.py:218} INFO - Done. Returned value was: None
[2025-10-25T21:43:32.703+0000] {taskinstance.py:341} INFO - ::group::Post task execution logs
[2025-10-25T21:43:32.703+0000] {taskinstance.py:353} INFO - Marking task as SUCCESS. dag_id=iot_sensor_data_dag, task_id=generate_sensor_data, run_id=scheduled__2025-10-25T21:43:15+00:00, execution_date=20251025T214315, start_date=20251025T214332, end_date=20251025T214332
[2025-10-25T21:43:32.723+0000] {logging_mixin.py:190} INFO - Task instance in success state
[2025-10-25T21:43:32.724+0000] {logging_mixin.py:190} INFO -  Previous state of the Task instance: running
[2025-10-25T21:43:32.725+0000] {logging_mixin.py:190} INFO - Dag name:iot_sensor_data_dag queued_at:2025-10-25 21:43:31.016747+00:00
[2025-10-25T21:43:32.725+0000] {logging_mixin.py:190} INFO - Task hostname:4f76d54186b6 operator:PythonOperator
[2025-10-25T21:43:32.759+0000] {local_task_job_runner.py:266} INFO - Task exited with return code 0
[2025-10-25T21:43:32.780+0000] {taskinstance.py:3901} INFO - 0 downstream tasks scheduled from follow-on schedule check
[2025-10-25T21:43:32.784+0000] {local_task_job_runner.py:245} INFO - ::endgroup::
