[2025-10-25T21:49:31.867+0000] {local_task_job_runner.py:123} INFO - ::group::Pre task execution logs
[2025-10-25T21:49:31.881+0000] {taskinstance.py:2614} INFO - Dependencies all met for dep_context=non-requeueable deps ti=<TaskInstance: iot_sensor_data_dag.generate_sensor_data scheduled__2025-10-25T21:49:15+00:00 [queued]>
[2025-10-25T21:49:31.888+0000] {taskinstance.py:2614} INFO - Dependencies all met for dep_context=requeueable deps ti=<TaskInstance: iot_sensor_data_dag.generate_sensor_data scheduled__2025-10-25T21:49:15+00:00 [queued]>
[2025-10-25T21:49:31.890+0000] {taskinstance.py:2867} INFO - Starting attempt 1 of 1
[2025-10-25T21:49:32.044+0000] {taskinstance.py:2890} INFO - Executing <Task(PythonOperator): generate_sensor_data> on 2025-10-25 21:49:15+00:00
[2025-10-25T21:49:32.051+0000] {warnings.py:112} WARNING - /home/***/.local/lib/python3.12/site-packages/***/task/task_runner/standard_task_runner.py:70: DeprecationWarning: This process (pid=458) is multi-threaded, use of fork() may lead to deadlocks in the child.
  pid = os.fork()

[2025-10-25T21:49:32.053+0000] {standard_task_runner.py:72} INFO - Started process 460 to run task
[2025-10-25T21:49:32.053+0000] {standard_task_runner.py:104} INFO - Running: ['***', 'tasks', 'run', 'iot_sensor_data_dag', 'generate_sensor_data', 'scheduled__2025-10-25T21:49:15+00:00', '--job-id', '164', '--raw', '--subdir', 'DAGS_FOLDER/DEPI.py', '--cfg-path', '/tmp/tmparnmjdli']
[2025-10-25T21:49:32.057+0000] {standard_task_runner.py:105} INFO - Job 164: Subtask generate_sensor_data
[2025-10-25T21:49:32.109+0000] {task_command.py:467} INFO - Running <TaskInstance: iot_sensor_data_dag.generate_sensor_data scheduled__2025-10-25T21:49:15+00:00 [running]> on host 4f76d54186b6
[2025-10-25T21:49:32.179+0000] {taskinstance.py:3134} INFO - Exporting env vars: AIRFLOW_CTX_DAG_OWNER='***' AIRFLOW_CTX_DAG_ID='iot_sensor_data_dag' AIRFLOW_CTX_TASK_ID='generate_sensor_data' AIRFLOW_CTX_EXECUTION_DATE='2025-10-25T21:49:15+00:00' AIRFLOW_CTX_TRY_NUMBER='1' AIRFLOW_CTX_DAG_RUN_ID='scheduled__2025-10-25T21:49:15+00:00'
[2025-10-25T21:49:32.181+0000] {logging_mixin.py:190} INFO - Task instance is in running state
[2025-10-25T21:49:32.181+0000] {logging_mixin.py:190} INFO -  Previous state of the Task instance: queued
[2025-10-25T21:49:32.183+0000] {logging_mixin.py:190} INFO - Current task name:generate_sensor_data state:running start_date:2025-10-25 21:49:31.882553+00:00
[2025-10-25T21:49:32.183+0000] {logging_mixin.py:190} INFO - Dag name:iot_sensor_data_dag and current dag run status:running
[2025-10-25T21:49:32.184+0000] {taskinstance.py:732} INFO - ::endgroup::
[2025-10-25T21:49:32.216+0000] {logging_mixin.py:190} INFO - [2025-10-25 21:49:32.200947] Inserted sensor data: {'time': datetime.datetime(2025, 10, 25, 21, 49, 32, 200947), 'temperature': 27.575240088884097, 'Dissolved_oxygen': 5.9126067970694445, 'PH': 7.401972510872608, 'Ammonia': 0.010756190367264254, 'Nitrite': 0.052438147814122774, 'Turbidty': 40.17076060727145, '_id': ObjectId('68fd45ecd260bc51855bd209')}
[2025-10-25T21:49:32.218+0000] {python.py:218} INFO - Done. Returned value was: None
[2025-10-25T21:49:32.227+0000] {taskinstance.py:341} INFO - ::group::Post task execution logs
[2025-10-25T21:49:32.228+0000] {taskinstance.py:353} INFO - Marking task as SUCCESS. dag_id=iot_sensor_data_dag, task_id=generate_sensor_data, run_id=scheduled__2025-10-25T21:49:15+00:00, execution_date=20251025T214915, start_date=20251025T214931, end_date=20251025T214932
[2025-10-25T21:49:32.249+0000] {logging_mixin.py:190} INFO - Task instance in success state
[2025-10-25T21:49:32.249+0000] {logging_mixin.py:190} INFO -  Previous state of the Task instance: running
[2025-10-25T21:49:32.250+0000] {logging_mixin.py:190} INFO - Dag name:iot_sensor_data_dag queued_at:2025-10-25 21:49:30.485604+00:00
[2025-10-25T21:49:32.251+0000] {logging_mixin.py:190} INFO - Task hostname:4f76d54186b6 operator:PythonOperator
[2025-10-25T21:49:32.269+0000] {local_task_job_runner.py:266} INFO - Task exited with return code 0
[2025-10-25T21:49:32.289+0000] {taskinstance.py:3901} INFO - 0 downstream tasks scheduled from follow-on schedule check
[2025-10-25T21:49:32.295+0000] {local_task_job_runner.py:245} INFO - ::endgroup::
