[2025-10-25T21:46:17.074+0000] {local_task_job_runner.py:123} INFO - ::group::Pre task execution logs
[2025-10-25T21:46:17.089+0000] {taskinstance.py:2614} INFO - Dependencies all met for dep_context=non-requeueable deps ti=<TaskInstance: iot_sensor_data_dag.generate_sensor_data scheduled__2025-10-25T21:46:00+00:00 [queued]>
[2025-10-25T21:46:17.099+0000] {taskinstance.py:2614} INFO - Dependencies all met for dep_context=requeueable deps ti=<TaskInstance: iot_sensor_data_dag.generate_sensor_data scheduled__2025-10-25T21:46:00+00:00 [queued]>
[2025-10-25T21:46:17.102+0000] {taskinstance.py:2867} INFO - Starting attempt 1 of 1
[2025-10-25T21:46:17.233+0000] {taskinstance.py:2890} INFO - Executing <Task(PythonOperator): generate_sensor_data> on 2025-10-25 21:46:00+00:00
[2025-10-25T21:46:17.239+0000] {warnings.py:112} WARNING - /home/***/.local/lib/python3.12/site-packages/***/task/task_runner/standard_task_runner.py:70: DeprecationWarning: This process (pid=318) is multi-threaded, use of fork() may lead to deadlocks in the child.
  pid = os.fork()

[2025-10-25T21:46:17.241+0000] {standard_task_runner.py:72} INFO - Started process 320 to run task
[2025-10-25T21:46:17.242+0000] {standard_task_runner.py:104} INFO - Running: ['***', 'tasks', 'run', 'iot_sensor_data_dag', 'generate_sensor_data', 'scheduled__2025-10-25T21:46:00+00:00', '--job-id', '151', '--raw', '--subdir', 'DAGS_FOLDER/DEPI.py', '--cfg-path', '/tmp/tmplmeevlfl']
[2025-10-25T21:46:17.243+0000] {standard_task_runner.py:105} INFO - Job 151: Subtask generate_sensor_data
[2025-10-25T21:46:17.289+0000] {task_command.py:467} INFO - Running <TaskInstance: iot_sensor_data_dag.generate_sensor_data scheduled__2025-10-25T21:46:00+00:00 [running]> on host 4f76d54186b6
[2025-10-25T21:46:17.353+0000] {taskinstance.py:3134} INFO - Exporting env vars: AIRFLOW_CTX_DAG_OWNER='***' AIRFLOW_CTX_DAG_ID='iot_sensor_data_dag' AIRFLOW_CTX_TASK_ID='generate_sensor_data' AIRFLOW_CTX_EXECUTION_DATE='2025-10-25T21:46:00+00:00' AIRFLOW_CTX_TRY_NUMBER='1' AIRFLOW_CTX_DAG_RUN_ID='scheduled__2025-10-25T21:46:00+00:00'
[2025-10-25T21:46:17.354+0000] {logging_mixin.py:190} INFO - Task instance is in running state
[2025-10-25T21:46:17.355+0000] {logging_mixin.py:190} INFO -  Previous state of the Task instance: queued
[2025-10-25T21:46:17.356+0000] {logging_mixin.py:190} INFO - Current task name:generate_sensor_data state:running start_date:2025-10-25 21:46:17.093906+00:00
[2025-10-25T21:46:17.357+0000] {logging_mixin.py:190} INFO - Dag name:iot_sensor_data_dag and current dag run status:running
[2025-10-25T21:46:17.357+0000] {taskinstance.py:732} INFO - ::endgroup::
[2025-10-25T21:46:17.385+0000] {logging_mixin.py:190} INFO - [2025-10-25 21:46:17.371679] Inserted sensor data: {'time': datetime.datetime(2025, 10, 25, 21, 46, 17, 371679), 'temperature': 27.553255681655944, 'Dissolved_oxygen': 6.0309003544093915, 'PH': 7.497448154603606, 'Ammonia': 0.010752501948437835, 'Nitrite': 0.05246242767085299, 'Turbidty': 39.666653789581346, '_id': ObjectId('68fd45292e2cd7e1703f5434')}
[2025-10-25T21:46:17.387+0000] {python.py:218} INFO - Done. Returned value was: None
[2025-10-25T21:46:17.397+0000] {taskinstance.py:341} INFO - ::group::Post task execution logs
[2025-10-25T21:46:17.398+0000] {taskinstance.py:353} INFO - Marking task as SUCCESS. dag_id=iot_sensor_data_dag, task_id=generate_sensor_data, run_id=scheduled__2025-10-25T21:46:00+00:00, execution_date=20251025T214600, start_date=20251025T214617, end_date=20251025T214617
[2025-10-25T21:46:17.418+0000] {logging_mixin.py:190} INFO - Task instance in success state
[2025-10-25T21:46:17.419+0000] {logging_mixin.py:190} INFO -  Previous state of the Task instance: running
[2025-10-25T21:46:17.420+0000] {logging_mixin.py:190} INFO - Dag name:iot_sensor_data_dag queued_at:2025-10-25 21:46:15.681646+00:00
[2025-10-25T21:46:17.420+0000] {logging_mixin.py:190} INFO - Task hostname:4f76d54186b6 operator:PythonOperator
[2025-10-25T21:46:17.457+0000] {local_task_job_runner.py:266} INFO - Task exited with return code 0
[2025-10-25T21:46:17.488+0000] {taskinstance.py:3901} INFO - 0 downstream tasks scheduled from follow-on schedule check
[2025-10-25T21:46:17.495+0000] {local_task_job_runner.py:245} INFO - ::endgroup::
