[2025-10-25T21:42:02.042+0000] {local_task_job_runner.py:123} INFO - ::group::Pre task execution logs
[2025-10-25T21:42:02.055+0000] {taskinstance.py:2614} INFO - Dependencies all met for dep_context=non-requeueable deps ti=<TaskInstance: iot_sensor_data_dag.generate_sensor_data scheduled__2025-10-25T21:41:45+00:00 [queued]>
[2025-10-25T21:42:02.062+0000] {taskinstance.py:2614} INFO - Dependencies all met for dep_context=requeueable deps ti=<TaskInstance: iot_sensor_data_dag.generate_sensor_data scheduled__2025-10-25T21:41:45+00:00 [queued]>
[2025-10-25T21:42:02.064+0000] {taskinstance.py:2867} INFO - Starting attempt 1 of 1
[2025-10-25T21:42:02.191+0000] {taskinstance.py:2890} INFO - Executing <Task(PythonOperator): generate_sensor_data> on 2025-10-25 21:41:45+00:00
[2025-10-25T21:42:02.198+0000] {warnings.py:112} WARNING - /home/***/.local/lib/python3.12/site-packages/***/task/task_runner/standard_task_runner.py:70: DeprecationWarning: This process (pid=143) is multi-threaded, use of fork() may lead to deadlocks in the child.
  pid = os.fork()

[2025-10-25T21:42:02.200+0000] {standard_task_runner.py:72} INFO - Started process 152 to run task
[2025-10-25T21:42:02.200+0000] {standard_task_runner.py:104} INFO - Running: ['***', 'tasks', 'run', 'iot_sensor_data_dag', 'generate_sensor_data', 'scheduled__2025-10-25T21:41:45+00:00', '--job-id', '134', '--raw', '--subdir', 'DAGS_FOLDER/DEPI.py', '--cfg-path', '/tmp/tmpnzodr8lj']
[2025-10-25T21:42:02.201+0000] {standard_task_runner.py:105} INFO - Job 134: Subtask generate_sensor_data
[2025-10-25T21:42:02.248+0000] {task_command.py:467} INFO - Running <TaskInstance: iot_sensor_data_dag.generate_sensor_data scheduled__2025-10-25T21:41:45+00:00 [running]> on host 4f76d54186b6
[2025-10-25T21:42:02.320+0000] {taskinstance.py:3134} INFO - Exporting env vars: AIRFLOW_CTX_DAG_OWNER='***' AIRFLOW_CTX_DAG_ID='iot_sensor_data_dag' AIRFLOW_CTX_TASK_ID='generate_sensor_data' AIRFLOW_CTX_EXECUTION_DATE='2025-10-25T21:41:45+00:00' AIRFLOW_CTX_TRY_NUMBER='1' AIRFLOW_CTX_DAG_RUN_ID='scheduled__2025-10-25T21:41:45+00:00'
[2025-10-25T21:42:02.322+0000] {logging_mixin.py:190} INFO - Task instance is in running state
[2025-10-25T21:42:02.323+0000] {logging_mixin.py:190} INFO -  Previous state of the Task instance: queued
[2025-10-25T21:42:02.323+0000] {logging_mixin.py:190} INFO - Current task name:generate_sensor_data state:running start_date:2025-10-25 21:42:02.056681+00:00
[2025-10-25T21:42:02.324+0000] {logging_mixin.py:190} INFO - Dag name:iot_sensor_data_dag and current dag run status:running
[2025-10-25T21:42:02.325+0000] {taskinstance.py:732} INFO - ::endgroup::
[2025-10-25T21:42:02.358+0000] {logging_mixin.py:190} INFO - [2025-10-25 21:42:02.342747] Inserted sensor data: {'time': datetime.datetime(2025, 10, 25, 21, 42, 2, 342747), 'temperature': 27.433984926738795, 'Dissolved_oxygen': 6.030368939925171, 'PH': 7.451648605704826, 'Ammonia': 0.01077978539425248, 'Nitrite': 0.04845216721907471, 'Turbidty': 39.121484337422864, '_id': ObjectId('68fd442a7a7c99b4a2125d0b')}
[2025-10-25T21:42:02.361+0000] {python.py:218} INFO - Done. Returned value was: None
[2025-10-25T21:42:02.371+0000] {taskinstance.py:341} INFO - ::group::Post task execution logs
[2025-10-25T21:42:02.372+0000] {taskinstance.py:353} INFO - Marking task as SUCCESS. dag_id=iot_sensor_data_dag, task_id=generate_sensor_data, run_id=scheduled__2025-10-25T21:41:45+00:00, execution_date=20251025T214145, start_date=20251025T214202, end_date=20251025T214202
[2025-10-25T21:42:02.393+0000] {logging_mixin.py:190} INFO - Task instance in success state
[2025-10-25T21:42:02.394+0000] {logging_mixin.py:190} INFO -  Previous state of the Task instance: running
[2025-10-25T21:42:02.395+0000] {logging_mixin.py:190} INFO - Dag name:iot_sensor_data_dag queued_at:2025-10-25 21:42:00.532677+00:00
[2025-10-25T21:42:02.396+0000] {logging_mixin.py:190} INFO - Task hostname:4f76d54186b6 operator:PythonOperator
[2025-10-25T21:42:02.419+0000] {local_task_job_runner.py:266} INFO - Task exited with return code 0
[2025-10-25T21:42:02.440+0000] {taskinstance.py:3901} INFO - 0 downstream tasks scheduled from follow-on schedule check
[2025-10-25T21:42:02.445+0000] {local_task_job_runner.py:245} INFO - ::endgroup::
