[2025-10-25T20:41:02.032+0000] {local_task_job_runner.py:123} INFO - ::group::Pre task execution logs
[2025-10-25T20:41:02.043+0000] {taskinstance.py:2614} INFO - Dependencies all met for dep_context=non-requeueable deps ti=<TaskInstance: iot_sensor_data_dag.generate_sensor_data scheduled__2025-10-25T20:40:45+00:00 [queued]>
[2025-10-25T20:41:02.049+0000] {taskinstance.py:2614} INFO - Dependencies all met for dep_context=requeueable deps ti=<TaskInstance: iot_sensor_data_dag.generate_sensor_data scheduled__2025-10-25T20:40:45+00:00 [queued]>
[2025-10-25T20:41:02.050+0000] {taskinstance.py:2867} INFO - Starting attempt 1 of 1
[2025-10-25T20:41:02.165+0000] {taskinstance.py:2890} INFO - Executing <Task(PythonOperator): generate_sensor_data> on 2025-10-25 20:40:45+00:00
[2025-10-25T20:41:02.172+0000] {warnings.py:112} WARNING - /home/***/.local/lib/python3.12/site-packages/***/task/task_runner/standard_task_runner.py:70: DeprecationWarning: This process (pid=282) is multi-threaded, use of fork() may lead to deadlocks in the child.
  pid = os.fork()

[2025-10-25T20:41:02.173+0000] {standard_task_runner.py:104} INFO - Running: ['***', 'tasks', 'run', 'iot_sensor_data_dag', 'generate_sensor_data', 'scheduled__2025-10-25T20:40:45+00:00', '--job-id', '66', '--raw', '--subdir', 'DAGS_FOLDER/DEPI.py', '--cfg-path', '/tmp/tmpr1uq9gx8']
[2025-10-25T20:41:02.174+0000] {standard_task_runner.py:72} INFO - Started process 284 to run task
[2025-10-25T20:41:02.175+0000] {standard_task_runner.py:105} INFO - Job 66: Subtask generate_sensor_data
[2025-10-25T20:41:02.214+0000] {task_command.py:467} INFO - Running <TaskInstance: iot_sensor_data_dag.generate_sensor_data scheduled__2025-10-25T20:40:45+00:00 [running]> on host 4f76d54186b6
[2025-10-25T20:41:02.271+0000] {taskinstance.py:3134} INFO - Exporting env vars: AIRFLOW_CTX_DAG_OWNER='***' AIRFLOW_CTX_DAG_ID='iot_sensor_data_dag' AIRFLOW_CTX_TASK_ID='generate_sensor_data' AIRFLOW_CTX_EXECUTION_DATE='2025-10-25T20:40:45+00:00' AIRFLOW_CTX_TRY_NUMBER='1' AIRFLOW_CTX_DAG_RUN_ID='scheduled__2025-10-25T20:40:45+00:00'
[2025-10-25T20:41:02.273+0000] {logging_mixin.py:190} INFO - Task instance is in running state
[2025-10-25T20:41:02.274+0000] {logging_mixin.py:190} INFO -  Previous state of the Task instance: queued
[2025-10-25T20:41:02.274+0000] {logging_mixin.py:190} INFO - Current task name:generate_sensor_data state:running start_date:2025-10-25 20:41:02.045065+00:00
[2025-10-25T20:41:02.275+0000] {logging_mixin.py:190} INFO - Dag name:iot_sensor_data_dag and current dag run status:running
[2025-10-25T20:41:02.276+0000] {taskinstance.py:732} INFO - ::endgroup::
[2025-10-25T20:41:02.304+0000] {logging_mixin.py:190} INFO - [2025-10-25 20:41:02.291299] Inserted sensor data: {'time': datetime.datetime(2025, 10, 25, 20, 41, 2, 291299), 'temperature': 27.41894723258695, 'Dissolved_oxygen': 6.015615841222296, 'PH': 7.520646344794995, 'Ammonia': 0.01030902641723058, 'Nitrite': 0.05139442088595968, 'Turbidty': 40.45655015943088, '_id': ObjectId('68fd35de1157e849fe59e4e0')}
[2025-10-25T20:41:02.306+0000] {python.py:218} INFO - Done. Returned value was: None
[2025-10-25T20:41:02.315+0000] {taskinstance.py:341} INFO - ::group::Post task execution logs
[2025-10-25T20:41:02.315+0000] {taskinstance.py:353} INFO - Marking task as SUCCESS. dag_id=iot_sensor_data_dag, task_id=generate_sensor_data, run_id=scheduled__2025-10-25T20:40:45+00:00, execution_date=20251025T204045, start_date=20251025T204102, end_date=20251025T204102
[2025-10-25T20:41:02.331+0000] {logging_mixin.py:190} INFO - Task instance in success state
[2025-10-25T20:41:02.333+0000] {logging_mixin.py:190} INFO -  Previous state of the Task instance: running
[2025-10-25T20:41:02.333+0000] {logging_mixin.py:190} INFO - Dag name:iot_sensor_data_dag queued_at:2025-10-25 20:41:00.910264+00:00
[2025-10-25T20:41:02.334+0000] {logging_mixin.py:190} INFO - Task hostname:4f76d54186b6 operator:PythonOperator
[2025-10-25T20:41:02.351+0000] {local_task_job_runner.py:266} INFO - Task exited with return code 0
[2025-10-25T20:41:02.363+0000] {taskinstance.py:3901} INFO - 0 downstream tasks scheduled from follow-on schedule check
[2025-10-25T20:41:02.366+0000] {local_task_job_runner.py:245} INFO - ::endgroup::
