[2025-10-25T20:37:16.452+0000] {local_task_job_runner.py:123} INFO - ::group::Pre task execution logs
[2025-10-25T20:37:16.468+0000] {taskinstance.py:2614} INFO - Dependencies all met for dep_context=non-requeueable deps ti=<TaskInstance: iot_sensor_data_dag.generate_sensor_data scheduled__2025-10-25T20:37:00+00:00 [queued]>
[2025-10-25T20:37:16.478+0000] {taskinstance.py:2614} INFO - Dependencies all met for dep_context=requeueable deps ti=<TaskInstance: iot_sensor_data_dag.generate_sensor_data scheduled__2025-10-25T20:37:00+00:00 [queued]>
[2025-10-25T20:37:16.480+0000] {taskinstance.py:2867} INFO - Starting attempt 1 of 1
[2025-10-25T20:37:16.607+0000] {taskinstance.py:2890} INFO - Executing <Task(PythonOperator): generate_sensor_data> on 2025-10-25 20:37:00+00:00
[2025-10-25T20:37:16.614+0000] {warnings.py:112} WARNING - /home/***/.local/lib/python3.12/site-packages/***/task/task_runner/standard_task_runner.py:70: DeprecationWarning: This process (pid=128) is multi-threaded, use of fork() may lead to deadlocks in the child.
  pid = os.fork()

[2025-10-25T20:37:16.616+0000] {standard_task_runner.py:72} INFO - Started process 130 to run task
[2025-10-25T20:37:16.616+0000] {standard_task_runner.py:104} INFO - Running: ['***', 'tasks', 'run', 'iot_sensor_data_dag', 'generate_sensor_data', 'scheduled__2025-10-25T20:37:00+00:00', '--job-id', '51', '--raw', '--subdir', 'DAGS_FOLDER/DEPI.py', '--cfg-path', '/tmp/tmp7kgh089q']
[2025-10-25T20:37:16.618+0000] {standard_task_runner.py:105} INFO - Job 51: Subtask generate_sensor_data
[2025-10-25T20:37:16.669+0000] {task_command.py:467} INFO - Running <TaskInstance: iot_sensor_data_dag.generate_sensor_data scheduled__2025-10-25T20:37:00+00:00 [running]> on host 4f76d54186b6
[2025-10-25T20:37:16.743+0000] {taskinstance.py:3134} INFO - Exporting env vars: AIRFLOW_CTX_DAG_OWNER='***' AIRFLOW_CTX_DAG_ID='iot_sensor_data_dag' AIRFLOW_CTX_TASK_ID='generate_sensor_data' AIRFLOW_CTX_EXECUTION_DATE='2025-10-25T20:37:00+00:00' AIRFLOW_CTX_TRY_NUMBER='1' AIRFLOW_CTX_DAG_RUN_ID='scheduled__2025-10-25T20:37:00+00:00'
[2025-10-25T20:37:16.745+0000] {logging_mixin.py:190} INFO - Task instance is in running state
[2025-10-25T20:37:16.745+0000] {logging_mixin.py:190} INFO -  Previous state of the Task instance: queued
[2025-10-25T20:37:16.746+0000] {logging_mixin.py:190} INFO - Current task name:generate_sensor_data state:running start_date:2025-10-25 20:37:16.474130+00:00
[2025-10-25T20:37:16.746+0000] {logging_mixin.py:190} INFO - Dag name:iot_sensor_data_dag and current dag run status:running
[2025-10-25T20:37:16.746+0000] {taskinstance.py:732} INFO - ::endgroup::
[2025-10-25T20:37:16.780+0000] {logging_mixin.py:190} INFO - [2025-10-25 20:37:16.763312] Inserted sensor data: {'time': datetime.datetime(2025, 10, 25, 20, 37, 16, 763312), 'temperature': 27.40422578643235, 'Dissolved_oxygen': 5.973012046311144, 'PH': 7.483095150567132, 'Ammonia': 0.00964862978384311, 'Nitrite': 0.047661646490968566, 'Turbidty': 39.4638561097459, '_id': ObjectId('68fd34fc5e8793539e870fe1')}
[2025-10-25T20:37:16.782+0000] {python.py:218} INFO - Done. Returned value was: None
[2025-10-25T20:37:16.792+0000] {taskinstance.py:341} INFO - ::group::Post task execution logs
[2025-10-25T20:37:16.793+0000] {taskinstance.py:353} INFO - Marking task as SUCCESS. dag_id=iot_sensor_data_dag, task_id=generate_sensor_data, run_id=scheduled__2025-10-25T20:37:00+00:00, execution_date=20251025T203700, start_date=20251025T203716, end_date=20251025T203716
[2025-10-25T20:37:16.811+0000] {logging_mixin.py:190} INFO - Task instance in success state
[2025-10-25T20:37:16.811+0000] {logging_mixin.py:190} INFO -  Previous state of the Task instance: running
[2025-10-25T20:37:16.812+0000] {logging_mixin.py:190} INFO - Dag name:iot_sensor_data_dag queued_at:2025-10-25 20:37:15.165883+00:00
[2025-10-25T20:37:16.812+0000] {logging_mixin.py:190} INFO - Task hostname:4f76d54186b6 operator:PythonOperator
[2025-10-25T20:37:16.834+0000] {local_task_job_runner.py:266} INFO - Task exited with return code 0
[2025-10-25T20:37:16.845+0000] {taskinstance.py:3901} INFO - 0 downstream tasks scheduled from follow-on schedule check
[2025-10-25T20:37:16.847+0000] {local_task_job_runner.py:245} INFO - ::endgroup::
