[2025-10-25T20:36:36.879+0000] {local_task_job_runner.py:123} INFO - ::group::Pre task execution logs
[2025-10-25T20:36:36.892+0000] {taskinstance.py:2614} INFO - Dependencies all met for dep_context=non-requeueable deps ti=<TaskInstance: iot_sensor_data_dag.generate_sensor_data scheduled__2025-10-25T20:36:15+00:00 [queued]>
[2025-10-25T20:36:36.898+0000] {taskinstance.py:2614} INFO - Dependencies all met for dep_context=requeueable deps ti=<TaskInstance: iot_sensor_data_dag.generate_sensor_data scheduled__2025-10-25T20:36:15+00:00 [queued]>
[2025-10-25T20:36:36.899+0000] {taskinstance.py:2867} INFO - Starting attempt 1 of 1
[2025-10-25T20:36:37.055+0000] {taskinstance.py:2890} INFO - Executing <Task(PythonOperator): generate_sensor_data> on 2025-10-25 20:36:15+00:00
[2025-10-25T20:36:37.062+0000] {warnings.py:112} WARNING - /home/***/.local/lib/python3.12/site-packages/***/task/task_runner/standard_task_runner.py:70: DeprecationWarning: This process (pid=95) is multi-threaded, use of fork() may lead to deadlocks in the child.
  pid = os.fork()

[2025-10-25T20:36:37.064+0000] {standard_task_runner.py:104} INFO - Running: ['***', 'tasks', 'run', 'iot_sensor_data_dag', 'generate_sensor_data', 'scheduled__2025-10-25T20:36:15+00:00', '--job-id', '47', '--raw', '--subdir', 'DAGS_FOLDER/DEPI.py', '--cfg-path', '/tmp/tmph0lkun7a']
[2025-10-25T20:36:37.064+0000] {standard_task_runner.py:72} INFO - Started process 97 to run task
[2025-10-25T20:36:37.065+0000] {standard_task_runner.py:105} INFO - Job 47: Subtask generate_sensor_data
[2025-10-25T20:36:37.112+0000] {task_command.py:467} INFO - Running <TaskInstance: iot_sensor_data_dag.generate_sensor_data scheduled__2025-10-25T20:36:15+00:00 [running]> on host 4f76d54186b6
[2025-10-25T20:36:37.180+0000] {taskinstance.py:3134} INFO - Exporting env vars: AIRFLOW_CTX_DAG_OWNER='***' AIRFLOW_CTX_DAG_ID='iot_sensor_data_dag' AIRFLOW_CTX_TASK_ID='generate_sensor_data' AIRFLOW_CTX_EXECUTION_DATE='2025-10-25T20:36:15+00:00' AIRFLOW_CTX_TRY_NUMBER='1' AIRFLOW_CTX_DAG_RUN_ID='scheduled__2025-10-25T20:36:15+00:00'
[2025-10-25T20:36:37.182+0000] {logging_mixin.py:190} INFO - Task instance is in running state
[2025-10-25T20:36:37.183+0000] {logging_mixin.py:190} INFO -  Previous state of the Task instance: queued
[2025-10-25T20:36:37.183+0000] {logging_mixin.py:190} INFO - Current task name:generate_sensor_data state:running start_date:2025-10-25 20:36:36.893443+00:00
[2025-10-25T20:36:37.184+0000] {logging_mixin.py:190} INFO - Dag name:iot_sensor_data_dag and current dag run status:running
[2025-10-25T20:36:37.184+0000] {taskinstance.py:732} INFO - ::endgroup::
[2025-10-25T20:36:37.297+0000] {logging_mixin.py:190} INFO - [2025-10-25 20:36:37.203631] Inserted sensor data: {'time': datetime.datetime(2025, 10, 25, 20, 36, 37, 203631), 'temperature': 27.373328578148538, 'Dissolved_oxygen': 5.955269163408227, 'PH': 7.462172832215216, 'Ammonia': 0.01003640633466322, 'Nitrite': 0.050290505042055164, 'Turbidty': 39.3911997168774, '_id': ObjectId('68fd34d59cc247efae0dbc68')}
[2025-10-25T20:36:37.301+0000] {python.py:218} INFO - Done. Returned value was: None
[2025-10-25T20:36:37.311+0000] {taskinstance.py:341} INFO - ::group::Post task execution logs
[2025-10-25T20:36:37.312+0000] {taskinstance.py:353} INFO - Marking task as SUCCESS. dag_id=iot_sensor_data_dag, task_id=generate_sensor_data, run_id=scheduled__2025-10-25T20:36:15+00:00, execution_date=20251025T203615, start_date=20251025T203636, end_date=20251025T203637
[2025-10-25T20:36:37.331+0000] {logging_mixin.py:190} INFO - Task instance in success state
[2025-10-25T20:36:37.332+0000] {logging_mixin.py:190} INFO -  Previous state of the Task instance: running
[2025-10-25T20:36:37.333+0000] {logging_mixin.py:190} INFO - Dag name:iot_sensor_data_dag queued_at:2025-10-25 20:36:34.996646+00:00
[2025-10-25T20:36:37.333+0000] {logging_mixin.py:190} INFO - Task hostname:4f76d54186b6 operator:PythonOperator
[2025-10-25T20:36:37.362+0000] {local_task_job_runner.py:266} INFO - Task exited with return code 0
[2025-10-25T20:36:37.374+0000] {taskinstance.py:3901} INFO - 0 downstream tasks scheduled from follow-on schedule check
[2025-10-25T20:36:37.380+0000] {local_task_job_runner.py:245} INFO - ::endgroup::
