[2025-10-25T21:49:01.472+0000] {local_task_job_runner.py:123} INFO - ::group::Pre task execution logs
[2025-10-25T21:49:01.486+0000] {taskinstance.py:2614} INFO - Dependencies all met for dep_context=non-requeueable deps ti=<TaskInstance: iot_sensor_data_dag.generate_sensor_data scheduled__2025-10-25T21:48:45+00:00 [queued]>
[2025-10-25T21:49:01.494+0000] {taskinstance.py:2614} INFO - Dependencies all met for dep_context=requeueable deps ti=<TaskInstance: iot_sensor_data_dag.generate_sensor_data scheduled__2025-10-25T21:48:45+00:00 [queued]>
[2025-10-25T21:49:01.496+0000] {taskinstance.py:2867} INFO - Starting attempt 1 of 1
[2025-10-25T21:49:01.629+0000] {taskinstance.py:2890} INFO - Executing <Task(PythonOperator): generate_sensor_data> on 2025-10-25 21:48:45+00:00
[2025-10-25T21:49:01.641+0000] {warnings.py:112} WARNING - /home/***/.local/lib/python3.12/site-packages/***/task/task_runner/standard_task_runner.py:70: DeprecationWarning: This process (pid=438) is multi-threaded, use of fork() may lead to deadlocks in the child.
  pid = os.fork()

[2025-10-25T21:49:01.644+0000] {standard_task_runner.py:104} INFO - Running: ['***', 'tasks', 'run', 'iot_sensor_data_dag', 'generate_sensor_data', 'scheduled__2025-10-25T21:48:45+00:00', '--job-id', '162', '--raw', '--subdir', 'DAGS_FOLDER/DEPI.py', '--cfg-path', '/tmp/tmptiggfue2']
[2025-10-25T21:49:01.644+0000] {standard_task_runner.py:72} INFO - Started process 440 to run task
[2025-10-25T21:49:01.646+0000] {standard_task_runner.py:105} INFO - Job 162: Subtask generate_sensor_data
[2025-10-25T21:49:01.697+0000] {task_command.py:467} INFO - Running <TaskInstance: iot_sensor_data_dag.generate_sensor_data scheduled__2025-10-25T21:48:45+00:00 [running]> on host 4f76d54186b6
[2025-10-25T21:49:01.774+0000] {taskinstance.py:3134} INFO - Exporting env vars: AIRFLOW_CTX_DAG_OWNER='***' AIRFLOW_CTX_DAG_ID='iot_sensor_data_dag' AIRFLOW_CTX_TASK_ID='generate_sensor_data' AIRFLOW_CTX_EXECUTION_DATE='2025-10-25T21:48:45+00:00' AIRFLOW_CTX_TRY_NUMBER='1' AIRFLOW_CTX_DAG_RUN_ID='scheduled__2025-10-25T21:48:45+00:00'
[2025-10-25T21:49:01.777+0000] {logging_mixin.py:190} INFO - Task instance is in running state
[2025-10-25T21:49:01.777+0000] {logging_mixin.py:190} INFO -  Previous state of the Task instance: queued
[2025-10-25T21:49:01.778+0000] {logging_mixin.py:190} INFO - Current task name:generate_sensor_data state:running start_date:2025-10-25 21:49:01.487566+00:00
[2025-10-25T21:49:01.778+0000] {logging_mixin.py:190} INFO - Dag name:iot_sensor_data_dag and current dag run status:running
[2025-10-25T21:49:01.779+0000] {taskinstance.py:732} INFO - ::endgroup::
[2025-10-25T21:49:01.806+0000] {logging_mixin.py:190} INFO - [2025-10-25 21:49:01.793066] Inserted sensor data: {'time': datetime.datetime(2025, 10, 25, 21, 49, 1, 793066), 'temperature': 27.62350290626753, 'Dissolved_oxygen': 5.96353933256471, 'PH': 7.4356043793546505, 'Ammonia': 0.010348050016838323, 'Nitrite': 0.05194170418995363, 'Turbidty': 39.07090884914554, '_id': ObjectId('68fd45cd7081b3731ca514ad')}
[2025-10-25T21:49:01.807+0000] {python.py:218} INFO - Done. Returned value was: None
[2025-10-25T21:49:01.816+0000] {taskinstance.py:341} INFO - ::group::Post task execution logs
[2025-10-25T21:49:01.817+0000] {taskinstance.py:353} INFO - Marking task as SUCCESS. dag_id=iot_sensor_data_dag, task_id=generate_sensor_data, run_id=scheduled__2025-10-25T21:48:45+00:00, execution_date=20251025T214845, start_date=20251025T214901, end_date=20251025T214901
[2025-10-25T21:49:01.839+0000] {logging_mixin.py:190} INFO - Task instance in success state
[2025-10-25T21:49:01.840+0000] {logging_mixin.py:190} INFO -  Previous state of the Task instance: running
[2025-10-25T21:49:01.841+0000] {logging_mixin.py:190} INFO - Dag name:iot_sensor_data_dag queued_at:2025-10-25 21:49:00.102310+00:00
[2025-10-25T21:49:01.842+0000] {logging_mixin.py:190} INFO - Task hostname:4f76d54186b6 operator:PythonOperator
[2025-10-25T21:49:01.862+0000] {local_task_job_runner.py:266} INFO - Task exited with return code 0
[2025-10-25T21:49:01.891+0000] {taskinstance.py:3901} INFO - 0 downstream tasks scheduled from follow-on schedule check
[2025-10-25T21:49:01.897+0000] {local_task_job_runner.py:245} INFO - ::endgroup::
