[2025-10-25T21:40:31.615+0000] {local_task_job_runner.py:123} INFO - ::group::Pre task execution logs
[2025-10-25T21:40:31.629+0000] {taskinstance.py:2614} INFO - Dependencies all met for dep_context=non-requeueable deps ti=<TaskInstance: iot_sensor_data_dag.generate_sensor_data scheduled__2025-10-25T21:40:15+00:00 [queued]>
[2025-10-25T21:40:31.636+0000] {taskinstance.py:2614} INFO - Dependencies all met for dep_context=requeueable deps ti=<TaskInstance: iot_sensor_data_dag.generate_sensor_data scheduled__2025-10-25T21:40:15+00:00 [queued]>
[2025-10-25T21:40:31.638+0000] {taskinstance.py:2867} INFO - Starting attempt 1 of 1
[2025-10-25T21:40:31.806+0000] {taskinstance.py:2890} INFO - Executing <Task(PythonOperator): generate_sensor_data> on 2025-10-25 21:40:15+00:00
[2025-10-25T21:40:31.813+0000] {warnings.py:112} WARNING - /home/***/.local/lib/python3.12/site-packages/***/task/task_runner/standard_task_runner.py:70: DeprecationWarning: This process (pid=87) is multi-threaded, use of fork() may lead to deadlocks in the child.
  pid = os.fork()

[2025-10-25T21:40:31.815+0000] {standard_task_runner.py:104} INFO - Running: ['***', 'tasks', 'run', 'iot_sensor_data_dag', 'generate_sensor_data', 'scheduled__2025-10-25T21:40:15+00:00', '--job-id', '128', '--raw', '--subdir', 'DAGS_FOLDER/DEPI.py', '--cfg-path', '/tmp/tmpu99939ia']
[2025-10-25T21:40:31.816+0000] {standard_task_runner.py:72} INFO - Started process 89 to run task
[2025-10-25T21:40:31.817+0000] {standard_task_runner.py:105} INFO - Job 128: Subtask generate_sensor_data
[2025-10-25T21:40:31.861+0000] {task_command.py:467} INFO - Running <TaskInstance: iot_sensor_data_dag.generate_sensor_data scheduled__2025-10-25T21:40:15+00:00 [running]> on host 4f76d54186b6
[2025-10-25T21:40:31.930+0000] {taskinstance.py:3134} INFO - Exporting env vars: AIRFLOW_CTX_DAG_OWNER='***' AIRFLOW_CTX_DAG_ID='iot_sensor_data_dag' AIRFLOW_CTX_TASK_ID='generate_sensor_data' AIRFLOW_CTX_EXECUTION_DATE='2025-10-25T21:40:15+00:00' AIRFLOW_CTX_TRY_NUMBER='1' AIRFLOW_CTX_DAG_RUN_ID='scheduled__2025-10-25T21:40:15+00:00'
[2025-10-25T21:40:31.931+0000] {logging_mixin.py:190} INFO - Task instance is in running state
[2025-10-25T21:40:31.933+0000] {logging_mixin.py:190} INFO -  Previous state of the Task instance: queued
[2025-10-25T21:40:31.934+0000] {logging_mixin.py:190} INFO - Current task name:generate_sensor_data state:running start_date:2025-10-25 21:40:31.630435+00:00
[2025-10-25T21:40:31.935+0000] {logging_mixin.py:190} INFO - Dag name:iot_sensor_data_dag and current dag run status:running
[2025-10-25T21:40:31.936+0000] {taskinstance.py:732} INFO - ::endgroup::
[2025-10-25T21:40:31.987+0000] {logging_mixin.py:190} INFO - [2025-10-25 21:40:31.959128] Inserted sensor data: {'time': datetime.datetime(2025, 10, 25, 21, 40, 31, 959128), 'temperature': 27.53327777795001, 'Dissolved_oxygen': 6.041657399003887, 'PH': 7.583982686012411, 'Ammonia': 0.010492418737427149, 'Nitrite': 0.04884509203777324, 'Turbidty': 40.98242786444277, '_id': ObjectId('68fd43cfbf165edce5028916')}
[2025-10-25T21:40:31.990+0000] {python.py:218} INFO - Done. Returned value was: None
[2025-10-25T21:40:32.000+0000] {taskinstance.py:341} INFO - ::group::Post task execution logs
[2025-10-25T21:40:32.002+0000] {taskinstance.py:353} INFO - Marking task as SUCCESS. dag_id=iot_sensor_data_dag, task_id=generate_sensor_data, run_id=scheduled__2025-10-25T21:40:15+00:00, execution_date=20251025T214015, start_date=20251025T214031, end_date=20251025T214032
[2025-10-25T21:40:32.025+0000] {logging_mixin.py:190} INFO - Task instance in success state
[2025-10-25T21:40:32.026+0000] {logging_mixin.py:190} INFO -  Previous state of the Task instance: running
[2025-10-25T21:40:32.026+0000] {logging_mixin.py:190} INFO - Dag name:iot_sensor_data_dag queued_at:2025-10-25 21:40:30.075203+00:00
[2025-10-25T21:40:32.028+0000] {logging_mixin.py:190} INFO - Task hostname:4f76d54186b6 operator:PythonOperator
[2025-10-25T21:40:32.074+0000] {local_task_job_runner.py:266} INFO - Task exited with return code 0
[2025-10-25T21:40:32.105+0000] {taskinstance.py:3901} INFO - 0 downstream tasks scheduled from follow-on schedule check
[2025-10-25T21:40:32.111+0000] {local_task_job_runner.py:245} INFO - ::endgroup::
