[2025-10-25T21:44:17.312+0000] {local_task_job_runner.py:123} INFO - ::group::Pre task execution logs
[2025-10-25T21:44:17.325+0000] {taskinstance.py:2614} INFO - Dependencies all met for dep_context=non-requeueable deps ti=<TaskInstance: iot_sensor_data_dag.generate_sensor_data scheduled__2025-10-25T21:44:00+00:00 [queued]>
[2025-10-25T21:44:17.332+0000] {taskinstance.py:2614} INFO - Dependencies all met for dep_context=requeueable deps ti=<TaskInstance: iot_sensor_data_dag.generate_sensor_data scheduled__2025-10-25T21:44:00+00:00 [queued]>
[2025-10-25T21:44:17.334+0000] {taskinstance.py:2867} INFO - Starting attempt 1 of 1
[2025-10-25T21:44:17.496+0000] {taskinstance.py:2890} INFO - Executing <Task(PythonOperator): generate_sensor_data> on 2025-10-25 21:44:00+00:00
[2025-10-25T21:44:17.506+0000] {warnings.py:112} WARNING - /home/***/.local/lib/python3.12/site-packages/***/task/task_runner/standard_task_runner.py:70: DeprecationWarning: This process (pid=241) is multi-threaded, use of fork() may lead to deadlocks in the child.
  pid = os.fork()

[2025-10-25T21:44:17.510+0000] {standard_task_runner.py:72} INFO - Started process 243 to run task
[2025-10-25T21:44:17.509+0000] {standard_task_runner.py:104} INFO - Running: ['***', 'tasks', 'run', 'iot_sensor_data_dag', 'generate_sensor_data', 'scheduled__2025-10-25T21:44:00+00:00', '--job-id', '143', '--raw', '--subdir', 'DAGS_FOLDER/DEPI.py', '--cfg-path', '/tmp/tmpia2ea_fc']
[2025-10-25T21:44:17.511+0000] {standard_task_runner.py:105} INFO - Job 143: Subtask generate_sensor_data
[2025-10-25T21:44:17.561+0000] {task_command.py:467} INFO - Running <TaskInstance: iot_sensor_data_dag.generate_sensor_data scheduled__2025-10-25T21:44:00+00:00 [running]> on host 4f76d54186b6
[2025-10-25T21:44:17.634+0000] {taskinstance.py:3134} INFO - Exporting env vars: AIRFLOW_CTX_DAG_OWNER='***' AIRFLOW_CTX_DAG_ID='iot_sensor_data_dag' AIRFLOW_CTX_TASK_ID='generate_sensor_data' AIRFLOW_CTX_EXECUTION_DATE='2025-10-25T21:44:00+00:00' AIRFLOW_CTX_TRY_NUMBER='1' AIRFLOW_CTX_DAG_RUN_ID='scheduled__2025-10-25T21:44:00+00:00'
[2025-10-25T21:44:17.636+0000] {logging_mixin.py:190} INFO - Task instance is in running state
[2025-10-25T21:44:17.638+0000] {logging_mixin.py:190} INFO -  Previous state of the Task instance: queued
[2025-10-25T21:44:17.639+0000] {logging_mixin.py:190} INFO - Current task name:generate_sensor_data state:running start_date:2025-10-25 21:44:17.326860+00:00
[2025-10-25T21:44:17.640+0000] {logging_mixin.py:190} INFO - Dag name:iot_sensor_data_dag and current dag run status:running
[2025-10-25T21:44:17.640+0000] {taskinstance.py:732} INFO - ::endgroup::
[2025-10-25T21:44:17.670+0000] {logging_mixin.py:190} INFO - [2025-10-25 21:44:17.655082] Inserted sensor data: {'time': datetime.datetime(2025, 10, 25, 21, 44, 17, 655082), 'temperature': 27.663640411447254, 'Dissolved_oxygen': 5.9274906557132985, 'PH': 7.421317624845866, 'Ammonia': 0.009801986847150309, 'Nitrite': 0.05401086180702601, 'Turbidty': 39.93417072336705, '_id': ObjectId('68fd44b1bdab018686cb7503')}
[2025-10-25T21:44:17.672+0000] {python.py:218} INFO - Done. Returned value was: None
[2025-10-25T21:44:17.681+0000] {taskinstance.py:341} INFO - ::group::Post task execution logs
[2025-10-25T21:44:17.682+0000] {taskinstance.py:353} INFO - Marking task as SUCCESS. dag_id=iot_sensor_data_dag, task_id=generate_sensor_data, run_id=scheduled__2025-10-25T21:44:00+00:00, execution_date=20251025T214400, start_date=20251025T214417, end_date=20251025T214417
[2025-10-25T21:44:17.702+0000] {logging_mixin.py:190} INFO - Task instance in success state
[2025-10-25T21:44:17.703+0000] {logging_mixin.py:190} INFO -  Previous state of the Task instance: running
[2025-10-25T21:44:17.704+0000] {logging_mixin.py:190} INFO - Dag name:iot_sensor_data_dag queued_at:2025-10-25 21:44:15.923290+00:00
[2025-10-25T21:44:17.704+0000] {logging_mixin.py:190} INFO - Task hostname:4f76d54186b6 operator:PythonOperator
[2025-10-25T21:44:17.727+0000] {local_task_job_runner.py:266} INFO - Task exited with return code 0
[2025-10-25T21:44:17.749+0000] {taskinstance.py:3901} INFO - 0 downstream tasks scheduled from follow-on schedule check
[2025-10-25T21:44:17.754+0000] {local_task_job_runner.py:245} INFO - ::endgroup::
