[2025-10-25T20:46:31.484+0000] {local_task_job_runner.py:123} INFO - ::group::Pre task execution logs
[2025-10-25T20:46:31.495+0000] {taskinstance.py:2614} INFO - Dependencies all met for dep_context=non-requeueable deps ti=<TaskInstance: iot_sensor_data_dag.generate_sensor_data scheduled__2025-10-25T20:46:15+00:00 [queued]>
[2025-10-25T20:46:31.500+0000] {taskinstance.py:2614} INFO - Dependencies all met for dep_context=requeueable deps ti=<TaskInstance: iot_sensor_data_dag.generate_sensor_data scheduled__2025-10-25T20:46:15+00:00 [queued]>
[2025-10-25T20:46:31.501+0000] {taskinstance.py:2867} INFO - Starting attempt 1 of 1
[2025-10-25T20:46:31.615+0000] {taskinstance.py:2890} INFO - Executing <Task(PythonOperator): generate_sensor_data> on 2025-10-25 20:46:15+00:00
[2025-10-25T20:46:31.621+0000] {warnings.py:112} WARNING - /home/***/.local/lib/python3.12/site-packages/***/task/task_runner/standard_task_runner.py:70: DeprecationWarning: This process (pid=505) is multi-threaded, use of fork() may lead to deadlocks in the child.
  pid = os.fork()

[2025-10-25T20:46:31.623+0000] {standard_task_runner.py:72} INFO - Started process 507 to run task
[2025-10-25T20:46:31.623+0000] {standard_task_runner.py:104} INFO - Running: ['***', 'tasks', 'run', 'iot_sensor_data_dag', 'generate_sensor_data', 'scheduled__2025-10-25T20:46:15+00:00', '--job-id', '88', '--raw', '--subdir', 'DAGS_FOLDER/DEPI.py', '--cfg-path', '/tmp/tmp3rr9iao6']
[2025-10-25T20:46:31.624+0000] {standard_task_runner.py:105} INFO - Job 88: Subtask generate_sensor_data
[2025-10-25T20:46:31.673+0000] {task_command.py:467} INFO - Running <TaskInstance: iot_sensor_data_dag.generate_sensor_data scheduled__2025-10-25T20:46:15+00:00 [running]> on host 4f76d54186b6
[2025-10-25T20:46:31.731+0000] {taskinstance.py:3134} INFO - Exporting env vars: AIRFLOW_CTX_DAG_OWNER='***' AIRFLOW_CTX_DAG_ID='iot_sensor_data_dag' AIRFLOW_CTX_TASK_ID='generate_sensor_data' AIRFLOW_CTX_EXECUTION_DATE='2025-10-25T20:46:15+00:00' AIRFLOW_CTX_TRY_NUMBER='1' AIRFLOW_CTX_DAG_RUN_ID='scheduled__2025-10-25T20:46:15+00:00'
[2025-10-25T20:46:31.732+0000] {logging_mixin.py:190} INFO - Task instance is in running state
[2025-10-25T20:46:31.733+0000] {logging_mixin.py:190} INFO -  Previous state of the Task instance: queued
[2025-10-25T20:46:31.734+0000] {logging_mixin.py:190} INFO - Current task name:generate_sensor_data state:running start_date:2025-10-25 20:46:31.496260+00:00
[2025-10-25T20:46:31.735+0000] {logging_mixin.py:190} INFO - Dag name:iot_sensor_data_dag and current dag run status:running
[2025-10-25T20:46:31.736+0000] {taskinstance.py:732} INFO - ::endgroup::
[2025-10-25T20:46:31.771+0000] {logging_mixin.py:190} INFO - [2025-10-25 20:46:31.751515] Inserted sensor data: {'time': datetime.datetime(2025, 10, 25, 20, 46, 31, 751515), 'temperature': 27.553938827500424, 'Dissolved_oxygen': 6.096809291451185, 'PH': 7.508865343435863, 'Ammonia': 0.010175876544094695, 'Nitrite': 0.05090781976631198, 'Turbidty': 39.239806357263475, '_id': ObjectId('68fd3727e8be5e59a195a4f5')}
[2025-10-25T20:46:31.773+0000] {python.py:218} INFO - Done. Returned value was: None
[2025-10-25T20:46:31.781+0000] {taskinstance.py:341} INFO - ::group::Post task execution logs
[2025-10-25T20:46:31.782+0000] {taskinstance.py:353} INFO - Marking task as SUCCESS. dag_id=iot_sensor_data_dag, task_id=generate_sensor_data, run_id=scheduled__2025-10-25T20:46:15+00:00, execution_date=20251025T204615, start_date=20251025T204631, end_date=20251025T204631
[2025-10-25T20:46:31.800+0000] {logging_mixin.py:190} INFO - Task instance in success state
[2025-10-25T20:46:31.801+0000] {logging_mixin.py:190} INFO -  Previous state of the Task instance: running
[2025-10-25T20:46:31.802+0000] {logging_mixin.py:190} INFO - Dag name:iot_sensor_data_dag queued_at:2025-10-25 20:46:30.319528+00:00
[2025-10-25T20:46:31.803+0000] {logging_mixin.py:190} INFO - Task hostname:4f76d54186b6 operator:PythonOperator
[2025-10-25T20:46:31.838+0000] {local_task_job_runner.py:266} INFO - Task exited with return code 0
[2025-10-25T20:46:31.850+0000] {taskinstance.py:3901} INFO - 0 downstream tasks scheduled from follow-on schedule check
[2025-10-25T20:46:31.853+0000] {local_task_job_runner.py:245} INFO - ::endgroup::
