[2025-10-25T21:44:47.548+0000] {local_task_job_runner.py:123} INFO - ::group::Pre task execution logs
[2025-10-25T21:44:47.563+0000] {taskinstance.py:2614} INFO - Dependencies all met for dep_context=non-requeueable deps ti=<TaskInstance: iot_sensor_data_dag.generate_sensor_data scheduled__2025-10-25T21:44:30+00:00 [queued]>
[2025-10-25T21:44:47.571+0000] {taskinstance.py:2614} INFO - Dependencies all met for dep_context=requeueable deps ti=<TaskInstance: iot_sensor_data_dag.generate_sensor_data scheduled__2025-10-25T21:44:30+00:00 [queued]>
[2025-10-25T21:44:47.573+0000] {taskinstance.py:2867} INFO - Starting attempt 1 of 1
[2025-10-25T21:44:47.742+0000] {taskinstance.py:2890} INFO - Executing <Task(PythonOperator): generate_sensor_data> on 2025-10-25 21:44:30+00:00
[2025-10-25T21:44:47.753+0000] {warnings.py:112} WARNING - /home/***/.local/lib/python3.12/site-packages/***/task/task_runner/standard_task_runner.py:70: DeprecationWarning: This process (pid=262) is multi-threaded, use of fork() may lead to deadlocks in the child.
  pid = os.fork()

[2025-10-25T21:44:47.756+0000] {standard_task_runner.py:72} INFO - Started process 264 to run task
[2025-10-25T21:44:47.756+0000] {standard_task_runner.py:104} INFO - Running: ['***', 'tasks', 'run', 'iot_sensor_data_dag', 'generate_sensor_data', 'scheduled__2025-10-25T21:44:30+00:00', '--job-id', '145', '--raw', '--subdir', 'DAGS_FOLDER/DEPI.py', '--cfg-path', '/tmp/tmpfo9_9mho']
[2025-10-25T21:44:47.757+0000] {standard_task_runner.py:105} INFO - Job 145: Subtask generate_sensor_data
[2025-10-25T21:44:47.806+0000] {task_command.py:467} INFO - Running <TaskInstance: iot_sensor_data_dag.generate_sensor_data scheduled__2025-10-25T21:44:30+00:00 [running]> on host 4f76d54186b6
[2025-10-25T21:44:47.881+0000] {taskinstance.py:3134} INFO - Exporting env vars: AIRFLOW_CTX_DAG_OWNER='***' AIRFLOW_CTX_DAG_ID='iot_sensor_data_dag' AIRFLOW_CTX_TASK_ID='generate_sensor_data' AIRFLOW_CTX_EXECUTION_DATE='2025-10-25T21:44:30+00:00' AIRFLOW_CTX_TRY_NUMBER='1' AIRFLOW_CTX_DAG_RUN_ID='scheduled__2025-10-25T21:44:30+00:00'
[2025-10-25T21:44:47.883+0000] {logging_mixin.py:190} INFO - Task instance is in running state
[2025-10-25T21:44:47.884+0000] {logging_mixin.py:190} INFO -  Previous state of the Task instance: queued
[2025-10-25T21:44:47.885+0000] {logging_mixin.py:190} INFO - Current task name:generate_sensor_data state:running start_date:2025-10-25 21:44:47.565003+00:00
[2025-10-25T21:44:47.885+0000] {logging_mixin.py:190} INFO - Dag name:iot_sensor_data_dag and current dag run status:running
[2025-10-25T21:44:47.886+0000] {taskinstance.py:732} INFO - ::endgroup::
[2025-10-25T21:44:47.916+0000] {logging_mixin.py:190} INFO - [2025-10-25 21:44:47.901563] Inserted sensor data: {'time': datetime.datetime(2025, 10, 25, 21, 44, 47, 901563), 'temperature': 27.343111818590714, 'Dissolved_oxygen': 6.0588698809846955, 'PH': 7.421861917668975, 'Ammonia': 0.010021721205696284, 'Nitrite': 0.047428457918936934, 'Turbidty': 39.41575902490782, '_id': ObjectId('68fd44cf548fa2a6a3589f9c')}
[2025-10-25T21:44:47.918+0000] {python.py:218} INFO - Done. Returned value was: None
[2025-10-25T21:44:47.929+0000] {taskinstance.py:341} INFO - ::group::Post task execution logs
[2025-10-25T21:44:47.930+0000] {taskinstance.py:353} INFO - Marking task as SUCCESS. dag_id=iot_sensor_data_dag, task_id=generate_sensor_data, run_id=scheduled__2025-10-25T21:44:30+00:00, execution_date=20251025T214430, start_date=20251025T214447, end_date=20251025T214447
[2025-10-25T21:44:47.949+0000] {logging_mixin.py:190} INFO - Task instance in success state
[2025-10-25T21:44:47.950+0000] {logging_mixin.py:190} INFO -  Previous state of the Task instance: running
[2025-10-25T21:44:47.950+0000] {logging_mixin.py:190} INFO - Dag name:iot_sensor_data_dag queued_at:2025-10-25 21:44:46.067256+00:00
[2025-10-25T21:44:47.950+0000] {logging_mixin.py:190} INFO - Task hostname:4f76d54186b6 operator:PythonOperator
[2025-10-25T21:44:47.973+0000] {local_task_job_runner.py:266} INFO - Task exited with return code 0
[2025-10-25T21:44:47.994+0000] {taskinstance.py:3901} INFO - 0 downstream tasks scheduled from follow-on schedule check
[2025-10-25T21:44:47.998+0000] {local_task_job_runner.py:245} INFO - ::endgroup::
