[2025-10-25T21:50:17.345+0000] {local_task_job_runner.py:123} INFO - ::group::Pre task execution logs
[2025-10-25T21:50:17.360+0000] {taskinstance.py:2614} INFO - Dependencies all met for dep_context=non-requeueable deps ti=<TaskInstance: iot_sensor_data_dag.generate_sensor_data scheduled__2025-10-25T21:50:00+00:00 [queued]>
[2025-10-25T21:50:17.366+0000] {taskinstance.py:2614} INFO - Dependencies all met for dep_context=requeueable deps ti=<TaskInstance: iot_sensor_data_dag.generate_sensor_data scheduled__2025-10-25T21:50:00+00:00 [queued]>
[2025-10-25T21:50:17.368+0000] {taskinstance.py:2867} INFO - Starting attempt 1 of 1
[2025-10-25T21:50:17.486+0000] {taskinstance.py:2890} INFO - Executing <Task(PythonOperator): generate_sensor_data> on 2025-10-25 21:50:00+00:00
[2025-10-25T21:50:17.492+0000] {warnings.py:112} WARNING - /home/***/.local/lib/python3.12/site-packages/***/task/task_runner/standard_task_runner.py:70: DeprecationWarning: This process (pid=486) is multi-threaded, use of fork() may lead to deadlocks in the child.
  pid = os.fork()

[2025-10-25T21:50:17.494+0000] {standard_task_runner.py:72} INFO - Started process 488 to run task
[2025-10-25T21:50:17.494+0000] {standard_task_runner.py:104} INFO - Running: ['***', 'tasks', 'run', 'iot_sensor_data_dag', 'generate_sensor_data', 'scheduled__2025-10-25T21:50:00+00:00', '--job-id', '167', '--raw', '--subdir', 'DAGS_FOLDER/DEPI.py', '--cfg-path', '/tmp/tmpl5lxv3w7']
[2025-10-25T21:50:17.496+0000] {standard_task_runner.py:105} INFO - Job 167: Subtask generate_sensor_data
[2025-10-25T21:50:17.537+0000] {task_command.py:467} INFO - Running <TaskInstance: iot_sensor_data_dag.generate_sensor_data scheduled__2025-10-25T21:50:00+00:00 [running]> on host 4f76d54186b6
[2025-10-25T21:50:17.601+0000] {taskinstance.py:3134} INFO - Exporting env vars: AIRFLOW_CTX_DAG_OWNER='***' AIRFLOW_CTX_DAG_ID='iot_sensor_data_dag' AIRFLOW_CTX_TASK_ID='generate_sensor_data' AIRFLOW_CTX_EXECUTION_DATE='2025-10-25T21:50:00+00:00' AIRFLOW_CTX_TRY_NUMBER='1' AIRFLOW_CTX_DAG_RUN_ID='scheduled__2025-10-25T21:50:00+00:00'
[2025-10-25T21:50:17.603+0000] {logging_mixin.py:190} INFO - Task instance is in running state
[2025-10-25T21:50:17.604+0000] {logging_mixin.py:190} INFO -  Previous state of the Task instance: queued
[2025-10-25T21:50:17.605+0000] {logging_mixin.py:190} INFO - Current task name:generate_sensor_data state:running start_date:2025-10-25 21:50:17.361086+00:00
[2025-10-25T21:50:17.605+0000] {logging_mixin.py:190} INFO - Dag name:iot_sensor_data_dag and current dag run status:running
[2025-10-25T21:50:17.606+0000] {taskinstance.py:732} INFO - ::endgroup::
[2025-10-25T21:50:17.638+0000] {logging_mixin.py:190} INFO - [2025-10-25 21:50:17.623619] Inserted sensor data: {'time': datetime.datetime(2025, 10, 25, 21, 50, 17, 623619), 'temperature': 27.69962502521999, 'Dissolved_oxygen': 5.917675805821242, 'PH': 7.4379871361146375, 'Ammonia': 0.009351245423700874, 'Nitrite': 0.04972841545823179, 'Turbidty': 40.38424862431602, '_id': ObjectId('68fd46197f00e9e5a99bb21d')}
[2025-10-25T21:50:17.640+0000] {python.py:218} INFO - Done. Returned value was: None
[2025-10-25T21:50:17.650+0000] {taskinstance.py:341} INFO - ::group::Post task execution logs
[2025-10-25T21:50:17.651+0000] {taskinstance.py:353} INFO - Marking task as SUCCESS. dag_id=iot_sensor_data_dag, task_id=generate_sensor_data, run_id=scheduled__2025-10-25T21:50:00+00:00, execution_date=20251025T215000, start_date=20251025T215017, end_date=20251025T215017
[2025-10-25T21:50:17.672+0000] {logging_mixin.py:190} INFO - Task instance in success state
[2025-10-25T21:50:17.672+0000] {logging_mixin.py:190} INFO -  Previous state of the Task instance: running
[2025-10-25T21:50:17.673+0000] {logging_mixin.py:190} INFO - Dag name:iot_sensor_data_dag queued_at:2025-10-25 21:50:15.999338+00:00
[2025-10-25T21:50:17.673+0000] {logging_mixin.py:190} INFO - Task hostname:4f76d54186b6 operator:PythonOperator
[2025-10-25T21:50:17.710+0000] {local_task_job_runner.py:266} INFO - Task exited with return code 0
[2025-10-25T21:50:17.730+0000] {taskinstance.py:3901} INFO - 0 downstream tasks scheduled from follow-on schedule check
[2025-10-25T21:50:17.734+0000] {local_task_job_runner.py:245} INFO - ::endgroup::
