[2025-10-25T20:48:17.416+0000] {local_task_job_runner.py:123} INFO - ::group::Pre task execution logs
[2025-10-25T20:48:17.429+0000] {taskinstance.py:2614} INFO - Dependencies all met for dep_context=non-requeueable deps ti=<TaskInstance: iot_sensor_data_dag.generate_sensor_data scheduled__2025-10-25T20:48:00+00:00 [queued]>
[2025-10-25T20:48:17.436+0000] {taskinstance.py:2614} INFO - Dependencies all met for dep_context=requeueable deps ti=<TaskInstance: iot_sensor_data_dag.generate_sensor_data scheduled__2025-10-25T20:48:00+00:00 [queued]>
[2025-10-25T20:48:17.440+0000] {taskinstance.py:2867} INFO - Starting attempt 1 of 1
[2025-10-25T20:48:17.554+0000] {taskinstance.py:2890} INFO - Executing <Task(PythonOperator): generate_sensor_data> on 2025-10-25 20:48:00+00:00
[2025-10-25T20:48:17.561+0000] {warnings.py:112} WARNING - /home/***/.local/lib/python3.12/site-packages/***/task/task_runner/standard_task_runner.py:70: DeprecationWarning: This process (pid=582) is multi-threaded, use of fork() may lead to deadlocks in the child.
  pid = os.fork()

[2025-10-25T20:48:17.563+0000] {standard_task_runner.py:104} INFO - Running: ['***', 'tasks', 'run', 'iot_sensor_data_dag', 'generate_sensor_data', 'scheduled__2025-10-25T20:48:00+00:00', '--job-id', '95', '--raw', '--subdir', 'DAGS_FOLDER/DEPI.py', '--cfg-path', '/tmp/tmpppwsj5he']
[2025-10-25T20:48:17.564+0000] {standard_task_runner.py:72} INFO - Started process 584 to run task
[2025-10-25T20:48:17.564+0000] {standard_task_runner.py:105} INFO - Job 95: Subtask generate_sensor_data
[2025-10-25T20:48:17.604+0000] {task_command.py:467} INFO - Running <TaskInstance: iot_sensor_data_dag.generate_sensor_data scheduled__2025-10-25T20:48:00+00:00 [running]> on host 4f76d54186b6
[2025-10-25T20:48:17.661+0000] {taskinstance.py:3134} INFO - Exporting env vars: AIRFLOW_CTX_DAG_OWNER='***' AIRFLOW_CTX_DAG_ID='iot_sensor_data_dag' AIRFLOW_CTX_TASK_ID='generate_sensor_data' AIRFLOW_CTX_EXECUTION_DATE='2025-10-25T20:48:00+00:00' AIRFLOW_CTX_TRY_NUMBER='1' AIRFLOW_CTX_DAG_RUN_ID='scheduled__2025-10-25T20:48:00+00:00'
[2025-10-25T20:48:17.662+0000] {logging_mixin.py:190} INFO - Task instance is in running state
[2025-10-25T20:48:17.663+0000] {logging_mixin.py:190} INFO -  Previous state of the Task instance: queued
[2025-10-25T20:48:17.664+0000] {logging_mixin.py:190} INFO - Current task name:generate_sensor_data state:running start_date:2025-10-25 20:48:17.431880+00:00
[2025-10-25T20:48:17.664+0000] {logging_mixin.py:190} INFO - Dag name:iot_sensor_data_dag and current dag run status:running
[2025-10-25T20:48:17.665+0000] {taskinstance.py:732} INFO - ::endgroup::
[2025-10-25T20:48:17.694+0000] {logging_mixin.py:190} INFO - [2025-10-25 20:48:17.678242] Inserted sensor data: {'time': datetime.datetime(2025, 10, 25, 20, 48, 17, 678242), 'temperature': 27.52678237240458, 'Dissolved_oxygen': 6.093771547317205, 'PH': 7.438279805988819, 'Ammonia': 0.009247409385119679, 'Nitrite': 0.05211210784731871, 'Turbidty': 39.83096181811803, '_id': ObjectId('68fd3791dbf944cffa728222')}
[2025-10-25T20:48:17.696+0000] {python.py:218} INFO - Done. Returned value was: None
[2025-10-25T20:48:17.706+0000] {taskinstance.py:341} INFO - ::group::Post task execution logs
[2025-10-25T20:48:17.708+0000] {taskinstance.py:353} INFO - Marking task as SUCCESS. dag_id=iot_sensor_data_dag, task_id=generate_sensor_data, run_id=scheduled__2025-10-25T20:48:00+00:00, execution_date=20251025T204800, start_date=20251025T204817, end_date=20251025T204817
[2025-10-25T20:48:17.727+0000] {logging_mixin.py:190} INFO - Task instance in success state
[2025-10-25T20:48:17.729+0000] {logging_mixin.py:190} INFO -  Previous state of the Task instance: running
[2025-10-25T20:48:17.730+0000] {logging_mixin.py:190} INFO - Dag name:iot_sensor_data_dag queued_at:2025-10-25 20:48:16.021719+00:00
[2025-10-25T20:48:17.731+0000] {logging_mixin.py:190} INFO - Task hostname:4f76d54186b6 operator:PythonOperator
[2025-10-25T20:48:17.780+0000] {local_task_job_runner.py:266} INFO - Task exited with return code 0
[2025-10-25T20:48:17.796+0000] {taskinstance.py:3901} INFO - 0 downstream tasks scheduled from follow-on schedule check
[2025-10-25T20:48:17.798+0000] {local_task_job_runner.py:245} INFO - ::endgroup::
