[2025-10-25T20:45:47.222+0000] {local_task_job_runner.py:123} INFO - ::group::Pre task execution logs
[2025-10-25T20:45:47.239+0000] {taskinstance.py:2614} INFO - Dependencies all met for dep_context=non-requeueable deps ti=<TaskInstance: iot_sensor_data_dag.generate_sensor_data scheduled__2025-10-25T20:45:30+00:00 [queued]>
[2025-10-25T20:45:47.244+0000] {taskinstance.py:2614} INFO - Dependencies all met for dep_context=requeueable deps ti=<TaskInstance: iot_sensor_data_dag.generate_sensor_data scheduled__2025-10-25T20:45:30+00:00 [queued]>
[2025-10-25T20:45:47.245+0000] {taskinstance.py:2867} INFO - Starting attempt 1 of 1
[2025-10-25T20:45:47.354+0000] {taskinstance.py:2890} INFO - Executing <Task(PythonOperator): generate_sensor_data> on 2025-10-25 20:45:30+00:00
[2025-10-25T20:45:47.359+0000] {warnings.py:112} WARNING - /home/***/.local/lib/python3.12/site-packages/***/task/task_runner/standard_task_runner.py:70: DeprecationWarning: This process (pid=477) is multi-threaded, use of fork() may lead to deadlocks in the child.
  pid = os.fork()

[2025-10-25T20:45:47.361+0000] {standard_task_runner.py:72} INFO - Started process 479 to run task
[2025-10-25T20:45:47.362+0000] {standard_task_runner.py:104} INFO - Running: ['***', 'tasks', 'run', 'iot_sensor_data_dag', 'generate_sensor_data', 'scheduled__2025-10-25T20:45:30+00:00', '--job-id', '85', '--raw', '--subdir', 'DAGS_FOLDER/DEPI.py', '--cfg-path', '/tmp/tmpo3xz2zle']
[2025-10-25T20:45:47.363+0000] {standard_task_runner.py:105} INFO - Job 85: Subtask generate_sensor_data
[2025-10-25T20:45:47.396+0000] {task_command.py:467} INFO - Running <TaskInstance: iot_sensor_data_dag.generate_sensor_data scheduled__2025-10-25T20:45:30+00:00 [running]> on host 4f76d54186b6
[2025-10-25T20:45:47.454+0000] {taskinstance.py:3134} INFO - Exporting env vars: AIRFLOW_CTX_DAG_OWNER='***' AIRFLOW_CTX_DAG_ID='iot_sensor_data_dag' AIRFLOW_CTX_TASK_ID='generate_sensor_data' AIRFLOW_CTX_EXECUTION_DATE='2025-10-25T20:45:30+00:00' AIRFLOW_CTX_TRY_NUMBER='1' AIRFLOW_CTX_DAG_RUN_ID='scheduled__2025-10-25T20:45:30+00:00'
[2025-10-25T20:45:47.456+0000] {logging_mixin.py:190} INFO - Task instance is in running state
[2025-10-25T20:45:47.457+0000] {logging_mixin.py:190} INFO -  Previous state of the Task instance: queued
[2025-10-25T20:45:47.458+0000] {logging_mixin.py:190} INFO - Current task name:generate_sensor_data state:running start_date:2025-10-25 20:45:47.240203+00:00
[2025-10-25T20:45:47.458+0000] {logging_mixin.py:190} INFO - Dag name:iot_sensor_data_dag and current dag run status:running
[2025-10-25T20:45:47.459+0000] {taskinstance.py:732} INFO - ::endgroup::
[2025-10-25T20:45:47.488+0000] {logging_mixin.py:190} INFO - [2025-10-25 20:45:47.472850] Inserted sensor data: {'time': datetime.datetime(2025, 10, 25, 20, 45, 47, 472850), 'temperature': 27.428058019332823, 'Dissolved_oxygen': 6.048618500051565, 'PH': 7.588681943325229, 'Ammonia': 0.009264608523454785, 'Nitrite': 0.05305308967555684, 'Turbidty': 40.331969947356924, '_id': ObjectId('68fd36fb209e0da352089e66')}
[2025-10-25T20:45:47.490+0000] {python.py:218} INFO - Done. Returned value was: None
[2025-10-25T20:45:47.499+0000] {taskinstance.py:341} INFO - ::group::Post task execution logs
[2025-10-25T20:45:47.500+0000] {taskinstance.py:353} INFO - Marking task as SUCCESS. dag_id=iot_sensor_data_dag, task_id=generate_sensor_data, run_id=scheduled__2025-10-25T20:45:30+00:00, execution_date=20251025T204530, start_date=20251025T204547, end_date=20251025T204547
[2025-10-25T20:45:47.517+0000] {logging_mixin.py:190} INFO - Task instance in success state
[2025-10-25T20:45:47.518+0000] {logging_mixin.py:190} INFO -  Previous state of the Task instance: running
[2025-10-25T20:45:47.519+0000] {logging_mixin.py:190} INFO - Dag name:iot_sensor_data_dag queued_at:2025-10-25 20:45:45.957583+00:00
[2025-10-25T20:45:47.519+0000] {logging_mixin.py:190} INFO - Task hostname:4f76d54186b6 operator:PythonOperator
[2025-10-25T20:45:47.536+0000] {local_task_job_runner.py:266} INFO - Task exited with return code 0
[2025-10-25T20:45:47.548+0000] {taskinstance.py:3901} INFO - 0 downstream tasks scheduled from follow-on schedule check
[2025-10-25T20:45:47.550+0000] {local_task_job_runner.py:245} INFO - ::endgroup::
