[2025-10-25T20:50:01.478+0000] {local_task_job_runner.py:123} INFO - ::group::Pre task execution logs
[2025-10-25T20:50:01.498+0000] {taskinstance.py:2614} INFO - Dependencies all met for dep_context=non-requeueable deps ti=<TaskInstance: iot_sensor_data_dag.generate_sensor_data scheduled__2025-10-25T20:49:45+00:00 [queued]>
[2025-10-25T20:50:01.505+0000] {taskinstance.py:2614} INFO - Dependencies all met for dep_context=requeueable deps ti=<TaskInstance: iot_sensor_data_dag.generate_sensor_data scheduled__2025-10-25T20:49:45+00:00 [queued]>
[2025-10-25T20:50:01.511+0000] {taskinstance.py:2867} INFO - Starting attempt 1 of 1
[2025-10-25T20:50:01.630+0000] {taskinstance.py:2890} INFO - Executing <Task(PythonOperator): generate_sensor_data> on 2025-10-25 20:49:45+00:00
[2025-10-25T20:50:01.636+0000] {warnings.py:112} WARNING - /home/***/.local/lib/python3.12/site-packages/***/task/task_runner/standard_task_runner.py:70: DeprecationWarning: This process (pid=652) is multi-threaded, use of fork() may lead to deadlocks in the child.
  pid = os.fork()

[2025-10-25T20:50:01.638+0000] {standard_task_runner.py:104} INFO - Running: ['***', 'tasks', 'run', 'iot_sensor_data_dag', 'generate_sensor_data', 'scheduled__2025-10-25T20:49:45+00:00', '--job-id', '102', '--raw', '--subdir', 'DAGS_FOLDER/DEPI.py', '--cfg-path', '/tmp/tmphklrjvz1']
[2025-10-25T20:50:01.639+0000] {standard_task_runner.py:72} INFO - Started process 654 to run task
[2025-10-25T20:50:01.640+0000] {standard_task_runner.py:105} INFO - Job 102: Subtask generate_sensor_data
[2025-10-25T20:50:01.684+0000] {task_command.py:467} INFO - Running <TaskInstance: iot_sensor_data_dag.generate_sensor_data scheduled__2025-10-25T20:49:45+00:00 [running]> on host 4f76d54186b6
[2025-10-25T20:50:01.743+0000] {taskinstance.py:3134} INFO - Exporting env vars: AIRFLOW_CTX_DAG_OWNER='***' AIRFLOW_CTX_DAG_ID='iot_sensor_data_dag' AIRFLOW_CTX_TASK_ID='generate_sensor_data' AIRFLOW_CTX_EXECUTION_DATE='2025-10-25T20:49:45+00:00' AIRFLOW_CTX_TRY_NUMBER='1' AIRFLOW_CTX_DAG_RUN_ID='scheduled__2025-10-25T20:49:45+00:00'
[2025-10-25T20:50:01.745+0000] {logging_mixin.py:190} INFO - Task instance is in running state
[2025-10-25T20:50:01.746+0000] {logging_mixin.py:190} INFO -  Previous state of the Task instance: queued
[2025-10-25T20:50:01.747+0000] {logging_mixin.py:190} INFO - Current task name:generate_sensor_data state:running start_date:2025-10-25 20:50:01.499987+00:00
[2025-10-25T20:50:01.747+0000] {logging_mixin.py:190} INFO - Dag name:iot_sensor_data_dag and current dag run status:running
[2025-10-25T20:50:01.748+0000] {taskinstance.py:732} INFO - ::endgroup::
[2025-10-25T20:50:01.798+0000] {logging_mixin.py:190} INFO - [2025-10-25 20:50:01.764543] Inserted sensor data: {'time': datetime.datetime(2025, 10, 25, 20, 50, 1, 764543), 'temperature': 27.343233570366035, 'Dissolved_oxygen': 5.977063491306484, 'PH': 7.532460702201203, 'Ammonia': 0.010347621664773737, 'Nitrite': 0.050503815679773176, 'Turbidty': 39.982423172066, '_id': ObjectId('68fd37f9ab43d6136077cdca')}
[2025-10-25T20:50:01.802+0000] {python.py:218} INFO - Done. Returned value was: None
[2025-10-25T20:50:01.811+0000] {taskinstance.py:341} INFO - ::group::Post task execution logs
[2025-10-25T20:50:01.812+0000] {taskinstance.py:353} INFO - Marking task as SUCCESS. dag_id=iot_sensor_data_dag, task_id=generate_sensor_data, run_id=scheduled__2025-10-25T20:49:45+00:00, execution_date=20251025T204945, start_date=20251025T205001, end_date=20251025T205001
[2025-10-25T20:50:01.837+0000] {logging_mixin.py:190} INFO - Task instance in success state
[2025-10-25T20:50:01.837+0000] {logging_mixin.py:190} INFO -  Previous state of the Task instance: running
[2025-10-25T20:50:01.838+0000] {logging_mixin.py:190} INFO - Dag name:iot_sensor_data_dag queued_at:2025-10-25 20:50:00.035210+00:00
[2025-10-25T20:50:01.839+0000] {logging_mixin.py:190} INFO - Task hostname:4f76d54186b6 operator:PythonOperator
[2025-10-25T20:50:01.857+0000] {local_task_job_runner.py:266} INFO - Task exited with return code 0
[2025-10-25T20:50:01.871+0000] {taskinstance.py:3901} INFO - 0 downstream tasks scheduled from follow-on schedule check
[2025-10-25T20:50:01.874+0000] {local_task_job_runner.py:245} INFO - ::endgroup::
