[2025-10-25T22:00:17.105+0000] {local_task_job_runner.py:123} INFO - ::group::Pre task execution logs
[2025-10-25T22:00:17.118+0000] {taskinstance.py:2614} INFO - Dependencies all met for dep_context=non-requeueable deps ti=<TaskInstance: iot_sensor_data_dag.generate_sensor_data scheduled__2025-10-25T22:00:00+00:00 [queued]>
[2025-10-25T22:00:17.125+0000] {taskinstance.py:2614} INFO - Dependencies all met for dep_context=requeueable deps ti=<TaskInstance: iot_sensor_data_dag.generate_sensor_data scheduled__2025-10-25T22:00:00+00:00 [queued]>
[2025-10-25T22:00:17.126+0000] {taskinstance.py:2867} INFO - Starting attempt 1 of 1
[2025-10-25T22:00:17.253+0000] {taskinstance.py:2890} INFO - Executing <Task(PythonOperator): generate_sensor_data> on 2025-10-25 22:00:00+00:00
[2025-10-25T22:00:17.260+0000] {warnings.py:112} WARNING - /home/***/.local/lib/python3.12/site-packages/***/task/task_runner/standard_task_runner.py:70: DeprecationWarning: This process (pid=899) is multi-threaded, use of fork() may lead to deadlocks in the child.
  pid = os.fork()

[2025-10-25T22:00:17.262+0000] {standard_task_runner.py:104} INFO - Running: ['***', 'tasks', 'run', 'iot_sensor_data_dag', 'generate_sensor_data', 'scheduled__2025-10-25T22:00:00+00:00', '--job-id', '207', '--raw', '--subdir', 'DAGS_FOLDER/DEPI.py', '--cfg-path', '/tmp/tmp3f1z2x9v']
[2025-10-25T22:00:17.263+0000] {standard_task_runner.py:72} INFO - Started process 901 to run task
[2025-10-25T22:00:17.264+0000] {standard_task_runner.py:105} INFO - Job 207: Subtask generate_sensor_data
[2025-10-25T22:00:17.312+0000] {task_command.py:467} INFO - Running <TaskInstance: iot_sensor_data_dag.generate_sensor_data scheduled__2025-10-25T22:00:00+00:00 [running]> on host 4f76d54186b6
[2025-10-25T22:00:17.383+0000] {taskinstance.py:3134} INFO - Exporting env vars: AIRFLOW_CTX_DAG_OWNER='***' AIRFLOW_CTX_DAG_ID='iot_sensor_data_dag' AIRFLOW_CTX_TASK_ID='generate_sensor_data' AIRFLOW_CTX_EXECUTION_DATE='2025-10-25T22:00:00+00:00' AIRFLOW_CTX_TRY_NUMBER='1' AIRFLOW_CTX_DAG_RUN_ID='scheduled__2025-10-25T22:00:00+00:00'
[2025-10-25T22:00:17.385+0000] {logging_mixin.py:190} INFO - Task instance is in running state
[2025-10-25T22:00:17.386+0000] {logging_mixin.py:190} INFO -  Previous state of the Task instance: queued
[2025-10-25T22:00:17.386+0000] {logging_mixin.py:190} INFO - Current task name:generate_sensor_data state:running start_date:2025-10-25 22:00:17.119725+00:00
[2025-10-25T22:00:17.387+0000] {logging_mixin.py:190} INFO - Dag name:iot_sensor_data_dag and current dag run status:running
[2025-10-25T22:00:17.388+0000] {taskinstance.py:732} INFO - ::endgroup::
[2025-10-25T22:00:17.424+0000] {logging_mixin.py:190} INFO - [2025-10-25 22:00:17.407577] Inserted sensor data: {'time': datetime.datetime(2025, 10, 25, 22, 0, 17, 407577), 'temperature': 27.604232135438576, 'Dissolved_oxygen': 5.9876897519179, 'PH': 7.593556506257139, 'Ammonia': 0.009808821641849713, 'Nitrite': 0.04878496659887826, 'Turbidty': 40.87671589606331, '_id': ObjectId('68fd4871cd8657f73f775cec')}
[2025-10-25T22:00:17.426+0000] {python.py:218} INFO - Done. Returned value was: None
[2025-10-25T22:00:17.435+0000] {taskinstance.py:341} INFO - ::group::Post task execution logs
[2025-10-25T22:00:17.436+0000] {taskinstance.py:353} INFO - Marking task as SUCCESS. dag_id=iot_sensor_data_dag, task_id=generate_sensor_data, run_id=scheduled__2025-10-25T22:00:00+00:00, execution_date=20251025T220000, start_date=20251025T220017, end_date=20251025T220017
[2025-10-25T22:00:17.456+0000] {logging_mixin.py:190} INFO - Task instance in success state
[2025-10-25T22:00:17.457+0000] {logging_mixin.py:190} INFO -  Previous state of the Task instance: running
[2025-10-25T22:00:17.458+0000] {logging_mixin.py:190} INFO - Dag name:iot_sensor_data_dag queued_at:2025-10-25 22:00:15.685212+00:00
[2025-10-25T22:00:17.458+0000] {logging_mixin.py:190} INFO - Task hostname:4f76d54186b6 operator:PythonOperator
[2025-10-25T22:00:17.480+0000] {local_task_job_runner.py:266} INFO - Task exited with return code 0
[2025-10-25T22:00:17.505+0000] {taskinstance.py:3901} INFO - 0 downstream tasks scheduled from follow-on schedule check
[2025-10-25T22:00:17.510+0000] {local_task_job_runner.py:245} INFO - ::endgroup::
