[2025-10-25T21:53:32.032+0000] {local_task_job_runner.py:123} INFO - ::group::Pre task execution logs
[2025-10-25T21:53:32.048+0000] {taskinstance.py:2614} INFO - Dependencies all met for dep_context=non-requeueable deps ti=<TaskInstance: iot_sensor_data_dag.generate_sensor_data scheduled__2025-10-25T21:53:15+00:00 [queued]>
[2025-10-25T21:53:32.055+0000] {taskinstance.py:2614} INFO - Dependencies all met for dep_context=requeueable deps ti=<TaskInstance: iot_sensor_data_dag.generate_sensor_data scheduled__2025-10-25T21:53:15+00:00 [queued]>
[2025-10-25T21:53:32.056+0000] {taskinstance.py:2867} INFO - Starting attempt 1 of 1
[2025-10-25T21:53:32.215+0000] {taskinstance.py:2890} INFO - Executing <Task(PythonOperator): generate_sensor_data> on 2025-10-25 21:53:15+00:00
[2025-10-25T21:53:32.226+0000] {warnings.py:112} WARNING - /home/***/.local/lib/python3.12/site-packages/***/task/task_runner/standard_task_runner.py:70: DeprecationWarning: This process (pid=619) is multi-threaded, use of fork() may lead to deadlocks in the child.
  pid = os.fork()

[2025-10-25T21:53:32.230+0000] {standard_task_runner.py:72} INFO - Started process 621 to run task
[2025-10-25T21:53:32.229+0000] {standard_task_runner.py:104} INFO - Running: ['***', 'tasks', 'run', 'iot_sensor_data_dag', 'generate_sensor_data', 'scheduled__2025-10-25T21:53:15+00:00', '--job-id', '180', '--raw', '--subdir', 'DAGS_FOLDER/DEPI.py', '--cfg-path', '/tmp/tmpss2f2o9s']
[2025-10-25T21:53:32.232+0000] {standard_task_runner.py:105} INFO - Job 180: Subtask generate_sensor_data
[2025-10-25T21:53:32.280+0000] {task_command.py:467} INFO - Running <TaskInstance: iot_sensor_data_dag.generate_sensor_data scheduled__2025-10-25T21:53:15+00:00 [running]> on host 4f76d54186b6
[2025-10-25T21:53:32.347+0000] {taskinstance.py:3134} INFO - Exporting env vars: AIRFLOW_CTX_DAG_OWNER='***' AIRFLOW_CTX_DAG_ID='iot_sensor_data_dag' AIRFLOW_CTX_TASK_ID='generate_sensor_data' AIRFLOW_CTX_EXECUTION_DATE='2025-10-25T21:53:15+00:00' AIRFLOW_CTX_TRY_NUMBER='1' AIRFLOW_CTX_DAG_RUN_ID='scheduled__2025-10-25T21:53:15+00:00'
[2025-10-25T21:53:32.348+0000] {logging_mixin.py:190} INFO - Task instance is in running state
[2025-10-25T21:53:32.349+0000] {logging_mixin.py:190} INFO -  Previous state of the Task instance: queued
[2025-10-25T21:53:32.350+0000] {logging_mixin.py:190} INFO - Current task name:generate_sensor_data state:running start_date:2025-10-25 21:53:32.049378+00:00
[2025-10-25T21:53:32.351+0000] {logging_mixin.py:190} INFO - Dag name:iot_sensor_data_dag and current dag run status:running
[2025-10-25T21:53:32.351+0000] {taskinstance.py:732} INFO - ::endgroup::
[2025-10-25T21:53:32.382+0000] {logging_mixin.py:190} INFO - [2025-10-25 21:53:32.367182] Inserted sensor data: {'time': datetime.datetime(2025, 10, 25, 21, 53, 32, 367182), 'temperature': 27.361612805084132, 'Dissolved_oxygen': 6.051097317715998, 'PH': 7.5590713060160954, 'Ammonia': 0.010479799006593403, 'Nitrite': 0.052565772896717954, 'Turbidty': 39.10039014571785, '_id': ObjectId('68fd46dc8e556add1e7e9277')}
[2025-10-25T21:53:32.385+0000] {python.py:218} INFO - Done. Returned value was: None
[2025-10-25T21:53:32.395+0000] {taskinstance.py:341} INFO - ::group::Post task execution logs
[2025-10-25T21:53:32.396+0000] {taskinstance.py:353} INFO - Marking task as SUCCESS. dag_id=iot_sensor_data_dag, task_id=generate_sensor_data, run_id=scheduled__2025-10-25T21:53:15+00:00, execution_date=20251025T215315, start_date=20251025T215332, end_date=20251025T215332
[2025-10-25T21:53:32.417+0000] {logging_mixin.py:190} INFO - Task instance in success state
[2025-10-25T21:53:32.418+0000] {logging_mixin.py:190} INFO -  Previous state of the Task instance: running
[2025-10-25T21:53:32.418+0000] {logging_mixin.py:190} INFO - Dag name:iot_sensor_data_dag queued_at:2025-10-25 21:53:30.673978+00:00
[2025-10-25T21:53:32.419+0000] {logging_mixin.py:190} INFO - Task hostname:4f76d54186b6 operator:PythonOperator
[2025-10-25T21:53:32.447+0000] {local_task_job_runner.py:266} INFO - Task exited with return code 0
[2025-10-25T21:53:32.472+0000] {taskinstance.py:3901} INFO - 0 downstream tasks scheduled from follow-on schedule check
[2025-10-25T21:53:32.478+0000] {local_task_job_runner.py:245} INFO - ::endgroup::
