[2025-10-25T21:58:46.577+0000] {local_task_job_runner.py:123} INFO - ::group::Pre task execution logs
[2025-10-25T21:58:46.590+0000] {taskinstance.py:2614} INFO - Dependencies all met for dep_context=non-requeueable deps ti=<TaskInstance: iot_sensor_data_dag.generate_sensor_data scheduled__2025-10-25T21:58:30+00:00 [queued]>
[2025-10-25T21:58:46.596+0000] {taskinstance.py:2614} INFO - Dependencies all met for dep_context=requeueable deps ti=<TaskInstance: iot_sensor_data_dag.generate_sensor_data scheduled__2025-10-25T21:58:30+00:00 [queued]>
[2025-10-25T21:58:46.597+0000] {taskinstance.py:2867} INFO - Starting attempt 1 of 1
[2025-10-25T21:58:46.726+0000] {taskinstance.py:2890} INFO - Executing <Task(PythonOperator): generate_sensor_data> on 2025-10-25 21:58:30+00:00
[2025-10-25T21:58:46.733+0000] {warnings.py:112} WARNING - /home/***/.local/lib/python3.12/site-packages/***/task/task_runner/standard_task_runner.py:70: DeprecationWarning: This process (pid=836) is multi-threaded, use of fork() may lead to deadlocks in the child.
  pid = os.fork()

[2025-10-25T21:58:46.736+0000] {standard_task_runner.py:72} INFO - Started process 838 to run task
[2025-10-25T21:58:46.737+0000] {standard_task_runner.py:104} INFO - Running: ['***', 'tasks', 'run', 'iot_sensor_data_dag', 'generate_sensor_data', 'scheduled__2025-10-25T21:58:30+00:00', '--job-id', '201', '--raw', '--subdir', 'DAGS_FOLDER/DEPI.py', '--cfg-path', '/tmp/tmpjytuyba5']
[2025-10-25T21:58:46.739+0000] {standard_task_runner.py:105} INFO - Job 201: Subtask generate_sensor_data
[2025-10-25T21:58:46.798+0000] {task_command.py:467} INFO - Running <TaskInstance: iot_sensor_data_dag.generate_sensor_data scheduled__2025-10-25T21:58:30+00:00 [running]> on host 4f76d54186b6
[2025-10-25T21:58:46.870+0000] {taskinstance.py:3134} INFO - Exporting env vars: AIRFLOW_CTX_DAG_OWNER='***' AIRFLOW_CTX_DAG_ID='iot_sensor_data_dag' AIRFLOW_CTX_TASK_ID='generate_sensor_data' AIRFLOW_CTX_EXECUTION_DATE='2025-10-25T21:58:30+00:00' AIRFLOW_CTX_TRY_NUMBER='1' AIRFLOW_CTX_DAG_RUN_ID='scheduled__2025-10-25T21:58:30+00:00'
[2025-10-25T21:58:46.872+0000] {logging_mixin.py:190} INFO - Task instance is in running state
[2025-10-25T21:58:46.873+0000] {logging_mixin.py:190} INFO -  Previous state of the Task instance: queued
[2025-10-25T21:58:46.874+0000] {logging_mixin.py:190} INFO - Current task name:generate_sensor_data state:running start_date:2025-10-25 21:58:46.591247+00:00
[2025-10-25T21:58:46.875+0000] {logging_mixin.py:190} INFO - Dag name:iot_sensor_data_dag and current dag run status:running
[2025-10-25T21:58:46.877+0000] {taskinstance.py:732} INFO - ::endgroup::
[2025-10-25T21:58:46.917+0000] {logging_mixin.py:190} INFO - [2025-10-25 21:58:46.897409] Inserted sensor data: {'time': datetime.datetime(2025, 10, 25, 21, 58, 46, 897409), 'temperature': 27.337405442425528, 'Dissolved_oxygen': 5.986605790076633, 'PH': 7.587414202030166, 'Ammonia': 0.009682074414208696, 'Nitrite': 0.05036244965266856, 'Turbidty': 40.40103182700239, '_id': ObjectId('68fd48160a6824046cfc0526')}
[2025-10-25T21:58:46.919+0000] {python.py:218} INFO - Done. Returned value was: None
[2025-10-25T21:58:46.928+0000] {taskinstance.py:341} INFO - ::group::Post task execution logs
[2025-10-25T21:58:46.929+0000] {taskinstance.py:353} INFO - Marking task as SUCCESS. dag_id=iot_sensor_data_dag, task_id=generate_sensor_data, run_id=scheduled__2025-10-25T21:58:30+00:00, execution_date=20251025T215830, start_date=20251025T215846, end_date=20251025T215846
[2025-10-25T21:58:46.953+0000] {logging_mixin.py:190} INFO - Task instance in success state
[2025-10-25T21:58:46.954+0000] {logging_mixin.py:190} INFO -  Previous state of the Task instance: running
[2025-10-25T21:58:46.955+0000] {logging_mixin.py:190} INFO - Dag name:iot_sensor_data_dag queued_at:2025-10-25 21:58:45.145771+00:00
[2025-10-25T21:58:46.956+0000] {logging_mixin.py:190} INFO - Task hostname:4f76d54186b6 operator:PythonOperator
[2025-10-25T21:58:46.996+0000] {local_task_job_runner.py:266} INFO - Task exited with return code 0
[2025-10-25T21:58:47.020+0000] {taskinstance.py:3901} INFO - 0 downstream tasks scheduled from follow-on schedule check
[2025-10-25T21:58:47.026+0000] {local_task_job_runner.py:245} INFO - ::endgroup::
