[2025-10-25T22:00:32.490+0000] {local_task_job_runner.py:123} INFO - ::group::Pre task execution logs
[2025-10-25T22:00:32.503+0000] {taskinstance.py:2614} INFO - Dependencies all met for dep_context=non-requeueable deps ti=<TaskInstance: iot_sensor_data_dag.generate_sensor_data scheduled__2025-10-25T22:00:15+00:00 [queued]>
[2025-10-25T22:00:32.511+0000] {taskinstance.py:2614} INFO - Dependencies all met for dep_context=requeueable deps ti=<TaskInstance: iot_sensor_data_dag.generate_sensor_data scheduled__2025-10-25T22:00:15+00:00 [queued]>
[2025-10-25T22:00:32.512+0000] {taskinstance.py:2867} INFO - Starting attempt 1 of 1
[2025-10-25T22:00:32.683+0000] {taskinstance.py:2890} INFO - Executing <Task(PythonOperator): generate_sensor_data> on 2025-10-25 22:00:15+00:00
[2025-10-25T22:00:32.695+0000] {warnings.py:112} WARNING - /home/***/.local/lib/python3.12/site-packages/***/task/task_runner/standard_task_runner.py:70: DeprecationWarning: This process (pid=906) is multi-threaded, use of fork() may lead to deadlocks in the child.
  pid = os.fork()

[2025-10-25T22:00:32.698+0000] {standard_task_runner.py:104} INFO - Running: ['***', 'tasks', 'run', 'iot_sensor_data_dag', 'generate_sensor_data', 'scheduled__2025-10-25T22:00:15+00:00', '--job-id', '208', '--raw', '--subdir', 'DAGS_FOLDER/DEPI.py', '--cfg-path', '/tmp/tmp38rputhe']
[2025-10-25T22:00:32.699+0000] {standard_task_runner.py:72} INFO - Started process 908 to run task
[2025-10-25T22:00:32.700+0000] {standard_task_runner.py:105} INFO - Job 208: Subtask generate_sensor_data
[2025-10-25T22:00:32.749+0000] {task_command.py:467} INFO - Running <TaskInstance: iot_sensor_data_dag.generate_sensor_data scheduled__2025-10-25T22:00:15+00:00 [running]> on host 4f76d54186b6
[2025-10-25T22:00:32.822+0000] {taskinstance.py:3134} INFO - Exporting env vars: AIRFLOW_CTX_DAG_OWNER='***' AIRFLOW_CTX_DAG_ID='iot_sensor_data_dag' AIRFLOW_CTX_TASK_ID='generate_sensor_data' AIRFLOW_CTX_EXECUTION_DATE='2025-10-25T22:00:15+00:00' AIRFLOW_CTX_TRY_NUMBER='1' AIRFLOW_CTX_DAG_RUN_ID='scheduled__2025-10-25T22:00:15+00:00'
[2025-10-25T22:00:32.823+0000] {logging_mixin.py:190} INFO - Task instance is in running state
[2025-10-25T22:00:32.824+0000] {logging_mixin.py:190} INFO -  Previous state of the Task instance: queued
[2025-10-25T22:00:32.825+0000] {logging_mixin.py:190} INFO - Current task name:generate_sensor_data state:running start_date:2025-10-25 22:00:32.505180+00:00
[2025-10-25T22:00:32.826+0000] {logging_mixin.py:190} INFO - Dag name:iot_sensor_data_dag and current dag run status:running
[2025-10-25T22:00:32.827+0000] {taskinstance.py:732} INFO - ::endgroup::
[2025-10-25T22:00:32.864+0000] {logging_mixin.py:190} INFO - [2025-10-25 22:00:32.849802] Inserted sensor data: {'time': datetime.datetime(2025, 10, 25, 22, 0, 32, 849802), 'temperature': 27.66984515981878, 'Dissolved_oxygen': 5.966712072696166, 'PH': 7.497826911311168, 'Ammonia': 0.010444221361788021, 'Nitrite': 0.05379536655717426, 'Turbidty': 40.12799656750995, '_id': ObjectId('68fd48808432a63c568890f1')}
[2025-10-25T22:00:32.866+0000] {python.py:218} INFO - Done. Returned value was: None
[2025-10-25T22:00:32.875+0000] {taskinstance.py:341} INFO - ::group::Post task execution logs
[2025-10-25T22:00:32.876+0000] {taskinstance.py:353} INFO - Marking task as SUCCESS. dag_id=iot_sensor_data_dag, task_id=generate_sensor_data, run_id=scheduled__2025-10-25T22:00:15+00:00, execution_date=20251025T220015, start_date=20251025T220032, end_date=20251025T220032
[2025-10-25T22:00:32.894+0000] {logging_mixin.py:190} INFO - Task instance in success state
[2025-10-25T22:00:32.894+0000] {logging_mixin.py:190} INFO -  Previous state of the Task instance: running
[2025-10-25T22:00:32.895+0000] {logging_mixin.py:190} INFO - Dag name:iot_sensor_data_dag queued_at:2025-10-25 22:00:31.051786+00:00
[2025-10-25T22:00:32.896+0000] {logging_mixin.py:190} INFO - Task hostname:4f76d54186b6 operator:PythonOperator
[2025-10-25T22:00:32.917+0000] {local_task_job_runner.py:266} INFO - Task exited with return code 0
[2025-10-25T22:00:32.925+0000] {local_task_job_runner.py:245} INFO - ::endgroup::
