[2025-10-25T21:43:47.047+0000] {local_task_job_runner.py:123} INFO - ::group::Pre task execution logs
[2025-10-25T21:43:47.061+0000] {taskinstance.py:2614} INFO - Dependencies all met for dep_context=non-requeueable deps ti=<TaskInstance: iot_sensor_data_dag.generate_sensor_data scheduled__2025-10-25T21:43:30+00:00 [queued]>
[2025-10-25T21:43:47.067+0000] {taskinstance.py:2614} INFO - Dependencies all met for dep_context=requeueable deps ti=<TaskInstance: iot_sensor_data_dag.generate_sensor_data scheduled__2025-10-25T21:43:30+00:00 [queued]>
[2025-10-25T21:43:47.069+0000] {taskinstance.py:2867} INFO - Starting attempt 1 of 1
[2025-10-25T21:43:47.226+0000] {taskinstance.py:2890} INFO - Executing <Task(PythonOperator): generate_sensor_data> on 2025-10-25 21:43:30+00:00
[2025-10-25T21:43:47.237+0000] {warnings.py:112} WARNING - /home/***/.local/lib/python3.12/site-packages/***/task/task_runner/standard_task_runner.py:70: DeprecationWarning: This process (pid=220) is multi-threaded, use of fork() may lead to deadlocks in the child.
  pid = os.fork()

[2025-10-25T21:43:47.240+0000] {standard_task_runner.py:72} INFO - Started process 222 to run task
[2025-10-25T21:43:47.241+0000] {standard_task_runner.py:104} INFO - Running: ['***', 'tasks', 'run', 'iot_sensor_data_dag', 'generate_sensor_data', 'scheduled__2025-10-25T21:43:30+00:00', '--job-id', '141', '--raw', '--subdir', 'DAGS_FOLDER/DEPI.py', '--cfg-path', '/tmp/tmp4xd5xdt1']
[2025-10-25T21:43:47.243+0000] {standard_task_runner.py:105} INFO - Job 141: Subtask generate_sensor_data
[2025-10-25T21:43:47.303+0000] {task_command.py:467} INFO - Running <TaskInstance: iot_sensor_data_dag.generate_sensor_data scheduled__2025-10-25T21:43:30+00:00 [running]> on host 4f76d54186b6
[2025-10-25T21:43:47.380+0000] {taskinstance.py:3134} INFO - Exporting env vars: AIRFLOW_CTX_DAG_OWNER='***' AIRFLOW_CTX_DAG_ID='iot_sensor_data_dag' AIRFLOW_CTX_TASK_ID='generate_sensor_data' AIRFLOW_CTX_EXECUTION_DATE='2025-10-25T21:43:30+00:00' AIRFLOW_CTX_TRY_NUMBER='1' AIRFLOW_CTX_DAG_RUN_ID='scheduled__2025-10-25T21:43:30+00:00'
[2025-10-25T21:43:47.381+0000] {logging_mixin.py:190} INFO - Task instance is in running state
[2025-10-25T21:43:47.382+0000] {logging_mixin.py:190} INFO -  Previous state of the Task instance: queued
[2025-10-25T21:43:47.383+0000] {logging_mixin.py:190} INFO - Current task name:generate_sensor_data state:running start_date:2025-10-25 21:43:47.062249+00:00
[2025-10-25T21:43:47.384+0000] {logging_mixin.py:190} INFO - Dag name:iot_sensor_data_dag and current dag run status:running
[2025-10-25T21:43:47.386+0000] {taskinstance.py:732} INFO - ::endgroup::
[2025-10-25T21:43:47.423+0000] {logging_mixin.py:190} INFO - [2025-10-25 21:43:47.408881] Inserted sensor data: {'time': datetime.datetime(2025, 10, 25, 21, 43, 47, 408881), 'temperature': 27.45569134285643, 'Dissolved_oxygen': 6.077400027826979, 'PH': 7.539985824368016, 'Ammonia': 0.010073799680946748, 'Nitrite': 0.04631788258087705, 'Turbidty': 40.37220518847925, '_id': ObjectId('68fd4493e4761216f8c6ebae')}
[2025-10-25T21:43:47.425+0000] {python.py:218} INFO - Done. Returned value was: None
[2025-10-25T21:43:47.435+0000] {taskinstance.py:341} INFO - ::group::Post task execution logs
[2025-10-25T21:43:47.436+0000] {taskinstance.py:353} INFO - Marking task as SUCCESS. dag_id=iot_sensor_data_dag, task_id=generate_sensor_data, run_id=scheduled__2025-10-25T21:43:30+00:00, execution_date=20251025T214330, start_date=20251025T214347, end_date=20251025T214347
[2025-10-25T21:43:47.459+0000] {logging_mixin.py:190} INFO - Task instance in success state
[2025-10-25T21:43:47.460+0000] {logging_mixin.py:190} INFO -  Previous state of the Task instance: running
[2025-10-25T21:43:47.461+0000] {logging_mixin.py:190} INFO - Dag name:iot_sensor_data_dag queued_at:2025-10-25 21:43:45.678798+00:00
[2025-10-25T21:43:47.462+0000] {logging_mixin.py:190} INFO - Task hostname:4f76d54186b6 operator:PythonOperator
[2025-10-25T21:43:47.500+0000] {local_task_job_runner.py:266} INFO - Task exited with return code 0
[2025-10-25T21:43:47.532+0000] {taskinstance.py:3901} INFO - 0 downstream tasks scheduled from follow-on schedule check
[2025-10-25T21:43:47.540+0000] {local_task_job_runner.py:245} INFO - ::endgroup::
