[2025-10-25T21:55:02.223+0000] {local_task_job_runner.py:123} INFO - ::group::Pre task execution logs
[2025-10-25T21:55:02.236+0000] {taskinstance.py:2614} INFO - Dependencies all met for dep_context=non-requeueable deps ti=<TaskInstance: iot_sensor_data_dag.generate_sensor_data scheduled__2025-10-25T21:54:45+00:00 [queued]>
[2025-10-25T21:55:02.244+0000] {taskinstance.py:2614} INFO - Dependencies all met for dep_context=requeueable deps ti=<TaskInstance: iot_sensor_data_dag.generate_sensor_data scheduled__2025-10-25T21:54:45+00:00 [queued]>
[2025-10-25T21:55:02.246+0000] {taskinstance.py:2867} INFO - Starting attempt 1 of 1
[2025-10-25T21:55:02.405+0000] {taskinstance.py:2890} INFO - Executing <Task(PythonOperator): generate_sensor_data> on 2025-10-25 21:54:45+00:00
[2025-10-25T21:55:02.416+0000] {warnings.py:112} WARNING - /home/***/.local/lib/python3.12/site-packages/***/task/task_runner/standard_task_runner.py:70: DeprecationWarning: This process (pid=682) is multi-threaded, use of fork() may lead to deadlocks in the child.
  pid = os.fork()

[2025-10-25T21:55:02.420+0000] {standard_task_runner.py:72} INFO - Started process 684 to run task
[2025-10-25T21:55:02.420+0000] {standard_task_runner.py:104} INFO - Running: ['***', 'tasks', 'run', 'iot_sensor_data_dag', 'generate_sensor_data', 'scheduled__2025-10-25T21:54:45+00:00', '--job-id', '186', '--raw', '--subdir', 'DAGS_FOLDER/DEPI.py', '--cfg-path', '/tmp/tmpi7zp5bxg']
[2025-10-25T21:55:02.422+0000] {standard_task_runner.py:105} INFO - Job 186: Subtask generate_sensor_data
[2025-10-25T21:55:02.474+0000] {task_command.py:467} INFO - Running <TaskInstance: iot_sensor_data_dag.generate_sensor_data scheduled__2025-10-25T21:54:45+00:00 [running]> on host 4f76d54186b6
[2025-10-25T21:55:02.548+0000] {taskinstance.py:3134} INFO - Exporting env vars: AIRFLOW_CTX_DAG_OWNER='***' AIRFLOW_CTX_DAG_ID='iot_sensor_data_dag' AIRFLOW_CTX_TASK_ID='generate_sensor_data' AIRFLOW_CTX_EXECUTION_DATE='2025-10-25T21:54:45+00:00' AIRFLOW_CTX_TRY_NUMBER='1' AIRFLOW_CTX_DAG_RUN_ID='scheduled__2025-10-25T21:54:45+00:00'
[2025-10-25T21:55:02.551+0000] {logging_mixin.py:190} INFO - Task instance is in running state
[2025-10-25T21:55:02.554+0000] {logging_mixin.py:190} INFO -  Previous state of the Task instance: queued
[2025-10-25T21:55:02.557+0000] {logging_mixin.py:190} INFO - Current task name:generate_sensor_data state:running start_date:2025-10-25 21:55:02.238315+00:00
[2025-10-25T21:55:02.558+0000] {logging_mixin.py:190} INFO - Dag name:iot_sensor_data_dag and current dag run status:running
[2025-10-25T21:55:02.559+0000] {taskinstance.py:732} INFO - ::endgroup::
[2025-10-25T21:55:02.612+0000] {logging_mixin.py:190} INFO - [2025-10-25 21:55:02.586335] Inserted sensor data: {'time': datetime.datetime(2025, 10, 25, 21, 55, 2, 586335), 'temperature': 27.31085874797163, 'Dissolved_oxygen': 5.907586343019499, 'PH': 7.428791003371419, 'Ammonia': 0.010405892573137163, 'Nitrite': 0.05311365882141473, 'Turbidty': 40.82244053294263, '_id': ObjectId('68fd47363f00258ffed1a4f7')}
[2025-10-25T21:55:02.615+0000] {python.py:218} INFO - Done. Returned value was: None
[2025-10-25T21:55:02.628+0000] {taskinstance.py:341} INFO - ::group::Post task execution logs
[2025-10-25T21:55:02.629+0000] {taskinstance.py:353} INFO - Marking task as SUCCESS. dag_id=iot_sensor_data_dag, task_id=generate_sensor_data, run_id=scheduled__2025-10-25T21:54:45+00:00, execution_date=20251025T215445, start_date=20251025T215502, end_date=20251025T215502
[2025-10-25T21:55:02.651+0000] {logging_mixin.py:190} INFO - Task instance in success state
[2025-10-25T21:55:02.651+0000] {logging_mixin.py:190} INFO -  Previous state of the Task instance: running
[2025-10-25T21:55:02.652+0000] {logging_mixin.py:190} INFO - Dag name:iot_sensor_data_dag queued_at:2025-10-25 21:55:00.746261+00:00
[2025-10-25T21:55:02.654+0000] {logging_mixin.py:190} INFO - Task hostname:4f76d54186b6 operator:PythonOperator
[2025-10-25T21:55:02.679+0000] {local_task_job_runner.py:266} INFO - Task exited with return code 0
[2025-10-25T21:55:02.714+0000] {taskinstance.py:3901} INFO - 0 downstream tasks scheduled from follow-on schedule check
[2025-10-25T21:55:02.722+0000] {local_task_job_runner.py:245} INFO - ::endgroup::
