[2025-10-25T21:57:02.340+0000] {local_task_job_runner.py:123} INFO - ::group::Pre task execution logs
[2025-10-25T21:57:02.352+0000] {taskinstance.py:2614} INFO - Dependencies all met for dep_context=non-requeueable deps ti=<TaskInstance: iot_sensor_data_dag.generate_sensor_data scheduled__2025-10-25T21:56:45+00:00 [queued]>
[2025-10-25T21:57:02.358+0000] {taskinstance.py:2614} INFO - Dependencies all met for dep_context=requeueable deps ti=<TaskInstance: iot_sensor_data_dag.generate_sensor_data scheduled__2025-10-25T21:56:45+00:00 [queued]>
[2025-10-25T21:57:02.359+0000] {taskinstance.py:2867} INFO - Starting attempt 1 of 1
[2025-10-25T21:57:02.482+0000] {taskinstance.py:2890} INFO - Executing <Task(PythonOperator): generate_sensor_data> on 2025-10-25 21:56:45+00:00
[2025-10-25T21:57:02.489+0000] {warnings.py:112} WARNING - /home/***/.local/lib/python3.12/site-packages/***/task/task_runner/standard_task_runner.py:70: DeprecationWarning: This process (pid=766) is multi-threaded, use of fork() may lead to deadlocks in the child.
  pid = os.fork()

[2025-10-25T21:57:02.491+0000] {standard_task_runner.py:72} INFO - Started process 768 to run task
[2025-10-25T21:57:02.491+0000] {standard_task_runner.py:104} INFO - Running: ['***', 'tasks', 'run', 'iot_sensor_data_dag', 'generate_sensor_data', 'scheduled__2025-10-25T21:56:45+00:00', '--job-id', '194', '--raw', '--subdir', 'DAGS_FOLDER/DEPI.py', '--cfg-path', '/tmp/tmp_fh5k388']
[2025-10-25T21:57:02.492+0000] {standard_task_runner.py:105} INFO - Job 194: Subtask generate_sensor_data
[2025-10-25T21:57:02.538+0000] {task_command.py:467} INFO - Running <TaskInstance: iot_sensor_data_dag.generate_sensor_data scheduled__2025-10-25T21:56:45+00:00 [running]> on host 4f76d54186b6
[2025-10-25T21:57:02.609+0000] {taskinstance.py:3134} INFO - Exporting env vars: AIRFLOW_CTX_DAG_OWNER='***' AIRFLOW_CTX_DAG_ID='iot_sensor_data_dag' AIRFLOW_CTX_TASK_ID='generate_sensor_data' AIRFLOW_CTX_EXECUTION_DATE='2025-10-25T21:56:45+00:00' AIRFLOW_CTX_TRY_NUMBER='1' AIRFLOW_CTX_DAG_RUN_ID='scheduled__2025-10-25T21:56:45+00:00'
[2025-10-25T21:57:02.611+0000] {logging_mixin.py:190} INFO - Task instance is in running state
[2025-10-25T21:57:02.612+0000] {logging_mixin.py:190} INFO -  Previous state of the Task instance: queued
[2025-10-25T21:57:02.613+0000] {logging_mixin.py:190} INFO - Current task name:generate_sensor_data state:running start_date:2025-10-25 21:57:02.353142+00:00
[2025-10-25T21:57:02.613+0000] {logging_mixin.py:190} INFO - Dag name:iot_sensor_data_dag and current dag run status:running
[2025-10-25T21:57:02.614+0000] {taskinstance.py:732} INFO - ::endgroup::
[2025-10-25T21:57:02.649+0000] {logging_mixin.py:190} INFO - [2025-10-25 21:57:02.631775] Inserted sensor data: {'time': datetime.datetime(2025, 10, 25, 21, 57, 2, 631775), 'temperature': 27.613875562111176, 'Dissolved_oxygen': 5.979727854536503, 'PH': 7.420460766334255, 'Ammonia': 0.009614575070842095, 'Nitrite': 0.05057718037639419, 'Turbidty': 39.19184272572486, '_id': ObjectId('68fd47ae94fbead0bf429f0c')}
[2025-10-25T21:57:02.652+0000] {python.py:218} INFO - Done. Returned value was: None
[2025-10-25T21:57:02.662+0000] {taskinstance.py:341} INFO - ::group::Post task execution logs
[2025-10-25T21:57:02.663+0000] {taskinstance.py:353} INFO - Marking task as SUCCESS. dag_id=iot_sensor_data_dag, task_id=generate_sensor_data, run_id=scheduled__2025-10-25T21:56:45+00:00, execution_date=20251025T215645, start_date=20251025T215702, end_date=20251025T215702
[2025-10-25T21:57:02.683+0000] {logging_mixin.py:190} INFO - Task instance in success state
[2025-10-25T21:57:02.684+0000] {logging_mixin.py:190} INFO -  Previous state of the Task instance: running
[2025-10-25T21:57:02.685+0000] {logging_mixin.py:190} INFO - Dag name:iot_sensor_data_dag queued_at:2025-10-25 21:57:01.065677+00:00
[2025-10-25T21:57:02.686+0000] {logging_mixin.py:190} INFO - Task hostname:4f76d54186b6 operator:PythonOperator
[2025-10-25T21:57:02.706+0000] {local_task_job_runner.py:266} INFO - Task exited with return code 0
[2025-10-25T21:57:02.726+0000] {taskinstance.py:3901} INFO - 0 downstream tasks scheduled from follow-on schedule check
[2025-10-25T21:57:02.735+0000] {local_task_job_runner.py:245} INFO - ::endgroup::
