[2025-10-25T21:53:02.055+0000] {local_task_job_runner.py:123} INFO - ::group::Pre task execution logs
[2025-10-25T21:53:02.071+0000] {taskinstance.py:2614} INFO - Dependencies all met for dep_context=non-requeueable deps ti=<TaskInstance: iot_sensor_data_dag.generate_sensor_data scheduled__2025-10-25T21:52:45+00:00 [queued]>
[2025-10-25T21:53:02.079+0000] {taskinstance.py:2614} INFO - Dependencies all met for dep_context=requeueable deps ti=<TaskInstance: iot_sensor_data_dag.generate_sensor_data scheduled__2025-10-25T21:52:45+00:00 [queued]>
[2025-10-25T21:53:02.080+0000] {taskinstance.py:2867} INFO - Starting attempt 1 of 1
[2025-10-25T21:53:02.203+0000] {taskinstance.py:2890} INFO - Executing <Task(PythonOperator): generate_sensor_data> on 2025-10-25 21:52:45+00:00
[2025-10-25T21:53:02.211+0000] {warnings.py:112} WARNING - /home/***/.local/lib/python3.12/site-packages/***/task/task_runner/standard_task_runner.py:70: DeprecationWarning: This process (pid=598) is multi-threaded, use of fork() may lead to deadlocks in the child.
  pid = os.fork()

[2025-10-25T21:53:02.212+0000] {standard_task_runner.py:104} INFO - Running: ['***', 'tasks', 'run', 'iot_sensor_data_dag', 'generate_sensor_data', 'scheduled__2025-10-25T21:52:45+00:00', '--job-id', '178', '--raw', '--subdir', 'DAGS_FOLDER/DEPI.py', '--cfg-path', '/tmp/tmprwc9ag95']
[2025-10-25T21:53:02.213+0000] {standard_task_runner.py:72} INFO - Started process 600 to run task
[2025-10-25T21:53:02.217+0000] {standard_task_runner.py:105} INFO - Job 178: Subtask generate_sensor_data
[2025-10-25T21:53:02.269+0000] {task_command.py:467} INFO - Running <TaskInstance: iot_sensor_data_dag.generate_sensor_data scheduled__2025-10-25T21:52:45+00:00 [running]> on host 4f76d54186b6
[2025-10-25T21:53:02.336+0000] {taskinstance.py:3134} INFO - Exporting env vars: AIRFLOW_CTX_DAG_OWNER='***' AIRFLOW_CTX_DAG_ID='iot_sensor_data_dag' AIRFLOW_CTX_TASK_ID='generate_sensor_data' AIRFLOW_CTX_EXECUTION_DATE='2025-10-25T21:52:45+00:00' AIRFLOW_CTX_TRY_NUMBER='1' AIRFLOW_CTX_DAG_RUN_ID='scheduled__2025-10-25T21:52:45+00:00'
[2025-10-25T21:53:02.339+0000] {logging_mixin.py:190} INFO - Task instance is in running state
[2025-10-25T21:53:02.341+0000] {logging_mixin.py:190} INFO -  Previous state of the Task instance: queued
[2025-10-25T21:53:02.342+0000] {logging_mixin.py:190} INFO - Current task name:generate_sensor_data state:running start_date:2025-10-25 21:53:02.073020+00:00
[2025-10-25T21:53:02.345+0000] {logging_mixin.py:190} INFO - Dag name:iot_sensor_data_dag and current dag run status:running
[2025-10-25T21:53:02.349+0000] {taskinstance.py:732} INFO - ::endgroup::
[2025-10-25T21:53:02.421+0000] {logging_mixin.py:190} INFO - [2025-10-25 21:53:02.390194] Inserted sensor data: {'time': datetime.datetime(2025, 10, 25, 21, 53, 2, 390194), 'temperature': 27.352691376284206, 'Dissolved_oxygen': 6.0209643887555995, 'PH': 7.546566220418741, 'Ammonia': 0.010437569909507097, 'Nitrite': 0.05163231335294906, 'Turbidty': 40.86821217746614, '_id': ObjectId('68fd46bedd7588c8c30b19f4')}
[2025-10-25T21:53:02.427+0000] {python.py:218} INFO - Done. Returned value was: None
[2025-10-25T21:53:02.445+0000] {taskinstance.py:341} INFO - ::group::Post task execution logs
[2025-10-25T21:53:02.447+0000] {taskinstance.py:353} INFO - Marking task as SUCCESS. dag_id=iot_sensor_data_dag, task_id=generate_sensor_data, run_id=scheduled__2025-10-25T21:52:45+00:00, execution_date=20251025T215245, start_date=20251025T215302, end_date=20251025T215302
[2025-10-25T21:53:02.480+0000] {logging_mixin.py:190} INFO - Task instance in success state
[2025-10-25T21:53:02.482+0000] {logging_mixin.py:190} INFO -  Previous state of the Task instance: running
[2025-10-25T21:53:02.484+0000] {logging_mixin.py:190} INFO - Dag name:iot_sensor_data_dag queued_at:2025-10-25 21:53:00.331884+00:00
[2025-10-25T21:53:02.487+0000] {logging_mixin.py:190} INFO - Task hostname:4f76d54186b6 operator:PythonOperator
[2025-10-25T21:53:02.514+0000] {local_task_job_runner.py:266} INFO - Task exited with return code 0
[2025-10-25T21:53:02.538+0000] {taskinstance.py:3901} INFO - 0 downstream tasks scheduled from follow-on schedule check
[2025-10-25T21:53:02.545+0000] {local_task_job_runner.py:245} INFO - ::endgroup::
