[2025-10-25T21:55:31.363+0000] {local_task_job_runner.py:123} INFO - ::group::Pre task execution logs
[2025-10-25T21:55:31.377+0000] {taskinstance.py:2614} INFO - Dependencies all met for dep_context=non-requeueable deps ti=<TaskInstance: iot_sensor_data_dag.generate_sensor_data scheduled__2025-10-25T21:55:15+00:00 [queued]>
[2025-10-25T21:55:31.385+0000] {taskinstance.py:2614} INFO - Dependencies all met for dep_context=requeueable deps ti=<TaskInstance: iot_sensor_data_dag.generate_sensor_data scheduled__2025-10-25T21:55:15+00:00 [queued]>
[2025-10-25T21:55:31.386+0000] {taskinstance.py:2867} INFO - Starting attempt 1 of 1
[2025-10-25T21:55:31.518+0000] {taskinstance.py:2890} INFO - Executing <Task(PythonOperator): generate_sensor_data> on 2025-10-25 21:55:15+00:00
[2025-10-25T21:55:31.525+0000] {warnings.py:112} WARNING - /home/***/.local/lib/python3.12/site-packages/***/task/task_runner/standard_task_runner.py:70: DeprecationWarning: This process (pid=703) is multi-threaded, use of fork() may lead to deadlocks in the child.
  pid = os.fork()

[2025-10-25T21:55:31.527+0000] {standard_task_runner.py:104} INFO - Running: ['***', 'tasks', 'run', 'iot_sensor_data_dag', 'generate_sensor_data', 'scheduled__2025-10-25T21:55:15+00:00', '--job-id', '188', '--raw', '--subdir', 'DAGS_FOLDER/DEPI.py', '--cfg-path', '/tmp/tmpkq_6woap']
[2025-10-25T21:55:31.527+0000] {standard_task_runner.py:72} INFO - Started process 705 to run task
[2025-10-25T21:55:31.528+0000] {standard_task_runner.py:105} INFO - Job 188: Subtask generate_sensor_data
[2025-10-25T21:55:31.575+0000] {task_command.py:467} INFO - Running <TaskInstance: iot_sensor_data_dag.generate_sensor_data scheduled__2025-10-25T21:55:15+00:00 [running]> on host 4f76d54186b6
[2025-10-25T21:55:31.645+0000] {taskinstance.py:3134} INFO - Exporting env vars: AIRFLOW_CTX_DAG_OWNER='***' AIRFLOW_CTX_DAG_ID='iot_sensor_data_dag' AIRFLOW_CTX_TASK_ID='generate_sensor_data' AIRFLOW_CTX_EXECUTION_DATE='2025-10-25T21:55:15+00:00' AIRFLOW_CTX_TRY_NUMBER='1' AIRFLOW_CTX_DAG_RUN_ID='scheduled__2025-10-25T21:55:15+00:00'
[2025-10-25T21:55:31.646+0000] {logging_mixin.py:190} INFO - Task instance is in running state
[2025-10-25T21:55:31.647+0000] {logging_mixin.py:190} INFO -  Previous state of the Task instance: queued
[2025-10-25T21:55:31.648+0000] {logging_mixin.py:190} INFO - Current task name:generate_sensor_data state:running start_date:2025-10-25 21:55:31.379061+00:00
[2025-10-25T21:55:31.648+0000] {logging_mixin.py:190} INFO - Dag name:iot_sensor_data_dag and current dag run status:running
[2025-10-25T21:55:31.649+0000] {taskinstance.py:732} INFO - ::endgroup::
[2025-10-25T21:55:31.681+0000] {logging_mixin.py:190} INFO - [2025-10-25 21:55:31.666318] Inserted sensor data: {'time': datetime.datetime(2025, 10, 25, 21, 55, 31, 666318), 'temperature': 27.370672662356277, 'Dissolved_oxygen': 5.954154401803201, 'PH': 7.574216550687939, 'Ammonia': 0.010418051119980856, 'Nitrite': 0.05145490389111804, 'Turbidty': 40.406306800819614, '_id': ObjectId('68fd475303f867810395e0b3')}
[2025-10-25T21:55:31.683+0000] {python.py:218} INFO - Done. Returned value was: None
[2025-10-25T21:55:31.692+0000] {taskinstance.py:341} INFO - ::group::Post task execution logs
[2025-10-25T21:55:31.693+0000] {taskinstance.py:353} INFO - Marking task as SUCCESS. dag_id=iot_sensor_data_dag, task_id=generate_sensor_data, run_id=scheduled__2025-10-25T21:55:15+00:00, execution_date=20251025T215515, start_date=20251025T215531, end_date=20251025T215531
[2025-10-25T21:55:31.711+0000] {logging_mixin.py:190} INFO - Task instance in success state
[2025-10-25T21:55:31.712+0000] {logging_mixin.py:190} INFO -  Previous state of the Task instance: running
[2025-10-25T21:55:31.713+0000] {logging_mixin.py:190} INFO - Dag name:iot_sensor_data_dag queued_at:2025-10-25 21:55:30.030470+00:00
[2025-10-25T21:55:31.713+0000] {logging_mixin.py:190} INFO - Task hostname:4f76d54186b6 operator:PythonOperator
[2025-10-25T21:55:31.744+0000] {local_task_job_runner.py:266} INFO - Task exited with return code 0
[2025-10-25T21:55:31.774+0000] {taskinstance.py:3901} INFO - 0 downstream tasks scheduled from follow-on schedule check
[2025-10-25T21:55:31.780+0000] {local_task_job_runner.py:245} INFO - ::endgroup::
