[2025-10-25T21:40:24.662+0000] {local_task_job_runner.py:123} INFO - ::group::Pre task execution logs
[2025-10-25T21:40:24.678+0000] {taskinstance.py:2614} INFO - Dependencies all met for dep_context=non-requeueable deps ti=<TaskInstance: iot_sensor_data_dag.generate_sensor_data scheduled__2025-10-25T21:40:00+00:00 [queued]>
[2025-10-25T21:40:24.684+0000] {taskinstance.py:2614} INFO - Dependencies all met for dep_context=requeueable deps ti=<TaskInstance: iot_sensor_data_dag.generate_sensor_data scheduled__2025-10-25T21:40:00+00:00 [queued]>
[2025-10-25T21:40:24.685+0000] {taskinstance.py:2867} INFO - Starting attempt 1 of 1
[2025-10-25T21:40:24.810+0000] {taskinstance.py:2890} INFO - Executing <Task(PythonOperator): generate_sensor_data> on 2025-10-25 21:40:00+00:00
[2025-10-25T21:40:24.817+0000] {warnings.py:112} WARNING - /home/***/.local/lib/python3.12/site-packages/***/task/task_runner/standard_task_runner.py:70: DeprecationWarning: This process (pid=73) is multi-threaded, use of fork() may lead to deadlocks in the child.
  pid = os.fork()

[2025-10-25T21:40:24.819+0000] {standard_task_runner.py:72} INFO - Started process 75 to run task
[2025-10-25T21:40:24.819+0000] {standard_task_runner.py:104} INFO - Running: ['***', 'tasks', 'run', 'iot_sensor_data_dag', 'generate_sensor_data', 'scheduled__2025-10-25T21:40:00+00:00', '--job-id', '127', '--raw', '--subdir', 'DAGS_FOLDER/DEPI.py', '--cfg-path', '/tmp/tmpyzdeg04i']
[2025-10-25T21:40:24.821+0000] {standard_task_runner.py:105} INFO - Job 127: Subtask generate_sensor_data
[2025-10-25T21:40:24.866+0000] {task_command.py:467} INFO - Running <TaskInstance: iot_sensor_data_dag.generate_sensor_data scheduled__2025-10-25T21:40:00+00:00 [running]> on host 4f76d54186b6
[2025-10-25T21:40:24.936+0000] {taskinstance.py:3134} INFO - Exporting env vars: AIRFLOW_CTX_DAG_OWNER='***' AIRFLOW_CTX_DAG_ID='iot_sensor_data_dag' AIRFLOW_CTX_TASK_ID='generate_sensor_data' AIRFLOW_CTX_EXECUTION_DATE='2025-10-25T21:40:00+00:00' AIRFLOW_CTX_TRY_NUMBER='1' AIRFLOW_CTX_DAG_RUN_ID='scheduled__2025-10-25T21:40:00+00:00'
[2025-10-25T21:40:24.938+0000] {logging_mixin.py:190} INFO - Task instance is in running state
[2025-10-25T21:40:24.939+0000] {logging_mixin.py:190} INFO -  Previous state of the Task instance: queued
[2025-10-25T21:40:24.940+0000] {logging_mixin.py:190} INFO - Current task name:generate_sensor_data state:running start_date:2025-10-25 21:40:24.679558+00:00
[2025-10-25T21:40:24.941+0000] {logging_mixin.py:190} INFO - Dag name:iot_sensor_data_dag and current dag run status:running
[2025-10-25T21:40:24.941+0000] {taskinstance.py:732} INFO - ::endgroup::
[2025-10-25T21:40:24.977+0000] {logging_mixin.py:190} INFO - [2025-10-25 21:40:24.958929] Inserted sensor data: {'time': datetime.datetime(2025, 10, 25, 21, 40, 24, 958929), 'temperature': 27.42854243795211, 'Dissolved_oxygen': 5.935135164143293, 'PH': 7.458389101819728, 'Ammonia': 0.010370341814461934, 'Nitrite': 0.04796412537650035, 'Turbidty': 39.066424450196315, '_id': ObjectId('68fd43c89034aacb485d9636')}
[2025-10-25T21:40:24.980+0000] {python.py:218} INFO - Done. Returned value was: None
[2025-10-25T21:40:24.989+0000] {taskinstance.py:341} INFO - ::group::Post task execution logs
[2025-10-25T21:40:24.990+0000] {taskinstance.py:353} INFO - Marking task as SUCCESS. dag_id=iot_sensor_data_dag, task_id=generate_sensor_data, run_id=scheduled__2025-10-25T21:40:00+00:00, execution_date=20251025T214000, start_date=20251025T214024, end_date=20251025T214024
[2025-10-25T21:40:25.010+0000] {logging_mixin.py:190} INFO - Task instance in success state
[2025-10-25T21:40:25.011+0000] {logging_mixin.py:190} INFO -  Previous state of the Task instance: running
[2025-10-25T21:40:25.012+0000] {logging_mixin.py:190} INFO - Dag name:iot_sensor_data_dag queued_at:2025-10-25 21:40:20.413977+00:00
[2025-10-25T21:40:25.013+0000] {logging_mixin.py:190} INFO - Task hostname:4f76d54186b6 operator:PythonOperator
[2025-10-25T21:40:25.037+0000] {local_task_job_runner.py:266} INFO - Task exited with return code 0
[2025-10-25T21:40:25.058+0000] {taskinstance.py:3901} INFO - 0 downstream tasks scheduled from follow-on schedule check
[2025-10-25T21:40:25.063+0000] {local_task_job_runner.py:245} INFO - ::endgroup::
