[2025-10-25T20:50:16.503+0000] {local_task_job_runner.py:123} INFO - ::group::Pre task execution logs
[2025-10-25T20:50:16.513+0000] {taskinstance.py:2614} INFO - Dependencies all met for dep_context=non-requeueable deps ti=<TaskInstance: iot_sensor_data_dag.generate_sensor_data scheduled__2025-10-25T20:50:00+00:00 [queued]>
[2025-10-25T20:50:16.517+0000] {taskinstance.py:2614} INFO - Dependencies all met for dep_context=requeueable deps ti=<TaskInstance: iot_sensor_data_dag.generate_sensor_data scheduled__2025-10-25T20:50:00+00:00 [queued]>
[2025-10-25T20:50:16.518+0000] {taskinstance.py:2867} INFO - Starting attempt 1 of 1
[2025-10-25T20:50:16.628+0000] {taskinstance.py:2890} INFO - Executing <Task(PythonOperator): generate_sensor_data> on 2025-10-25 20:50:00+00:00
[2025-10-25T20:50:16.634+0000] {warnings.py:112} WARNING - /home/***/.local/lib/python3.12/site-packages/***/task/task_runner/standard_task_runner.py:70: DeprecationWarning: This process (pid=659) is multi-threaded, use of fork() may lead to deadlocks in the child.
  pid = os.fork()

[2025-10-25T20:50:16.636+0000] {standard_task_runner.py:72} INFO - Started process 661 to run task
[2025-10-25T20:50:16.636+0000] {standard_task_runner.py:104} INFO - Running: ['***', 'tasks', 'run', 'iot_sensor_data_dag', 'generate_sensor_data', 'scheduled__2025-10-25T20:50:00+00:00', '--job-id', '103', '--raw', '--subdir', 'DAGS_FOLDER/DEPI.py', '--cfg-path', '/tmp/tmp1gsj5jmi']
[2025-10-25T20:50:16.637+0000] {standard_task_runner.py:105} INFO - Job 103: Subtask generate_sensor_data
[2025-10-25T20:50:16.675+0000] {task_command.py:467} INFO - Running <TaskInstance: iot_sensor_data_dag.generate_sensor_data scheduled__2025-10-25T20:50:00+00:00 [running]> on host 4f76d54186b6
[2025-10-25T20:50:16.731+0000] {taskinstance.py:3134} INFO - Exporting env vars: AIRFLOW_CTX_DAG_OWNER='***' AIRFLOW_CTX_DAG_ID='iot_sensor_data_dag' AIRFLOW_CTX_TASK_ID='generate_sensor_data' AIRFLOW_CTX_EXECUTION_DATE='2025-10-25T20:50:00+00:00' AIRFLOW_CTX_TRY_NUMBER='1' AIRFLOW_CTX_DAG_RUN_ID='scheduled__2025-10-25T20:50:00+00:00'
[2025-10-25T20:50:16.732+0000] {logging_mixin.py:190} INFO - Task instance is in running state
[2025-10-25T20:50:16.733+0000] {logging_mixin.py:190} INFO -  Previous state of the Task instance: queued
[2025-10-25T20:50:16.734+0000] {logging_mixin.py:190} INFO - Current task name:generate_sensor_data state:running start_date:2025-10-25 20:50:16.513926+00:00
[2025-10-25T20:50:16.734+0000] {logging_mixin.py:190} INFO - Dag name:iot_sensor_data_dag and current dag run status:running
[2025-10-25T20:50:16.735+0000] {taskinstance.py:732} INFO - ::endgroup::
[2025-10-25T20:50:16.764+0000] {logging_mixin.py:190} INFO - [2025-10-25 20:50:16.747649] Inserted sensor data: {'time': datetime.datetime(2025, 10, 25, 20, 50, 16, 747649), 'temperature': 27.314673512027692, 'Dissolved_oxygen': 6.022102379894281, 'PH': 7.476963866907339, 'Ammonia': 0.00989421449926603, 'Nitrite': 0.05464394042374812, 'Turbidty': 39.39787519814497, '_id': ObjectId('68fd3808da25d34dea20f2ab')}
[2025-10-25T20:50:16.766+0000] {python.py:218} INFO - Done. Returned value was: None
[2025-10-25T20:50:16.774+0000] {taskinstance.py:341} INFO - ::group::Post task execution logs
[2025-10-25T20:50:16.775+0000] {taskinstance.py:353} INFO - Marking task as SUCCESS. dag_id=iot_sensor_data_dag, task_id=generate_sensor_data, run_id=scheduled__2025-10-25T20:50:00+00:00, execution_date=20251025T205000, start_date=20251025T205016, end_date=20251025T205016
[2025-10-25T20:50:16.792+0000] {logging_mixin.py:190} INFO - Task instance in success state
[2025-10-25T20:50:16.793+0000] {logging_mixin.py:190} INFO -  Previous state of the Task instance: running
[2025-10-25T20:50:16.794+0000] {logging_mixin.py:190} INFO - Dag name:iot_sensor_data_dag queued_at:2025-10-25 20:50:15.387589+00:00
[2025-10-25T20:50:16.794+0000] {logging_mixin.py:190} INFO - Task hostname:4f76d54186b6 operator:PythonOperator
[2025-10-25T20:50:16.811+0000] {local_task_job_runner.py:266} INFO - Task exited with return code 0
[2025-10-25T20:50:16.822+0000] {taskinstance.py:3901} INFO - 0 downstream tasks scheduled from follow-on schedule check
[2025-10-25T20:50:16.824+0000] {local_task_job_runner.py:245} INFO - ::endgroup::
