[2025-10-25T20:40:31.751+0000] {local_task_job_runner.py:123} INFO - ::group::Pre task execution logs
[2025-10-25T20:40:31.763+0000] {taskinstance.py:2614} INFO - Dependencies all met for dep_context=non-requeueable deps ti=<TaskInstance: iot_sensor_data_dag.generate_sensor_data scheduled__2025-10-25T20:40:15+00:00 [queued]>
[2025-10-25T20:40:31.773+0000] {taskinstance.py:2614} INFO - Dependencies all met for dep_context=requeueable deps ti=<TaskInstance: iot_sensor_data_dag.generate_sensor_data scheduled__2025-10-25T20:40:15+00:00 [queued]>
[2025-10-25T20:40:31.774+0000] {taskinstance.py:2867} INFO - Starting attempt 1 of 1
[2025-10-25T20:40:31.888+0000] {taskinstance.py:2890} INFO - Executing <Task(PythonOperator): generate_sensor_data> on 2025-10-25 20:40:15+00:00
[2025-10-25T20:40:31.893+0000] {warnings.py:112} WARNING - /home/***/.local/lib/python3.12/site-packages/***/task/task_runner/standard_task_runner.py:70: DeprecationWarning: This process (pid=261) is multi-threaded, use of fork() may lead to deadlocks in the child.
  pid = os.fork()

[2025-10-25T20:40:31.895+0000] {standard_task_runner.py:72} INFO - Started process 263 to run task
[2025-10-25T20:40:31.896+0000] {standard_task_runner.py:104} INFO - Running: ['***', 'tasks', 'run', 'iot_sensor_data_dag', 'generate_sensor_data', 'scheduled__2025-10-25T20:40:15+00:00', '--job-id', '64', '--raw', '--subdir', 'DAGS_FOLDER/DEPI.py', '--cfg-path', '/tmp/tmpst0d9nl7']
[2025-10-25T20:40:31.897+0000] {standard_task_runner.py:105} INFO - Job 64: Subtask generate_sensor_data
[2025-10-25T20:40:31.936+0000] {task_command.py:467} INFO - Running <TaskInstance: iot_sensor_data_dag.generate_sensor_data scheduled__2025-10-25T20:40:15+00:00 [running]> on host 4f76d54186b6
[2025-10-25T20:40:31.994+0000] {taskinstance.py:3134} INFO - Exporting env vars: AIRFLOW_CTX_DAG_OWNER='***' AIRFLOW_CTX_DAG_ID='iot_sensor_data_dag' AIRFLOW_CTX_TASK_ID='generate_sensor_data' AIRFLOW_CTX_EXECUTION_DATE='2025-10-25T20:40:15+00:00' AIRFLOW_CTX_TRY_NUMBER='1' AIRFLOW_CTX_DAG_RUN_ID='scheduled__2025-10-25T20:40:15+00:00'
[2025-10-25T20:40:31.995+0000] {logging_mixin.py:190} INFO - Task instance is in running state
[2025-10-25T20:40:31.996+0000] {logging_mixin.py:190} INFO -  Previous state of the Task instance: queued
[2025-10-25T20:40:31.997+0000] {logging_mixin.py:190} INFO - Current task name:generate_sensor_data state:running start_date:2025-10-25 20:40:31.768143+00:00
[2025-10-25T20:40:31.997+0000] {logging_mixin.py:190} INFO - Dag name:iot_sensor_data_dag and current dag run status:running
[2025-10-25T20:40:31.998+0000] {taskinstance.py:732} INFO - ::endgroup::
[2025-10-25T20:40:32.029+0000] {logging_mixin.py:190} INFO - [2025-10-25 20:40:32.012826] Inserted sensor data: {'time': datetime.datetime(2025, 10, 25, 20, 40, 32, 12826), 'temperature': 27.47492664464466, 'Dissolved_oxygen': 6.088803112608458, 'PH': 7.49994293942937, 'Ammonia': 0.009733732591123314, 'Nitrite': 0.05048963222711749, 'Turbidty': 40.73870460162024, '_id': ObjectId('68fd35c0de1e22de99f5b71e')}
[2025-10-25T20:40:32.031+0000] {python.py:218} INFO - Done. Returned value was: None
[2025-10-25T20:40:32.039+0000] {taskinstance.py:341} INFO - ::group::Post task execution logs
[2025-10-25T20:40:32.039+0000] {taskinstance.py:353} INFO - Marking task as SUCCESS. dag_id=iot_sensor_data_dag, task_id=generate_sensor_data, run_id=scheduled__2025-10-25T20:40:15+00:00, execution_date=20251025T204015, start_date=20251025T204031, end_date=20251025T204032
[2025-10-25T20:40:32.056+0000] {logging_mixin.py:190} INFO - Task instance in success state
[2025-10-25T20:40:32.056+0000] {logging_mixin.py:190} INFO -  Previous state of the Task instance: running
[2025-10-25T20:40:32.057+0000] {logging_mixin.py:190} INFO - Dag name:iot_sensor_data_dag queued_at:2025-10-25 20:40:30.657399+00:00
[2025-10-25T20:40:32.058+0000] {logging_mixin.py:190} INFO - Task hostname:4f76d54186b6 operator:PythonOperator
[2025-10-25T20:40:32.071+0000] {local_task_job_runner.py:266} INFO - Task exited with return code 0
[2025-10-25T20:40:32.084+0000] {taskinstance.py:3901} INFO - 0 downstream tasks scheduled from follow-on schedule check
[2025-10-25T20:40:32.086+0000] {local_task_job_runner.py:245} INFO - ::endgroup::
