[2025-10-25T21:55:46.660+0000] {local_task_job_runner.py:123} INFO - ::group::Pre task execution logs
[2025-10-25T21:55:46.673+0000] {taskinstance.py:2614} INFO - Dependencies all met for dep_context=non-requeueable deps ti=<TaskInstance: iot_sensor_data_dag.generate_sensor_data scheduled__2025-10-25T21:55:30+00:00 [queued]>
[2025-10-25T21:55:46.680+0000] {taskinstance.py:2614} INFO - Dependencies all met for dep_context=requeueable deps ti=<TaskInstance: iot_sensor_data_dag.generate_sensor_data scheduled__2025-10-25T21:55:30+00:00 [queued]>
[2025-10-25T21:55:46.681+0000] {taskinstance.py:2867} INFO - Starting attempt 1 of 1
[2025-10-25T21:55:46.844+0000] {taskinstance.py:2890} INFO - Executing <Task(PythonOperator): generate_sensor_data> on 2025-10-25 21:55:30+00:00
[2025-10-25T21:55:46.856+0000] {warnings.py:112} WARNING - /home/***/.local/lib/python3.12/site-packages/***/task/task_runner/standard_task_runner.py:70: DeprecationWarning: This process (pid=710) is multi-threaded, use of fork() may lead to deadlocks in the child.
  pid = os.fork()

[2025-10-25T21:55:46.859+0000] {standard_task_runner.py:72} INFO - Started process 712 to run task
[2025-10-25T21:55:46.859+0000] {standard_task_runner.py:104} INFO - Running: ['***', 'tasks', 'run', 'iot_sensor_data_dag', 'generate_sensor_data', 'scheduled__2025-10-25T21:55:30+00:00', '--job-id', '189', '--raw', '--subdir', 'DAGS_FOLDER/DEPI.py', '--cfg-path', '/tmp/tmpy9m_ap3f']
[2025-10-25T21:55:46.861+0000] {standard_task_runner.py:105} INFO - Job 189: Subtask generate_sensor_data
[2025-10-25T21:55:46.910+0000] {task_command.py:467} INFO - Running <TaskInstance: iot_sensor_data_dag.generate_sensor_data scheduled__2025-10-25T21:55:30+00:00 [running]> on host 4f76d54186b6
[2025-10-25T21:55:46.984+0000] {taskinstance.py:3134} INFO - Exporting env vars: AIRFLOW_CTX_DAG_OWNER='***' AIRFLOW_CTX_DAG_ID='iot_sensor_data_dag' AIRFLOW_CTX_TASK_ID='generate_sensor_data' AIRFLOW_CTX_EXECUTION_DATE='2025-10-25T21:55:30+00:00' AIRFLOW_CTX_TRY_NUMBER='1' AIRFLOW_CTX_DAG_RUN_ID='scheduled__2025-10-25T21:55:30+00:00'
[2025-10-25T21:55:46.985+0000] {logging_mixin.py:190} INFO - Task instance is in running state
[2025-10-25T21:55:46.986+0000] {logging_mixin.py:190} INFO -  Previous state of the Task instance: queued
[2025-10-25T21:55:46.987+0000] {logging_mixin.py:190} INFO - Current task name:generate_sensor_data state:running start_date:2025-10-25 21:55:46.675270+00:00
[2025-10-25T21:55:46.987+0000] {logging_mixin.py:190} INFO - Dag name:iot_sensor_data_dag and current dag run status:running
[2025-10-25T21:55:46.988+0000] {taskinstance.py:732} INFO - ::endgroup::
[2025-10-25T21:55:47.025+0000] {logging_mixin.py:190} INFO - [2025-10-25 21:55:47.004706] Inserted sensor data: {'time': datetime.datetime(2025, 10, 25, 21, 55, 47, 4706), 'temperature': 27.30741765592137, 'Dissolved_oxygen': 6.028157254747198, 'PH': 7.404598839976149, 'Ammonia': 0.009699610449798812, 'Nitrite': 0.0513382286252294, 'Turbidty': 39.07346186145494, '_id': ObjectId('68fd4763765e946293f9bc2b')}
[2025-10-25T21:55:47.028+0000] {python.py:218} INFO - Done. Returned value was: None
[2025-10-25T21:55:47.037+0000] {taskinstance.py:341} INFO - ::group::Post task execution logs
[2025-10-25T21:55:47.039+0000] {taskinstance.py:353} INFO - Marking task as SUCCESS. dag_id=iot_sensor_data_dag, task_id=generate_sensor_data, run_id=scheduled__2025-10-25T21:55:30+00:00, execution_date=20251025T215530, start_date=20251025T215546, end_date=20251025T215547
[2025-10-25T21:55:47.059+0000] {logging_mixin.py:190} INFO - Task instance in success state
[2025-10-25T21:55:47.060+0000] {logging_mixin.py:190} INFO -  Previous state of the Task instance: running
[2025-10-25T21:55:47.061+0000] {logging_mixin.py:190} INFO - Dag name:iot_sensor_data_dag queued_at:2025-10-25 21:55:45.245165+00:00
[2025-10-25T21:55:47.062+0000] {logging_mixin.py:190} INFO - Task hostname:4f76d54186b6 operator:PythonOperator
[2025-10-25T21:55:47.076+0000] {local_task_job_runner.py:266} INFO - Task exited with return code 0
[2025-10-25T21:55:47.108+0000] {taskinstance.py:3901} INFO - 0 downstream tasks scheduled from follow-on schedule check
[2025-10-25T21:55:47.114+0000] {local_task_job_runner.py:245} INFO - ::endgroup::
