[2025-10-25T21:41:31.927+0000] {local_task_job_runner.py:123} INFO - ::group::Pre task execution logs
[2025-10-25T21:41:31.941+0000] {taskinstance.py:2614} INFO - Dependencies all met for dep_context=non-requeueable deps ti=<TaskInstance: iot_sensor_data_dag.generate_sensor_data scheduled__2025-10-25T21:41:15+00:00 [queued]>
[2025-10-25T21:41:31.948+0000] {taskinstance.py:2614} INFO - Dependencies all met for dep_context=requeueable deps ti=<TaskInstance: iot_sensor_data_dag.generate_sensor_data scheduled__2025-10-25T21:41:15+00:00 [queued]>
[2025-10-25T21:41:31.950+0000] {taskinstance.py:2867} INFO - Starting attempt 1 of 1
[2025-10-25T21:41:32.121+0000] {taskinstance.py:2890} INFO - Executing <Task(PythonOperator): generate_sensor_data> on 2025-10-25 21:41:15+00:00
[2025-10-25T21:41:32.128+0000] {warnings.py:112} WARNING - /home/***/.local/lib/python3.12/site-packages/***/task/task_runner/standard_task_runner.py:70: DeprecationWarning: This process (pid=129) is multi-threaded, use of fork() may lead to deadlocks in the child.
  pid = os.fork()

[2025-10-25T21:41:32.130+0000] {standard_task_runner.py:72} INFO - Started process 131 to run task
[2025-10-25T21:41:32.130+0000] {standard_task_runner.py:104} INFO - Running: ['***', 'tasks', 'run', 'iot_sensor_data_dag', 'generate_sensor_data', 'scheduled__2025-10-25T21:41:15+00:00', '--job-id', '132', '--raw', '--subdir', 'DAGS_FOLDER/DEPI.py', '--cfg-path', '/tmp/tmpp0bolcag']
[2025-10-25T21:41:32.132+0000] {standard_task_runner.py:105} INFO - Job 132: Subtask generate_sensor_data
[2025-10-25T21:41:32.184+0000] {task_command.py:467} INFO - Running <TaskInstance: iot_sensor_data_dag.generate_sensor_data scheduled__2025-10-25T21:41:15+00:00 [running]> on host 4f76d54186b6
[2025-10-25T21:41:32.256+0000] {taskinstance.py:3134} INFO - Exporting env vars: AIRFLOW_CTX_DAG_OWNER='***' AIRFLOW_CTX_DAG_ID='iot_sensor_data_dag' AIRFLOW_CTX_TASK_ID='generate_sensor_data' AIRFLOW_CTX_EXECUTION_DATE='2025-10-25T21:41:15+00:00' AIRFLOW_CTX_TRY_NUMBER='1' AIRFLOW_CTX_DAG_RUN_ID='scheduled__2025-10-25T21:41:15+00:00'
[2025-10-25T21:41:32.258+0000] {logging_mixin.py:190} INFO - Task instance is in running state
[2025-10-25T21:41:32.259+0000] {logging_mixin.py:190} INFO -  Previous state of the Task instance: queued
[2025-10-25T21:41:32.260+0000] {logging_mixin.py:190} INFO - Current task name:generate_sensor_data state:running start_date:2025-10-25 21:41:31.942752+00:00
[2025-10-25T21:41:32.260+0000] {logging_mixin.py:190} INFO - Dag name:iot_sensor_data_dag and current dag run status:running
[2025-10-25T21:41:32.261+0000] {taskinstance.py:732} INFO - ::endgroup::
[2025-10-25T21:41:32.296+0000] {logging_mixin.py:190} INFO - [2025-10-25 21:41:32.276027] Inserted sensor data: {'time': datetime.datetime(2025, 10, 25, 21, 41, 32, 276027), 'temperature': 27.633139505592712, 'Dissolved_oxygen': 6.035480406376265, 'PH': 7.567204873686982, 'Ammonia': 0.009276479536927828, 'Nitrite': 0.04750364382417566, 'Turbidty': 40.45581895482382, '_id': ObjectId('68fd440c7468a090ef4a2e80')}
[2025-10-25T21:41:32.298+0000] {python.py:218} INFO - Done. Returned value was: None
[2025-10-25T21:41:32.307+0000] {taskinstance.py:341} INFO - ::group::Post task execution logs
[2025-10-25T21:41:32.308+0000] {taskinstance.py:353} INFO - Marking task as SUCCESS. dag_id=iot_sensor_data_dag, task_id=generate_sensor_data, run_id=scheduled__2025-10-25T21:41:15+00:00, execution_date=20251025T214115, start_date=20251025T214131, end_date=20251025T214132
[2025-10-25T21:41:32.330+0000] {logging_mixin.py:190} INFO - Task instance in success state
[2025-10-25T21:41:32.331+0000] {logging_mixin.py:190} INFO -  Previous state of the Task instance: running
[2025-10-25T21:41:32.332+0000] {logging_mixin.py:190} INFO - Dag name:iot_sensor_data_dag queued_at:2025-10-25 21:41:30.432536+00:00
[2025-10-25T21:41:32.332+0000] {logging_mixin.py:190} INFO - Task hostname:4f76d54186b6 operator:PythonOperator
[2025-10-25T21:41:32.348+0000] {local_task_job_runner.py:266} INFO - Task exited with return code 0
[2025-10-25T21:41:32.374+0000] {taskinstance.py:3901} INFO - 0 downstream tasks scheduled from follow-on schedule check
[2025-10-25T21:41:32.379+0000] {local_task_job_runner.py:245} INFO - ::endgroup::
