[2025-10-25T21:57:16.525+0000] {local_task_job_runner.py:123} INFO - ::group::Pre task execution logs
[2025-10-25T21:57:16.537+0000] {taskinstance.py:2614} INFO - Dependencies all met for dep_context=non-requeueable deps ti=<TaskInstance: iot_sensor_data_dag.generate_sensor_data scheduled__2025-10-25T21:57:00+00:00 [queued]>
[2025-10-25T21:57:16.543+0000] {taskinstance.py:2614} INFO - Dependencies all met for dep_context=requeueable deps ti=<TaskInstance: iot_sensor_data_dag.generate_sensor_data scheduled__2025-10-25T21:57:00+00:00 [queued]>
[2025-10-25T21:57:16.544+0000] {taskinstance.py:2867} INFO - Starting attempt 1 of 1
[2025-10-25T21:57:16.668+0000] {taskinstance.py:2890} INFO - Executing <Task(PythonOperator): generate_sensor_data> on 2025-10-25 21:57:00+00:00
[2025-10-25T21:57:16.674+0000] {warnings.py:112} WARNING - /home/***/.local/lib/python3.12/site-packages/***/task/task_runner/standard_task_runner.py:70: DeprecationWarning: This process (pid=773) is multi-threaded, use of fork() may lead to deadlocks in the child.
  pid = os.fork()

[2025-10-25T21:57:16.676+0000] {standard_task_runner.py:72} INFO - Started process 775 to run task
[2025-10-25T21:57:16.677+0000] {standard_task_runner.py:104} INFO - Running: ['***', 'tasks', 'run', 'iot_sensor_data_dag', 'generate_sensor_data', 'scheduled__2025-10-25T21:57:00+00:00', '--job-id', '195', '--raw', '--subdir', 'DAGS_FOLDER/DEPI.py', '--cfg-path', '/tmp/tmp7l6fmp1t']
[2025-10-25T21:57:16.678+0000] {standard_task_runner.py:105} INFO - Job 195: Subtask generate_sensor_data
[2025-10-25T21:57:16.723+0000] {task_command.py:467} INFO - Running <TaskInstance: iot_sensor_data_dag.generate_sensor_data scheduled__2025-10-25T21:57:00+00:00 [running]> on host 4f76d54186b6
[2025-10-25T21:57:16.793+0000] {taskinstance.py:3134} INFO - Exporting env vars: AIRFLOW_CTX_DAG_OWNER='***' AIRFLOW_CTX_DAG_ID='iot_sensor_data_dag' AIRFLOW_CTX_TASK_ID='generate_sensor_data' AIRFLOW_CTX_EXECUTION_DATE='2025-10-25T21:57:00+00:00' AIRFLOW_CTX_TRY_NUMBER='1' AIRFLOW_CTX_DAG_RUN_ID='scheduled__2025-10-25T21:57:00+00:00'
[2025-10-25T21:57:16.795+0000] {logging_mixin.py:190} INFO - Task instance is in running state
[2025-10-25T21:57:16.795+0000] {logging_mixin.py:190} INFO -  Previous state of the Task instance: queued
[2025-10-25T21:57:16.796+0000] {logging_mixin.py:190} INFO - Current task name:generate_sensor_data state:running start_date:2025-10-25 21:57:16.538023+00:00
[2025-10-25T21:57:16.797+0000] {logging_mixin.py:190} INFO - Dag name:iot_sensor_data_dag and current dag run status:running
[2025-10-25T21:57:16.798+0000] {taskinstance.py:732} INFO - ::endgroup::
[2025-10-25T21:57:16.828+0000] {logging_mixin.py:190} INFO - [2025-10-25 21:57:16.816298] Inserted sensor data: {'time': datetime.datetime(2025, 10, 25, 21, 57, 16, 816298), 'temperature': 27.562925106106555, 'Dissolved_oxygen': 6.023533294629938, 'PH': 7.46993218201494, 'Ammonia': 0.010409552089242713, 'Nitrite': 0.04973606519596797, 'Turbidty': 40.04129678950541, '_id': ObjectId('68fd47bc1c339b8254026535')}
[2025-10-25T21:57:16.831+0000] {python.py:218} INFO - Done. Returned value was: None
[2025-10-25T21:57:16.839+0000] {taskinstance.py:341} INFO - ::group::Post task execution logs
[2025-10-25T21:57:16.840+0000] {taskinstance.py:353} INFO - Marking task as SUCCESS. dag_id=iot_sensor_data_dag, task_id=generate_sensor_data, run_id=scheduled__2025-10-25T21:57:00+00:00, execution_date=20251025T215700, start_date=20251025T215716, end_date=20251025T215716
[2025-10-25T21:57:16.862+0000] {logging_mixin.py:190} INFO - Task instance in success state
[2025-10-25T21:57:16.863+0000] {logging_mixin.py:190} INFO -  Previous state of the Task instance: running
[2025-10-25T21:57:16.864+0000] {logging_mixin.py:190} INFO - Dag name:iot_sensor_data_dag queued_at:2025-10-25 21:57:15.205832+00:00
[2025-10-25T21:57:16.864+0000] {logging_mixin.py:190} INFO - Task hostname:4f76d54186b6 operator:PythonOperator
[2025-10-25T21:57:16.893+0000] {local_task_job_runner.py:266} INFO - Task exited with return code 0
[2025-10-25T21:57:16.922+0000] {taskinstance.py:3901} INFO - 0 downstream tasks scheduled from follow-on schedule check
[2025-10-25T21:57:16.929+0000] {local_task_job_runner.py:245} INFO - ::endgroup::
