[2025-10-25T20:45:16.898+0000] {local_task_job_runner.py:123} INFO - ::group::Pre task execution logs
[2025-10-25T20:45:16.910+0000] {taskinstance.py:2614} INFO - Dependencies all met for dep_context=non-requeueable deps ti=<TaskInstance: iot_sensor_data_dag.generate_sensor_data scheduled__2025-10-25T20:45:00+00:00 [queued]>
[2025-10-25T20:45:16.915+0000] {taskinstance.py:2614} INFO - Dependencies all met for dep_context=requeueable deps ti=<TaskInstance: iot_sensor_data_dag.generate_sensor_data scheduled__2025-10-25T20:45:00+00:00 [queued]>
[2025-10-25T20:45:16.916+0000] {taskinstance.py:2867} INFO - Starting attempt 1 of 1
[2025-10-25T20:45:17.025+0000] {taskinstance.py:2890} INFO - Executing <Task(PythonOperator): generate_sensor_data> on 2025-10-25 20:45:00+00:00
[2025-10-25T20:45:17.032+0000] {warnings.py:112} WARNING - /home/***/.local/lib/python3.12/site-packages/***/task/task_runner/standard_task_runner.py:70: DeprecationWarning: This process (pid=456) is multi-threaded, use of fork() may lead to deadlocks in the child.
  pid = os.fork()

[2025-10-25T20:45:17.033+0000] {standard_task_runner.py:104} INFO - Running: ['***', 'tasks', 'run', 'iot_sensor_data_dag', 'generate_sensor_data', 'scheduled__2025-10-25T20:45:00+00:00', '--job-id', '83', '--raw', '--subdir', 'DAGS_FOLDER/DEPI.py', '--cfg-path', '/tmp/tmpldf3l3o5']
[2025-10-25T20:45:17.034+0000] {standard_task_runner.py:72} INFO - Started process 458 to run task
[2025-10-25T20:45:17.034+0000] {standard_task_runner.py:105} INFO - Job 83: Subtask generate_sensor_data
[2025-10-25T20:45:17.071+0000] {task_command.py:467} INFO - Running <TaskInstance: iot_sensor_data_dag.generate_sensor_data scheduled__2025-10-25T20:45:00+00:00 [running]> on host 4f76d54186b6
[2025-10-25T20:45:17.134+0000] {taskinstance.py:3134} INFO - Exporting env vars: AIRFLOW_CTX_DAG_OWNER='***' AIRFLOW_CTX_DAG_ID='iot_sensor_data_dag' AIRFLOW_CTX_TASK_ID='generate_sensor_data' AIRFLOW_CTX_EXECUTION_DATE='2025-10-25T20:45:00+00:00' AIRFLOW_CTX_TRY_NUMBER='1' AIRFLOW_CTX_DAG_RUN_ID='scheduled__2025-10-25T20:45:00+00:00'
[2025-10-25T20:45:17.136+0000] {logging_mixin.py:190} INFO - Task instance is in running state
[2025-10-25T20:45:17.137+0000] {logging_mixin.py:190} INFO -  Previous state of the Task instance: queued
[2025-10-25T20:45:17.137+0000] {logging_mixin.py:190} INFO - Current task name:generate_sensor_data state:running start_date:2025-10-25 20:45:16.911348+00:00
[2025-10-25T20:45:17.137+0000] {logging_mixin.py:190} INFO - Dag name:iot_sensor_data_dag and current dag run status:running
[2025-10-25T20:45:17.138+0000] {taskinstance.py:732} INFO - ::endgroup::
[2025-10-25T20:45:17.159+0000] {logging_mixin.py:190} INFO - [2025-10-25 20:45:17.148640] Inserted sensor data: {'time': datetime.datetime(2025, 10, 25, 20, 45, 17, 148640), 'temperature': 27.438718781693467, 'Dissolved_oxygen': 6.027831616612398, 'PH': 7.488077174850069, 'Ammonia': 0.009373230062713804, 'Nitrite': 0.051769268858494186, 'Turbidty': 40.41534536380795, '_id': ObjectId('68fd36dd59b24e78b8c9ca8f')}
[2025-10-25T20:45:17.161+0000] {python.py:218} INFO - Done. Returned value was: None
[2025-10-25T20:45:17.168+0000] {taskinstance.py:341} INFO - ::group::Post task execution logs
[2025-10-25T20:45:17.169+0000] {taskinstance.py:353} INFO - Marking task as SUCCESS. dag_id=iot_sensor_data_dag, task_id=generate_sensor_data, run_id=scheduled__2025-10-25T20:45:00+00:00, execution_date=20251025T204500, start_date=20251025T204516, end_date=20251025T204517
[2025-10-25T20:45:17.185+0000] {logging_mixin.py:190} INFO - Task instance in success state
[2025-10-25T20:45:17.186+0000] {logging_mixin.py:190} INFO -  Previous state of the Task instance: running
[2025-10-25T20:45:17.187+0000] {logging_mixin.py:190} INFO - Dag name:iot_sensor_data_dag queued_at:2025-10-25 20:45:15.767179+00:00
[2025-10-25T20:45:17.187+0000] {logging_mixin.py:190} INFO - Task hostname:4f76d54186b6 operator:PythonOperator
[2025-10-25T20:45:17.209+0000] {local_task_job_runner.py:266} INFO - Task exited with return code 0
[2025-10-25T20:45:17.221+0000] {taskinstance.py:3901} INFO - 0 downstream tasks scheduled from follow-on schedule check
[2025-10-25T20:45:17.224+0000] {local_task_job_runner.py:245} INFO - ::endgroup::
