[2025-10-25T21:39:46.890+0000] {local_task_job_runner.py:123} INFO - ::group::Pre task execution logs
[2025-10-25T21:39:46.903+0000] {taskinstance.py:2614} INFO - Dependencies all met for dep_context=non-requeueable deps ti=<TaskInstance: iot_sensor_data_dag.generate_sensor_data scheduled__2025-10-25T21:39:30+00:00 [queued]>
[2025-10-25T21:39:46.909+0000] {taskinstance.py:2614} INFO - Dependencies all met for dep_context=requeueable deps ti=<TaskInstance: iot_sensor_data_dag.generate_sensor_data scheduled__2025-10-25T21:39:30+00:00 [queued]>
[2025-10-25T21:39:46.911+0000] {taskinstance.py:2867} INFO - Starting attempt 1 of 1
[2025-10-25T21:39:47.065+0000] {taskinstance.py:2890} INFO - Executing <Task(PythonOperator): generate_sensor_data> on 2025-10-25 21:39:30+00:00
[2025-10-25T21:39:47.071+0000] {warnings.py:112} WARNING - /home/***/.local/lib/python3.12/site-packages/***/task/task_runner/standard_task_runner.py:70: DeprecationWarning: This process (pid=177) is multi-threaded, use of fork() may lead to deadlocks in the child.
  pid = os.fork()

[2025-10-25T21:39:47.074+0000] {standard_task_runner.py:72} INFO - Started process 179 to run task
[2025-10-25T21:39:47.075+0000] {standard_task_runner.py:104} INFO - Running: ['***', 'tasks', 'run', 'iot_sensor_data_dag', 'generate_sensor_data', 'scheduled__2025-10-25T21:39:30+00:00', '--job-id', '123', '--raw', '--subdir', 'DAGS_FOLDER/DEPI.py', '--cfg-path', '/tmp/tmp1ucbqvym']
[2025-10-25T21:39:47.076+0000] {standard_task_runner.py:105} INFO - Job 123: Subtask generate_sensor_data
[2025-10-25T21:39:47.129+0000] {task_command.py:467} INFO - Running <TaskInstance: iot_sensor_data_dag.generate_sensor_data scheduled__2025-10-25T21:39:30+00:00 [running]> on host 4f76d54186b6
[2025-10-25T21:39:47.205+0000] {taskinstance.py:3134} INFO - Exporting env vars: AIRFLOW_CTX_DAG_OWNER='***' AIRFLOW_CTX_DAG_ID='iot_sensor_data_dag' AIRFLOW_CTX_TASK_ID='generate_sensor_data' AIRFLOW_CTX_EXECUTION_DATE='2025-10-25T21:39:30+00:00' AIRFLOW_CTX_TRY_NUMBER='1' AIRFLOW_CTX_DAG_RUN_ID='scheduled__2025-10-25T21:39:30+00:00'
[2025-10-25T21:39:47.207+0000] {logging_mixin.py:190} INFO - Task instance is in running state
[2025-10-25T21:39:47.208+0000] {logging_mixin.py:190} INFO -  Previous state of the Task instance: queued
[2025-10-25T21:39:47.209+0000] {logging_mixin.py:190} INFO - Current task name:generate_sensor_data state:running start_date:2025-10-25 21:39:46.904645+00:00
[2025-10-25T21:39:47.209+0000] {logging_mixin.py:190} INFO - Dag name:iot_sensor_data_dag and current dag run status:running
[2025-10-25T21:39:47.210+0000] {taskinstance.py:732} INFO - ::endgroup::
[2025-10-25T21:39:47.242+0000] {logging_mixin.py:190} INFO - [2025-10-25 21:39:47.229219] Inserted sensor data: {'time': datetime.datetime(2025, 10, 25, 21, 39, 47, 229219), 'temperature': 27.44083632448057, 'Dissolved_oxygen': 5.9754248879561525, 'PH': 7.533759890992221, 'Ammonia': 0.009760162886504505, 'Nitrite': 0.04869566233728426, 'Turbidty': 39.67213506906672, '_id': ObjectId('68fd43a394483715229ae1cb')}
[2025-10-25T21:39:47.243+0000] {python.py:218} INFO - Done. Returned value was: None
[2025-10-25T21:39:47.253+0000] {taskinstance.py:341} INFO - ::group::Post task execution logs
[2025-10-25T21:39:47.254+0000] {taskinstance.py:353} INFO - Marking task as SUCCESS. dag_id=iot_sensor_data_dag, task_id=generate_sensor_data, run_id=scheduled__2025-10-25T21:39:30+00:00, execution_date=20251025T213930, start_date=20251025T213946, end_date=20251025T213947
[2025-10-25T21:39:47.273+0000] {logging_mixin.py:190} INFO - Task instance in success state
[2025-10-25T21:39:47.274+0000] {logging_mixin.py:190} INFO -  Previous state of the Task instance: running
[2025-10-25T21:39:47.274+0000] {logging_mixin.py:190} INFO - Dag name:iot_sensor_data_dag queued_at:2025-10-25 21:39:45.417112+00:00
[2025-10-25T21:39:47.275+0000] {logging_mixin.py:190} INFO - Task hostname:4f76d54186b6 operator:PythonOperator
[2025-10-25T21:39:47.290+0000] {local_task_job_runner.py:266} INFO - Task exited with return code 0
[2025-10-25T21:39:47.312+0000] {taskinstance.py:3901} INFO - 0 downstream tasks scheduled from follow-on schedule check
[2025-10-25T21:39:47.317+0000] {local_task_job_runner.py:245} INFO - ::endgroup::
