[2025-10-25T12:37:25.363+0000] {local_task_job_runner.py:123} INFO - ::group::Pre task execution logs
[2025-10-25T12:37:25.378+0000] {taskinstance.py:2614} INFO - Dependencies all met for dep_context=non-requeueable deps ti=<TaskInstance: iot_sensor_data_dag.generate_sensor_data scheduled__2025-10-25T12:37:00+00:00 [queued]>
[2025-10-25T12:37:25.385+0000] {taskinstance.py:2614} INFO - Dependencies all met for dep_context=requeueable deps ti=<TaskInstance: iot_sensor_data_dag.generate_sensor_data scheduled__2025-10-25T12:37:00+00:00 [queued]>
[2025-10-25T12:37:25.416+0000] {taskinstance.py:2867} INFO - Starting attempt 1 of 1
[2025-10-25T12:37:25.434+0000] {taskinstance.py:2890} INFO - Executing <Task(PythonOperator): generate_sensor_data> on 2025-10-25 12:37:00+00:00
[2025-10-25T12:37:25.441+0000] {warnings.py:112} WARNING - /home/***/.local/lib/python3.12/site-packages/***/task/task_runner/standard_task_runner.py:70: DeprecationWarning: This process (pid=273) is multi-threaded, use of fork() may lead to deadlocks in the child.
  pid = os.fork()

[2025-10-25T12:37:25.443+0000] {standard_task_runner.py:72} INFO - Started process 275 to run task
[2025-10-25T12:37:25.443+0000] {standard_task_runner.py:104} INFO - Running: ['***', 'tasks', 'run', 'iot_sensor_data_dag', 'generate_sensor_data', 'scheduled__2025-10-25T12:37:00+00:00', '--job-id', '42', '--raw', '--subdir', 'DAGS_FOLDER/DEPI.py', '--cfg-path', '/tmp/tmp2b4qd7h1']
[2025-10-25T12:37:25.445+0000] {standard_task_runner.py:105} INFO - Job 42: Subtask generate_sensor_data
[2025-10-25T12:37:25.494+0000] {task_command.py:467} INFO - Running <TaskInstance: iot_sensor_data_dag.generate_sensor_data scheduled__2025-10-25T12:37:00+00:00 [running]> on host 4f76d54186b6
[2025-10-25T12:37:25.562+0000] {taskinstance.py:3134} INFO - Exporting env vars: AIRFLOW_CTX_DAG_OWNER='***' AIRFLOW_CTX_DAG_ID='iot_sensor_data_dag' AIRFLOW_CTX_TASK_ID='generate_sensor_data' AIRFLOW_CTX_EXECUTION_DATE='2025-10-25T12:37:00+00:00' AIRFLOW_CTX_TRY_NUMBER='1' AIRFLOW_CTX_DAG_RUN_ID='scheduled__2025-10-25T12:37:00+00:00'
[2025-10-25T12:37:25.564+0000] {logging_mixin.py:190} INFO - Task instance is in running state
[2025-10-25T12:37:25.565+0000] {logging_mixin.py:190} INFO -  Previous state of the Task instance: queued
[2025-10-25T12:37:25.566+0000] {logging_mixin.py:190} INFO - Current task name:generate_sensor_data state:running start_date:2025-10-25 12:37:25.379315+00:00
[2025-10-25T12:37:25.566+0000] {logging_mixin.py:190} INFO - Dag name:iot_sensor_data_dag and current dag run status:running
[2025-10-25T12:37:25.567+0000] {taskinstance.py:732} INFO - ::endgroup::
[2025-10-25T12:37:25.700+0000] {logging_mixin.py:190} INFO - [2025-10-25 12:37:25.591261] Inserted sensor data: {'time': datetime.datetime(2025, 10, 25, 12, 37, 25, 591261), 'temperature': 27.414499677479448, 'Dissolved_oxygen': 5.994227866296134, 'PH': 7.442514466863184, 'Ammonia': 0.009994186128175049, 'Nitrite': 0.053702188192242484, 'Turbidty': 39.735903824176106, '_id': ObjectId('68fcc4855fdfed0f1ca5caa8')}
[2025-10-25T12:37:25.706+0000] {python.py:218} INFO - Done. Returned value was: None
[2025-10-25T12:37:25.717+0000] {taskinstance.py:341} INFO - ::group::Post task execution logs
[2025-10-25T12:37:25.717+0000] {taskinstance.py:353} INFO - Marking task as SUCCESS. dag_id=iot_sensor_data_dag, task_id=generate_sensor_data, run_id=scheduled__2025-10-25T12:37:00+00:00, execution_date=20251025T123700, start_date=20251025T123725, end_date=20251025T123725
[2025-10-25T12:37:25.743+0000] {logging_mixin.py:190} INFO - Task instance in success state
[2025-10-25T12:37:25.744+0000] {logging_mixin.py:190} INFO -  Previous state of the Task instance: running
[2025-10-25T12:37:25.745+0000] {logging_mixin.py:190} INFO - Dag name:iot_sensor_data_dag queued_at:2025-10-25 12:37:23.887442+00:00
[2025-10-25T12:37:25.746+0000] {logging_mixin.py:190} INFO - Task hostname:4f76d54186b6 operator:PythonOperator
[2025-10-25T12:37:25.781+0000] {local_task_job_runner.py:266} INFO - Task exited with return code 0
[2025-10-25T12:37:25.800+0000] {taskinstance.py:3901} INFO - 0 downstream tasks scheduled from follow-on schedule check
[2025-10-25T12:37:25.803+0000] {local_task_job_runner.py:245} INFO - ::endgroup::
