[2025-10-25T21:59:47.032+0000] {local_task_job_runner.py:123} INFO - ::group::Pre task execution logs
[2025-10-25T21:59:47.046+0000] {taskinstance.py:2614} INFO - Dependencies all met for dep_context=non-requeueable deps ti=<TaskInstance: iot_sensor_data_dag.generate_sensor_data scheduled__2025-10-25T21:59:30+00:00 [queued]>
[2025-10-25T21:59:47.053+0000] {taskinstance.py:2614} INFO - Dependencies all met for dep_context=requeueable deps ti=<TaskInstance: iot_sensor_data_dag.generate_sensor_data scheduled__2025-10-25T21:59:30+00:00 [queued]>
[2025-10-25T21:59:47.055+0000] {taskinstance.py:2867} INFO - Starting attempt 1 of 1
[2025-10-25T21:59:47.229+0000] {taskinstance.py:2890} INFO - Executing <Task(PythonOperator): generate_sensor_data> on 2025-10-25 21:59:30+00:00
[2025-10-25T21:59:47.238+0000] {warnings.py:112} WARNING - /home/***/.local/lib/python3.12/site-packages/***/task/task_runner/standard_task_runner.py:70: DeprecationWarning: This process (pid=878) is multi-threaded, use of fork() may lead to deadlocks in the child.
  pid = os.fork()

[2025-10-25T21:59:47.241+0000] {standard_task_runner.py:72} INFO - Started process 880 to run task
[2025-10-25T21:59:47.242+0000] {standard_task_runner.py:104} INFO - Running: ['***', 'tasks', 'run', 'iot_sensor_data_dag', 'generate_sensor_data', 'scheduled__2025-10-25T21:59:30+00:00', '--job-id', '205', '--raw', '--subdir', 'DAGS_FOLDER/DEPI.py', '--cfg-path', '/tmp/tmpp0f_jwcr']
[2025-10-25T21:59:47.243+0000] {standard_task_runner.py:105} INFO - Job 205: Subtask generate_sensor_data
[2025-10-25T21:59:47.291+0000] {task_command.py:467} INFO - Running <TaskInstance: iot_sensor_data_dag.generate_sensor_data scheduled__2025-10-25T21:59:30+00:00 [running]> on host 4f76d54186b6
[2025-10-25T21:59:47.375+0000] {taskinstance.py:3134} INFO - Exporting env vars: AIRFLOW_CTX_DAG_OWNER='***' AIRFLOW_CTX_DAG_ID='iot_sensor_data_dag' AIRFLOW_CTX_TASK_ID='generate_sensor_data' AIRFLOW_CTX_EXECUTION_DATE='2025-10-25T21:59:30+00:00' AIRFLOW_CTX_TRY_NUMBER='1' AIRFLOW_CTX_DAG_RUN_ID='scheduled__2025-10-25T21:59:30+00:00'
[2025-10-25T21:59:47.376+0000] {logging_mixin.py:190} INFO - Task instance is in running state
[2025-10-25T21:59:47.378+0000] {logging_mixin.py:190} INFO -  Previous state of the Task instance: queued
[2025-10-25T21:59:47.379+0000] {logging_mixin.py:190} INFO - Current task name:generate_sensor_data state:running start_date:2025-10-25 21:59:47.047993+00:00
[2025-10-25T21:59:47.380+0000] {logging_mixin.py:190} INFO - Dag name:iot_sensor_data_dag and current dag run status:running
[2025-10-25T21:59:47.381+0000] {taskinstance.py:732} INFO - ::endgroup::
[2025-10-25T21:59:47.418+0000] {logging_mixin.py:190} INFO - [2025-10-25 21:59:47.401116] Inserted sensor data: {'time': datetime.datetime(2025, 10, 25, 21, 59, 47, 401116), 'temperature': 27.48543501324386, 'Dissolved_oxygen': 6.01885237093639, 'PH': 7.5108050318818, 'Ammonia': 0.009760038521164898, 'Nitrite': 0.05498641575519296, 'Turbidty': 39.11941666955164, '_id': ObjectId('68fd4853014f57eefe5b9f28')}
[2025-10-25T21:59:47.422+0000] {python.py:218} INFO - Done. Returned value was: None
[2025-10-25T21:59:47.431+0000] {taskinstance.py:341} INFO - ::group::Post task execution logs
[2025-10-25T21:59:47.432+0000] {taskinstance.py:353} INFO - Marking task as SUCCESS. dag_id=iot_sensor_data_dag, task_id=generate_sensor_data, run_id=scheduled__2025-10-25T21:59:30+00:00, execution_date=20251025T215930, start_date=20251025T215947, end_date=20251025T215947
[2025-10-25T21:59:47.454+0000] {logging_mixin.py:190} INFO - Task instance in success state
[2025-10-25T21:59:47.455+0000] {logging_mixin.py:190} INFO -  Previous state of the Task instance: running
[2025-10-25T21:59:47.456+0000] {logging_mixin.py:190} INFO - Dag name:iot_sensor_data_dag queued_at:2025-10-25 21:59:45.497813+00:00
[2025-10-25T21:59:47.456+0000] {logging_mixin.py:190} INFO - Task hostname:4f76d54186b6 operator:PythonOperator
[2025-10-25T21:59:47.498+0000] {local_task_job_runner.py:266} INFO - Task exited with return code 0
[2025-10-25T21:59:47.529+0000] {taskinstance.py:3901} INFO - 0 downstream tasks scheduled from follow-on schedule check
[2025-10-25T21:59:47.536+0000] {local_task_job_runner.py:245} INFO - ::endgroup::
