[2025-10-25T20:49:46.505+0000] {local_task_job_runner.py:123} INFO - ::group::Pre task execution logs
[2025-10-25T20:49:46.518+0000] {taskinstance.py:2614} INFO - Dependencies all met for dep_context=non-requeueable deps ti=<TaskInstance: iot_sensor_data_dag.generate_sensor_data scheduled__2025-10-25T20:49:30+00:00 [queued]>
[2025-10-25T20:49:46.524+0000] {taskinstance.py:2614} INFO - Dependencies all met for dep_context=requeueable deps ti=<TaskInstance: iot_sensor_data_dag.generate_sensor_data scheduled__2025-10-25T20:49:30+00:00 [queued]>
[2025-10-25T20:49:46.525+0000] {taskinstance.py:2867} INFO - Starting attempt 1 of 1
[2025-10-25T20:49:46.642+0000] {taskinstance.py:2890} INFO - Executing <Task(PythonOperator): generate_sensor_data> on 2025-10-25 20:49:30+00:00
[2025-10-25T20:49:46.647+0000] {warnings.py:112} WARNING - /home/***/.local/lib/python3.12/site-packages/***/task/task_runner/standard_task_runner.py:70: DeprecationWarning: This process (pid=645) is multi-threaded, use of fork() may lead to deadlocks in the child.
  pid = os.fork()

[2025-10-25T20:49:46.649+0000] {standard_task_runner.py:72} INFO - Started process 647 to run task
[2025-10-25T20:49:46.649+0000] {standard_task_runner.py:104} INFO - Running: ['***', 'tasks', 'run', 'iot_sensor_data_dag', 'generate_sensor_data', 'scheduled__2025-10-25T20:49:30+00:00', '--job-id', '101', '--raw', '--subdir', 'DAGS_FOLDER/DEPI.py', '--cfg-path', '/tmp/tmpjsc72lt6']
[2025-10-25T20:49:46.650+0000] {standard_task_runner.py:105} INFO - Job 101: Subtask generate_sensor_data
[2025-10-25T20:49:46.689+0000] {task_command.py:467} INFO - Running <TaskInstance: iot_sensor_data_dag.generate_sensor_data scheduled__2025-10-25T20:49:30+00:00 [running]> on host 4f76d54186b6
[2025-10-25T20:49:46.754+0000] {taskinstance.py:3134} INFO - Exporting env vars: AIRFLOW_CTX_DAG_OWNER='***' AIRFLOW_CTX_DAG_ID='iot_sensor_data_dag' AIRFLOW_CTX_TASK_ID='generate_sensor_data' AIRFLOW_CTX_EXECUTION_DATE='2025-10-25T20:49:30+00:00' AIRFLOW_CTX_TRY_NUMBER='1' AIRFLOW_CTX_DAG_RUN_ID='scheduled__2025-10-25T20:49:30+00:00'
[2025-10-25T20:49:46.758+0000] {logging_mixin.py:190} INFO - Task instance is in running state
[2025-10-25T20:49:46.759+0000] {logging_mixin.py:190} INFO -  Previous state of the Task instance: queued
[2025-10-25T20:49:46.764+0000] {logging_mixin.py:190} INFO - Current task name:generate_sensor_data state:running start_date:2025-10-25 20:49:46.518967+00:00
[2025-10-25T20:49:46.769+0000] {logging_mixin.py:190} INFO - Dag name:iot_sensor_data_dag and current dag run status:running
[2025-10-25T20:49:46.773+0000] {taskinstance.py:732} INFO - ::endgroup::
[2025-10-25T20:49:46.814+0000] {logging_mixin.py:190} INFO - [2025-10-25 20:49:46.791534] Inserted sensor data: {'time': datetime.datetime(2025, 10, 25, 20, 49, 46, 791534), 'temperature': 27.51737850647593, 'Dissolved_oxygen': 6.013595112093791, 'PH': 7.407320729477754, 'Ammonia': 0.010177130140522472, 'Nitrite': 0.04994093797823772, 'Turbidty': 40.650385949579636, '_id': ObjectId('68fd37ea0a9887c5901f1eb6')}
[2025-10-25T20:49:46.817+0000] {python.py:218} INFO - Done. Returned value was: None
[2025-10-25T20:49:46.827+0000] {taskinstance.py:341} INFO - ::group::Post task execution logs
[2025-10-25T20:49:46.828+0000] {taskinstance.py:353} INFO - Marking task as SUCCESS. dag_id=iot_sensor_data_dag, task_id=generate_sensor_data, run_id=scheduled__2025-10-25T20:49:30+00:00, execution_date=20251025T204930, start_date=20251025T204946, end_date=20251025T204946
[2025-10-25T20:49:46.847+0000] {logging_mixin.py:190} INFO - Task instance in success state
[2025-10-25T20:49:46.848+0000] {logging_mixin.py:190} INFO -  Previous state of the Task instance: running
[2025-10-25T20:49:46.848+0000] {logging_mixin.py:190} INFO - Dag name:iot_sensor_data_dag queued_at:2025-10-25 20:49:45.284809+00:00
[2025-10-25T20:49:46.849+0000] {logging_mixin.py:190} INFO - Task hostname:4f76d54186b6 operator:PythonOperator
[2025-10-25T20:49:46.864+0000] {local_task_job_runner.py:266} INFO - Task exited with return code 0
[2025-10-25T20:49:46.878+0000] {taskinstance.py:3901} INFO - 0 downstream tasks scheduled from follow-on schedule check
[2025-10-25T20:49:46.881+0000] {local_task_job_runner.py:245} INFO - ::endgroup::
