[2025-10-25T20:45:32.104+0000] {local_task_job_runner.py:123} INFO - ::group::Pre task execution logs
[2025-10-25T20:45:32.118+0000] {taskinstance.py:2614} INFO - Dependencies all met for dep_context=non-requeueable deps ti=<TaskInstance: iot_sensor_data_dag.generate_sensor_data scheduled__2025-10-25T20:45:15+00:00 [queued]>
[2025-10-25T20:45:32.123+0000] {taskinstance.py:2614} INFO - Dependencies all met for dep_context=requeueable deps ti=<TaskInstance: iot_sensor_data_dag.generate_sensor_data scheduled__2025-10-25T20:45:15+00:00 [queued]>
[2025-10-25T20:45:32.124+0000] {taskinstance.py:2867} INFO - Starting attempt 1 of 1
[2025-10-25T20:45:32.241+0000] {taskinstance.py:2890} INFO - Executing <Task(PythonOperator): generate_sensor_data> on 2025-10-25 20:45:15+00:00
[2025-10-25T20:45:32.247+0000] {warnings.py:112} WARNING - /home/***/.local/lib/python3.12/site-packages/***/task/task_runner/standard_task_runner.py:70: DeprecationWarning: This process (pid=470) is multi-threaded, use of fork() may lead to deadlocks in the child.
  pid = os.fork()

[2025-10-25T20:45:32.249+0000] {standard_task_runner.py:72} INFO - Started process 472 to run task
[2025-10-25T20:45:32.249+0000] {standard_task_runner.py:104} INFO - Running: ['***', 'tasks', 'run', 'iot_sensor_data_dag', 'generate_sensor_data', 'scheduled__2025-10-25T20:45:15+00:00', '--job-id', '84', '--raw', '--subdir', 'DAGS_FOLDER/DEPI.py', '--cfg-path', '/tmp/tmp4yuj_4wg']
[2025-10-25T20:45:32.251+0000] {standard_task_runner.py:105} INFO - Job 84: Subtask generate_sensor_data
[2025-10-25T20:45:32.287+0000] {task_command.py:467} INFO - Running <TaskInstance: iot_sensor_data_dag.generate_sensor_data scheduled__2025-10-25T20:45:15+00:00 [running]> on host 4f76d54186b6
[2025-10-25T20:45:32.348+0000] {taskinstance.py:3134} INFO - Exporting env vars: AIRFLOW_CTX_DAG_OWNER='***' AIRFLOW_CTX_DAG_ID='iot_sensor_data_dag' AIRFLOW_CTX_TASK_ID='generate_sensor_data' AIRFLOW_CTX_EXECUTION_DATE='2025-10-25T20:45:15+00:00' AIRFLOW_CTX_TRY_NUMBER='1' AIRFLOW_CTX_DAG_RUN_ID='scheduled__2025-10-25T20:45:15+00:00'
[2025-10-25T20:45:32.350+0000] {logging_mixin.py:190} INFO - Task instance is in running state
[2025-10-25T20:45:32.350+0000] {logging_mixin.py:190} INFO -  Previous state of the Task instance: queued
[2025-10-25T20:45:32.351+0000] {logging_mixin.py:190} INFO - Current task name:generate_sensor_data state:running start_date:2025-10-25 20:45:32.118898+00:00
[2025-10-25T20:45:32.352+0000] {logging_mixin.py:190} INFO - Dag name:iot_sensor_data_dag and current dag run status:running
[2025-10-25T20:45:32.353+0000] {taskinstance.py:732} INFO - ::endgroup::
[2025-10-25T20:45:32.386+0000] {logging_mixin.py:190} INFO - [2025-10-25 20:45:32.368619] Inserted sensor data: {'time': datetime.datetime(2025, 10, 25, 20, 45, 32, 368619), 'temperature': 27.367195820169293, 'Dissolved_oxygen': 6.041202462955336, 'PH': 7.587790141189604, 'Ammonia': 0.010342999390626424, 'Nitrite': 0.05135441739425582, 'Turbidty': 40.91495297830878, '_id': ObjectId('68fd36ec9f7c93df6d8529a4')}
[2025-10-25T20:45:32.389+0000] {python.py:218} INFO - Done. Returned value was: None
[2025-10-25T20:45:32.397+0000] {taskinstance.py:341} INFO - ::group::Post task execution logs
[2025-10-25T20:45:32.398+0000] {taskinstance.py:353} INFO - Marking task as SUCCESS. dag_id=iot_sensor_data_dag, task_id=generate_sensor_data, run_id=scheduled__2025-10-25T20:45:15+00:00, execution_date=20251025T204515, start_date=20251025T204532, end_date=20251025T204532
[2025-10-25T20:45:32.414+0000] {logging_mixin.py:190} INFO - Task instance in success state
[2025-10-25T20:45:32.415+0000] {logging_mixin.py:190} INFO -  Previous state of the Task instance: running
[2025-10-25T20:45:32.416+0000] {logging_mixin.py:190} INFO - Dag name:iot_sensor_data_dag queued_at:2025-10-25 20:45:30.856771+00:00
[2025-10-25T20:45:32.417+0000] {logging_mixin.py:190} INFO - Task hostname:4f76d54186b6 operator:PythonOperator
[2025-10-25T20:45:32.425+0000] {local_task_job_runner.py:266} INFO - Task exited with return code 0
[2025-10-25T20:45:32.436+0000] {taskinstance.py:3901} INFO - 0 downstream tasks scheduled from follow-on schedule check
[2025-10-25T20:45:32.439+0000] {local_task_job_runner.py:245} INFO - ::endgroup::
