[2025-10-25T21:41:01.409+0000] {local_task_job_runner.py:123} INFO - ::group::Pre task execution logs
[2025-10-25T21:41:01.422+0000] {taskinstance.py:2614} INFO - Dependencies all met for dep_context=non-requeueable deps ti=<TaskInstance: iot_sensor_data_dag.generate_sensor_data scheduled__2025-10-25T21:40:45+00:00 [queued]>
[2025-10-25T21:41:01.428+0000] {taskinstance.py:2614} INFO - Dependencies all met for dep_context=requeueable deps ti=<TaskInstance: iot_sensor_data_dag.generate_sensor_data scheduled__2025-10-25T21:40:45+00:00 [queued]>
[2025-10-25T21:41:01.429+0000] {taskinstance.py:2867} INFO - Starting attempt 1 of 1
[2025-10-25T21:41:01.556+0000] {taskinstance.py:2890} INFO - Executing <Task(PythonOperator): generate_sensor_data> on 2025-10-25 21:40:45+00:00
[2025-10-25T21:41:01.566+0000] {warnings.py:112} WARNING - /home/***/.local/lib/python3.12/site-packages/***/task/task_runner/standard_task_runner.py:70: DeprecationWarning: This process (pid=108) is multi-threaded, use of fork() may lead to deadlocks in the child.
  pid = os.fork()

[2025-10-25T21:41:01.568+0000] {standard_task_runner.py:104} INFO - Running: ['***', 'tasks', 'run', 'iot_sensor_data_dag', 'generate_sensor_data', 'scheduled__2025-10-25T21:40:45+00:00', '--job-id', '130', '--raw', '--subdir', 'DAGS_FOLDER/DEPI.py', '--cfg-path', '/tmp/tmpiaspnfs2']
[2025-10-25T21:41:01.569+0000] {standard_task_runner.py:72} INFO - Started process 110 to run task
[2025-10-25T21:41:01.570+0000] {standard_task_runner.py:105} INFO - Job 130: Subtask generate_sensor_data
[2025-10-25T21:41:01.616+0000] {task_command.py:467} INFO - Running <TaskInstance: iot_sensor_data_dag.generate_sensor_data scheduled__2025-10-25T21:40:45+00:00 [running]> on host 4f76d54186b6
[2025-10-25T21:41:01.688+0000] {taskinstance.py:3134} INFO - Exporting env vars: AIRFLOW_CTX_DAG_OWNER='***' AIRFLOW_CTX_DAG_ID='iot_sensor_data_dag' AIRFLOW_CTX_TASK_ID='generate_sensor_data' AIRFLOW_CTX_EXECUTION_DATE='2025-10-25T21:40:45+00:00' AIRFLOW_CTX_TRY_NUMBER='1' AIRFLOW_CTX_DAG_RUN_ID='scheduled__2025-10-25T21:40:45+00:00'
[2025-10-25T21:41:01.689+0000] {logging_mixin.py:190} INFO - Task instance is in running state
[2025-10-25T21:41:01.690+0000] {logging_mixin.py:190} INFO -  Previous state of the Task instance: queued
[2025-10-25T21:41:01.691+0000] {logging_mixin.py:190} INFO - Current task name:generate_sensor_data state:running start_date:2025-10-25 21:41:01.422926+00:00
[2025-10-25T21:41:01.692+0000] {logging_mixin.py:190} INFO - Dag name:iot_sensor_data_dag and current dag run status:running
[2025-10-25T21:41:01.692+0000] {taskinstance.py:732} INFO - ::endgroup::
[2025-10-25T21:41:01.722+0000] {logging_mixin.py:190} INFO - [2025-10-25 21:41:01.708714] Inserted sensor data: {'time': datetime.datetime(2025, 10, 25, 21, 41, 1, 708714), 'temperature': 27.670925409017173, 'Dissolved_oxygen': 6.002884078994829, 'PH': 7.501225451980878, 'Ammonia': 0.009868874144149567, 'Nitrite': 0.05376013559332586, 'Turbidty': 40.89860692346313, '_id': ObjectId('68fd43ede1a4443589731f1c')}
[2025-10-25T21:41:01.725+0000] {python.py:218} INFO - Done. Returned value was: None
[2025-10-25T21:41:01.735+0000] {taskinstance.py:341} INFO - ::group::Post task execution logs
[2025-10-25T21:41:01.736+0000] {taskinstance.py:353} INFO - Marking task as SUCCESS. dag_id=iot_sensor_data_dag, task_id=generate_sensor_data, run_id=scheduled__2025-10-25T21:40:45+00:00, execution_date=20251025T214045, start_date=20251025T214101, end_date=20251025T214101
[2025-10-25T21:41:01.756+0000] {logging_mixin.py:190} INFO - Task instance in success state
[2025-10-25T21:41:01.758+0000] {logging_mixin.py:190} INFO -  Previous state of the Task instance: running
[2025-10-25T21:41:01.758+0000] {logging_mixin.py:190} INFO - Dag name:iot_sensor_data_dag queued_at:2025-10-25 21:41:00.010417+00:00
[2025-10-25T21:41:01.759+0000] {logging_mixin.py:190} INFO - Task hostname:4f76d54186b6 operator:PythonOperator
[2025-10-25T21:41:01.786+0000] {local_task_job_runner.py:266} INFO - Task exited with return code 0
[2025-10-25T21:41:01.811+0000] {taskinstance.py:3901} INFO - 0 downstream tasks scheduled from follow-on schedule check
[2025-10-25T21:41:01.816+0000] {local_task_job_runner.py:245} INFO - ::endgroup::
