[2025-10-25T21:39:16.822+0000] {local_task_job_runner.py:123} INFO - ::group::Pre task execution logs
[2025-10-25T21:39:16.837+0000] {taskinstance.py:2614} INFO - Dependencies all met for dep_context=non-requeueable deps ti=<TaskInstance: iot_sensor_data_dag.generate_sensor_data scheduled__2025-10-25T21:39:00+00:00 [queued]>
[2025-10-25T21:39:16.847+0000] {taskinstance.py:2614} INFO - Dependencies all met for dep_context=requeueable deps ti=<TaskInstance: iot_sensor_data_dag.generate_sensor_data scheduled__2025-10-25T21:39:00+00:00 [queued]>
[2025-10-25T21:39:16.848+0000] {taskinstance.py:2867} INFO - Starting attempt 1 of 1
[2025-10-25T21:39:17.006+0000] {taskinstance.py:2890} INFO - Executing <Task(PythonOperator): generate_sensor_data> on 2025-10-25 21:39:00+00:00
[2025-10-25T21:39:17.017+0000] {warnings.py:112} WARNING - /home/***/.local/lib/python3.12/site-packages/***/task/task_runner/standard_task_runner.py:70: DeprecationWarning: This process (pid=156) is multi-threaded, use of fork() may lead to deadlocks in the child.
  pid = os.fork()

[2025-10-25T21:39:17.023+0000] {standard_task_runner.py:72} INFO - Started process 158 to run task
[2025-10-25T21:39:17.023+0000] {standard_task_runner.py:104} INFO - Running: ['***', 'tasks', 'run', 'iot_sensor_data_dag', 'generate_sensor_data', 'scheduled__2025-10-25T21:39:00+00:00', '--job-id', '121', '--raw', '--subdir', 'DAGS_FOLDER/DEPI.py', '--cfg-path', '/tmp/tmppj15rl1y']
[2025-10-25T21:39:17.025+0000] {standard_task_runner.py:105} INFO - Job 121: Subtask generate_sensor_data
[2025-10-25T21:39:17.092+0000] {task_command.py:467} INFO - Running <TaskInstance: iot_sensor_data_dag.generate_sensor_data scheduled__2025-10-25T21:39:00+00:00 [running]> on host 4f76d54186b6
[2025-10-25T21:39:17.171+0000] {taskinstance.py:3134} INFO - Exporting env vars: AIRFLOW_CTX_DAG_OWNER='***' AIRFLOW_CTX_DAG_ID='iot_sensor_data_dag' AIRFLOW_CTX_TASK_ID='generate_sensor_data' AIRFLOW_CTX_EXECUTION_DATE='2025-10-25T21:39:00+00:00' AIRFLOW_CTX_TRY_NUMBER='1' AIRFLOW_CTX_DAG_RUN_ID='scheduled__2025-10-25T21:39:00+00:00'
[2025-10-25T21:39:17.173+0000] {logging_mixin.py:190} INFO - Task instance is in running state
[2025-10-25T21:39:17.184+0000] {logging_mixin.py:190} INFO -  Previous state of the Task instance: queued
[2025-10-25T21:39:17.186+0000] {logging_mixin.py:190} INFO - Current task name:generate_sensor_data state:running start_date:2025-10-25 21:39:16.840849+00:00
[2025-10-25T21:39:17.196+0000] {logging_mixin.py:190} INFO - Dag name:iot_sensor_data_dag and current dag run status:running
[2025-10-25T21:39:17.207+0000] {taskinstance.py:732} INFO - ::endgroup::
[2025-10-25T21:39:17.268+0000] {logging_mixin.py:190} INFO - [2025-10-25 21:39:17.248035] Inserted sensor data: {'time': datetime.datetime(2025, 10, 25, 21, 39, 17, 248035), 'temperature': 27.357315975844365, 'Dissolved_oxygen': 6.034066433899212, 'PH': 7.458899822730239, 'Ammonia': 0.009726553146533394, 'Nitrite': 0.05349343369370496, 'Turbidty': 40.41732621864785, '_id': ObjectId('68fd438597320c0dec8b8690')}
[2025-10-25T21:39:17.271+0000] {python.py:218} INFO - Done. Returned value was: None
[2025-10-25T21:39:17.282+0000] {taskinstance.py:341} INFO - ::group::Post task execution logs
[2025-10-25T21:39:17.283+0000] {taskinstance.py:353} INFO - Marking task as SUCCESS. dag_id=iot_sensor_data_dag, task_id=generate_sensor_data, run_id=scheduled__2025-10-25T21:39:00+00:00, execution_date=20251025T213900, start_date=20251025T213916, end_date=20251025T213917
[2025-10-25T21:39:17.303+0000] {logging_mixin.py:190} INFO - Task instance in success state
[2025-10-25T21:39:17.304+0000] {logging_mixin.py:190} INFO -  Previous state of the Task instance: running
[2025-10-25T21:39:17.305+0000] {logging_mixin.py:190} INFO - Dag name:iot_sensor_data_dag queued_at:2025-10-25 21:39:15.294903+00:00
[2025-10-25T21:39:17.306+0000] {logging_mixin.py:190} INFO - Task hostname:4f76d54186b6 operator:PythonOperator
[2025-10-25T21:39:17.323+0000] {local_task_job_runner.py:266} INFO - Task exited with return code 0
[2025-10-25T21:39:17.350+0000] {taskinstance.py:3901} INFO - 0 downstream tasks scheduled from follow-on schedule check
[2025-10-25T21:39:17.356+0000] {local_task_job_runner.py:245} INFO - ::endgroup::
