[2025-10-25T20:46:01.222+0000] {local_task_job_runner.py:123} INFO - ::group::Pre task execution logs
[2025-10-25T20:46:01.234+0000] {taskinstance.py:2614} INFO - Dependencies all met for dep_context=non-requeueable deps ti=<TaskInstance: iot_sensor_data_dag.generate_sensor_data scheduled__2025-10-25T20:45:45+00:00 [queued]>
[2025-10-25T20:46:01.241+0000] {taskinstance.py:2614} INFO - Dependencies all met for dep_context=requeueable deps ti=<TaskInstance: iot_sensor_data_dag.generate_sensor_data scheduled__2025-10-25T20:45:45+00:00 [queued]>
[2025-10-25T20:46:01.242+0000] {taskinstance.py:2867} INFO - Starting attempt 1 of 1
[2025-10-25T20:46:01.370+0000] {taskinstance.py:2890} INFO - Executing <Task(PythonOperator): generate_sensor_data> on 2025-10-25 20:45:45+00:00
[2025-10-25T20:46:01.377+0000] {warnings.py:112} WARNING - /home/***/.local/lib/python3.12/site-packages/***/task/task_runner/standard_task_runner.py:70: DeprecationWarning: This process (pid=484) is multi-threaded, use of fork() may lead to deadlocks in the child.
  pid = os.fork()

[2025-10-25T20:46:01.381+0000] {standard_task_runner.py:72} INFO - Started process 486 to run task
[2025-10-25T20:46:01.381+0000] {standard_task_runner.py:104} INFO - Running: ['***', 'tasks', 'run', 'iot_sensor_data_dag', 'generate_sensor_data', 'scheduled__2025-10-25T20:45:45+00:00', '--job-id', '86', '--raw', '--subdir', 'DAGS_FOLDER/DEPI.py', '--cfg-path', '/tmp/tmpbq0lnp6o']
[2025-10-25T20:46:01.382+0000] {standard_task_runner.py:105} INFO - Job 86: Subtask generate_sensor_data
[2025-10-25T20:46:01.432+0000] {task_command.py:467} INFO - Running <TaskInstance: iot_sensor_data_dag.generate_sensor_data scheduled__2025-10-25T20:45:45+00:00 [running]> on host 4f76d54186b6
[2025-10-25T20:46:01.504+0000] {taskinstance.py:3134} INFO - Exporting env vars: AIRFLOW_CTX_DAG_OWNER='***' AIRFLOW_CTX_DAG_ID='iot_sensor_data_dag' AIRFLOW_CTX_TASK_ID='generate_sensor_data' AIRFLOW_CTX_EXECUTION_DATE='2025-10-25T20:45:45+00:00' AIRFLOW_CTX_TRY_NUMBER='1' AIRFLOW_CTX_DAG_RUN_ID='scheduled__2025-10-25T20:45:45+00:00'
[2025-10-25T20:46:01.506+0000] {logging_mixin.py:190} INFO - Task instance is in running state
[2025-10-25T20:46:01.506+0000] {logging_mixin.py:190} INFO -  Previous state of the Task instance: queued
[2025-10-25T20:46:01.507+0000] {logging_mixin.py:190} INFO - Current task name:generate_sensor_data state:running start_date:2025-10-25 20:46:01.235373+00:00
[2025-10-25T20:46:01.508+0000] {logging_mixin.py:190} INFO - Dag name:iot_sensor_data_dag and current dag run status:running
[2025-10-25T20:46:01.509+0000] {taskinstance.py:732} INFO - ::endgroup::
[2025-10-25T20:46:01.539+0000] {logging_mixin.py:190} INFO - [2025-10-25 20:46:01.524735] Inserted sensor data: {'time': datetime.datetime(2025, 10, 25, 20, 46, 1, 524735), 'temperature': 27.303116704994633, 'Dissolved_oxygen': 6.052115861251224, 'PH': 7.417939161033737, 'Ammonia': 0.009556270534281933, 'Nitrite': 0.049014251691727136, 'Turbidty': 40.86814241778732, '_id': ObjectId('68fd37092d89a079bca36c67')}
[2025-10-25T20:46:01.541+0000] {python.py:218} INFO - Done. Returned value was: None
[2025-10-25T20:46:01.551+0000] {taskinstance.py:341} INFO - ::group::Post task execution logs
[2025-10-25T20:46:01.552+0000] {taskinstance.py:353} INFO - Marking task as SUCCESS. dag_id=iot_sensor_data_dag, task_id=generate_sensor_data, run_id=scheduled__2025-10-25T20:45:45+00:00, execution_date=20251025T204545, start_date=20251025T204601, end_date=20251025T204601
[2025-10-25T20:46:01.571+0000] {logging_mixin.py:190} INFO - Task instance in success state
[2025-10-25T20:46:01.573+0000] {logging_mixin.py:190} INFO -  Previous state of the Task instance: running
[2025-10-25T20:46:01.574+0000] {logging_mixin.py:190} INFO - Dag name:iot_sensor_data_dag queued_at:2025-10-25 20:46:00.035023+00:00
[2025-10-25T20:46:01.574+0000] {logging_mixin.py:190} INFO - Task hostname:4f76d54186b6 operator:PythonOperator
[2025-10-25T20:46:01.597+0000] {local_task_job_runner.py:266} INFO - Task exited with return code 0
[2025-10-25T20:46:01.609+0000] {taskinstance.py:3901} INFO - 0 downstream tasks scheduled from follow-on schedule check
[2025-10-25T20:46:01.611+0000] {local_task_job_runner.py:245} INFO - ::endgroup::
