[2025-10-25T21:47:01.884+0000] {local_task_job_runner.py:123} INFO - ::group::Pre task execution logs
[2025-10-25T21:47:01.898+0000] {taskinstance.py:2614} INFO - Dependencies all met for dep_context=non-requeueable deps ti=<TaskInstance: iot_sensor_data_dag.generate_sensor_data scheduled__2025-10-25T21:46:45+00:00 [queued]>
[2025-10-25T21:47:01.906+0000] {taskinstance.py:2614} INFO - Dependencies all met for dep_context=requeueable deps ti=<TaskInstance: iot_sensor_data_dag.generate_sensor_data scheduled__2025-10-25T21:46:45+00:00 [queued]>
[2025-10-25T21:47:01.917+0000] {taskinstance.py:2867} INFO - Starting attempt 1 of 1
[2025-10-25T21:47:02.064+0000] {taskinstance.py:2890} INFO - Executing <Task(PythonOperator): generate_sensor_data> on 2025-10-25 21:46:45+00:00
[2025-10-25T21:47:02.074+0000] {warnings.py:112} WARNING - /home/***/.local/lib/python3.12/site-packages/***/task/task_runner/standard_task_runner.py:70: DeprecationWarning: This process (pid=353) is multi-threaded, use of fork() may lead to deadlocks in the child.
  pid = os.fork()

[2025-10-25T21:47:02.077+0000] {standard_task_runner.py:104} INFO - Running: ['***', 'tasks', 'run', 'iot_sensor_data_dag', 'generate_sensor_data', 'scheduled__2025-10-25T21:46:45+00:00', '--job-id', '154', '--raw', '--subdir', 'DAGS_FOLDER/DEPI.py', '--cfg-path', '/tmp/tmplre9ohza']
[2025-10-25T21:47:02.078+0000] {standard_task_runner.py:72} INFO - Started process 355 to run task
[2025-10-25T21:47:02.079+0000] {standard_task_runner.py:105} INFO - Job 154: Subtask generate_sensor_data
[2025-10-25T21:47:02.129+0000] {task_command.py:467} INFO - Running <TaskInstance: iot_sensor_data_dag.generate_sensor_data scheduled__2025-10-25T21:46:45+00:00 [running]> on host 4f76d54186b6
[2025-10-25T21:47:02.213+0000] {taskinstance.py:3134} INFO - Exporting env vars: AIRFLOW_CTX_DAG_OWNER='***' AIRFLOW_CTX_DAG_ID='iot_sensor_data_dag' AIRFLOW_CTX_TASK_ID='generate_sensor_data' AIRFLOW_CTX_EXECUTION_DATE='2025-10-25T21:46:45+00:00' AIRFLOW_CTX_TRY_NUMBER='1' AIRFLOW_CTX_DAG_RUN_ID='scheduled__2025-10-25T21:46:45+00:00'
[2025-10-25T21:47:02.216+0000] {logging_mixin.py:190} INFO - Task instance is in running state
[2025-10-25T21:47:02.217+0000] {logging_mixin.py:190} INFO -  Previous state of the Task instance: queued
[2025-10-25T21:47:02.217+0000] {logging_mixin.py:190} INFO - Current task name:generate_sensor_data state:running start_date:2025-10-25 21:47:01.900434+00:00
[2025-10-25T21:47:02.218+0000] {logging_mixin.py:190} INFO - Dag name:iot_sensor_data_dag and current dag run status:running
[2025-10-25T21:47:02.219+0000] {taskinstance.py:732} INFO - ::endgroup::
[2025-10-25T21:47:02.251+0000] {logging_mixin.py:190} INFO - [2025-10-25 21:47:02.235977] Inserted sensor data: {'time': datetime.datetime(2025, 10, 25, 21, 47, 2, 235977), 'temperature': 27.594079810043684, 'Dissolved_oxygen': 5.920119527305184, 'PH': 7.44954503555623, 'Ammonia': 0.0106161502688826, 'Nitrite': 0.05216095358568239, 'Turbidty': 40.909951558289, '_id': ObjectId('68fd4556e453c0bc0c39d503')}
[2025-10-25T21:47:02.253+0000] {python.py:218} INFO - Done. Returned value was: None
[2025-10-25T21:47:02.263+0000] {taskinstance.py:341} INFO - ::group::Post task execution logs
[2025-10-25T21:47:02.264+0000] {taskinstance.py:353} INFO - Marking task as SUCCESS. dag_id=iot_sensor_data_dag, task_id=generate_sensor_data, run_id=scheduled__2025-10-25T21:46:45+00:00, execution_date=20251025T214645, start_date=20251025T214701, end_date=20251025T214702
[2025-10-25T21:47:02.290+0000] {logging_mixin.py:190} INFO - Task instance in success state
[2025-10-25T21:47:02.291+0000] {logging_mixin.py:190} INFO -  Previous state of the Task instance: running
[2025-10-25T21:47:02.292+0000] {logging_mixin.py:190} INFO - Dag name:iot_sensor_data_dag queued_at:2025-10-25 21:47:00.530151+00:00
[2025-10-25T21:47:02.293+0000] {logging_mixin.py:190} INFO - Task hostname:4f76d54186b6 operator:PythonOperator
[2025-10-25T21:47:02.336+0000] {local_task_job_runner.py:266} INFO - Task exited with return code 0
[2025-10-25T21:47:02.365+0000] {taskinstance.py:3901} INFO - 0 downstream tasks scheduled from follow-on schedule check
[2025-10-25T21:47:02.370+0000] {local_task_job_runner.py:245} INFO - ::endgroup::
