[2025-10-25T20:38:47.112+0000] {local_task_job_runner.py:123} INFO - ::group::Pre task execution logs
[2025-10-25T20:38:47.122+0000] {taskinstance.py:2614} INFO - Dependencies all met for dep_context=non-requeueable deps ti=<TaskInstance: iot_sensor_data_dag.generate_sensor_data scheduled__2025-10-25T20:38:30+00:00 [queued]>
[2025-10-25T20:38:47.133+0000] {taskinstance.py:2614} INFO - Dependencies all met for dep_context=requeueable deps ti=<TaskInstance: iot_sensor_data_dag.generate_sensor_data scheduled__2025-10-25T20:38:30+00:00 [queued]>
[2025-10-25T20:38:47.135+0000] {taskinstance.py:2867} INFO - Starting attempt 1 of 1
[2025-10-25T20:38:47.258+0000] {taskinstance.py:2890} INFO - Executing <Task(PythonOperator): generate_sensor_data> on 2025-10-25 20:38:30+00:00
[2025-10-25T20:38:47.264+0000] {warnings.py:112} WARNING - /home/***/.local/lib/python3.12/site-packages/***/task/task_runner/standard_task_runner.py:70: DeprecationWarning: This process (pid=191) is multi-threaded, use of fork() may lead to deadlocks in the child.
  pid = os.fork()

[2025-10-25T20:38:47.266+0000] {standard_task_runner.py:104} INFO - Running: ['***', 'tasks', 'run', 'iot_sensor_data_dag', 'generate_sensor_data', 'scheduled__2025-10-25T20:38:30+00:00', '--job-id', '57', '--raw', '--subdir', 'DAGS_FOLDER/DEPI.py', '--cfg-path', '/tmp/tmpta6hff95']
[2025-10-25T20:38:47.267+0000] {standard_task_runner.py:72} INFO - Started process 193 to run task
[2025-10-25T20:38:47.267+0000] {standard_task_runner.py:105} INFO - Job 57: Subtask generate_sensor_data
[2025-10-25T20:38:47.308+0000] {task_command.py:467} INFO - Running <TaskInstance: iot_sensor_data_dag.generate_sensor_data scheduled__2025-10-25T20:38:30+00:00 [running]> on host 4f76d54186b6
[2025-10-25T20:38:47.366+0000] {taskinstance.py:3134} INFO - Exporting env vars: AIRFLOW_CTX_DAG_OWNER='***' AIRFLOW_CTX_DAG_ID='iot_sensor_data_dag' AIRFLOW_CTX_TASK_ID='generate_sensor_data' AIRFLOW_CTX_EXECUTION_DATE='2025-10-25T20:38:30+00:00' AIRFLOW_CTX_TRY_NUMBER='1' AIRFLOW_CTX_DAG_RUN_ID='scheduled__2025-10-25T20:38:30+00:00'
[2025-10-25T20:38:47.368+0000] {logging_mixin.py:190} INFO - Task instance is in running state
[2025-10-25T20:38:47.368+0000] {logging_mixin.py:190} INFO -  Previous state of the Task instance: queued
[2025-10-25T20:38:47.369+0000] {logging_mixin.py:190} INFO - Current task name:generate_sensor_data state:running start_date:2025-10-25 20:38:47.123556+00:00
[2025-10-25T20:38:47.369+0000] {logging_mixin.py:190} INFO - Dag name:iot_sensor_data_dag and current dag run status:running
[2025-10-25T20:38:47.370+0000] {taskinstance.py:732} INFO - ::endgroup::
[2025-10-25T20:38:47.394+0000] {logging_mixin.py:190} INFO - [2025-10-25 20:38:47.383233] Inserted sensor data: {'time': datetime.datetime(2025, 10, 25, 20, 38, 47, 383233), 'temperature': 27.424219000007238, 'Dissolved_oxygen': 5.962535450201903, 'PH': 7.474193990922095, 'Ammonia': 0.010609369845751554, 'Nitrite': 0.04769540766267006, 'Turbidty': 39.692476383187795, '_id': ObjectId('68fd3557cca09ab3335890ab')}
[2025-10-25T20:38:47.396+0000] {python.py:218} INFO - Done. Returned value was: None
[2025-10-25T20:38:47.405+0000] {taskinstance.py:341} INFO - ::group::Post task execution logs
[2025-10-25T20:38:47.405+0000] {taskinstance.py:353} INFO - Marking task as SUCCESS. dag_id=iot_sensor_data_dag, task_id=generate_sensor_data, run_id=scheduled__2025-10-25T20:38:30+00:00, execution_date=20251025T203830, start_date=20251025T203847, end_date=20251025T203847
[2025-10-25T20:38:47.422+0000] {logging_mixin.py:190} INFO - Task instance in success state
[2025-10-25T20:38:47.422+0000] {logging_mixin.py:190} INFO -  Previous state of the Task instance: running
[2025-10-25T20:38:47.423+0000] {logging_mixin.py:190} INFO - Dag name:iot_sensor_data_dag queued_at:2025-10-25 20:38:45.907741+00:00
[2025-10-25T20:38:47.423+0000] {logging_mixin.py:190} INFO - Task hostname:4f76d54186b6 operator:PythonOperator
[2025-10-25T20:38:47.443+0000] {local_task_job_runner.py:266} INFO - Task exited with return code 0
[2025-10-25T20:38:47.454+0000] {taskinstance.py:3901} INFO - 0 downstream tasks scheduled from follow-on schedule check
[2025-10-25T20:38:47.456+0000] {local_task_job_runner.py:245} INFO - ::endgroup::
