[2025-10-25T20:41:31.458+0000] {local_task_job_runner.py:123} INFO - ::group::Pre task execution logs
[2025-10-25T20:41:31.469+0000] {taskinstance.py:2614} INFO - Dependencies all met for dep_context=non-requeueable deps ti=<TaskInstance: iot_sensor_data_dag.generate_sensor_data scheduled__2025-10-25T20:41:15+00:00 [queued]>
[2025-10-25T20:41:31.475+0000] {taskinstance.py:2614} INFO - Dependencies all met for dep_context=requeueable deps ti=<TaskInstance: iot_sensor_data_dag.generate_sensor_data scheduled__2025-10-25T20:41:15+00:00 [queued]>
[2025-10-25T20:41:31.476+0000] {taskinstance.py:2867} INFO - Starting attempt 1 of 1
[2025-10-25T20:41:31.594+0000] {taskinstance.py:2890} INFO - Executing <Task(PythonOperator): generate_sensor_data> on 2025-10-25 20:41:15+00:00
[2025-10-25T20:41:31.600+0000] {warnings.py:112} WARNING - /home/***/.local/lib/python3.12/site-packages/***/task/task_runner/standard_task_runner.py:70: DeprecationWarning: This process (pid=303) is multi-threaded, use of fork() may lead to deadlocks in the child.
  pid = os.fork()

[2025-10-25T20:41:31.602+0000] {standard_task_runner.py:72} INFO - Started process 305 to run task
[2025-10-25T20:41:31.602+0000] {standard_task_runner.py:104} INFO - Running: ['***', 'tasks', 'run', 'iot_sensor_data_dag', 'generate_sensor_data', 'scheduled__2025-10-25T20:41:15+00:00', '--job-id', '68', '--raw', '--subdir', 'DAGS_FOLDER/DEPI.py', '--cfg-path', '/tmp/tmp3igrg4rn']
[2025-10-25T20:41:31.604+0000] {standard_task_runner.py:105} INFO - Job 68: Subtask generate_sensor_data
[2025-10-25T20:41:31.646+0000] {task_command.py:467} INFO - Running <TaskInstance: iot_sensor_data_dag.generate_sensor_data scheduled__2025-10-25T20:41:15+00:00 [running]> on host 4f76d54186b6
[2025-10-25T20:41:31.708+0000] {taskinstance.py:3134} INFO - Exporting env vars: AIRFLOW_CTX_DAG_OWNER='***' AIRFLOW_CTX_DAG_ID='iot_sensor_data_dag' AIRFLOW_CTX_TASK_ID='generate_sensor_data' AIRFLOW_CTX_EXECUTION_DATE='2025-10-25T20:41:15+00:00' AIRFLOW_CTX_TRY_NUMBER='1' AIRFLOW_CTX_DAG_RUN_ID='scheduled__2025-10-25T20:41:15+00:00'
[2025-10-25T20:41:31.710+0000] {logging_mixin.py:190} INFO - Task instance is in running state
[2025-10-25T20:41:31.711+0000] {logging_mixin.py:190} INFO -  Previous state of the Task instance: queued
[2025-10-25T20:41:31.713+0000] {logging_mixin.py:190} INFO - Current task name:generate_sensor_data state:running start_date:2025-10-25 20:41:31.470466+00:00
[2025-10-25T20:41:31.715+0000] {logging_mixin.py:190} INFO - Dag name:iot_sensor_data_dag and current dag run status:running
[2025-10-25T20:41:31.716+0000] {taskinstance.py:732} INFO - ::endgroup::
[2025-10-25T20:41:31.748+0000] {logging_mixin.py:190} INFO - [2025-10-25 20:41:31.732628] Inserted sensor data: {'time': datetime.datetime(2025, 10, 25, 20, 41, 31, 732628), 'temperature': 27.666294551641737, 'Dissolved_oxygen': 5.958020951348103, 'PH': 7.573824835040773, 'Ammonia': 0.010581663412089697, 'Nitrite': 0.04614273154539221, 'Turbidty': 40.13885413067272, '_id': ObjectId('68fd35fb66a239c07a3d14d7')}
[2025-10-25T20:41:31.751+0000] {python.py:218} INFO - Done. Returned value was: None
[2025-10-25T20:41:31.759+0000] {taskinstance.py:341} INFO - ::group::Post task execution logs
[2025-10-25T20:41:31.760+0000] {taskinstance.py:353} INFO - Marking task as SUCCESS. dag_id=iot_sensor_data_dag, task_id=generate_sensor_data, run_id=scheduled__2025-10-25T20:41:15+00:00, execution_date=20251025T204115, start_date=20251025T204131, end_date=20251025T204131
[2025-10-25T20:41:31.778+0000] {logging_mixin.py:190} INFO - Task instance in success state
[2025-10-25T20:41:31.779+0000] {logging_mixin.py:190} INFO -  Previous state of the Task instance: running
[2025-10-25T20:41:31.780+0000] {logging_mixin.py:190} INFO - Dag name:iot_sensor_data_dag queued_at:2025-10-25 20:41:30.131198+00:00
[2025-10-25T20:41:31.781+0000] {logging_mixin.py:190} INFO - Task hostname:4f76d54186b6 operator:PythonOperator
[2025-10-25T20:41:31.817+0000] {local_task_job_runner.py:266} INFO - Task exited with return code 0
[2025-10-25T20:41:31.830+0000] {taskinstance.py:3901} INFO - 0 downstream tasks scheduled from follow-on schedule check
[2025-10-25T20:41:31.832+0000] {local_task_job_runner.py:245} INFO - ::endgroup::
