[2025-10-25T21:46:01.530+0000] {local_task_job_runner.py:123} INFO - ::group::Pre task execution logs
[2025-10-25T21:46:01.543+0000] {taskinstance.py:2614} INFO - Dependencies all met for dep_context=non-requeueable deps ti=<TaskInstance: iot_sensor_data_dag.generate_sensor_data scheduled__2025-10-25T21:45:45+00:00 [queued]>
[2025-10-25T21:46:01.550+0000] {taskinstance.py:2614} INFO - Dependencies all met for dep_context=requeueable deps ti=<TaskInstance: iot_sensor_data_dag.generate_sensor_data scheduled__2025-10-25T21:45:45+00:00 [queued]>
[2025-10-25T21:46:01.551+0000] {taskinstance.py:2867} INFO - Starting attempt 1 of 1
[2025-10-25T21:46:01.704+0000] {taskinstance.py:2890} INFO - Executing <Task(PythonOperator): generate_sensor_data> on 2025-10-25 21:45:45+00:00
[2025-10-25T21:46:01.710+0000] {warnings.py:112} WARNING - /home/***/.local/lib/python3.12/site-packages/***/task/task_runner/standard_task_runner.py:70: DeprecationWarning: This process (pid=311) is multi-threaded, use of fork() may lead to deadlocks in the child.
  pid = os.fork()

[2025-10-25T21:46:01.712+0000] {standard_task_runner.py:72} INFO - Started process 313 to run task
[2025-10-25T21:46:01.713+0000] {standard_task_runner.py:104} INFO - Running: ['***', 'tasks', 'run', 'iot_sensor_data_dag', 'generate_sensor_data', 'scheduled__2025-10-25T21:45:45+00:00', '--job-id', '150', '--raw', '--subdir', 'DAGS_FOLDER/DEPI.py', '--cfg-path', '/tmp/tmp3276wxwo']
[2025-10-25T21:46:01.714+0000] {standard_task_runner.py:105} INFO - Job 150: Subtask generate_sensor_data
[2025-10-25T21:46:01.763+0000] {task_command.py:467} INFO - Running <TaskInstance: iot_sensor_data_dag.generate_sensor_data scheduled__2025-10-25T21:45:45+00:00 [running]> on host 4f76d54186b6
[2025-10-25T21:46:01.830+0000] {taskinstance.py:3134} INFO - Exporting env vars: AIRFLOW_CTX_DAG_OWNER='***' AIRFLOW_CTX_DAG_ID='iot_sensor_data_dag' AIRFLOW_CTX_TASK_ID='generate_sensor_data' AIRFLOW_CTX_EXECUTION_DATE='2025-10-25T21:45:45+00:00' AIRFLOW_CTX_TRY_NUMBER='1' AIRFLOW_CTX_DAG_RUN_ID='scheduled__2025-10-25T21:45:45+00:00'
[2025-10-25T21:46:01.832+0000] {logging_mixin.py:190} INFO - Task instance is in running state
[2025-10-25T21:46:01.833+0000] {logging_mixin.py:190} INFO -  Previous state of the Task instance: queued
[2025-10-25T21:46:01.834+0000] {logging_mixin.py:190} INFO - Current task name:generate_sensor_data state:running start_date:2025-10-25 21:46:01.544812+00:00
[2025-10-25T21:46:01.835+0000] {logging_mixin.py:190} INFO - Dag name:iot_sensor_data_dag and current dag run status:running
[2025-10-25T21:46:01.836+0000] {taskinstance.py:732} INFO - ::endgroup::
[2025-10-25T21:46:01.865+0000] {logging_mixin.py:190} INFO - [2025-10-25 21:46:01.851534] Inserted sensor data: {'time': datetime.datetime(2025, 10, 25, 21, 46, 1, 851534), 'temperature': 27.697131296850294, 'Dissolved_oxygen': 6.098255600744298, 'PH': 7.427737834727087, 'Ammonia': 0.010358651606719125, 'Nitrite': 0.05385001894176346, 'Turbidty': 39.693851484117765, '_id': ObjectId('68fd4519170d2a62383a28e1')}
[2025-10-25T21:46:01.867+0000] {python.py:218} INFO - Done. Returned value was: None
[2025-10-25T21:46:01.877+0000] {taskinstance.py:341} INFO - ::group::Post task execution logs
[2025-10-25T21:46:01.878+0000] {taskinstance.py:353} INFO - Marking task as SUCCESS. dag_id=iot_sensor_data_dag, task_id=generate_sensor_data, run_id=scheduled__2025-10-25T21:45:45+00:00, execution_date=20251025T214545, start_date=20251025T214601, end_date=20251025T214601
[2025-10-25T21:46:01.898+0000] {logging_mixin.py:190} INFO - Task instance in success state
[2025-10-25T21:46:01.899+0000] {logging_mixin.py:190} INFO -  Previous state of the Task instance: running
[2025-10-25T21:46:01.899+0000] {logging_mixin.py:190} INFO - Dag name:iot_sensor_data_dag queued_at:2025-10-25 21:46:00.216533+00:00
[2025-10-25T21:46:01.900+0000] {logging_mixin.py:190} INFO - Task hostname:4f76d54186b6 operator:PythonOperator
[2025-10-25T21:46:01.930+0000] {local_task_job_runner.py:266} INFO - Task exited with return code 0
[2025-10-25T21:46:01.957+0000] {taskinstance.py:3901} INFO - 0 downstream tasks scheduled from follow-on schedule check
[2025-10-25T21:46:01.963+0000] {local_task_job_runner.py:245} INFO - ::endgroup::
