[2025-10-25T21:39:31.583+0000] {local_task_job_runner.py:123} INFO - ::group::Pre task execution logs
[2025-10-25T21:39:31.595+0000] {taskinstance.py:2614} INFO - Dependencies all met for dep_context=non-requeueable deps ti=<TaskInstance: iot_sensor_data_dag.generate_sensor_data scheduled__2025-10-25T21:39:15+00:00 [queued]>
[2025-10-25T21:39:31.601+0000] {taskinstance.py:2614} INFO - Dependencies all met for dep_context=requeueable deps ti=<TaskInstance: iot_sensor_data_dag.generate_sensor_data scheduled__2025-10-25T21:39:15+00:00 [queued]>
[2025-10-25T21:39:31.602+0000] {taskinstance.py:2867} INFO - Starting attempt 1 of 1
[2025-10-25T21:39:31.749+0000] {taskinstance.py:2890} INFO - Executing <Task(PythonOperator): generate_sensor_data> on 2025-10-25 21:39:15+00:00
[2025-10-25T21:39:31.755+0000] {warnings.py:112} WARNING - /home/***/.local/lib/python3.12/site-packages/***/task/task_runner/standard_task_runner.py:70: DeprecationWarning: This process (pid=163) is multi-threaded, use of fork() may lead to deadlocks in the child.
  pid = os.fork()

[2025-10-25T21:39:31.757+0000] {standard_task_runner.py:104} INFO - Running: ['***', 'tasks', 'run', 'iot_sensor_data_dag', 'generate_sensor_data', 'scheduled__2025-10-25T21:39:15+00:00', '--job-id', '122', '--raw', '--subdir', 'DAGS_FOLDER/DEPI.py', '--cfg-path', '/tmp/tmpsjv5j187']
[2025-10-25T21:39:31.758+0000] {standard_task_runner.py:72} INFO - Started process 165 to run task
[2025-10-25T21:39:31.758+0000] {standard_task_runner.py:105} INFO - Job 122: Subtask generate_sensor_data
[2025-10-25T21:39:31.801+0000] {task_command.py:467} INFO - Running <TaskInstance: iot_sensor_data_dag.generate_sensor_data scheduled__2025-10-25T21:39:15+00:00 [running]> on host 4f76d54186b6
[2025-10-25T21:39:31.872+0000] {taskinstance.py:3134} INFO - Exporting env vars: AIRFLOW_CTX_DAG_OWNER='***' AIRFLOW_CTX_DAG_ID='iot_sensor_data_dag' AIRFLOW_CTX_TASK_ID='generate_sensor_data' AIRFLOW_CTX_EXECUTION_DATE='2025-10-25T21:39:15+00:00' AIRFLOW_CTX_TRY_NUMBER='1' AIRFLOW_CTX_DAG_RUN_ID='scheduled__2025-10-25T21:39:15+00:00'
[2025-10-25T21:39:31.873+0000] {logging_mixin.py:190} INFO - Task instance is in running state
[2025-10-25T21:39:31.875+0000] {logging_mixin.py:190} INFO -  Previous state of the Task instance: queued
[2025-10-25T21:39:31.875+0000] {logging_mixin.py:190} INFO - Current task name:generate_sensor_data state:running start_date:2025-10-25 21:39:31.596525+00:00
[2025-10-25T21:39:31.876+0000] {logging_mixin.py:190} INFO - Dag name:iot_sensor_data_dag and current dag run status:running
[2025-10-25T21:39:31.877+0000] {taskinstance.py:732} INFO - ::endgroup::
[2025-10-25T21:39:31.911+0000] {logging_mixin.py:190} INFO - [2025-10-25 21:39:31.896317] Inserted sensor data: {'time': datetime.datetime(2025, 10, 25, 21, 39, 31, 896317), 'temperature': 27.38415119239841, 'Dissolved_oxygen': 5.966102719069951, 'PH': 7.465653808072171, 'Ammonia': 0.010491360536451283, 'Nitrite': 0.04835839899823049, 'Turbidty': 39.936526045951084, '_id': ObjectId('68fd4393631415a20b355a57')}
[2025-10-25T21:39:31.913+0000] {python.py:218} INFO - Done. Returned value was: None
[2025-10-25T21:39:31.922+0000] {taskinstance.py:341} INFO - ::group::Post task execution logs
[2025-10-25T21:39:31.923+0000] {taskinstance.py:353} INFO - Marking task as SUCCESS. dag_id=iot_sensor_data_dag, task_id=generate_sensor_data, run_id=scheduled__2025-10-25T21:39:15+00:00, execution_date=20251025T213915, start_date=20251025T213931, end_date=20251025T213931
[2025-10-25T21:39:31.944+0000] {logging_mixin.py:190} INFO - Task instance in success state
[2025-10-25T21:39:31.945+0000] {logging_mixin.py:190} INFO -  Previous state of the Task instance: running
[2025-10-25T21:39:31.946+0000] {logging_mixin.py:190} INFO - Dag name:iot_sensor_data_dag queued_at:2025-10-25 21:39:30.232843+00:00
[2025-10-25T21:39:31.946+0000] {logging_mixin.py:190} INFO - Task hostname:4f76d54186b6 operator:PythonOperator
[2025-10-25T21:39:31.974+0000] {local_task_job_runner.py:266} INFO - Task exited with return code 0
[2025-10-25T21:39:31.994+0000] {taskinstance.py:3901} INFO - 0 downstream tasks scheduled from follow-on schedule check
[2025-10-25T21:39:31.998+0000] {local_task_job_runner.py:245} INFO - ::endgroup::
