[2025-10-25T21:52:16.692+0000] {local_task_job_runner.py:123} INFO - ::group::Pre task execution logs
[2025-10-25T21:52:16.704+0000] {taskinstance.py:2614} INFO - Dependencies all met for dep_context=non-requeueable deps ti=<TaskInstance: iot_sensor_data_dag.generate_sensor_data scheduled__2025-10-25T21:52:00+00:00 [queued]>
[2025-10-25T21:52:16.711+0000] {taskinstance.py:2614} INFO - Dependencies all met for dep_context=requeueable deps ti=<TaskInstance: iot_sensor_data_dag.generate_sensor_data scheduled__2025-10-25T21:52:00+00:00 [queued]>
[2025-10-25T21:52:16.712+0000] {taskinstance.py:2867} INFO - Starting attempt 1 of 1
[2025-10-25T21:52:16.868+0000] {taskinstance.py:2890} INFO - Executing <Task(PythonOperator): generate_sensor_data> on 2025-10-25 21:52:00+00:00
[2025-10-25T21:52:16.875+0000] {warnings.py:112} WARNING - /home/***/.local/lib/python3.12/site-packages/***/task/task_runner/standard_task_runner.py:70: DeprecationWarning: This process (pid=570) is multi-threaded, use of fork() may lead to deadlocks in the child.
  pid = os.fork()

[2025-10-25T21:52:16.878+0000] {standard_task_runner.py:72} INFO - Started process 572 to run task
[2025-10-25T21:52:16.878+0000] {standard_task_runner.py:104} INFO - Running: ['***', 'tasks', 'run', 'iot_sensor_data_dag', 'generate_sensor_data', 'scheduled__2025-10-25T21:52:00+00:00', '--job-id', '175', '--raw', '--subdir', 'DAGS_FOLDER/DEPI.py', '--cfg-path', '/tmp/tmpq_pr2d2w']
[2025-10-25T21:52:16.880+0000] {standard_task_runner.py:105} INFO - Job 175: Subtask generate_sensor_data
[2025-10-25T21:52:16.924+0000] {task_command.py:467} INFO - Running <TaskInstance: iot_sensor_data_dag.generate_sensor_data scheduled__2025-10-25T21:52:00+00:00 [running]> on host 4f76d54186b6
[2025-10-25T21:52:16.996+0000] {taskinstance.py:3134} INFO - Exporting env vars: AIRFLOW_CTX_DAG_OWNER='***' AIRFLOW_CTX_DAG_ID='iot_sensor_data_dag' AIRFLOW_CTX_TASK_ID='generate_sensor_data' AIRFLOW_CTX_EXECUTION_DATE='2025-10-25T21:52:00+00:00' AIRFLOW_CTX_TRY_NUMBER='1' AIRFLOW_CTX_DAG_RUN_ID='scheduled__2025-10-25T21:52:00+00:00'
[2025-10-25T21:52:16.998+0000] {logging_mixin.py:190} INFO - Task instance is in running state
[2025-10-25T21:52:16.998+0000] {logging_mixin.py:190} INFO -  Previous state of the Task instance: queued
[2025-10-25T21:52:16.999+0000] {logging_mixin.py:190} INFO - Current task name:generate_sensor_data state:running start_date:2025-10-25 21:52:16.706164+00:00
[2025-10-25T21:52:16.999+0000] {logging_mixin.py:190} INFO - Dag name:iot_sensor_data_dag and current dag run status:running
[2025-10-25T21:52:17.000+0000] {taskinstance.py:732} INFO - ::endgroup::
[2025-10-25T21:52:17.045+0000] {logging_mixin.py:190} INFO - [2025-10-25 21:52:17.020646] Inserted sensor data: {'time': datetime.datetime(2025, 10, 25, 21, 52, 17, 20646), 'temperature': 27.378242884523853, 'Dissolved_oxygen': 6.074477181893772, 'PH': 7.53237619861938, 'Ammonia': 0.010549912690052775, 'Nitrite': 0.05064916853046727, 'Turbidty': 40.58485174916907, '_id': ObjectId('68fd46911f3bd362367ec774')}
[2025-10-25T21:52:17.057+0000] {python.py:218} INFO - Done. Returned value was: None
[2025-10-25T21:52:17.073+0000] {taskinstance.py:341} INFO - ::group::Post task execution logs
[2025-10-25T21:52:17.076+0000] {taskinstance.py:353} INFO - Marking task as SUCCESS. dag_id=iot_sensor_data_dag, task_id=generate_sensor_data, run_id=scheduled__2025-10-25T21:52:00+00:00, execution_date=20251025T215200, start_date=20251025T215216, end_date=20251025T215217
[2025-10-25T21:52:17.103+0000] {logging_mixin.py:190} INFO - Task instance in success state
[2025-10-25T21:52:17.104+0000] {logging_mixin.py:190} INFO -  Previous state of the Task instance: running
[2025-10-25T21:52:17.104+0000] {logging_mixin.py:190} INFO - Dag name:iot_sensor_data_dag queued_at:2025-10-25 21:52:15.297839+00:00
[2025-10-25T21:52:17.105+0000] {logging_mixin.py:190} INFO - Task hostname:4f76d54186b6 operator:PythonOperator
[2025-10-25T21:52:17.134+0000] {local_task_job_runner.py:266} INFO - Task exited with return code 0
[2025-10-25T21:52:17.166+0000] {taskinstance.py:3901} INFO - 0 downstream tasks scheduled from follow-on schedule check
[2025-10-25T21:52:17.173+0000] {local_task_job_runner.py:245} INFO - ::endgroup::
