[2025-10-25T21:59:02.348+0000] {local_task_job_runner.py:123} INFO - ::group::Pre task execution logs
[2025-10-25T21:59:02.360+0000] {taskinstance.py:2614} INFO - Dependencies all met for dep_context=non-requeueable deps ti=<TaskInstance: iot_sensor_data_dag.generate_sensor_data scheduled__2025-10-25T21:58:45+00:00 [queued]>
[2025-10-25T21:59:02.367+0000] {taskinstance.py:2614} INFO - Dependencies all met for dep_context=requeueable deps ti=<TaskInstance: iot_sensor_data_dag.generate_sensor_data scheduled__2025-10-25T21:58:45+00:00 [queued]>
[2025-10-25T21:59:02.368+0000] {taskinstance.py:2867} INFO - Starting attempt 1 of 1
[2025-10-25T21:59:02.518+0000] {taskinstance.py:2890} INFO - Executing <Task(PythonOperator): generate_sensor_data> on 2025-10-25 21:58:45+00:00
[2025-10-25T21:59:02.527+0000] {warnings.py:112} WARNING - /home/***/.local/lib/python3.12/site-packages/***/task/task_runner/standard_task_runner.py:70: DeprecationWarning: This process (pid=843) is multi-threaded, use of fork() may lead to deadlocks in the child.
  pid = os.fork()

[2025-10-25T21:59:02.530+0000] {standard_task_runner.py:72} INFO - Started process 845 to run task
[2025-10-25T21:59:02.530+0000] {standard_task_runner.py:104} INFO - Running: ['***', 'tasks', 'run', 'iot_sensor_data_dag', 'generate_sensor_data', 'scheduled__2025-10-25T21:58:45+00:00', '--job-id', '202', '--raw', '--subdir', 'DAGS_FOLDER/DEPI.py', '--cfg-path', '/tmp/tmplixfu23v']
[2025-10-25T21:59:02.532+0000] {standard_task_runner.py:105} INFO - Job 202: Subtask generate_sensor_data
[2025-10-25T21:59:02.581+0000] {task_command.py:467} INFO - Running <TaskInstance: iot_sensor_data_dag.generate_sensor_data scheduled__2025-10-25T21:58:45+00:00 [running]> on host 4f76d54186b6
[2025-10-25T21:59:02.656+0000] {taskinstance.py:3134} INFO - Exporting env vars: AIRFLOW_CTX_DAG_OWNER='***' AIRFLOW_CTX_DAG_ID='iot_sensor_data_dag' AIRFLOW_CTX_TASK_ID='generate_sensor_data' AIRFLOW_CTX_EXECUTION_DATE='2025-10-25T21:58:45+00:00' AIRFLOW_CTX_TRY_NUMBER='1' AIRFLOW_CTX_DAG_RUN_ID='scheduled__2025-10-25T21:58:45+00:00'
[2025-10-25T21:59:02.658+0000] {logging_mixin.py:190} INFO - Task instance is in running state
[2025-10-25T21:59:02.659+0000] {logging_mixin.py:190} INFO -  Previous state of the Task instance: queued
[2025-10-25T21:59:02.660+0000] {logging_mixin.py:190} INFO - Current task name:generate_sensor_data state:running start_date:2025-10-25 21:59:02.361709+00:00
[2025-10-25T21:59:02.662+0000] {logging_mixin.py:190} INFO - Dag name:iot_sensor_data_dag and current dag run status:running
[2025-10-25T21:59:02.663+0000] {taskinstance.py:732} INFO - ::endgroup::
[2025-10-25T21:59:02.710+0000] {logging_mixin.py:190} INFO - [2025-10-25 21:59:02.691662] Inserted sensor data: {'time': datetime.datetime(2025, 10, 25, 21, 59, 2, 691662), 'temperature': 27.657640114622488, 'Dissolved_oxygen': 6.079634110449909, 'PH': 7.538805390868841, 'Ammonia': 0.009929748459288547, 'Nitrite': 0.051845841836659155, 'Turbidty': 40.54194610566575, '_id': ObjectId('68fd482693c9c98fef8ac1db')}
[2025-10-25T21:59:02.714+0000] {python.py:218} INFO - Done. Returned value was: None
[2025-10-25T21:59:02.725+0000] {taskinstance.py:341} INFO - ::group::Post task execution logs
[2025-10-25T21:59:02.726+0000] {taskinstance.py:353} INFO - Marking task as SUCCESS. dag_id=iot_sensor_data_dag, task_id=generate_sensor_data, run_id=scheduled__2025-10-25T21:58:45+00:00, execution_date=20251025T215845, start_date=20251025T215902, end_date=20251025T215902
[2025-10-25T21:59:02.749+0000] {logging_mixin.py:190} INFO - Task instance in success state
[2025-10-25T21:59:02.750+0000] {logging_mixin.py:190} INFO -  Previous state of the Task instance: running
[2025-10-25T21:59:02.751+0000] {logging_mixin.py:190} INFO - Dag name:iot_sensor_data_dag queued_at:2025-10-25 21:59:00.946759+00:00
[2025-10-25T21:59:02.752+0000] {logging_mixin.py:190} INFO - Task hostname:4f76d54186b6 operator:PythonOperator
[2025-10-25T21:59:02.787+0000] {local_task_job_runner.py:266} INFO - Task exited with return code 0
[2025-10-25T21:59:02.815+0000] {taskinstance.py:3901} INFO - 0 downstream tasks scheduled from follow-on schedule check
[2025-10-25T21:59:02.821+0000] {local_task_job_runner.py:245} INFO - ::endgroup::
