[2025-10-25T20:44:46.878+0000] {local_task_job_runner.py:123} INFO - ::group::Pre task execution logs
[2025-10-25T20:44:46.889+0000] {taskinstance.py:2614} INFO - Dependencies all met for dep_context=non-requeueable deps ti=<TaskInstance: iot_sensor_data_dag.generate_sensor_data scheduled__2025-10-25T20:44:30+00:00 [queued]>
[2025-10-25T20:44:46.901+0000] {taskinstance.py:2614} INFO - Dependencies all met for dep_context=requeueable deps ti=<TaskInstance: iot_sensor_data_dag.generate_sensor_data scheduled__2025-10-25T20:44:30+00:00 [queued]>
[2025-10-25T20:44:46.904+0000] {taskinstance.py:2867} INFO - Starting attempt 1 of 1
[2025-10-25T20:44:47.011+0000] {taskinstance.py:2890} INFO - Executing <Task(PythonOperator): generate_sensor_data> on 2025-10-25 20:44:30+00:00
[2025-10-25T20:44:47.020+0000] {warnings.py:112} WARNING - /home/***/.local/lib/python3.12/site-packages/***/task/task_runner/standard_task_runner.py:70: DeprecationWarning: This process (pid=435) is multi-threaded, use of fork() may lead to deadlocks in the child.
  pid = os.fork()

[2025-10-25T20:44:47.022+0000] {standard_task_runner.py:104} INFO - Running: ['***', 'tasks', 'run', 'iot_sensor_data_dag', 'generate_sensor_data', 'scheduled__2025-10-25T20:44:30+00:00', '--job-id', '81', '--raw', '--subdir', 'DAGS_FOLDER/DEPI.py', '--cfg-path', '/tmp/tmp0sdze1uf']
[2025-10-25T20:44:47.025+0000] {standard_task_runner.py:72} INFO - Started process 437 to run task
[2025-10-25T20:44:47.031+0000] {standard_task_runner.py:105} INFO - Job 81: Subtask generate_sensor_data
[2025-10-25T20:44:47.089+0000] {task_command.py:467} INFO - Running <TaskInstance: iot_sensor_data_dag.generate_sensor_data scheduled__2025-10-25T20:44:30+00:00 [running]> on host 4f76d54186b6
[2025-10-25T20:44:47.152+0000] {taskinstance.py:3134} INFO - Exporting env vars: AIRFLOW_CTX_DAG_OWNER='***' AIRFLOW_CTX_DAG_ID='iot_sensor_data_dag' AIRFLOW_CTX_TASK_ID='generate_sensor_data' AIRFLOW_CTX_EXECUTION_DATE='2025-10-25T20:44:30+00:00' AIRFLOW_CTX_TRY_NUMBER='1' AIRFLOW_CTX_DAG_RUN_ID='scheduled__2025-10-25T20:44:30+00:00'
[2025-10-25T20:44:47.153+0000] {logging_mixin.py:190} INFO - Task instance is in running state
[2025-10-25T20:44:47.154+0000] {logging_mixin.py:190} INFO -  Previous state of the Task instance: queued
[2025-10-25T20:44:47.154+0000] {logging_mixin.py:190} INFO - Current task name:generate_sensor_data state:running start_date:2025-10-25 20:44:46.897489+00:00
[2025-10-25T20:44:47.155+0000] {logging_mixin.py:190} INFO - Dag name:iot_sensor_data_dag and current dag run status:running
[2025-10-25T20:44:47.155+0000] {taskinstance.py:732} INFO - ::endgroup::
[2025-10-25T20:44:47.181+0000] {logging_mixin.py:190} INFO - [2025-10-25 20:44:47.169847] Inserted sensor data: {'time': datetime.datetime(2025, 10, 25, 20, 44, 47, 169847), 'temperature': 27.501062327850857, 'Dissolved_oxygen': 6.094271049866017, 'PH': 7.56440035130962, 'Ammonia': 0.009290666011468164, 'Nitrite': 0.04643070173494625, 'Turbidty': 39.11885786321089, '_id': ObjectId('68fd36bf89f04c3ce78ebd42')}
[2025-10-25T20:44:47.182+0000] {python.py:218} INFO - Done. Returned value was: None
[2025-10-25T20:44:47.191+0000] {taskinstance.py:341} INFO - ::group::Post task execution logs
[2025-10-25T20:44:47.192+0000] {taskinstance.py:353} INFO - Marking task as SUCCESS. dag_id=iot_sensor_data_dag, task_id=generate_sensor_data, run_id=scheduled__2025-10-25T20:44:30+00:00, execution_date=20251025T204430, start_date=20251025T204446, end_date=20251025T204447
[2025-10-25T20:44:47.208+0000] {logging_mixin.py:190} INFO - Task instance in success state
[2025-10-25T20:44:47.209+0000] {logging_mixin.py:190} INFO -  Previous state of the Task instance: running
[2025-10-25T20:44:47.210+0000] {logging_mixin.py:190} INFO - Dag name:iot_sensor_data_dag queued_at:2025-10-25 20:44:45.554863+00:00
[2025-10-25T20:44:47.210+0000] {logging_mixin.py:190} INFO - Task hostname:4f76d54186b6 operator:PythonOperator
[2025-10-25T20:44:47.253+0000] {local_task_job_runner.py:266} INFO - Task exited with return code 0
[2025-10-25T20:44:47.272+0000] {taskinstance.py:3901} INFO - 0 downstream tasks scheduled from follow-on schedule check
[2025-10-25T20:44:47.276+0000] {local_task_job_runner.py:245} INFO - ::endgroup::
