[2025-10-25T21:55:17.531+0000] {local_task_job_runner.py:123} INFO - ::group::Pre task execution logs
[2025-10-25T21:55:17.544+0000] {taskinstance.py:2614} INFO - Dependencies all met for dep_context=non-requeueable deps ti=<TaskInstance: iot_sensor_data_dag.generate_sensor_data scheduled__2025-10-25T21:55:00+00:00 [queued]>
[2025-10-25T21:55:17.550+0000] {taskinstance.py:2614} INFO - Dependencies all met for dep_context=requeueable deps ti=<TaskInstance: iot_sensor_data_dag.generate_sensor_data scheduled__2025-10-25T21:55:00+00:00 [queued]>
[2025-10-25T21:55:17.551+0000] {taskinstance.py:2867} INFO - Starting attempt 1 of 1
[2025-10-25T21:55:17.698+0000] {taskinstance.py:2890} INFO - Executing <Task(PythonOperator): generate_sensor_data> on 2025-10-25 21:55:00+00:00
[2025-10-25T21:55:17.705+0000] {warnings.py:112} WARNING - /home/***/.local/lib/python3.12/site-packages/***/task/task_runner/standard_task_runner.py:70: DeprecationWarning: This process (pid=689) is multi-threaded, use of fork() may lead to deadlocks in the child.
  pid = os.fork()

[2025-10-25T21:55:17.708+0000] {standard_task_runner.py:72} INFO - Started process 691 to run task
[2025-10-25T21:55:17.708+0000] {standard_task_runner.py:104} INFO - Running: ['***', 'tasks', 'run', 'iot_sensor_data_dag', 'generate_sensor_data', 'scheduled__2025-10-25T21:55:00+00:00', '--job-id', '187', '--raw', '--subdir', 'DAGS_FOLDER/DEPI.py', '--cfg-path', '/tmp/tmpyoekmtnp']
[2025-10-25T21:55:17.710+0000] {standard_task_runner.py:105} INFO - Job 187: Subtask generate_sensor_data
[2025-10-25T21:55:17.757+0000] {task_command.py:467} INFO - Running <TaskInstance: iot_sensor_data_dag.generate_sensor_data scheduled__2025-10-25T21:55:00+00:00 [running]> on host 4f76d54186b6
[2025-10-25T21:55:17.826+0000] {taskinstance.py:3134} INFO - Exporting env vars: AIRFLOW_CTX_DAG_OWNER='***' AIRFLOW_CTX_DAG_ID='iot_sensor_data_dag' AIRFLOW_CTX_TASK_ID='generate_sensor_data' AIRFLOW_CTX_EXECUTION_DATE='2025-10-25T21:55:00+00:00' AIRFLOW_CTX_TRY_NUMBER='1' AIRFLOW_CTX_DAG_RUN_ID='scheduled__2025-10-25T21:55:00+00:00'
[2025-10-25T21:55:17.828+0000] {logging_mixin.py:190} INFO - Task instance is in running state
[2025-10-25T21:55:17.829+0000] {logging_mixin.py:190} INFO -  Previous state of the Task instance: queued
[2025-10-25T21:55:17.830+0000] {logging_mixin.py:190} INFO - Current task name:generate_sensor_data state:running start_date:2025-10-25 21:55:17.545006+00:00
[2025-10-25T21:55:17.831+0000] {logging_mixin.py:190} INFO - Dag name:iot_sensor_data_dag and current dag run status:running
[2025-10-25T21:55:17.832+0000] {taskinstance.py:732} INFO - ::endgroup::
[2025-10-25T21:55:17.867+0000] {logging_mixin.py:190} INFO - [2025-10-25 21:55:17.851634] Inserted sensor data: {'time': datetime.datetime(2025, 10, 25, 21, 55, 17, 851634), 'temperature': 27.40006503330102, 'Dissolved_oxygen': 6.002409635237736, 'PH': 7.596597059833676, 'Ammonia': 0.009591457485837035, 'Nitrite': 0.04897493977396909, 'Turbidty': 39.73597720001657, '_id': ObjectId('68fd4745df7309473dfe65cc')}
[2025-10-25T21:55:17.869+0000] {python.py:218} INFO - Done. Returned value was: None
[2025-10-25T21:55:17.879+0000] {taskinstance.py:341} INFO - ::group::Post task execution logs
[2025-10-25T21:55:17.880+0000] {taskinstance.py:353} INFO - Marking task as SUCCESS. dag_id=iot_sensor_data_dag, task_id=generate_sensor_data, run_id=scheduled__2025-10-25T21:55:00+00:00, execution_date=20251025T215500, start_date=20251025T215517, end_date=20251025T215517
[2025-10-25T21:55:17.901+0000] {logging_mixin.py:190} INFO - Task instance in success state
[2025-10-25T21:55:17.902+0000] {logging_mixin.py:190} INFO -  Previous state of the Task instance: running
[2025-10-25T21:55:17.902+0000] {logging_mixin.py:190} INFO - Dag name:iot_sensor_data_dag queued_at:2025-10-25 21:55:15.968364+00:00
[2025-10-25T21:55:17.903+0000] {logging_mixin.py:190} INFO - Task hostname:4f76d54186b6 operator:PythonOperator
[2025-10-25T21:55:17.924+0000] {local_task_job_runner.py:266} INFO - Task exited with return code 0
[2025-10-25T21:55:17.945+0000] {taskinstance.py:3901} INFO - 0 downstream tasks scheduled from follow-on schedule check
[2025-10-25T21:55:17.949+0000] {local_task_job_runner.py:245} INFO - ::endgroup::
