[2025-10-25T20:49:32.080+0000] {local_task_job_runner.py:123} INFO - ::group::Pre task execution logs
[2025-10-25T20:49:32.091+0000] {taskinstance.py:2614} INFO - Dependencies all met for dep_context=non-requeueable deps ti=<TaskInstance: iot_sensor_data_dag.generate_sensor_data scheduled__2025-10-25T20:49:15+00:00 [queued]>
[2025-10-25T20:49:32.097+0000] {taskinstance.py:2614} INFO - Dependencies all met for dep_context=requeueable deps ti=<TaskInstance: iot_sensor_data_dag.generate_sensor_data scheduled__2025-10-25T20:49:15+00:00 [queued]>
[2025-10-25T20:49:32.098+0000] {taskinstance.py:2867} INFO - Starting attempt 1 of 1
[2025-10-25T20:49:32.209+0000] {taskinstance.py:2890} INFO - Executing <Task(PythonOperator): generate_sensor_data> on 2025-10-25 20:49:15+00:00
[2025-10-25T20:49:32.215+0000] {warnings.py:112} WARNING - /home/***/.local/lib/python3.12/site-packages/***/task/task_runner/standard_task_runner.py:70: DeprecationWarning: This process (pid=631) is multi-threaded, use of fork() may lead to deadlocks in the child.
  pid = os.fork()

[2025-10-25T20:49:32.219+0000] {standard_task_runner.py:72} INFO - Started process 633 to run task
[2025-10-25T20:49:32.218+0000] {standard_task_runner.py:104} INFO - Running: ['***', 'tasks', 'run', 'iot_sensor_data_dag', 'generate_sensor_data', 'scheduled__2025-10-25T20:49:15+00:00', '--job-id', '100', '--raw', '--subdir', 'DAGS_FOLDER/DEPI.py', '--cfg-path', '/tmp/tmp5y7suvmz']
[2025-10-25T20:49:32.220+0000] {standard_task_runner.py:105} INFO - Job 100: Subtask generate_sensor_data
[2025-10-25T20:49:32.266+0000] {task_command.py:467} INFO - Running <TaskInstance: iot_sensor_data_dag.generate_sensor_data scheduled__2025-10-25T20:49:15+00:00 [running]> on host 4f76d54186b6
[2025-10-25T20:49:32.337+0000] {taskinstance.py:3134} INFO - Exporting env vars: AIRFLOW_CTX_DAG_OWNER='***' AIRFLOW_CTX_DAG_ID='iot_sensor_data_dag' AIRFLOW_CTX_TASK_ID='generate_sensor_data' AIRFLOW_CTX_EXECUTION_DATE='2025-10-25T20:49:15+00:00' AIRFLOW_CTX_TRY_NUMBER='1' AIRFLOW_CTX_DAG_RUN_ID='scheduled__2025-10-25T20:49:15+00:00'
[2025-10-25T20:49:32.342+0000] {logging_mixin.py:190} INFO - Task instance is in running state
[2025-10-25T20:49:32.344+0000] {logging_mixin.py:190} INFO -  Previous state of the Task instance: queued
[2025-10-25T20:49:32.345+0000] {logging_mixin.py:190} INFO - Current task name:generate_sensor_data state:running start_date:2025-10-25 20:49:32.092875+00:00
[2025-10-25T20:49:32.345+0000] {logging_mixin.py:190} INFO - Dag name:iot_sensor_data_dag and current dag run status:running
[2025-10-25T20:49:32.346+0000] {taskinstance.py:732} INFO - ::endgroup::
[2025-10-25T20:49:32.380+0000] {logging_mixin.py:190} INFO - [2025-10-25 20:49:32.360742] Inserted sensor data: {'time': datetime.datetime(2025, 10, 25, 20, 49, 32, 360742), 'temperature': 27.36556779788908, 'Dissolved_oxygen': 5.943985805370245, 'PH': 7.468787497395602, 'Ammonia': 0.009780291754527106, 'Nitrite': 0.05280832950135706, 'Turbidty': 40.75514365231119, '_id': ObjectId('68fd37dc29552fabae62ad97')}
[2025-10-25T20:49:32.383+0000] {python.py:218} INFO - Done. Returned value was: None
[2025-10-25T20:49:32.392+0000] {taskinstance.py:341} INFO - ::group::Post task execution logs
[2025-10-25T20:49:32.393+0000] {taskinstance.py:353} INFO - Marking task as SUCCESS. dag_id=iot_sensor_data_dag, task_id=generate_sensor_data, run_id=scheduled__2025-10-25T20:49:15+00:00, execution_date=20251025T204915, start_date=20251025T204932, end_date=20251025T204932
[2025-10-25T20:49:32.421+0000] {logging_mixin.py:190} INFO - Task instance in success state
[2025-10-25T20:49:32.422+0000] {logging_mixin.py:190} INFO -  Previous state of the Task instance: running
[2025-10-25T20:49:32.423+0000] {logging_mixin.py:190} INFO - Dag name:iot_sensor_data_dag queued_at:2025-10-25 20:49:30.807962+00:00
[2025-10-25T20:49:32.424+0000] {logging_mixin.py:190} INFO - Task hostname:4f76d54186b6 operator:PythonOperator
[2025-10-25T20:49:32.435+0000] {local_task_job_runner.py:266} INFO - Task exited with return code 0
[2025-10-25T20:49:32.453+0000] {taskinstance.py:3901} INFO - 0 downstream tasks scheduled from follow-on schedule check
[2025-10-25T20:49:32.455+0000] {local_task_job_runner.py:245} INFO - ::endgroup::
