[2025-10-25T21:40:46.868+0000] {local_task_job_runner.py:123} INFO - ::group::Pre task execution logs
[2025-10-25T21:40:46.881+0000] {taskinstance.py:2614} INFO - Dependencies all met for dep_context=non-requeueable deps ti=<TaskInstance: iot_sensor_data_dag.generate_sensor_data scheduled__2025-10-25T21:40:30+00:00 [queued]>
[2025-10-25T21:40:46.888+0000] {taskinstance.py:2614} INFO - Dependencies all met for dep_context=requeueable deps ti=<TaskInstance: iot_sensor_data_dag.generate_sensor_data scheduled__2025-10-25T21:40:30+00:00 [queued]>
[2025-10-25T21:40:46.889+0000] {taskinstance.py:2867} INFO - Starting attempt 1 of 1
[2025-10-25T21:40:47.055+0000] {taskinstance.py:2890} INFO - Executing <Task(PythonOperator): generate_sensor_data> on 2025-10-25 21:40:30+00:00
[2025-10-25T21:40:47.061+0000] {warnings.py:112} WARNING - /home/***/.local/lib/python3.12/site-packages/***/task/task_runner/standard_task_runner.py:70: DeprecationWarning: This process (pid=94) is multi-threaded, use of fork() may lead to deadlocks in the child.
  pid = os.fork()

[2025-10-25T21:40:47.064+0000] {standard_task_runner.py:72} INFO - Started process 96 to run task
[2025-10-25T21:40:47.064+0000] {standard_task_runner.py:104} INFO - Running: ['***', 'tasks', 'run', 'iot_sensor_data_dag', 'generate_sensor_data', 'scheduled__2025-10-25T21:40:30+00:00', '--job-id', '129', '--raw', '--subdir', 'DAGS_FOLDER/DEPI.py', '--cfg-path', '/tmp/tmprgq9ypty']
[2025-10-25T21:40:47.065+0000] {standard_task_runner.py:105} INFO - Job 129: Subtask generate_sensor_data
[2025-10-25T21:40:47.110+0000] {task_command.py:467} INFO - Running <TaskInstance: iot_sensor_data_dag.generate_sensor_data scheduled__2025-10-25T21:40:30+00:00 [running]> on host 4f76d54186b6
[2025-10-25T21:40:47.177+0000] {taskinstance.py:3134} INFO - Exporting env vars: AIRFLOW_CTX_DAG_OWNER='***' AIRFLOW_CTX_DAG_ID='iot_sensor_data_dag' AIRFLOW_CTX_TASK_ID='generate_sensor_data' AIRFLOW_CTX_EXECUTION_DATE='2025-10-25T21:40:30+00:00' AIRFLOW_CTX_TRY_NUMBER='1' AIRFLOW_CTX_DAG_RUN_ID='scheduled__2025-10-25T21:40:30+00:00'
[2025-10-25T21:40:47.179+0000] {logging_mixin.py:190} INFO - Task instance is in running state
[2025-10-25T21:40:47.180+0000] {logging_mixin.py:190} INFO -  Previous state of the Task instance: queued
[2025-10-25T21:40:47.180+0000] {logging_mixin.py:190} INFO - Current task name:generate_sensor_data state:running start_date:2025-10-25 21:40:46.882613+00:00
[2025-10-25T21:40:47.181+0000] {logging_mixin.py:190} INFO - Dag name:iot_sensor_data_dag and current dag run status:running
[2025-10-25T21:40:47.182+0000] {taskinstance.py:732} INFO - ::endgroup::
[2025-10-25T21:40:47.235+0000] {logging_mixin.py:190} INFO - [2025-10-25 21:40:47.200919] Inserted sensor data: {'time': datetime.datetime(2025, 10, 25, 21, 40, 47, 200919), 'temperature': 27.644248649375758, 'Dissolved_oxygen': 5.968881615248317, 'PH': 7.511479856681704, 'Ammonia': 0.009242160377945943, 'Nitrite': 0.04801634899311999, 'Turbidty': 39.98957777837212, '_id': ObjectId('68fd43dfbbdfa09348ffacf4')}
[2025-10-25T21:40:47.243+0000] {python.py:218} INFO - Done. Returned value was: None
[2025-10-25T21:40:47.256+0000] {taskinstance.py:341} INFO - ::group::Post task execution logs
[2025-10-25T21:40:47.259+0000] {taskinstance.py:353} INFO - Marking task as SUCCESS. dag_id=iot_sensor_data_dag, task_id=generate_sensor_data, run_id=scheduled__2025-10-25T21:40:30+00:00, execution_date=20251025T214030, start_date=20251025T214046, end_date=20251025T214047
[2025-10-25T21:40:47.284+0000] {logging_mixin.py:190} INFO - Task instance in success state
[2025-10-25T21:40:47.288+0000] {logging_mixin.py:190} INFO -  Previous state of the Task instance: running
[2025-10-25T21:40:47.290+0000] {logging_mixin.py:190} INFO - Dag name:iot_sensor_data_dag queued_at:2025-10-25 21:40:45.299356+00:00
[2025-10-25T21:40:47.291+0000] {logging_mixin.py:190} INFO - Task hostname:4f76d54186b6 operator:PythonOperator
[2025-10-25T21:40:47.320+0000] {local_task_job_runner.py:266} INFO - Task exited with return code 0
[2025-10-25T21:40:47.355+0000] {taskinstance.py:3901} INFO - 0 downstream tasks scheduled from follow-on schedule check
[2025-10-25T21:40:47.361+0000] {local_task_job_runner.py:245} INFO - ::endgroup::
