[2025-10-25T21:51:31.930+0000] {local_task_job_runner.py:123} INFO - ::group::Pre task execution logs
[2025-10-25T21:51:31.942+0000] {taskinstance.py:2614} INFO - Dependencies all met for dep_context=non-requeueable deps ti=<TaskInstance: iot_sensor_data_dag.generate_sensor_data scheduled__2025-10-25T21:51:15+00:00 [queued]>
[2025-10-25T21:51:31.949+0000] {taskinstance.py:2614} INFO - Dependencies all met for dep_context=requeueable deps ti=<TaskInstance: iot_sensor_data_dag.generate_sensor_data scheduled__2025-10-25T21:51:15+00:00 [queued]>
[2025-10-25T21:51:31.950+0000] {taskinstance.py:2867} INFO - Starting attempt 1 of 1
[2025-10-25T21:51:32.106+0000] {taskinstance.py:2890} INFO - Executing <Task(PythonOperator): generate_sensor_data> on 2025-10-25 21:51:15+00:00
[2025-10-25T21:51:32.117+0000] {warnings.py:112} WARNING - /home/***/.local/lib/python3.12/site-packages/***/task/task_runner/standard_task_runner.py:70: DeprecationWarning: This process (pid=535) is multi-threaded, use of fork() may lead to deadlocks in the child.
  pid = os.fork()

[2025-10-25T21:51:32.119+0000] {standard_task_runner.py:72} INFO - Started process 537 to run task
[2025-10-25T21:51:32.120+0000] {standard_task_runner.py:104} INFO - Running: ['***', 'tasks', 'run', 'iot_sensor_data_dag', 'generate_sensor_data', 'scheduled__2025-10-25T21:51:15+00:00', '--job-id', '172', '--raw', '--subdir', 'DAGS_FOLDER/DEPI.py', '--cfg-path', '/tmp/tmp50f7jk1r']
[2025-10-25T21:51:32.121+0000] {standard_task_runner.py:105} INFO - Job 172: Subtask generate_sensor_data
[2025-10-25T21:51:32.168+0000] {task_command.py:467} INFO - Running <TaskInstance: iot_sensor_data_dag.generate_sensor_data scheduled__2025-10-25T21:51:15+00:00 [running]> on host 4f76d54186b6
[2025-10-25T21:51:32.238+0000] {taskinstance.py:3134} INFO - Exporting env vars: AIRFLOW_CTX_DAG_OWNER='***' AIRFLOW_CTX_DAG_ID='iot_sensor_data_dag' AIRFLOW_CTX_TASK_ID='generate_sensor_data' AIRFLOW_CTX_EXECUTION_DATE='2025-10-25T21:51:15+00:00' AIRFLOW_CTX_TRY_NUMBER='1' AIRFLOW_CTX_DAG_RUN_ID='scheduled__2025-10-25T21:51:15+00:00'
[2025-10-25T21:51:32.241+0000] {logging_mixin.py:190} INFO - Task instance is in running state
[2025-10-25T21:51:32.242+0000] {logging_mixin.py:190} INFO -  Previous state of the Task instance: queued
[2025-10-25T21:51:32.243+0000] {logging_mixin.py:190} INFO - Current task name:generate_sensor_data state:running start_date:2025-10-25 21:51:31.943643+00:00
[2025-10-25T21:51:32.244+0000] {logging_mixin.py:190} INFO - Dag name:iot_sensor_data_dag and current dag run status:running
[2025-10-25T21:51:32.245+0000] {taskinstance.py:732} INFO - ::endgroup::
[2025-10-25T21:51:32.279+0000] {logging_mixin.py:190} INFO - [2025-10-25 21:51:32.263538] Inserted sensor data: {'time': datetime.datetime(2025, 10, 25, 21, 51, 32, 263538), 'temperature': 27.551324870130895, 'Dissolved_oxygen': 5.909572409318605, 'PH': 7.508343965628128, 'Ammonia': 0.009971133527334801, 'Nitrite': 0.04748152143513048, 'Turbidty': 39.90432995091009, '_id': ObjectId('68fd46640716bf8b7e595987')}
[2025-10-25T21:51:32.283+0000] {python.py:218} INFO - Done. Returned value was: None
[2025-10-25T21:51:32.293+0000] {taskinstance.py:341} INFO - ::group::Post task execution logs
[2025-10-25T21:51:32.294+0000] {taskinstance.py:353} INFO - Marking task as SUCCESS. dag_id=iot_sensor_data_dag, task_id=generate_sensor_data, run_id=scheduled__2025-10-25T21:51:15+00:00, execution_date=20251025T215115, start_date=20251025T215131, end_date=20251025T215132
[2025-10-25T21:51:32.316+0000] {logging_mixin.py:190} INFO - Task instance in success state
[2025-10-25T21:51:32.318+0000] {logging_mixin.py:190} INFO -  Previous state of the Task instance: running
[2025-10-25T21:51:32.319+0000] {logging_mixin.py:190} INFO - Dag name:iot_sensor_data_dag queued_at:2025-10-25 21:51:30.207845+00:00
[2025-10-25T21:51:32.319+0000] {logging_mixin.py:190} INFO - Task hostname:4f76d54186b6 operator:PythonOperator
[2025-10-25T21:51:32.335+0000] {local_task_job_runner.py:266} INFO - Task exited with return code 0
[2025-10-25T21:51:32.355+0000] {taskinstance.py:3901} INFO - 0 downstream tasks scheduled from follow-on schedule check
[2025-10-25T21:51:32.359+0000] {local_task_job_runner.py:245} INFO - ::endgroup::
