[2025-10-25T21:53:16.865+0000] {local_task_job_runner.py:123} INFO - ::group::Pre task execution logs
[2025-10-25T21:53:16.878+0000] {taskinstance.py:2614} INFO - Dependencies all met for dep_context=non-requeueable deps ti=<TaskInstance: iot_sensor_data_dag.generate_sensor_data scheduled__2025-10-25T21:53:00+00:00 [queued]>
[2025-10-25T21:53:16.886+0000] {taskinstance.py:2614} INFO - Dependencies all met for dep_context=requeueable deps ti=<TaskInstance: iot_sensor_data_dag.generate_sensor_data scheduled__2025-10-25T21:53:00+00:00 [queued]>
[2025-10-25T21:53:16.888+0000] {taskinstance.py:2867} INFO - Starting attempt 1 of 1
[2025-10-25T21:53:17.047+0000] {taskinstance.py:2890} INFO - Executing <Task(PythonOperator): generate_sensor_data> on 2025-10-25 21:53:00+00:00
[2025-10-25T21:53:17.057+0000] {warnings.py:112} WARNING - /home/***/.local/lib/python3.12/site-packages/***/task/task_runner/standard_task_runner.py:70: DeprecationWarning: This process (pid=612) is multi-threaded, use of fork() may lead to deadlocks in the child.
  pid = os.fork()

[2025-10-25T21:53:17.059+0000] {standard_task_runner.py:104} INFO - Running: ['***', 'tasks', 'run', 'iot_sensor_data_dag', 'generate_sensor_data', 'scheduled__2025-10-25T21:53:00+00:00', '--job-id', '179', '--raw', '--subdir', 'DAGS_FOLDER/DEPI.py', '--cfg-path', '/tmp/tmppkzuf1e_']
[2025-10-25T21:53:17.061+0000] {standard_task_runner.py:72} INFO - Started process 614 to run task
[2025-10-25T21:53:17.061+0000] {standard_task_runner.py:105} INFO - Job 179: Subtask generate_sensor_data
[2025-10-25T21:53:17.106+0000] {task_command.py:467} INFO - Running <TaskInstance: iot_sensor_data_dag.generate_sensor_data scheduled__2025-10-25T21:53:00+00:00 [running]> on host 4f76d54186b6
[2025-10-25T21:53:17.177+0000] {taskinstance.py:3134} INFO - Exporting env vars: AIRFLOW_CTX_DAG_OWNER='***' AIRFLOW_CTX_DAG_ID='iot_sensor_data_dag' AIRFLOW_CTX_TASK_ID='generate_sensor_data' AIRFLOW_CTX_EXECUTION_DATE='2025-10-25T21:53:00+00:00' AIRFLOW_CTX_TRY_NUMBER='1' AIRFLOW_CTX_DAG_RUN_ID='scheduled__2025-10-25T21:53:00+00:00'
[2025-10-25T21:53:17.178+0000] {logging_mixin.py:190} INFO - Task instance is in running state
[2025-10-25T21:53:17.180+0000] {logging_mixin.py:190} INFO -  Previous state of the Task instance: queued
[2025-10-25T21:53:17.181+0000] {logging_mixin.py:190} INFO - Current task name:generate_sensor_data state:running start_date:2025-10-25 21:53:16.879967+00:00
[2025-10-25T21:53:17.183+0000] {logging_mixin.py:190} INFO - Dag name:iot_sensor_data_dag and current dag run status:running
[2025-10-25T21:53:17.184+0000] {taskinstance.py:732} INFO - ::endgroup::
[2025-10-25T21:53:17.222+0000] {logging_mixin.py:190} INFO - [2025-10-25 21:53:17.205745] Inserted sensor data: {'time': datetime.datetime(2025, 10, 25, 21, 53, 17, 205745), 'temperature': 27.615725597438644, 'Dissolved_oxygen': 5.956800563610595, 'PH': 7.5533941156768645, 'Ammonia': 0.010352893886174249, 'Nitrite': 0.05442777039513922, 'Turbidty': 40.97265108679391, '_id': ObjectId('68fd46cdae81297a7705b42f')}
[2025-10-25T21:53:17.225+0000] {python.py:218} INFO - Done. Returned value was: None
[2025-10-25T21:53:17.234+0000] {taskinstance.py:341} INFO - ::group::Post task execution logs
[2025-10-25T21:53:17.235+0000] {taskinstance.py:353} INFO - Marking task as SUCCESS. dag_id=iot_sensor_data_dag, task_id=generate_sensor_data, run_id=scheduled__2025-10-25T21:53:00+00:00, execution_date=20251025T215300, start_date=20251025T215316, end_date=20251025T215317
[2025-10-25T21:53:17.256+0000] {logging_mixin.py:190} INFO - Task instance in success state
[2025-10-25T21:53:17.257+0000] {logging_mixin.py:190} INFO -  Previous state of the Task instance: running
[2025-10-25T21:53:17.258+0000] {logging_mixin.py:190} INFO - Dag name:iot_sensor_data_dag queued_at:2025-10-25 21:53:15.498971+00:00
[2025-10-25T21:53:17.259+0000] {logging_mixin.py:190} INFO - Task hostname:4f76d54186b6 operator:PythonOperator
[2025-10-25T21:53:17.278+0000] {local_task_job_runner.py:266} INFO - Task exited with return code 0
[2025-10-25T21:53:17.305+0000] {taskinstance.py:3901} INFO - 0 downstream tasks scheduled from follow-on schedule check
[2025-10-25T21:53:17.311+0000] {local_task_job_runner.py:245} INFO - ::endgroup::
