[2025-10-25T20:44:16.505+0000] {local_task_job_runner.py:123} INFO - ::group::Pre task execution logs
[2025-10-25T20:44:16.518+0000] {taskinstance.py:2614} INFO - Dependencies all met for dep_context=non-requeueable deps ti=<TaskInstance: iot_sensor_data_dag.generate_sensor_data scheduled__2025-10-25T20:44:00+00:00 [queued]>
[2025-10-25T20:44:16.523+0000] {taskinstance.py:2614} INFO - Dependencies all met for dep_context=requeueable deps ti=<TaskInstance: iot_sensor_data_dag.generate_sensor_data scheduled__2025-10-25T20:44:00+00:00 [queued]>
[2025-10-25T20:44:16.524+0000] {taskinstance.py:2867} INFO - Starting attempt 1 of 1
[2025-10-25T20:44:16.649+0000] {taskinstance.py:2890} INFO - Executing <Task(PythonOperator): generate_sensor_data> on 2025-10-25 20:44:00+00:00
[2025-10-25T20:44:16.655+0000] {warnings.py:112} WARNING - /home/***/.local/lib/python3.12/site-packages/***/task/task_runner/standard_task_runner.py:70: DeprecationWarning: This process (pid=414) is multi-threaded, use of fork() may lead to deadlocks in the child.
  pid = os.fork()

[2025-10-25T20:44:16.657+0000] {standard_task_runner.py:104} INFO - Running: ['***', 'tasks', 'run', 'iot_sensor_data_dag', 'generate_sensor_data', 'scheduled__2025-10-25T20:44:00+00:00', '--job-id', '79', '--raw', '--subdir', 'DAGS_FOLDER/DEPI.py', '--cfg-path', '/tmp/tmpxixpnpgj']
[2025-10-25T20:44:16.660+0000] {standard_task_runner.py:72} INFO - Started process 416 to run task
[2025-10-25T20:44:16.661+0000] {standard_task_runner.py:105} INFO - Job 79: Subtask generate_sensor_data
[2025-10-25T20:44:16.707+0000] {task_command.py:467} INFO - Running <TaskInstance: iot_sensor_data_dag.generate_sensor_data scheduled__2025-10-25T20:44:00+00:00 [running]> on host 4f76d54186b6
[2025-10-25T20:44:16.768+0000] {taskinstance.py:3134} INFO - Exporting env vars: AIRFLOW_CTX_DAG_OWNER='***' AIRFLOW_CTX_DAG_ID='iot_sensor_data_dag' AIRFLOW_CTX_TASK_ID='generate_sensor_data' AIRFLOW_CTX_EXECUTION_DATE='2025-10-25T20:44:00+00:00' AIRFLOW_CTX_TRY_NUMBER='1' AIRFLOW_CTX_DAG_RUN_ID='scheduled__2025-10-25T20:44:00+00:00'
[2025-10-25T20:44:16.770+0000] {logging_mixin.py:190} INFO - Task instance is in running state
[2025-10-25T20:44:16.771+0000] {logging_mixin.py:190} INFO -  Previous state of the Task instance: queued
[2025-10-25T20:44:16.771+0000] {logging_mixin.py:190} INFO - Current task name:generate_sensor_data state:running start_date:2025-10-25 20:44:16.519012+00:00
[2025-10-25T20:44:16.772+0000] {logging_mixin.py:190} INFO - Dag name:iot_sensor_data_dag and current dag run status:running
[2025-10-25T20:44:16.773+0000] {taskinstance.py:732} INFO - ::endgroup::
[2025-10-25T20:44:16.802+0000] {logging_mixin.py:190} INFO - [2025-10-25 20:44:16.787521] Inserted sensor data: {'time': datetime.datetime(2025, 10, 25, 20, 44, 16, 787521), 'temperature': 27.59986263063004, 'Dissolved_oxygen': 5.95213919493055, 'PH': 7.527556392286476, 'Ammonia': 0.010417430472178336, 'Nitrite': 0.05370282386080893, 'Turbidty': 40.53083343279789, '_id': ObjectId('68fd36a070912c3c20e87df0')}
[2025-10-25T20:44:16.804+0000] {python.py:218} INFO - Done. Returned value was: None
[2025-10-25T20:44:16.812+0000] {taskinstance.py:341} INFO - ::group::Post task execution logs
[2025-10-25T20:44:16.813+0000] {taskinstance.py:353} INFO - Marking task as SUCCESS. dag_id=iot_sensor_data_dag, task_id=generate_sensor_data, run_id=scheduled__2025-10-25T20:44:00+00:00, execution_date=20251025T204400, start_date=20251025T204416, end_date=20251025T204416
[2025-10-25T20:44:16.831+0000] {logging_mixin.py:190} INFO - Task instance in success state
[2025-10-25T20:44:16.831+0000] {logging_mixin.py:190} INFO -  Previous state of the Task instance: running
[2025-10-25T20:44:16.832+0000] {logging_mixin.py:190} INFO - Dag name:iot_sensor_data_dag queued_at:2025-10-25 20:44:15.342810+00:00
[2025-10-25T20:44:16.832+0000] {logging_mixin.py:190} INFO - Task hostname:4f76d54186b6 operator:PythonOperator
[2025-10-25T20:44:16.876+0000] {local_task_job_runner.py:266} INFO - Task exited with return code 0
[2025-10-25T20:44:16.888+0000] {taskinstance.py:3901} INFO - 0 downstream tasks scheduled from follow-on schedule check
[2025-10-25T20:44:16.890+0000] {local_task_job_runner.py:245} INFO - ::endgroup::
