[2025-10-25T21:51:17.152+0000] {local_task_job_runner.py:123} INFO - ::group::Pre task execution logs
[2025-10-25T21:51:17.164+0000] {taskinstance.py:2614} INFO - Dependencies all met for dep_context=non-requeueable deps ti=<TaskInstance: iot_sensor_data_dag.generate_sensor_data scheduled__2025-10-25T21:51:00+00:00 [queued]>
[2025-10-25T21:51:17.170+0000] {taskinstance.py:2614} INFO - Dependencies all met for dep_context=requeueable deps ti=<TaskInstance: iot_sensor_data_dag.generate_sensor_data scheduled__2025-10-25T21:51:00+00:00 [queued]>
[2025-10-25T21:51:17.171+0000] {taskinstance.py:2867} INFO - Starting attempt 1 of 1
[2025-10-25T21:51:17.290+0000] {taskinstance.py:2890} INFO - Executing <Task(PythonOperator): generate_sensor_data> on 2025-10-25 21:51:00+00:00
[2025-10-25T21:51:17.297+0000] {warnings.py:112} WARNING - /home/***/.local/lib/python3.12/site-packages/***/task/task_runner/standard_task_runner.py:70: DeprecationWarning: This process (pid=528) is multi-threaded, use of fork() may lead to deadlocks in the child.
  pid = os.fork()

[2025-10-25T21:51:17.299+0000] {standard_task_runner.py:72} INFO - Started process 530 to run task
[2025-10-25T21:51:17.299+0000] {standard_task_runner.py:104} INFO - Running: ['***', 'tasks', 'run', 'iot_sensor_data_dag', 'generate_sensor_data', 'scheduled__2025-10-25T21:51:00+00:00', '--job-id', '171', '--raw', '--subdir', 'DAGS_FOLDER/DEPI.py', '--cfg-path', '/tmp/tmpxspgmw85']
[2025-10-25T21:51:17.301+0000] {standard_task_runner.py:105} INFO - Job 171: Subtask generate_sensor_data
[2025-10-25T21:51:17.343+0000] {task_command.py:467} INFO - Running <TaskInstance: iot_sensor_data_dag.generate_sensor_data scheduled__2025-10-25T21:51:00+00:00 [running]> on host 4f76d54186b6
[2025-10-25T21:51:17.418+0000] {taskinstance.py:3134} INFO - Exporting env vars: AIRFLOW_CTX_DAG_OWNER='***' AIRFLOW_CTX_DAG_ID='iot_sensor_data_dag' AIRFLOW_CTX_TASK_ID='generate_sensor_data' AIRFLOW_CTX_EXECUTION_DATE='2025-10-25T21:51:00+00:00' AIRFLOW_CTX_TRY_NUMBER='1' AIRFLOW_CTX_DAG_RUN_ID='scheduled__2025-10-25T21:51:00+00:00'
[2025-10-25T21:51:17.419+0000] {logging_mixin.py:190} INFO - Task instance is in running state
[2025-10-25T21:51:17.420+0000] {logging_mixin.py:190} INFO -  Previous state of the Task instance: queued
[2025-10-25T21:51:17.421+0000] {logging_mixin.py:190} INFO - Current task name:generate_sensor_data state:running start_date:2025-10-25 21:51:17.165526+00:00
[2025-10-25T21:51:17.421+0000] {logging_mixin.py:190} INFO - Dag name:iot_sensor_data_dag and current dag run status:running
[2025-10-25T21:51:17.422+0000] {taskinstance.py:732} INFO - ::endgroup::
[2025-10-25T21:51:17.450+0000] {logging_mixin.py:190} INFO - [2025-10-25 21:51:17.436009] Inserted sensor data: {'time': datetime.datetime(2025, 10, 25, 21, 51, 17, 436009), 'temperature': 27.62497088769376, 'Dissolved_oxygen': 6.076572782504813, 'PH': 7.578086501722359, 'Ammonia': 0.009697193888580327, 'Nitrite': 0.054783305654616525, 'Turbidty': 40.78597437692741, '_id': ObjectId('68fd4655f6606ef1018e2f02')}
[2025-10-25T21:51:17.453+0000] {python.py:218} INFO - Done. Returned value was: None
[2025-10-25T21:51:17.461+0000] {taskinstance.py:341} INFO - ::group::Post task execution logs
[2025-10-25T21:51:17.462+0000] {taskinstance.py:353} INFO - Marking task as SUCCESS. dag_id=iot_sensor_data_dag, task_id=generate_sensor_data, run_id=scheduled__2025-10-25T21:51:00+00:00, execution_date=20251025T215100, start_date=20251025T215117, end_date=20251025T215117
[2025-10-25T21:51:17.481+0000] {logging_mixin.py:190} INFO - Task instance in success state
[2025-10-25T21:51:17.482+0000] {logging_mixin.py:190} INFO -  Previous state of the Task instance: running
[2025-10-25T21:51:17.482+0000] {logging_mixin.py:190} INFO - Dag name:iot_sensor_data_dag queued_at:2025-10-25 21:51:15.789072+00:00
[2025-10-25T21:51:17.483+0000] {logging_mixin.py:190} INFO - Task hostname:4f76d54186b6 operator:PythonOperator
[2025-10-25T21:51:17.515+0000] {local_task_job_runner.py:266} INFO - Task exited with return code 0
[2025-10-25T21:51:17.535+0000] {taskinstance.py:3901} INFO - 0 downstream tasks scheduled from follow-on schedule check
[2025-10-25T21:51:17.539+0000] {local_task_job_runner.py:245} INFO - ::endgroup::
