[2025-10-25T20:51:32.062+0000] {local_task_job_runner.py:123} INFO - ::group::Pre task execution logs
[2025-10-25T20:51:32.073+0000] {taskinstance.py:2614} INFO - Dependencies all met for dep_context=non-requeueable deps ti=<TaskInstance: iot_sensor_data_dag.generate_sensor_data scheduled__2025-10-25T20:51:15+00:00 [queued]>
[2025-10-25T20:51:32.079+0000] {taskinstance.py:2614} INFO - Dependencies all met for dep_context=requeueable deps ti=<TaskInstance: iot_sensor_data_dag.generate_sensor_data scheduled__2025-10-25T20:51:15+00:00 [queued]>
[2025-10-25T20:51:32.080+0000] {taskinstance.py:2867} INFO - Starting attempt 1 of 1
[2025-10-25T20:51:32.195+0000] {taskinstance.py:2890} INFO - Executing <Task(PythonOperator): generate_sensor_data> on 2025-10-25 20:51:15+00:00
[2025-10-25T20:51:32.202+0000] {warnings.py:112} WARNING - /home/***/.local/lib/python3.12/site-packages/***/task/task_runner/standard_task_runner.py:70: DeprecationWarning: This process (pid=715) is multi-threaded, use of fork() may lead to deadlocks in the child.
  pid = os.fork()

[2025-10-25T20:51:32.204+0000] {standard_task_runner.py:72} INFO - Started process 717 to run task
[2025-10-25T20:51:32.204+0000] {standard_task_runner.py:104} INFO - Running: ['***', 'tasks', 'run', 'iot_sensor_data_dag', 'generate_sensor_data', 'scheduled__2025-10-25T20:51:15+00:00', '--job-id', '108', '--raw', '--subdir', 'DAGS_FOLDER/DEPI.py', '--cfg-path', '/tmp/tmp2gdd341g']
[2025-10-25T20:51:32.206+0000] {standard_task_runner.py:105} INFO - Job 108: Subtask generate_sensor_data
[2025-10-25T20:51:32.250+0000] {task_command.py:467} INFO - Running <TaskInstance: iot_sensor_data_dag.generate_sensor_data scheduled__2025-10-25T20:51:15+00:00 [running]> on host 4f76d54186b6
[2025-10-25T20:51:32.307+0000] {taskinstance.py:3134} INFO - Exporting env vars: AIRFLOW_CTX_DAG_OWNER='***' AIRFLOW_CTX_DAG_ID='iot_sensor_data_dag' AIRFLOW_CTX_TASK_ID='generate_sensor_data' AIRFLOW_CTX_EXECUTION_DATE='2025-10-25T20:51:15+00:00' AIRFLOW_CTX_TRY_NUMBER='1' AIRFLOW_CTX_DAG_RUN_ID='scheduled__2025-10-25T20:51:15+00:00'
[2025-10-25T20:51:32.308+0000] {logging_mixin.py:190} INFO - Task instance is in running state
[2025-10-25T20:51:32.311+0000] {logging_mixin.py:190} INFO -  Previous state of the Task instance: queued
[2025-10-25T20:51:32.313+0000] {logging_mixin.py:190} INFO - Current task name:generate_sensor_data state:running start_date:2025-10-25 20:51:32.074528+00:00
[2025-10-25T20:51:32.314+0000] {logging_mixin.py:190} INFO - Dag name:iot_sensor_data_dag and current dag run status:running
[2025-10-25T20:51:32.316+0000] {taskinstance.py:732} INFO - ::endgroup::
[2025-10-25T20:51:32.347+0000] {logging_mixin.py:190} INFO - [2025-10-25 20:51:32.328945] Inserted sensor data: {'time': datetime.datetime(2025, 10, 25, 20, 51, 32, 328945), 'temperature': 27.69214888529538, 'Dissolved_oxygen': 6.086729748149979, 'PH': 7.569511674138488, 'Ammonia': 0.009727619017462845, 'Nitrite': 0.050850170434611014, 'Turbidty': 39.23869016010975, '_id': ObjectId('68fd38548bb1016eabb138d4')}
[2025-10-25T20:51:32.351+0000] {python.py:218} INFO - Done. Returned value was: None
[2025-10-25T20:51:32.360+0000] {taskinstance.py:341} INFO - ::group::Post task execution logs
[2025-10-25T20:51:32.361+0000] {taskinstance.py:353} INFO - Marking task as SUCCESS. dag_id=iot_sensor_data_dag, task_id=generate_sensor_data, run_id=scheduled__2025-10-25T20:51:15+00:00, execution_date=20251025T205115, start_date=20251025T205132, end_date=20251025T205132
[2025-10-25T20:51:32.378+0000] {logging_mixin.py:190} INFO - Task instance in success state
[2025-10-25T20:51:32.381+0000] {logging_mixin.py:190} INFO -  Previous state of the Task instance: running
[2025-10-25T20:51:32.382+0000] {logging_mixin.py:190} INFO - Dag name:iot_sensor_data_dag queued_at:2025-10-25 20:51:30.804281+00:00
[2025-10-25T20:51:32.382+0000] {logging_mixin.py:190} INFO - Task hostname:4f76d54186b6 operator:PythonOperator
[2025-10-25T20:51:32.420+0000] {local_task_job_runner.py:266} INFO - Task exited with return code 0
[2025-10-25T20:51:32.436+0000] {taskinstance.py:3901} INFO - 0 downstream tasks scheduled from follow-on schedule check
[2025-10-25T20:51:32.439+0000] {local_task_job_runner.py:245} INFO - ::endgroup::
