[2025-10-25T21:41:16.961+0000] {local_task_job_runner.py:123} INFO - ::group::Pre task execution logs
[2025-10-25T21:41:16.976+0000] {taskinstance.py:2614} INFO - Dependencies all met for dep_context=non-requeueable deps ti=<TaskInstance: iot_sensor_data_dag.generate_sensor_data scheduled__2025-10-25T21:41:00+00:00 [queued]>
[2025-10-25T21:41:16.983+0000] {taskinstance.py:2614} INFO - Dependencies all met for dep_context=requeueable deps ti=<TaskInstance: iot_sensor_data_dag.generate_sensor_data scheduled__2025-10-25T21:41:00+00:00 [queued]>
[2025-10-25T21:41:16.985+0000] {taskinstance.py:2867} INFO - Starting attempt 1 of 1
[2025-10-25T21:41:17.120+0000] {taskinstance.py:2890} INFO - Executing <Task(PythonOperator): generate_sensor_data> on 2025-10-25 21:41:00+00:00
[2025-10-25T21:41:17.126+0000] {warnings.py:112} WARNING - /home/***/.local/lib/python3.12/site-packages/***/task/task_runner/standard_task_runner.py:70: DeprecationWarning: This process (pid=115) is multi-threaded, use of fork() may lead to deadlocks in the child.
  pid = os.fork()

[2025-10-25T21:41:17.128+0000] {standard_task_runner.py:72} INFO - Started process 117 to run task
[2025-10-25T21:41:17.129+0000] {standard_task_runner.py:104} INFO - Running: ['***', 'tasks', 'run', 'iot_sensor_data_dag', 'generate_sensor_data', 'scheduled__2025-10-25T21:41:00+00:00', '--job-id', '131', '--raw', '--subdir', 'DAGS_FOLDER/DEPI.py', '--cfg-path', '/tmp/tmpqd1i8u1f']
[2025-10-25T21:41:17.130+0000] {standard_task_runner.py:105} INFO - Job 131: Subtask generate_sensor_data
[2025-10-25T21:41:17.176+0000] {task_command.py:467} INFO - Running <TaskInstance: iot_sensor_data_dag.generate_sensor_data scheduled__2025-10-25T21:41:00+00:00 [running]> on host 4f76d54186b6
[2025-10-25T21:41:17.249+0000] {taskinstance.py:3134} INFO - Exporting env vars: AIRFLOW_CTX_DAG_OWNER='***' AIRFLOW_CTX_DAG_ID='iot_sensor_data_dag' AIRFLOW_CTX_TASK_ID='generate_sensor_data' AIRFLOW_CTX_EXECUTION_DATE='2025-10-25T21:41:00+00:00' AIRFLOW_CTX_TRY_NUMBER='1' AIRFLOW_CTX_DAG_RUN_ID='scheduled__2025-10-25T21:41:00+00:00'
[2025-10-25T21:41:17.251+0000] {logging_mixin.py:190} INFO - Task instance is in running state
[2025-10-25T21:41:17.251+0000] {logging_mixin.py:190} INFO -  Previous state of the Task instance: queued
[2025-10-25T21:41:17.252+0000] {logging_mixin.py:190} INFO - Current task name:generate_sensor_data state:running start_date:2025-10-25 21:41:16.977680+00:00
[2025-10-25T21:41:17.253+0000] {logging_mixin.py:190} INFO - Dag name:iot_sensor_data_dag and current dag run status:running
[2025-10-25T21:41:17.253+0000] {taskinstance.py:732} INFO - ::endgroup::
[2025-10-25T21:41:17.293+0000] {logging_mixin.py:190} INFO - [2025-10-25 21:41:17.270458] Inserted sensor data: {'time': datetime.datetime(2025, 10, 25, 21, 41, 17, 270458), 'temperature': 27.60285617932513, 'Dissolved_oxygen': 5.92235225043065, 'PH': 7.408988044049863, 'Ammonia': 0.009779930274038022, 'Nitrite': 0.05064554806081879, 'Turbidty': 40.205780494068584, '_id': ObjectId('68fd43fd869241b7f2917341')}
[2025-10-25T21:41:17.296+0000] {python.py:218} INFO - Done. Returned value was: None
[2025-10-25T21:41:17.307+0000] {taskinstance.py:341} INFO - ::group::Post task execution logs
[2025-10-25T21:41:17.311+0000] {taskinstance.py:353} INFO - Marking task as SUCCESS. dag_id=iot_sensor_data_dag, task_id=generate_sensor_data, run_id=scheduled__2025-10-25T21:41:00+00:00, execution_date=20251025T214100, start_date=20251025T214116, end_date=20251025T214117
[2025-10-25T21:41:17.338+0000] {logging_mixin.py:190} INFO - Task instance in success state
[2025-10-25T21:41:17.339+0000] {logging_mixin.py:190} INFO -  Previous state of the Task instance: running
[2025-10-25T21:41:17.339+0000] {logging_mixin.py:190} INFO - Dag name:iot_sensor_data_dag queued_at:2025-10-25 21:41:15.532802+00:00
[2025-10-25T21:41:17.340+0000] {logging_mixin.py:190} INFO - Task hostname:4f76d54186b6 operator:PythonOperator
[2025-10-25T21:41:17.384+0000] {local_task_job_runner.py:266} INFO - Task exited with return code 0
[2025-10-25T21:41:17.412+0000] {taskinstance.py:3901} INFO - 0 downstream tasks scheduled from follow-on schedule check
[2025-10-25T21:41:17.418+0000] {local_task_job_runner.py:245} INFO - ::endgroup::
