[2025-10-25T20:49:01.836+0000] {local_task_job_runner.py:123} INFO - ::group::Pre task execution logs
[2025-10-25T20:49:01.848+0000] {taskinstance.py:2614} INFO - Dependencies all met for dep_context=non-requeueable deps ti=<TaskInstance: iot_sensor_data_dag.generate_sensor_data scheduled__2025-10-25T20:48:45+00:00 [queued]>
[2025-10-25T20:49:01.854+0000] {taskinstance.py:2614} INFO - Dependencies all met for dep_context=requeueable deps ti=<TaskInstance: iot_sensor_data_dag.generate_sensor_data scheduled__2025-10-25T20:48:45+00:00 [queued]>
[2025-10-25T20:49:01.856+0000] {taskinstance.py:2867} INFO - Starting attempt 1 of 1
[2025-10-25T20:49:01.969+0000] {taskinstance.py:2890} INFO - Executing <Task(PythonOperator): generate_sensor_data> on 2025-10-25 20:48:45+00:00
[2025-10-25T20:49:01.975+0000] {warnings.py:112} WARNING - /home/***/.local/lib/python3.12/site-packages/***/task/task_runner/standard_task_runner.py:70: DeprecationWarning: This process (pid=610) is multi-threaded, use of fork() may lead to deadlocks in the child.
  pid = os.fork()

[2025-10-25T20:49:01.976+0000] {standard_task_runner.py:72} INFO - Started process 612 to run task
[2025-10-25T20:49:01.977+0000] {standard_task_runner.py:104} INFO - Running: ['***', 'tasks', 'run', 'iot_sensor_data_dag', 'generate_sensor_data', 'scheduled__2025-10-25T20:48:45+00:00', '--job-id', '98', '--raw', '--subdir', 'DAGS_FOLDER/DEPI.py', '--cfg-path', '/tmp/tmp037cj_kt']
[2025-10-25T20:49:01.978+0000] {standard_task_runner.py:105} INFO - Job 98: Subtask generate_sensor_data
[2025-10-25T20:49:02.016+0000] {task_command.py:467} INFO - Running <TaskInstance: iot_sensor_data_dag.generate_sensor_data scheduled__2025-10-25T20:48:45+00:00 [running]> on host 4f76d54186b6
[2025-10-25T20:49:02.078+0000] {taskinstance.py:3134} INFO - Exporting env vars: AIRFLOW_CTX_DAG_OWNER='***' AIRFLOW_CTX_DAG_ID='iot_sensor_data_dag' AIRFLOW_CTX_TASK_ID='generate_sensor_data' AIRFLOW_CTX_EXECUTION_DATE='2025-10-25T20:48:45+00:00' AIRFLOW_CTX_TRY_NUMBER='1' AIRFLOW_CTX_DAG_RUN_ID='scheduled__2025-10-25T20:48:45+00:00'
[2025-10-25T20:49:02.079+0000] {logging_mixin.py:190} INFO - Task instance is in running state
[2025-10-25T20:49:02.079+0000] {logging_mixin.py:190} INFO -  Previous state of the Task instance: queued
[2025-10-25T20:49:02.080+0000] {logging_mixin.py:190} INFO - Current task name:generate_sensor_data state:running start_date:2025-10-25 20:49:01.849704+00:00
[2025-10-25T20:49:02.080+0000] {logging_mixin.py:190} INFO - Dag name:iot_sensor_data_dag and current dag run status:running
[2025-10-25T20:49:02.081+0000] {taskinstance.py:732} INFO - ::endgroup::
[2025-10-25T20:49:02.102+0000] {logging_mixin.py:190} INFO - [2025-10-25 20:49:02.091627] Inserted sensor data: {'time': datetime.datetime(2025, 10, 25, 20, 49, 2, 91627), 'temperature': 27.36986367626165, 'Dissolved_oxygen': 5.960000338992156, 'PH': 7.436574532925991, 'Ammonia': 0.010385701607608688, 'Nitrite': 0.04731892029311329, 'Turbidty': 40.25126120931554, '_id': ObjectId('68fd37be48b1d74f5413efed')}
[2025-10-25T20:49:02.103+0000] {python.py:218} INFO - Done. Returned value was: None
[2025-10-25T20:49:02.111+0000] {taskinstance.py:341} INFO - ::group::Post task execution logs
[2025-10-25T20:49:02.111+0000] {taskinstance.py:353} INFO - Marking task as SUCCESS. dag_id=iot_sensor_data_dag, task_id=generate_sensor_data, run_id=scheduled__2025-10-25T20:48:45+00:00, execution_date=20251025T204845, start_date=20251025T204901, end_date=20251025T204902
[2025-10-25T20:49:02.126+0000] {logging_mixin.py:190} INFO - Task instance in success state
[2025-10-25T20:49:02.127+0000] {logging_mixin.py:190} INFO -  Previous state of the Task instance: running
[2025-10-25T20:49:02.127+0000] {logging_mixin.py:190} INFO - Dag name:iot_sensor_data_dag queued_at:2025-10-25 20:49:00.624917+00:00
[2025-10-25T20:49:02.128+0000] {logging_mixin.py:190} INFO - Task hostname:4f76d54186b6 operator:PythonOperator
[2025-10-25T20:49:02.151+0000] {local_task_job_runner.py:266} INFO - Task exited with return code 0
[2025-10-25T20:49:02.163+0000] {taskinstance.py:3901} INFO - 0 downstream tasks scheduled from follow-on schedule check
[2025-10-25T20:49:02.166+0000] {local_task_job_runner.py:245} INFO - ::endgroup::
