[2025-10-25T21:52:01.797+0000] {local_task_job_runner.py:123} INFO - ::group::Pre task execution logs
[2025-10-25T21:52:01.811+0000] {taskinstance.py:2614} INFO - Dependencies all met for dep_context=non-requeueable deps ti=<TaskInstance: iot_sensor_data_dag.generate_sensor_data scheduled__2025-10-25T21:51:45+00:00 [queued]>
[2025-10-25T21:52:01.818+0000] {taskinstance.py:2614} INFO - Dependencies all met for dep_context=requeueable deps ti=<TaskInstance: iot_sensor_data_dag.generate_sensor_data scheduled__2025-10-25T21:51:45+00:00 [queued]>
[2025-10-25T21:52:01.820+0000] {taskinstance.py:2867} INFO - Starting attempt 1 of 1
[2025-10-25T21:52:01.974+0000] {taskinstance.py:2890} INFO - Executing <Task(PythonOperator): generate_sensor_data> on 2025-10-25 21:51:45+00:00
[2025-10-25T21:52:01.986+0000] {warnings.py:112} WARNING - /home/***/.local/lib/python3.12/site-packages/***/task/task_runner/standard_task_runner.py:70: DeprecationWarning: This process (pid=556) is multi-threaded, use of fork() may lead to deadlocks in the child.
  pid = os.fork()

[2025-10-25T21:52:01.989+0000] {standard_task_runner.py:104} INFO - Running: ['***', 'tasks', 'run', 'iot_sensor_data_dag', 'generate_sensor_data', 'scheduled__2025-10-25T21:51:45+00:00', '--job-id', '174', '--raw', '--subdir', 'DAGS_FOLDER/DEPI.py', '--cfg-path', '/tmp/tmp_ir8ls5r']
[2025-10-25T21:52:01.991+0000] {standard_task_runner.py:72} INFO - Started process 558 to run task
[2025-10-25T21:52:01.991+0000] {standard_task_runner.py:105} INFO - Job 174: Subtask generate_sensor_data
[2025-10-25T21:52:02.037+0000] {task_command.py:467} INFO - Running <TaskInstance: iot_sensor_data_dag.generate_sensor_data scheduled__2025-10-25T21:51:45+00:00 [running]> on host 4f76d54186b6
[2025-10-25T21:52:02.102+0000] {taskinstance.py:3134} INFO - Exporting env vars: AIRFLOW_CTX_DAG_OWNER='***' AIRFLOW_CTX_DAG_ID='iot_sensor_data_dag' AIRFLOW_CTX_TASK_ID='generate_sensor_data' AIRFLOW_CTX_EXECUTION_DATE='2025-10-25T21:51:45+00:00' AIRFLOW_CTX_TRY_NUMBER='1' AIRFLOW_CTX_DAG_RUN_ID='scheduled__2025-10-25T21:51:45+00:00'
[2025-10-25T21:52:02.103+0000] {logging_mixin.py:190} INFO - Task instance is in running state
[2025-10-25T21:52:02.104+0000] {logging_mixin.py:190} INFO -  Previous state of the Task instance: queued
[2025-10-25T21:52:02.105+0000] {logging_mixin.py:190} INFO - Current task name:generate_sensor_data state:running start_date:2025-10-25 21:52:01.812552+00:00
[2025-10-25T21:52:02.105+0000] {logging_mixin.py:190} INFO - Dag name:iot_sensor_data_dag and current dag run status:running
[2025-10-25T21:52:02.106+0000] {taskinstance.py:732} INFO - ::endgroup::
[2025-10-25T21:52:02.133+0000] {logging_mixin.py:190} INFO - [2025-10-25 21:52:02.119303] Inserted sensor data: {'time': datetime.datetime(2025, 10, 25, 21, 52, 2, 119303), 'temperature': 27.453700724335732, 'Dissolved_oxygen': 6.077210054808795, 'PH': 7.42854345591489, 'Ammonia': 0.010284075262069736, 'Nitrite': 0.05368158885801621, 'Turbidty': 40.07980707766459, '_id': ObjectId('68fd4682e4f9129c5f9577d2')}
[2025-10-25T21:52:02.135+0000] {python.py:218} INFO - Done. Returned value was: None
[2025-10-25T21:52:02.144+0000] {taskinstance.py:341} INFO - ::group::Post task execution logs
[2025-10-25T21:52:02.145+0000] {taskinstance.py:353} INFO - Marking task as SUCCESS. dag_id=iot_sensor_data_dag, task_id=generate_sensor_data, run_id=scheduled__2025-10-25T21:51:45+00:00, execution_date=20251025T215145, start_date=20251025T215201, end_date=20251025T215202
[2025-10-25T21:52:02.165+0000] {logging_mixin.py:190} INFO - Task instance in success state
[2025-10-25T21:52:02.165+0000] {logging_mixin.py:190} INFO -  Previous state of the Task instance: running
[2025-10-25T21:52:02.166+0000] {logging_mixin.py:190} INFO - Dag name:iot_sensor_data_dag queued_at:2025-10-25 21:52:00.484496+00:00
[2025-10-25T21:52:02.166+0000] {logging_mixin.py:190} INFO - Task hostname:4f76d54186b6 operator:PythonOperator
[2025-10-25T21:52:02.211+0000] {local_task_job_runner.py:266} INFO - Task exited with return code 0
[2025-10-25T21:52:02.237+0000] {taskinstance.py:3901} INFO - 0 downstream tasks scheduled from follow-on schedule check
[2025-10-25T21:52:02.242+0000] {local_task_job_runner.py:245} INFO - ::endgroup::
