[2025-10-25T21:44:31.400+0000] {local_task_job_runner.py:123} INFO - ::group::Pre task execution logs
[2025-10-25T21:44:31.412+0000] {taskinstance.py:2614} INFO - Dependencies all met for dep_context=non-requeueable deps ti=<TaskInstance: iot_sensor_data_dag.generate_sensor_data scheduled__2025-10-25T21:44:15+00:00 [queued]>
[2025-10-25T21:44:31.418+0000] {taskinstance.py:2614} INFO - Dependencies all met for dep_context=requeueable deps ti=<TaskInstance: iot_sensor_data_dag.generate_sensor_data scheduled__2025-10-25T21:44:15+00:00 [queued]>
[2025-10-25T21:44:31.419+0000] {taskinstance.py:2867} INFO - Starting attempt 1 of 1
[2025-10-25T21:44:31.540+0000] {taskinstance.py:2890} INFO - Executing <Task(PythonOperator): generate_sensor_data> on 2025-10-25 21:44:15+00:00
[2025-10-25T21:44:31.551+0000] {warnings.py:112} WARNING - /home/***/.local/lib/python3.12/site-packages/***/task/task_runner/standard_task_runner.py:70: DeprecationWarning: This process (pid=248) is multi-threaded, use of fork() may lead to deadlocks in the child.
  pid = os.fork()

[2025-10-25T21:44:31.553+0000] {standard_task_runner.py:72} INFO - Started process 250 to run task
[2025-10-25T21:44:31.553+0000] {standard_task_runner.py:104} INFO - Running: ['***', 'tasks', 'run', 'iot_sensor_data_dag', 'generate_sensor_data', 'scheduled__2025-10-25T21:44:15+00:00', '--job-id', '144', '--raw', '--subdir', 'DAGS_FOLDER/DEPI.py', '--cfg-path', '/tmp/tmprqqow6wk']
[2025-10-25T21:44:31.555+0000] {standard_task_runner.py:105} INFO - Job 144: Subtask generate_sensor_data
[2025-10-25T21:44:31.599+0000] {task_command.py:467} INFO - Running <TaskInstance: iot_sensor_data_dag.generate_sensor_data scheduled__2025-10-25T21:44:15+00:00 [running]> on host 4f76d54186b6
[2025-10-25T21:44:31.668+0000] {taskinstance.py:3134} INFO - Exporting env vars: AIRFLOW_CTX_DAG_OWNER='***' AIRFLOW_CTX_DAG_ID='iot_sensor_data_dag' AIRFLOW_CTX_TASK_ID='generate_sensor_data' AIRFLOW_CTX_EXECUTION_DATE='2025-10-25T21:44:15+00:00' AIRFLOW_CTX_TRY_NUMBER='1' AIRFLOW_CTX_DAG_RUN_ID='scheduled__2025-10-25T21:44:15+00:00'
[2025-10-25T21:44:31.670+0000] {logging_mixin.py:190} INFO - Task instance is in running state
[2025-10-25T21:44:31.670+0000] {logging_mixin.py:190} INFO -  Previous state of the Task instance: queued
[2025-10-25T21:44:31.671+0000] {logging_mixin.py:190} INFO - Current task name:generate_sensor_data state:running start_date:2025-10-25 21:44:31.413073+00:00
[2025-10-25T21:44:31.671+0000] {logging_mixin.py:190} INFO - Dag name:iot_sensor_data_dag and current dag run status:running
[2025-10-25T21:44:31.672+0000] {taskinstance.py:732} INFO - ::endgroup::
[2025-10-25T21:44:31.706+0000] {logging_mixin.py:190} INFO - [2025-10-25 21:44:31.683834] Inserted sensor data: {'time': datetime.datetime(2025, 10, 25, 21, 44, 31, 683834), 'temperature': 27.674773853243167, 'Dissolved_oxygen': 6.033959600287907, 'PH': 7.435184617739548, 'Ammonia': 0.009645012529731862, 'Nitrite': 0.053387384137512164, 'Turbidty': 39.62355993953791, '_id': ObjectId('68fd44bf5be7e654b942a47c')}
[2025-10-25T21:44:31.712+0000] {python.py:218} INFO - Done. Returned value was: None
[2025-10-25T21:44:31.723+0000] {taskinstance.py:341} INFO - ::group::Post task execution logs
[2025-10-25T21:44:31.726+0000] {taskinstance.py:353} INFO - Marking task as SUCCESS. dag_id=iot_sensor_data_dag, task_id=generate_sensor_data, run_id=scheduled__2025-10-25T21:44:15+00:00, execution_date=20251025T214415, start_date=20251025T214431, end_date=20251025T214431
[2025-10-25T21:44:31.749+0000] {logging_mixin.py:190} INFO - Task instance in success state
[2025-10-25T21:44:31.749+0000] {logging_mixin.py:190} INFO -  Previous state of the Task instance: running
[2025-10-25T21:44:31.750+0000] {logging_mixin.py:190} INFO - Dag name:iot_sensor_data_dag queued_at:2025-10-25 21:44:30.092876+00:00
[2025-10-25T21:44:31.750+0000] {logging_mixin.py:190} INFO - Task hostname:4f76d54186b6 operator:PythonOperator
[2025-10-25T21:44:31.770+0000] {local_task_job_runner.py:266} INFO - Task exited with return code 0
[2025-10-25T21:44:31.791+0000] {taskinstance.py:3901} INFO - 0 downstream tasks scheduled from follow-on schedule check
[2025-10-25T21:44:31.797+0000] {local_task_job_runner.py:245} INFO - ::endgroup::
