[2025-10-25T21:50:46.648+0000] {local_task_job_runner.py:123} INFO - ::group::Pre task execution logs
[2025-10-25T21:50:46.661+0000] {taskinstance.py:2614} INFO - Dependencies all met for dep_context=non-requeueable deps ti=<TaskInstance: iot_sensor_data_dag.generate_sensor_data scheduled__2025-10-25T21:50:30+00:00 [queued]>
[2025-10-25T21:50:46.668+0000] {taskinstance.py:2614} INFO - Dependencies all met for dep_context=requeueable deps ti=<TaskInstance: iot_sensor_data_dag.generate_sensor_data scheduled__2025-10-25T21:50:30+00:00 [queued]>
[2025-10-25T21:50:46.669+0000] {taskinstance.py:2867} INFO - Starting attempt 1 of 1
[2025-10-25T21:50:46.790+0000] {taskinstance.py:2890} INFO - Executing <Task(PythonOperator): generate_sensor_data> on 2025-10-25 21:50:30+00:00
[2025-10-25T21:50:46.796+0000] {warnings.py:112} WARNING - /home/***/.local/lib/python3.12/site-packages/***/task/task_runner/standard_task_runner.py:70: DeprecationWarning: This process (pid=507) is multi-threaded, use of fork() may lead to deadlocks in the child.
  pid = os.fork()

[2025-10-25T21:50:46.798+0000] {standard_task_runner.py:72} INFO - Started process 509 to run task
[2025-10-25T21:50:46.798+0000] {standard_task_runner.py:104} INFO - Running: ['***', 'tasks', 'run', 'iot_sensor_data_dag', 'generate_sensor_data', 'scheduled__2025-10-25T21:50:30+00:00', '--job-id', '169', '--raw', '--subdir', 'DAGS_FOLDER/DEPI.py', '--cfg-path', '/tmp/tmp_1s0sudt']
[2025-10-25T21:50:46.800+0000] {standard_task_runner.py:105} INFO - Job 169: Subtask generate_sensor_data
[2025-10-25T21:50:46.848+0000] {task_command.py:467} INFO - Running <TaskInstance: iot_sensor_data_dag.generate_sensor_data scheduled__2025-10-25T21:50:30+00:00 [running]> on host 4f76d54186b6
[2025-10-25T21:50:46.915+0000] {taskinstance.py:3134} INFO - Exporting env vars: AIRFLOW_CTX_DAG_OWNER='***' AIRFLOW_CTX_DAG_ID='iot_sensor_data_dag' AIRFLOW_CTX_TASK_ID='generate_sensor_data' AIRFLOW_CTX_EXECUTION_DATE='2025-10-25T21:50:30+00:00' AIRFLOW_CTX_TRY_NUMBER='1' AIRFLOW_CTX_DAG_RUN_ID='scheduled__2025-10-25T21:50:30+00:00'
[2025-10-25T21:50:46.916+0000] {logging_mixin.py:190} INFO - Task instance is in running state
[2025-10-25T21:50:46.917+0000] {logging_mixin.py:190} INFO -  Previous state of the Task instance: queued
[2025-10-25T21:50:46.917+0000] {logging_mixin.py:190} INFO - Current task name:generate_sensor_data state:running start_date:2025-10-25 21:50:46.662994+00:00
[2025-10-25T21:50:46.918+0000] {logging_mixin.py:190} INFO - Dag name:iot_sensor_data_dag and current dag run status:running
[2025-10-25T21:50:46.918+0000] {taskinstance.py:732} INFO - ::endgroup::
[2025-10-25T21:50:46.942+0000] {logging_mixin.py:190} INFO - [2025-10-25 21:50:46.928841] Inserted sensor data: {'time': datetime.datetime(2025, 10, 25, 21, 50, 46, 928841), 'temperature': 27.581959546045415, 'Dissolved_oxygen': 5.924473403132755, 'PH': 7.4152116772098795, 'Ammonia': 0.01072081145093186, 'Nitrite': 0.05228324595024814, 'Turbidty': 39.31433619853697, '_id': ObjectId('68fd46362a4af98905a168ac')}
[2025-10-25T21:50:46.944+0000] {python.py:218} INFO - Done. Returned value was: None
[2025-10-25T21:50:46.952+0000] {taskinstance.py:341} INFO - ::group::Post task execution logs
[2025-10-25T21:50:46.953+0000] {taskinstance.py:353} INFO - Marking task as SUCCESS. dag_id=iot_sensor_data_dag, task_id=generate_sensor_data, run_id=scheduled__2025-10-25T21:50:30+00:00, execution_date=20251025T215030, start_date=20251025T215046, end_date=20251025T215046
[2025-10-25T21:50:46.972+0000] {logging_mixin.py:190} INFO - Task instance in success state
[2025-10-25T21:50:46.973+0000] {logging_mixin.py:190} INFO -  Previous state of the Task instance: running
[2025-10-25T21:50:46.974+0000] {logging_mixin.py:190} INFO - Dag name:iot_sensor_data_dag queued_at:2025-10-25 21:50:45.357924+00:00
[2025-10-25T21:50:46.974+0000] {logging_mixin.py:190} INFO - Task hostname:4f76d54186b6 operator:PythonOperator
[2025-10-25T21:50:47.014+0000] {local_task_job_runner.py:266} INFO - Task exited with return code 0
[2025-10-25T21:50:47.034+0000] {taskinstance.py:3901} INFO - 0 downstream tasks scheduled from follow-on schedule check
[2025-10-25T21:50:47.040+0000] {local_task_job_runner.py:245} INFO - ::endgroup::
