[2025-10-25T21:42:32.340+0000] {local_task_job_runner.py:123} INFO - ::group::Pre task execution logs
[2025-10-25T21:42:32.354+0000] {taskinstance.py:2614} INFO - Dependencies all met for dep_context=non-requeueable deps ti=<TaskInstance: iot_sensor_data_dag.generate_sensor_data scheduled__2025-10-25T21:42:15+00:00 [queued]>
[2025-10-25T21:42:32.362+0000] {taskinstance.py:2614} INFO - Dependencies all met for dep_context=requeueable deps ti=<TaskInstance: iot_sensor_data_dag.generate_sensor_data scheduled__2025-10-25T21:42:15+00:00 [queued]>
[2025-10-25T21:42:32.364+0000] {taskinstance.py:2867} INFO - Starting attempt 1 of 1
[2025-10-25T21:42:32.515+0000] {taskinstance.py:2890} INFO - Executing <Task(PythonOperator): generate_sensor_data> on 2025-10-25 21:42:15+00:00
[2025-10-25T21:42:32.522+0000] {warnings.py:112} WARNING - /home/***/.local/lib/python3.12/site-packages/***/task/task_runner/standard_task_runner.py:70: DeprecationWarning: This process (pid=164) is multi-threaded, use of fork() may lead to deadlocks in the child.
  pid = os.fork()

[2025-10-25T21:42:32.525+0000] {standard_task_runner.py:104} INFO - Running: ['***', 'tasks', 'run', 'iot_sensor_data_dag', 'generate_sensor_data', 'scheduled__2025-10-25T21:42:15+00:00', '--job-id', '136', '--raw', '--subdir', 'DAGS_FOLDER/DEPI.py', '--cfg-path', '/tmp/tmp2e3w3jti']
[2025-10-25T21:42:32.525+0000] {standard_task_runner.py:72} INFO - Started process 166 to run task
[2025-10-25T21:42:32.526+0000] {standard_task_runner.py:105} INFO - Job 136: Subtask generate_sensor_data
[2025-10-25T21:42:32.596+0000] {task_command.py:467} INFO - Running <TaskInstance: iot_sensor_data_dag.generate_sensor_data scheduled__2025-10-25T21:42:15+00:00 [running]> on host 4f76d54186b6
[2025-10-25T21:42:32.665+0000] {taskinstance.py:3134} INFO - Exporting env vars: AIRFLOW_CTX_DAG_OWNER='***' AIRFLOW_CTX_DAG_ID='iot_sensor_data_dag' AIRFLOW_CTX_TASK_ID='generate_sensor_data' AIRFLOW_CTX_EXECUTION_DATE='2025-10-25T21:42:15+00:00' AIRFLOW_CTX_TRY_NUMBER='1' AIRFLOW_CTX_DAG_RUN_ID='scheduled__2025-10-25T21:42:15+00:00'
[2025-10-25T21:42:32.667+0000] {logging_mixin.py:190} INFO - Task instance is in running state
[2025-10-25T21:42:32.667+0000] {logging_mixin.py:190} INFO -  Previous state of the Task instance: queued
[2025-10-25T21:42:32.668+0000] {logging_mixin.py:190} INFO - Current task name:generate_sensor_data state:running start_date:2025-10-25 21:42:32.356517+00:00
[2025-10-25T21:42:32.668+0000] {logging_mixin.py:190} INFO - Dag name:iot_sensor_data_dag and current dag run status:running
[2025-10-25T21:42:32.669+0000] {taskinstance.py:732} INFO - ::endgroup::
[2025-10-25T21:42:32.695+0000] {logging_mixin.py:190} INFO - [2025-10-25 21:42:32.681698] Inserted sensor data: {'time': datetime.datetime(2025, 10, 25, 21, 42, 32, 681698), 'temperature': 27.617579526818336, 'Dissolved_oxygen': 6.059292798180875, 'PH': 7.474376098701502, 'Ammonia': 0.009631811388301954, 'Nitrite': 0.049755031167693996, 'Turbidty': 40.79155063784671, '_id': ObjectId('68fd44485b1adfeb6851b8b6')}
[2025-10-25T21:42:32.697+0000] {python.py:218} INFO - Done. Returned value was: None
[2025-10-25T21:42:32.705+0000] {taskinstance.py:341} INFO - ::group::Post task execution logs
[2025-10-25T21:42:32.715+0000] {taskinstance.py:353} INFO - Marking task as SUCCESS. dag_id=iot_sensor_data_dag, task_id=generate_sensor_data, run_id=scheduled__2025-10-25T21:42:15+00:00, execution_date=20251025T214215, start_date=20251025T214232, end_date=20251025T214232
[2025-10-25T21:42:32.734+0000] {logging_mixin.py:190} INFO - Task instance in success state
[2025-10-25T21:42:32.735+0000] {logging_mixin.py:190} INFO -  Previous state of the Task instance: running
[2025-10-25T21:42:32.736+0000] {logging_mixin.py:190} INFO - Dag name:iot_sensor_data_dag queued_at:2025-10-25 21:42:30.887503+00:00
[2025-10-25T21:42:32.737+0000] {logging_mixin.py:190} INFO - Task hostname:4f76d54186b6 operator:PythonOperator
[2025-10-25T21:42:32.784+0000] {local_task_job_runner.py:266} INFO - Task exited with return code 0
[2025-10-25T21:42:32.816+0000] {taskinstance.py:3901} INFO - 0 downstream tasks scheduled from follow-on schedule check
[2025-10-25T21:42:32.823+0000] {local_task_job_runner.py:245} INFO - ::endgroup::
