[2025-10-25T11:43:31.356+0000] {local_task_job_runner.py:123} INFO - ::group::Pre task execution logs
[2025-10-25T11:43:31.377+0000] {taskinstance.py:2614} INFO - Dependencies all met for dep_context=non-requeueable deps ti=<TaskInstance: my_first_dag.print scheduled__2025-10-24T00:00:00+00:00 [queued]>
[2025-10-25T11:43:31.387+0000] {taskinstance.py:2614} INFO - Dependencies all met for dep_context=requeueable deps ti=<TaskInstance: my_first_dag.print scheduled__2025-10-24T00:00:00+00:00 [queued]>
[2025-10-25T11:43:31.404+0000] {taskinstance.py:2867} INFO - Starting attempt 1 of 1
[2025-10-25T11:43:31.617+0000] {taskinstance.py:2890} INFO - Executing <Task(BashOperator): print> on 2025-10-24 00:00:00+00:00
[2025-10-25T11:43:31.628+0000] {standard_task_runner.py:104} INFO - Running: ['***', 'tasks', 'run', 'my_first_dag', 'print', 'scheduled__2025-10-24T00:00:00+00:00', '--job-id', '29', '--raw', '--subdir', 'DAGS_FOLDER/first_dag.py', '--cfg-path', '/tmp/tmpn6ifyvnv']
[2025-10-25T11:43:31.627+0000] {warnings.py:112} WARNING - /home/***/.local/lib/python3.12/site-packages/***/task/task_runner/standard_task_runner.py:70: DeprecationWarning: This process (pid=72) is multi-threaded, use of fork() may lead to deadlocks in the child.
  pid = os.fork()

[2025-10-25T11:43:31.630+0000] {standard_task_runner.py:105} INFO - Job 29: Subtask print
[2025-10-25T11:43:31.630+0000] {standard_task_runner.py:72} INFO - Started process 81 to run task
[2025-10-25T11:43:31.700+0000] {task_command.py:467} INFO - Running <TaskInstance: my_first_dag.print scheduled__2025-10-24T00:00:00+00:00 [running]> on host 4f76d54186b6
[2025-10-25T11:43:31.809+0000] {taskinstance.py:3134} INFO - Exporting env vars: AIRFLOW_CTX_DAG_OWNER='***' AIRFLOW_CTX_DAG_ID='my_first_dag' AIRFLOW_CTX_TASK_ID='print' AIRFLOW_CTX_EXECUTION_DATE='2025-10-24T00:00:00+00:00' AIRFLOW_CTX_TRY_NUMBER='1' AIRFLOW_CTX_DAG_RUN_ID='scheduled__2025-10-24T00:00:00+00:00'
[2025-10-25T11:43:31.811+0000] {logging_mixin.py:190} INFO - Task instance is in running state
[2025-10-25T11:43:31.812+0000] {logging_mixin.py:190} INFO -  Previous state of the Task instance: queued
[2025-10-25T11:43:31.813+0000] {logging_mixin.py:190} INFO - Current task name:print state:running start_date:2025-10-25 11:43:31.379334+00:00
[2025-10-25T11:43:31.814+0000] {logging_mixin.py:190} INFO - Dag name:my_first_dag and current dag run status:running
[2025-10-25T11:43:31.814+0000] {taskinstance.py:732} INFO - ::endgroup::
[2025-10-25T11:43:31.816+0000] {subprocess.py:78} INFO - Tmp dir root location: /tmp
[2025-10-25T11:43:31.818+0000] {subprocess.py:88} INFO - Running command: ['/usr/bin/bash', '-c', "echo 'HELLO ya AHMED'"]
[2025-10-25T11:43:31.840+0000] {subprocess.py:99} INFO - Output:
[2025-10-25T11:43:31.842+0000] {subprocess.py:106} INFO - HELLO ya AHMED
[2025-10-25T11:43:31.844+0000] {subprocess.py:110} INFO - Command exited with return code 0
[2025-10-25T11:43:31.895+0000] {taskinstance.py:341} INFO - ::group::Post task execution logs
[2025-10-25T11:43:31.897+0000] {taskinstance.py:353} INFO - Marking task as SUCCESS. dag_id=my_first_dag, task_id=print, run_id=scheduled__2025-10-24T00:00:00+00:00, execution_date=20251024T000000, start_date=20251025T114331, end_date=20251025T114331
[2025-10-25T11:43:31.942+0000] {logging_mixin.py:190} INFO - Task instance in success state
[2025-10-25T11:43:31.943+0000] {logging_mixin.py:190} INFO -  Previous state of the Task instance: running
[2025-10-25T11:43:31.944+0000] {logging_mixin.py:190} INFO - Dag name:my_first_dag queued_at:2025-10-25 11:43:26.152610+00:00
[2025-10-25T11:43:31.945+0000] {logging_mixin.py:190} INFO - Task hostname:4f76d54186b6 operator:BashOperator
[2025-10-25T11:43:31.970+0000] {local_task_job_runner.py:266} INFO - Task exited with return code 0
[2025-10-25T11:43:31.996+0000] {taskinstance.py:3901} INFO - 0 downstream tasks scheduled from follow-on schedule check
[2025-10-25T11:43:32.003+0000] {local_task_job_runner.py:245} INFO - ::endgroup::
