[2025-10-25T20:38:01.961+0000] {local_task_job_runner.py:123} INFO - ::group::Pre task execution logs
[2025-10-25T20:38:01.974+0000] {taskinstance.py:2614} INFO - Dependencies all met for dep_context=non-requeueable deps ti=<TaskInstance: iot_sensor_data_dag.generate_sensor_data scheduled__2025-10-25T20:37:45+00:00 [queued]>
[2025-10-25T20:38:01.980+0000] {taskinstance.py:2614} INFO - Dependencies all met for dep_context=requeueable deps ti=<TaskInstance: iot_sensor_data_dag.generate_sensor_data scheduled__2025-10-25T20:37:45+00:00 [queued]>
[2025-10-25T20:38:01.982+0000] {taskinstance.py:2867} INFO - Starting attempt 1 of 1
[2025-10-25T20:38:02.107+0000] {taskinstance.py:2890} INFO - Executing <Task(PythonOperator): generate_sensor_data> on 2025-10-25 20:37:45+00:00
[2025-10-25T20:38:02.114+0000] {warnings.py:112} WARNING - /home/***/.local/lib/python3.12/site-packages/***/task/task_runner/standard_task_runner.py:70: DeprecationWarning: This process (pid=156) is multi-threaded, use of fork() may lead to deadlocks in the child.
  pid = os.fork()

[2025-10-25T20:38:02.116+0000] {standard_task_runner.py:72} INFO - Started process 158 to run task
[2025-10-25T20:38:02.116+0000] {standard_task_runner.py:104} INFO - Running: ['***', 'tasks', 'run', 'iot_sensor_data_dag', 'generate_sensor_data', 'scheduled__2025-10-25T20:37:45+00:00', '--job-id', '54', '--raw', '--subdir', 'DAGS_FOLDER/DEPI.py', '--cfg-path', '/tmp/tmpgpfohrry']
[2025-10-25T20:38:02.117+0000] {standard_task_runner.py:105} INFO - Job 54: Subtask generate_sensor_data
[2025-10-25T20:38:02.158+0000] {task_command.py:467} INFO - Running <TaskInstance: iot_sensor_data_dag.generate_sensor_data scheduled__2025-10-25T20:37:45+00:00 [running]> on host 4f76d54186b6
[2025-10-25T20:38:02.222+0000] {taskinstance.py:3134} INFO - Exporting env vars: AIRFLOW_CTX_DAG_OWNER='***' AIRFLOW_CTX_DAG_ID='iot_sensor_data_dag' AIRFLOW_CTX_TASK_ID='generate_sensor_data' AIRFLOW_CTX_EXECUTION_DATE='2025-10-25T20:37:45+00:00' AIRFLOW_CTX_TRY_NUMBER='1' AIRFLOW_CTX_DAG_RUN_ID='scheduled__2025-10-25T20:37:45+00:00'
[2025-10-25T20:38:02.223+0000] {logging_mixin.py:190} INFO - Task instance is in running state
[2025-10-25T20:38:02.224+0000] {logging_mixin.py:190} INFO -  Previous state of the Task instance: queued
[2025-10-25T20:38:02.225+0000] {logging_mixin.py:190} INFO - Current task name:generate_sensor_data state:running start_date:2025-10-25 20:38:01.975576+00:00
[2025-10-25T20:38:02.226+0000] {logging_mixin.py:190} INFO - Dag name:iot_sensor_data_dag and current dag run status:running
[2025-10-25T20:38:02.227+0000] {taskinstance.py:732} INFO - ::endgroup::
[2025-10-25T20:38:02.258+0000] {logging_mixin.py:190} INFO - [2025-10-25 20:38:02.241951] Inserted sensor data: {'time': datetime.datetime(2025, 10, 25, 20, 38, 2, 241951), 'temperature': 27.429841367894976, 'Dissolved_oxygen': 5.953872122795864, 'PH': 7.591509762748884, 'Ammonia': 0.009251053522965035, 'Nitrite': 0.047511660815442926, 'Turbidty': 40.557453664037595, '_id': ObjectId('68fd352ad937da91306e275f')}
[2025-10-25T20:38:02.261+0000] {python.py:218} INFO - Done. Returned value was: None
[2025-10-25T20:38:02.269+0000] {taskinstance.py:341} INFO - ::group::Post task execution logs
[2025-10-25T20:38:02.270+0000] {taskinstance.py:353} INFO - Marking task as SUCCESS. dag_id=iot_sensor_data_dag, task_id=generate_sensor_data, run_id=scheduled__2025-10-25T20:37:45+00:00, execution_date=20251025T203745, start_date=20251025T203801, end_date=20251025T203802
[2025-10-25T20:38:02.288+0000] {logging_mixin.py:190} INFO - Task instance in success state
[2025-10-25T20:38:02.289+0000] {logging_mixin.py:190} INFO -  Previous state of the Task instance: running
[2025-10-25T20:38:02.290+0000] {logging_mixin.py:190} INFO - Dag name:iot_sensor_data_dag queued_at:2025-10-25 20:38:00.534406+00:00
[2025-10-25T20:38:02.291+0000] {logging_mixin.py:190} INFO - Task hostname:4f76d54186b6 operator:PythonOperator
[2025-10-25T20:38:02.332+0000] {local_task_job_runner.py:266} INFO - Task exited with return code 0
[2025-10-25T20:38:02.344+0000] {taskinstance.py:3901} INFO - 0 downstream tasks scheduled from follow-on schedule check
[2025-10-25T20:38:02.347+0000] {local_task_job_runner.py:245} INFO - ::endgroup::
