[2025-10-25T21:59:31.968+0000] {local_task_job_runner.py:123} INFO - ::group::Pre task execution logs
[2025-10-25T21:59:31.990+0000] {taskinstance.py:2614} INFO - Dependencies all met for dep_context=non-requeueable deps ti=<TaskInstance: iot_sensor_data_dag.generate_sensor_data scheduled__2025-10-25T21:59:15+00:00 [queued]>
[2025-10-25T21:59:32.000+0000] {taskinstance.py:2614} INFO - Dependencies all met for dep_context=requeueable deps ti=<TaskInstance: iot_sensor_data_dag.generate_sensor_data scheduled__2025-10-25T21:59:15+00:00 [queued]>
[2025-10-25T21:59:32.002+0000] {taskinstance.py:2867} INFO - Starting attempt 1 of 1
[2025-10-25T21:59:32.151+0000] {taskinstance.py:2890} INFO - Executing <Task(PythonOperator): generate_sensor_data> on 2025-10-25 21:59:15+00:00
[2025-10-25T21:59:32.158+0000] {warnings.py:112} WARNING - /home/***/.local/lib/python3.12/site-packages/***/task/task_runner/standard_task_runner.py:70: DeprecationWarning: This process (pid=864) is multi-threaded, use of fork() may lead to deadlocks in the child.
  pid = os.fork()

[2025-10-25T21:59:32.161+0000] {standard_task_runner.py:104} INFO - Running: ['***', 'tasks', 'run', 'iot_sensor_data_dag', 'generate_sensor_data', 'scheduled__2025-10-25T21:59:15+00:00', '--job-id', '204', '--raw', '--subdir', 'DAGS_FOLDER/DEPI.py', '--cfg-path', '/tmp/tmpd6zpc9t1']
[2025-10-25T21:59:32.162+0000] {standard_task_runner.py:72} INFO - Started process 866 to run task
[2025-10-25T21:59:32.162+0000] {standard_task_runner.py:105} INFO - Job 204: Subtask generate_sensor_data
[2025-10-25T21:59:32.228+0000] {task_command.py:467} INFO - Running <TaskInstance: iot_sensor_data_dag.generate_sensor_data scheduled__2025-10-25T21:59:15+00:00 [running]> on host 4f76d54186b6
[2025-10-25T21:59:32.311+0000] {taskinstance.py:3134} INFO - Exporting env vars: AIRFLOW_CTX_DAG_OWNER='***' AIRFLOW_CTX_DAG_ID='iot_sensor_data_dag' AIRFLOW_CTX_TASK_ID='generate_sensor_data' AIRFLOW_CTX_EXECUTION_DATE='2025-10-25T21:59:15+00:00' AIRFLOW_CTX_TRY_NUMBER='1' AIRFLOW_CTX_DAG_RUN_ID='scheduled__2025-10-25T21:59:15+00:00'
[2025-10-25T21:59:32.315+0000] {logging_mixin.py:190} INFO - Task instance is in running state
[2025-10-25T21:59:32.316+0000] {logging_mixin.py:190} INFO -  Previous state of the Task instance: queued
[2025-10-25T21:59:32.319+0000] {logging_mixin.py:190} INFO - Current task name:generate_sensor_data state:running start_date:2025-10-25 21:59:31.992064+00:00
[2025-10-25T21:59:32.322+0000] {logging_mixin.py:190} INFO - Dag name:iot_sensor_data_dag and current dag run status:running
[2025-10-25T21:59:32.323+0000] {taskinstance.py:732} INFO - ::endgroup::
[2025-10-25T21:59:32.371+0000] {logging_mixin.py:190} INFO - [2025-10-25 21:59:32.347478] Inserted sensor data: {'time': datetime.datetime(2025, 10, 25, 21, 59, 32, 347478), 'temperature': 27.560494579318238, 'Dissolved_oxygen': 6.024148335298062, 'PH': 7.400060034454268, 'Ammonia': 0.010134549227218839, 'Nitrite': 0.054344817809439804, 'Turbidty': 40.18828150066667, '_id': ObjectId('68fd484496401ced08479163')}
[2025-10-25T21:59:32.378+0000] {python.py:218} INFO - Done. Returned value was: None
[2025-10-25T21:59:32.389+0000] {taskinstance.py:341} INFO - ::group::Post task execution logs
[2025-10-25T21:59:32.391+0000] {taskinstance.py:353} INFO - Marking task as SUCCESS. dag_id=iot_sensor_data_dag, task_id=generate_sensor_data, run_id=scheduled__2025-10-25T21:59:15+00:00, execution_date=20251025T215915, start_date=20251025T215931, end_date=20251025T215932
[2025-10-25T21:59:32.418+0000] {logging_mixin.py:190} INFO - Task instance in success state
[2025-10-25T21:59:32.419+0000] {logging_mixin.py:190} INFO -  Previous state of the Task instance: running
[2025-10-25T21:59:32.420+0000] {logging_mixin.py:190} INFO - Dag name:iot_sensor_data_dag queued_at:2025-10-25 21:59:30.282166+00:00
[2025-10-25T21:59:32.421+0000] {logging_mixin.py:190} INFO - Task hostname:4f76d54186b6 operator:PythonOperator
[2025-10-25T21:59:32.459+0000] {local_task_job_runner.py:266} INFO - Task exited with return code 0
[2025-10-25T21:59:32.492+0000] {taskinstance.py:3901} INFO - 0 downstream tasks scheduled from follow-on schedule check
[2025-10-25T21:59:32.498+0000] {local_task_job_runner.py:245} INFO - ::endgroup::
